
                            < M A T L A B (R) >
                  Copyright 1984-2013 The MathWorks, Inc.
                    R2013a (8.1.0.604) 64-bit (glnxa64)
                             February 15, 2013

 
To get started, type one of these: helpwin, helpdesk, or demo.
For product information, visit www.mathworks.com.
 
X-ray simulation startup file...
>> >> >> >> >> >> >> X-ray simulation startup file...
Element     AtomicNumber    Line     FluorescenceEnergy     Intensity
    Mo           42          0          17.44               1322056574220.01
=====================================================
    Cu           29          0           8.04               307309887563.40
=====================================================
    Fe           26          0           6.40               180442917631.86
=====================================================
    Ca           20          0           3.69               36098687912.16
=====================================================
====== Transmission Detector Resolution is 73
====== Fluorescence Detector Resolution is 8
====== Angle Number  1 of 5: 1
====== Angle Number  2 of 5: 41
====== Angle Number  3 of 5: 81
====== Angle Number  4 of 5: 121
====== Angle Number  5 of 5: 161
>> >> >> >> >> >> >> >> >> >> >> >> >> >> >> >> >> >> >> >> >> >> >> >> >> >> >> >> >> >>   it     nf     cg           f             |g|
   0      1      0    3.75453906e+04   1.5e+03
Armijo satisfied, trial= 1
   1      2      3    7.91843361e+03   7.8e+02
Armijo satisfied, trial= 1
   2      3      8    5.60292737e+03   7.0e+02
Armijo satisfied, trial= 1
   3      4     16    1.36230262e+03   5.0e+02
Armijo satisfied, trial= 1
   4      5     21    9.98790568e+02   4.1e+02
Armijo satisfied, trial= 1
   5      6     25    6.06776440e+02   3.6e+02
Armijo satisfied, trial= 1
   6      7     27    5.31934452e+02   3.0e+02
Armijo satisfied, trial= 1
   7      8     29    3.56154499e+02   2.5e+02
Armijo satisfied, trial= 1
   8      9     34    2.75717878e+02   1.9e+02
Armijo satisfied, trial= 1
   9     10     36    2.53947131e+02   2.1e+02
Armijo satisfied, trial= 1
  10     11     38    2.11675432e+02   1.8e+02
LMQNBC: termination 5
  it     nf     cg           f             |g|
   0      1      0    1.82281096e+03   1.1e+02
Armijo satisfied, trial= 1
   1      2      2    2.09971565e+02   2.8e+01
Armijo satisfied, trial= 1
   2      3      7    1.55183321e+02   2.9e+01
Armijo satisfied, trial= 1
   3      4     15    3.44913024e+01   1.5e+01
Armijo satisfied, trial= 1
   4      5     21    1.09012890e+01   8.5e+00
Armijo satisfied, trial= 1
   5      6     26    2.65887590e+00   4.8e+00
Armijo satisfied, trial= 1
   6      7     30    9.77878459e-01   2.5e+00
Armijo satisfied, trial= 1
   7      8     32    3.18085315e-01   4.9e-01
Armijo satisfied, trial= 1
   8      9     37    1.62792925e-01   8.3e-01
Armijo satisfied, trial= 1
   9     10     44    7.63636728e-02   4.9e-01
Armijo satisfied, trial= 1
  10     11     49    4.23651183e-02   2.7e-01
LMQNBC: termination 5
  it     nf     cg           f             |g|
   0      1      0    7.04859694e+01   5.6e+01
Armijo satisfied, trial= 1
   1      2      5    3.15323557e+01   1.1e+01
Armijo satisfied, trial= 1
   2      3     16    1.30819910e+01   7.0e+00
Armijo satisfied, trial= 1
   3      4     18    1.16178356e+01   3.9e+00
Armijo satisfied, trial= 1
   4      5     22    1.01875886e+01   4.1e+00
Armijo satisfied, trial= 1
   5      6     25    9.54182712e+00   4.5e+00
Armijo satisfied, trial= 1
   6      7     45    3.51327780e+00   9.3e+00
Armijo satisfied, trial= 1
   7      8     48    3.07443775e+00   2.1e+00
Armijo satisfied, trial= 1
   8      9     62    1.79730115e+00   3.6e+00
Armijo satisfied, trial= 1
   9     10     70    1.39370153e+00   6.2e+00
Armijo satisfied, trial= 1
  10     11     73    1.21541401e+00   1.9e+00
LMQNBC: termination 5
  it     nf     cg           f             |g|
   0      1      0    1.89927871e+02   3.2e+01
Armijo satisfied, trial= 1
   1      2      2    6.53870792e+00   3.9e+00
Armijo satisfied, trial= 1
   2      3      5    2.10133102e+00   2.6e+00
Armijo satisfied, trial= 1
   3      4      8    1.34249706e+00   2.5e+00
Armijo satisfied, trial= 1
   4      5     17    5.40684531e-01   1.6e+00
Armijo satisfied, trial= 1
   5      6     25    1.30096341e-01   6.8e-01
Armijo satisfied, trial= 1
   6      7     28    7.98482627e-02   5.4e-01
Armijo satisfied, trial= 1
   7      8     30    2.57445155e-02   1.6e-01
Armijo satisfied, trial= 1
   8      9     34    1.98382381e-02   1.3e-01
Armijo satisfied, trial= 1
   9     10     42    1.17096540e-02   9.2e-02
Armijo satisfied, trial= 1
  10     11     48    7.24227719e-03   8.1e-02
LMQNBC: termination 5
  it     nf     cg           f             |g|
   0      1      0    2.01697757e+01   5.3e+01
Armijo satisfied, trial= 1
   1      2      5    4.31628844e+00   1.2e+01
Armijo satisfied, trial= 1
   2      3     10    1.93074237e+00   6.2e+00
Armijo satisfied, trial= 1
   3      4     12    1.69897936e+00   4.9e+00
Armijo satisfied, trial= 1
   4      5     14    1.54671183e+00   4.5e+00
Armijo satisfied, trial= 1
   5      6     16    1.44645322e+00   2.5e+00
Armijo satisfied, trial= 1
   6      7     23    1.36298867e+00   1.0e+00
   7      9     25    1.36298867e+00   1.0e+00
Armijo satisfied, trial= 1
   8     10     27    1.10524702e+00   1.5e+00
Armijo satisfied, trial= 1
   9     11     31    1.01121757e+00   6.6e-01
Armijo satisfied, trial= 1
  10     12     34    9.70859356e-01   1.5e+00
LMQNBC: termination 5
  it     nf     cg           f             |g|
   0      1      0    1.65276313e+02   3.0e+01
Armijo satisfied, trial= 1
   1      2      2    5.39387264e+00   4.4e+00
Armijo satisfied, trial= 1
   2      3      5    1.14735808e+00   2.0e+00
Armijo satisfied, trial= 1
   3      4      8    5.02833964e-01   1.5e+00
Armijo satisfied, trial= 1
   4      5     17    1.23151105e-01   7.5e-01
Armijo satisfied, trial= 1
   5      6     25    2.26668743e-02   3.0e-01
Armijo satisfied, trial= 1
   6      7     27    8.99143536e-03   9.1e-02
Armijo satisfied, trial= 1
   7      8     35    4.12454538e-03   5.9e-02
   8     10     58    4.12454538e-03   5.9e-02
Armijo satisfied, trial= 1
   9     11     79    2.77326329e-03   5.6e-02
  10     13     82    2.77326329e-03   5.6e-02
LMQNBC: termination 5
>> Total number of function evaluations of Alternative, XTM = 214, XRF = 179 
>> >> >> >> >> >> >> >> >> >> Time elapsed is 4604.190000, residule is 4.943786e-01
>> >> >> >> >> >> >> >> >> 