
                            < M A T L A B (R) >
                  Copyright 1984-2013 The MathWorks, Inc.
                    R2013a (8.1.0.604) 64-bit (glnxa64)
                             February 15, 2013

 
To get started, type one of these: helpwin, helpdesk, or demo.
For product information, visit www.mathworks.com.
 
X-ray simulation startup file...
>> >> >> >> >> >> >> X-ray simulation startup file...
Element     AtomicNumber    Line     FluorescenceEnergy     Intensity
    Mo           42          0          17.44               1322056574220.01
=====================================================
    Cu           29          0           8.04               307309887563.40
=====================================================
    Fe           26          0           6.40               180442917631.86
=====================================================
    Ca           20          0           3.69               36098687912.16
=====================================================
    In           49          0          24.14               2145592194690.98
=====================================================
====== Transmission Detector Resolution is 73
====== Fluorescence Detector Resolution is 8
====== Angle Number  1 of 18: 1
====== Angle Number  2 of 18: 1.152941e+01
====== Angle Number  3 of 18: 2.205882e+01
====== Angle Number  4 of 18: 3.258824e+01
====== Angle Number  5 of 18: 4.311765e+01
====== Angle Number  6 of 18: 5.364706e+01
====== Angle Number  7 of 18: 6.417647e+01
====== Angle Number  8 of 18: 7.470588e+01
====== Angle Number  9 of 18: 8.523529e+01
====== Angle Number  10 of 18: 9.576471e+01
====== Angle Number  11 of 18: 1.062941e+02
====== Angle Number  12 of 18: 1.168235e+02
====== Angle Number  13 of 18: 1.273529e+02
====== Angle Number  14 of 18: 1.378824e+02
====== Angle Number  15 of 18: 1.484118e+02
====== Angle Number  16 of 18: 1.589412e+02
====== Angle Number  17 of 18: 1.694706e+02
====== Angle Number  18 of 18: 180
>> >> >> >> >> >> >> >> >> >> >> >> >> >> >> >> >> >> >> >> >> >> >> >> >> >> >> >>   it     nf     cg           f             |g|
   0      1      0    7.54153789e+09   2.6e+07
Armijo satisfied, trial= 1
   1      2      2    4.50759529e+08   1.0e+07
   2      4      5    4.50759529e+08   1.0e+07
Armijo satisfied, trial= 1
   3      5      8    5.66106144e+07   2.9e+06
Armijo satisfied, trial= 1
   4      6     21    4.28461023e+07   1.8e+06
Armijo satisfied, trial= 1
   5      7     23    1.39041850e+07   2.7e+06
Armijo satisfied, trial= 1
   6      8     33    7.73585584e+06   7.1e+05
   7     10     35    7.73585584e+06   7.1e+05
Armijo satisfied, trial= 1
   8     11     37    7.93322266e+05   3.3e+05
Armijo satisfied, trial= 1
   9     12     46    3.69174421e+05   1.5e+05
Armijo satisfied, trial= 1
  10     13     48    2.13307448e+05   2.8e+05
Armijo satisfied, trial= 1
  11     14     55    7.91909407e+04   8.0e+04
Armijo satisfied, trial= 1
  12     15     59    5.38786109e+04   2.2e+05
Armijo satisfied, trial= 1
  13     16     62    3.03234332e+04   1.4e+05
Armijo satisfied, trial= 1
  14     17     65    1.40090489e+04   8.2e+04
Armijo satisfied, trial= 1
  15     18     67    8.47804734e+03   8.7e+04
Armijo satisfied, trial= 1
  16     19     73    6.66859532e+03   2.2e+04
  17     21     75    6.66859532e+03   2.0e+04
Armijo satisfied, trial= 1
  18     22     77    6.55711815e+02   1.9e+04
Armijo satisfied, trial= 1
  19     23     80    4.33864828e+02   5.8e+03
Armijo satisfied, trial= 1
  20     24     82    2.97298820e+02   8.6e+03
LMQNBC: termination 5
  it     nf     cg           f             |g|
   0      1      0    1.23249454e+05   4.5e+03
Armijo satisfied, trial= 1
   1      2      5    8.39468495e+03   6.2e+02
ans =
    0.8178
Armijo satisfied, trial= 1
   2      3     10    7.05246462e+03   1.1e+03
ans =
    0.7885
Armijo satisfied, trial= 1
   3      4     20    1.98135089e+03   5.6e+02
ans =
    0.6870
Armijo satisfied, trial= 1
   4      5     25    1.35590718e+03   4.9e+02
ans =
    0.6643
Armijo satisfied, trial= 1
   5      6     30    4.49290631e+02   4.0e+02
ans =
    0.6341
Armijo satisfied, trial= 1
   6      7     33    3.13943414e+02   2.8e+02
ans =
    0.6268
Armijo satisfied, trial= 1
   7      8     35    1.00046615e+02   2.4e+02
ans =
    0.6235
Armijo satisfied, trial= 1
   8      9     44    6.74231321e+01   1.8e+02
ans =
    0.6107
Armijo satisfied, trial= 1
   9     10     47    4.82270122e+01   1.4e+02
ans =
    0.6019
Armijo satisfied, trial= 1
  10     11     50    3.64201084e+01   9.9e+01
ans =
    0.5952
Armijo satisfied, trial= 1
  11     12     53    2.02995115e+01   6.9e+01
ans =
    0.5884
Armijo satisfied, trial= 1
  12     13     56    1.77445616e+01   5.2e+01
ans =
    0.5849
Armijo satisfied, trial= 1
  13     14     59    1.09124727e+01   3.0e+01
ans =
    0.5822
Armijo satisfied, trial= 1
  14     15     67    8.60977351e+00   2.0e+01
ans =
    0.5710
Armijo satisfied, trial= 1
  15     16     72    6.80876818e+00   1.2e+01
ans =
    0.5629
Armijo satisfied, trial= 1
  16     17     80    5.19661996e+00   6.5e+00
ans =
    0.5529
Armijo satisfied, trial= 1
  17     18    104    4.47695539e+00   2.2e+01
ans =
    0.5060
Armijo satisfied, trial= 1
  18     19    106    4.31944985e+00   3.0e+01
ans =
    0.4923
Armijo satisfied, trial= 1
  19     20    108    2.44485360e+00   1.9e+01
ans =
    0.4944
Armijo satisfied, trial= 1
  20     21    118    1.93975849e+00   1.4e+01
ans =
    0.4817
LMQNBC: termination 5
  it     nf     cg           f             |g|
   0      1      0    2.97298820e+02   8.6e+03
Armijo satisfied, trial= 1
   1      2      6    1.16280379e+02   4.8e+03
Armijo satisfied, trial= 1
   2      3     15    7.64933840e+01   3.7e+03
Armijo satisfied, trial= 1
   3      4     17    7.10887953e+01   2.8e+03
Armijo satisfied, trial= 1
   4      5     27    5.54976259e+01   2.0e+03
   5      7     42    5.54976259e+01   2.0e+03
Armijo satisfied, trial= 1
   6      8     56    3.93677349e+01   1.4e+03
   7     10     58    3.93677349e+01   1.1e+03
Armijo satisfied, trial= 1
   8     11     62    2.86132992e+01   9.6e+02
   9     13     82    2.86132992e+01   9.6e+02
Armijo satisfied, trial= 2
  10     15    101    2.71391388e+01   9.0e+02
Armijo satisfied, trial= 2
  11     17    120    2.70209996e+01   8.9e+02
Armijo satisfied, trial= 1
  12     18    136    2.57940083e+01   1.1e+03
  13     20    138    2.57940083e+01   7.6e+02
  14     22    141    2.19013266e+01   6.0e+02
Armijo satisfied, trial= 2
  15     24    166    1.99343947e+01   4.8e+02
Armijo satisfied, trial= 2
  16     26    188    1.99327894e+01   4.8e+02
Armijo satisfied, trial= 2
  17     28    212    1.95818861e+01   4.6e+02
Armijo satisfied, trial= 2
  18     30    243    1.95061569e+01   4.5e+02
Armijo satisfied, trial= 2
  19     32    268    1.94599991e+01   4.5e+02
Armijo satisfied, trial= 2
  20     34    290    1.94500598e+01   4.5e+02
LMQNBC: termination 5
  it     nf     cg           f             |g|
   0      1      0    1.94791138e+00   1.0e+01
Armijo satisfied, trial= 1
   1      2      3    1.52637745e+00   6.4e+00
ans =
    0.4816
Armijo satisfied, trial= 1
   2      3      9    1.34941383e+00   2.2e+00
ans =
    0.4815
Armijo satisfied, trial= 1
   3      4     25    1.08222181e+00   2.5e+00
ans =
    0.4786
Armijo satisfied, trial= 1
   4      5     39    9.64279490e-01   6.0e+00
ans =
    0.4757
Armijo satisfied, trial= 1
   5      6     43    9.43561099e-01   5.1e+00
ans =
    0.4750
Armijo satisfied, trial= 1
   6      7     53    8.90762736e-01   4.2e+00
ans =
    0.4743
Armijo satisfied, trial= 1
   7      8     58    8.55019553e-01   2.5e+00
ans =
    0.4738
Armijo satisfied, trial= 1
   8      9     74    7.95863447e-01   9.1e+00
ans =
    0.4666
   9     11     76    7.95863447e-01   9.1e+00
ans =
    0.4666
Armijo satisfied, trial= 1
  10     12    107    2.55720774e-01   2.1e+00
ans =
    0.4346
Armijo satisfied, trial= 1
  11     13    124    1.58181472e-01   2.3e+00
ans =
    0.4275
Armijo satisfied, trial= 1
  12     14    126    1.47105115e-01   2.4e+00
ans =
    0.4277
Armijo satisfied, trial= 1
  13     15    128    1.43321700e-01   2.3e+00
ans =
    0.4278
Armijo satisfied, trial= 1
  14     16    150    1.09551783e-01   3.0e-01
ans =
    0.4273
Armijo satisfied, trial= 1
  15     17    176    8.06468293e-02   5.0e+00
ans =
    0.4223
Armijo satisfied, trial= 1
  16     18    183    7.30302592e-02   2.7e+00
ans =
    0.4212
Armijo satisfied, trial= 1
  17     19    203    5.45086671e-02   7.3e+00
ans =
    0.4175
Armijo satisfied, trial= 1
  18     20    207    4.62105667e-02   4.9e+00
ans =
    0.4165
Armijo satisfied, trial= 1
  19     21    217    3.53943317e-02   1.7e+00
ans =
    0.4159
Armijo satisfied, trial= 1
  20     22    243    2.48003374e-02   3.4e+00
ans =
    0.4143
LMQNBC: termination 5
  it     nf     cg           f             |g|
   0      1      0    1.94500598e+01   4.5e+02
Armijo satisfied, trial= 1
   1      2     12    1.93574331e+01   1.2e+03
   2      4     14    1.93574331e+01   1.2e+03
Armijo satisfied, trial= 1
   3      5     17    1.58001985e+01   9.6e+02
Armijo satisfied, trial= 1
   4      6     24    1.15080367e+01   7.6e+02
Armijo satisfied, trial= 1
   5      7     34    7.07601193e+00   3.3e+02
Armijo satisfied, trial= 1
   6      8     39    6.39595269e+00   2.5e+02
   7     10     55    6.39595269e+00   2.5e+02
   8     12     70    6.39595269e+00   2.5e+02
Armijo satisfied, trial= 2
   9     14     86    6.32931298e+00   2.5e+02
Armijo satisfied, trial= 2
  10     16    101    6.30315198e+00   2.4e+02
Armijo satisfied, trial= 2
  11     18    115    6.24469134e+00   2.4e+02
Armijo satisfied, trial= 2
  12     20    131    6.20646863e+00   2.4e+02
Armijo satisfied, trial= 2
  13     22    146    6.18542077e+00   2.4e+02
Armijo satisfied, trial= 2
  14     24    162    6.15602172e+00   2.4e+02
Armijo satisfied, trial= 2
  15     26    178    6.14936460e+00   2.4e+02
Armijo satisfied, trial= 2
  16     28    193    6.07198029e+00   2.4e+02
Armijo satisfied, trial= 2
  17     30    210    6.02418198e+00   2.4e+02
Armijo satisfied, trial= 2
  18     32    226    6.00799961e+00   2.4e+02
Armijo satisfied, trial= 2
  19     34    242    5.99299464e+00   2.4e+02
Armijo satisfied, trial= 2
  20     36    257    5.97770820e+00   2.4e+02
LMQNBC: termination 5
  it     nf     cg           f             |g|
   0      1      0    2.48457958e-02   3.4e+00
   1      3      2    2.25313979e-02   2.1e-01
ans =
    0.4143
Armijo satisfied, trial= 1
   2      4      7    2.21592441e-02   6.8e-02
ans =
    0.4143
Armijo satisfied, trial= 1
   3      5     17    2.16709391e-02   1.7e-01
ans =
    0.4143
Armijo satisfied, trial= 1
   4      6     38    1.88363879e-02   4.0e-01
ans =
    0.4141
Armijo satisfied, trial= 1
   5      7     42    1.84816548e-02   2.0e-01
ans =
    0.4141
Armijo satisfied, trial= 1
   6      8     83    1.32467943e-02   1.1e+00
ans =
    0.4134
Armijo satisfied, trial= 1
   7      9     85    1.24681271e-02   1.1e+00
ans =
    0.4133
Armijo satisfied, trial= 1
   8     10     96    1.11247774e-02   5.8e-01
ans =
    0.4133
Armijo satisfied, trial= 1
   9     11    126    9.45103472e-03   6.4e-01
ans =
    0.4129
Armijo satisfied, trial= 1
  10     12    129    9.15340349e-03   5.1e-01
ans =
    0.4129
Armijo satisfied, trial= 1
  11     13    133    9.07674513e-03   3.3e-01
ans =
    0.4129
Armijo satisfied, trial= 1
  12     14    143    8.77083361e-03   1.3e-01
ans =
    0.4129
Armijo satisfied, trial= 1
  13     15    189    6.80553642e-03   8.7e-01
ans =
    0.4114
Armijo satisfied, trial= 1
  14     16    191    6.69992046e-03   9.3e-01
ans =
    0.4112
Armijo satisfied, trial= 1
  15     17    195    6.22059180e-03   7.4e-01
ans =
    0.4111
Armijo satisfied, trial= 1
  16     18    209    5.55462202e-03   3.5e-01
ans =
    0.4112
  17     20    233    5.55462202e-03   3.5e-01
ans =
    0.4112
Armijo satisfied, trial= 1
  18     21    269    4.35860344e-03   5.2e-02
ans =
    0.4104
Armijo satisfied, trial= 1
  19     22    291    3.77411690e-03   5.5e-02
ans =
    0.4099
Armijo satisfied, trial= 1
  20     23    311    3.37394809e-03   4.7e-02
ans =
    0.4095
LMQNBC: termination 5
  it     nf     cg           f             |g|
   0      1      0    5.97770820e+00   2.4e+02
   1      3     22    5.97770820e+00   2.4e+02
Armijo satisfied, trial= 1
   2      4     28    4.86826045e+00   5.7e+02
Armijo satisfied, trial= 1
   3      5     46    4.76547115e+00   7.5e+02
   4      7     48    4.76547115e+00   5.9e+02
Armijo satisfied, trial= 1
   5      8     60    2.07183662e+00   1.5e+02
Armijo satisfied, trial= 1
   6      9     62    2.00911329e+00   1.6e+02
Armijo satisfied, trial= 1
   7     10     68    1.88679575e+00   8.4e+01
   8     12     85    1.88679575e+00   8.4e+01
Armijo satisfied, trial= 1
   9     13    102    1.81312206e+00   4.6e+02
  10     15    104    1.81312206e+00   3.7e+02
Armijo satisfied, trial= 1
  11     16    110    1.22538629e+00   1.6e+02
  12     18    131    1.22538629e+00   1.6e+02
Armijo satisfied, trial= 2
  13     20    152    1.21956952e+00   1.6e+02
Armijo satisfied, trial= 2
  14     22    172    1.14311830e+00   1.5e+02
Armijo satisfied, trial= 2
  15     24    192    1.12594657e+00   1.5e+02
Armijo satisfied, trial= 2
  16     26    214    1.08580016e+00   1.5e+02
Armijo satisfied, trial= 2
  17     28    234    1.07209965e+00   1.4e+02
Armijo satisfied, trial= 2
  18     30    254    1.06861630e+00   1.4e+02
Armijo satisfied, trial= 2
  19     32    274    1.05557493e+00   1.4e+02
Armijo satisfied, trial= 2
  20     34    295    1.05371652e+00   1.4e+02
LMQNBC: termination 5
  it     nf     cg           f             |g|
   0      1      0    3.43641177e-03   4.6e-02
Armijo satisfied, trial= 1
   1      2      3    3.37001716e-03   3.3e-02
ans =
    0.4095
Armijo satisfied, trial= 1
   2      3      8    3.33311658e-03   3.9e-02
ans =
    0.4095
Armijo satisfied, trial= 1
   3      4     22    3.25782561e-03   1.3e-02
ans =
    0.4095
Armijo satisfied, trial= 1
   4      5     33    3.22595206e-03   5.5e-02
ans =
    0.4095
Armijo satisfied, trial= 1
   5      6     45    3.18144638e-03   3.7e-02
ans =
    0.4095
Armijo satisfied, trial= 1
   6      7     63    3.08373217e-03   4.7e-02
ans =
    0.4095
Armijo satisfied, trial= 1
   7      8     66    3.06144869e-03   1.8e-02
ans =
    0.4095
Armijo satisfied, trial= 1
   8      9    100    3.03247184e-03   1.7e-01
ans =
    0.4093
   9     11    102    3.03247184e-03   1.1e-01
ans =
    0.4093
Armijo satisfied, trial= 1
  10     12    109    2.78466772e-03   2.6e-02
ans =
    0.4093
Armijo satisfied, trial= 1
  11     13    145    2.46935508e-03   2.0e-02
ans =
    0.4090
Armijo satisfied, trial= 1
  12     14    180    2.15475582e-03   2.7e-02
ans =
    0.4087
Armijo satisfied, trial= 1
  13     15    206    1.96120062e-03   2.6e-02
ans =
    0.4084
Armijo satisfied, trial= 1
  14     16    232    1.82564102e-03   6.4e-02
ans =
    0.4081
Armijo satisfied, trial= 1
  15     17    234    1.81037551e-03   5.3e-02
ans =
    0.4080
Armijo satisfied, trial= 1
  16     18    239    1.75107154e-03   3.5e-02
ans =
    0.4080
Armijo satisfied, trial= 1
  17     19    289    1.62289613e-03   1.6e-01
ans =
    0.4074
  18     21    298    1.62289613e-03   1.0e-01
ans =
    0.4074
Armijo satisfied, trial= 1
  19     22    304    1.29361823e-03   2.0e-02
ans =
    0.4074
Armijo satisfied, trial= 1
  20     23    312    1.22147239e-03   6.7e-02
ans =
    0.4073
LMQNBC: termination 5
  it     nf     cg           f             |g|
   0      1      0    1.05371652e+00   1.4e+02
   1      3     32    1.05371652e+00   1.4e+02
   2      5     64    1.05371652e+00   1.4e+02
Armijo satisfied, trial= 1
   3      6     90    7.57796940e-01   2.9e+02
   4      8     93    7.57796940e-01   1.8e+02
Armijo satisfied, trial= 1
   5      9    104    6.98064950e-01   1.4e+02
   6     11    116    6.24219465e-01   2.2e+02
Armijo satisfied, trial= 1
   7     12    122    5.37396364e-01   1.8e+02
Armijo satisfied, trial= 1
   8     13    128    4.78133313e-01   4.7e+01
Armijo satisfied, trial= 1
   9     14    147    4.67199944e-01   1.5e+02
  10     16    150    4.67199944e-01   1.0e+02
Armijo satisfied, trial= 1
  11     17    156    3.18655071e-01   2.4e+01
Armijo satisfied, trial= 2
  12     19    199    2.97980040e-01   2.2e+01
Armijo satisfied, trial= 1
  13     20    219    2.63031227e-01   1.3e+02
  14     22    222    2.63031227e-01   7.3e+01
Armijo satisfied, trial= 1
  15     23    231    2.04433312e-01   6.9e+01
  16     25    265    2.04433312e-01   6.9e+01
Armijo satisfied, trial= 2
  17     27    311    1.99595116e-01   6.8e+01
Armijo satisfied, trial= 2
  18     29    358    1.97658760e-01   6.7e+01
Armijo satisfied, trial= 2
  19     31    390    1.95104913e-01   6.7e+01
Armijo satisfied, trial= 2
  20     33    435    1.95007384e-01   6.7e+01
LMQNBC: termination 5
  it     nf     cg           f             |g|
   0      1      0    1.24874820e-03   6.7e-02
Armijo satisfied, trial= 1
   1      2     18    1.20901378e-03   3.4e-02
ans =
    0.4073
Armijo satisfied, trial= 1
   2      3     22    1.20475361e-03   3.0e-02
ans =
    0.4073
Armijo satisfied, trial= 1
   3      4     26    1.20357752e-03   1.8e-02
ans =
    0.4073
   4      6     60    1.20357752e-03   1.8e-02
ans =
    0.4073
Armijo satisfied, trial= 1
   5      7    101    1.10998701e-03   7.5e-02
ans =
    0.4073
Armijo satisfied, trial= 1
   6      8    103    1.09611752e-03   6.3e-02
ans =
    0.4073
Armijo satisfied, trial= 1
   7      9    117    1.06012565e-03   2.1e-02
ans =
    0.4073
Armijo satisfied, trial= 1
   8     10    148    1.03619106e-03   6.5e-02
ans =
    0.4072
   9     12    150    1.03619106e-03   6.5e-02
ans =
    0.4072
Armijo satisfied, trial= 1
  10     13    154    9.82282811e-04   1.7e-02
ans =
    0.4072
Armijo satisfied, trial= 1
  11     14    164    9.67481648e-04   4.1e-03
ans =
    0.4072
Armijo satisfied, trial= 1
  12     15    207    8.76694761e-04   5.4e-02
ans =
    0.4070
Armijo satisfied, trial= 1
  13     16    209    8.69045721e-04   4.1e-02
ans =
    0.4070
Armijo satisfied, trial= 1
  14     17    214    8.36238771e-04   1.3e-02
ans =
    0.4070
Armijo satisfied, trial= 1
  15     18    260    7.99672872e-04   5.6e-02
ans =
    0.4069
  16     20    264    7.99672872e-04   5.6e-02
ans =
    0.4069
Armijo satisfied, trial= 1
  17     21    271    7.50327403e-04   1.1e-02
ans =
    0.4069
Armijo satisfied, trial= 1
  18     22    278    7.43614425e-04   5.5e-03
ans =
    0.4068
Armijo satisfied, trial= 1
  19     23    308    6.84858480e-04   6.1e-03
ans =
    0.4066
Armijo satisfied, trial= 1
  20     24    341    6.17799860e-04   1.1e-02
ans =
    0.4065
LMQNBC: termination 5
  it     nf     cg           f             |g|
   0      1      0    1.95007384e-01   6.7e+01
   1      3     23    1.95007384e-01   6.7e+01
Armijo satisfied, trial= 1
   2      4     53    1.62294963e-01   7.8e+01
   3      6     56    1.62294963e-01   7.7e+01
   4      8     70    1.55389137e-01   5.4e+01
   5     10     92    1.37154199e-01   4.6e+01
Armijo satisfied, trial= 1
   6     11    102    1.26959444e-01   4.4e+01
Armijo satisfied, trial= 1
   7     12    115    1.18859698e-01   4.5e+01
Armijo satisfied, trial= 1
   8     13    127    1.10917566e-01   3.3e+01
Armijo satisfied, trial= 1
   9     14    133    1.10749998e-01   4.2e+01
  10     16    147    1.10749998e-01   2.4e+01
Armijo satisfied, trial= 1
  11     17    164    1.06013360e-01   8.2e+01
  12     19    166    1.06013360e-01   5.8e+01
  13     21    170    8.45185721e-02   2.1e+01
Armijo satisfied, trial= 1
  14     22    186    7.52565548e-02   6.0e+01
  15     24    190    7.52565548e-02   3.4e+01
Armijo satisfied, trial= 1
  16     25    192    6.78734469e-02   4.0e+01
Armijo satisfied, trial= 1
  17     26    200    5.37165401e-02   1.2e+01
Armijo satisfied, trial= 1
  18     27    215    3.88111618e-02   3.3e+01
  19     29    229    3.88111618e-02   2.1e+01
Armijo satisfied, trial= 1
  20     30    245    2.97820966e-02   6.4e+01
LMQNBC: termination 5
  it     nf     cg           f             |g|
   0      1      0    6.36130243e-04   1.1e-02
Armijo satisfied, trial= 1
   1      2      4    6.29429197e-04   3.5e-02
ans =
    0.4065
Armijo satisfied, trial= 1
   2      3      9    6.22390621e-04   3.0e-02
ans =
    0.4065
Armijo satisfied, trial= 1
   3      4     24    6.05158747e-04   1.7e-02
ans =
    0.4064
Armijo satisfied, trial= 1
   4      5     39    5.97609534e-04   1.0e-02
ans =
    0.4064
Armijo satisfied, trial= 1
   5      6     43    5.95057223e-04   1.2e-02
ans =
    0.4064
Armijo satisfied, trial= 1
   6      7     79    5.93115588e-04   5.2e-02
ans =
    0.4064
   7      9     81    5.93115588e-04   5.2e-02
ans =
    0.4064
Armijo satisfied, trial= 1
   8     10     89    5.64496955e-04   5.2e-03
ans =
    0.4064
Armijo satisfied, trial= 1
   9     11    139    5.14020237e-04   5.8e-03
ans =
    0.4064
Armijo satisfied, trial= 1
  10     12    167    4.90311300e-04   8.4e-03
ans =
    0.4063
Armijo satisfied, trial= 1
  11     13    182    4.78179684e-04   8.0e-03
ans =
    0.4063
Armijo satisfied, trial= 1
  12     14    186    4.74195452e-04   3.8e-03
ans =
    0.4063
Armijo satisfied, trial= 1
  13     15    190    4.72639840e-04   3.8e-03
ans =
    0.4063
Armijo satisfied, trial= 1
  14     16    240    4.44330790e-04   3.5e-02
ans =
    0.4062
Armijo satisfied, trial= 1
  15     17    243    4.41560200e-04   2.5e-02
ans =
    0.4062
Armijo satisfied, trial= 1
  16     18    249    4.36583038e-04   2.3e-02
ans =
    0.4062
Armijo satisfied, trial= 1
  17     19    252    4.33253315e-04   1.2e-02
ans =
    0.4062
Armijo satisfied, trial= 1
  18     20    262    4.22896627e-04   1.6e-02
ans =
    0.4062
Armijo satisfied, trial= 1
  19     21    265    4.21667166e-04   1.2e-02
ans =
    0.4062
  20     23    315    4.21667166e-04   1.2e-02
ans =
    0.4062
LMQNBC: termination 5
  it     nf     cg           f             |g|
   0      1      0    2.97820966e-02   3.4e+01
   1      3      4    2.58020938e-02   2.4e+01
Armijo satisfied, trial= 1
   2      4     36    2.09089065e-02   2.5e+01
   3      6     39    2.09089065e-02   1.6e+01
Armijo satisfied, trial= 1
   4      7     51    1.93394448e-02   1.9e+01
Armijo satisfied, trial= 1
   5      8     64    1.83278592e-02   1.1e+01
Armijo satisfied, trial= 1
   6      9     69    1.77692480e-02   1.6e+01
Armijo satisfied, trial= 1
   7     10     76    1.72675786e-02   1.3e+01
Armijo satisfied, trial= 1
   8     11     82    1.68622497e-02   1.8e+01
Armijo satisfied, trial= 1
   9     12     99    1.53448857e-02   1.6e+01
Armijo satisfied, trial= 1
  10     13    102    1.51709492e-02   1.2e+01
  11     15    108    1.51709492e-02   7.4e+00
Armijo satisfied, trial= 2
  12     17    152    1.45254735e-02   7.0e+00
Armijo satisfied, trial= 1
  13     18    169    1.27245028e-02   7.5e+00
  14     20    200    1.27245028e-02   7.5e+00
Armijo satisfied, trial= 2
  15     22    241    1.26191304e-02   7.4e+00
Armijo satisfied, trial= 2
  16     24    258    1.25176405e-02   7.3e+00
Armijo satisfied, trial= 2
  17     26    287    1.20869811e-02   6.9e+00
Armijo satisfied, trial= 2
  18     28    303    1.18431263e-02   6.7e+00
Armijo satisfied, trial= 2
  19     30    344    1.17428382e-02   6.6e+00
Armijo satisfied, trial= 2
  20     32    372    1.14288652e-02   6.2e+00
LMQNBC: termination 5
  it     nf     cg           f             |g|
   0      1      0    4.22157870e-04   1.2e-02
Armijo satisfied, trial= 1
   1      2      3    4.21818419e-04   3.9e-03
ans =
    0.4062
Armijo satisfied, trial= 1
   2      3      9    4.21224087e-04   7.9e-03
ans =
    0.4062
Armijo satisfied, trial= 1
   3      4     34    4.20688831e-04   1.4e-02
ans =
    0.4062
   4      6     37    4.20688831e-04   1.3e-02
ans =
    0.4062
Armijo satisfied, trial= 1
   5      7     44    4.15942980e-04   2.7e-03
ans =
    0.4062
   6      9     94    4.15942980e-04   2.7e-03
ans =
    0.4062
Armijo satisfied, trial= 2
   7     11    144    4.15907587e-04   2.7e-03
ans =
    0.4062
Armijo satisfied, trial= 2
   8     13    194    4.15870777e-04   2.7e-03
ans =
    0.4062
Armijo satisfied, trial= 1
   9     14    211    4.11131002e-04   6.7e-03
ans =
    0.4062
Armijo satisfied, trial= 1
  10     15    231    4.08442692e-04   1.5e-02
ans =
    0.4062
Armijo satisfied, trial= 1
  11     16    234    4.08146767e-04   1.2e-02
ans =
    0.4062
Armijo satisfied, trial= 1
  12     17    239    4.03390471e-04   7.0e-03
ans =
    0.4062
  13     19    268    4.03390471e-04   7.0e-03
ans =
    0.4062
Armijo satisfied, trial= 1
  14     20    287    3.95653704e-04   1.2e-02
ans =
    0.4061
Armijo satisfied, trial= 1
  15     21    290    3.94257480e-04   1.1e-02
ans =
    0.4061
  16     23    311    3.94257480e-04   1.0e-02
ans =
    0.4061
Armijo satisfied, trial= 1
  17     24    336    3.75354399e-04   9.7e-03
ans =
    0.4061
Armijo satisfied, trial= 1
  18     25    339    3.71974373e-04   7.0e-03
ans =
    0.4060
Armijo satisfied, trial= 1
  19     26    346    3.66435153e-04   2.3e-03
ans =
    0.4060
  20     28    374    3.66435153e-04   2.3e-03
ans =
    0.4060
LMQNBC: termination 5
  it     nf     cg           f             |g|
   0      1      0    1.14288652e-02   6.2e+00
Armijo satisfied, trial= 1
   1      2     24    1.12607320e-02   1.4e+01
   2      4     27    1.12607320e-02   1.1e+01
Armijo satisfied, trial= 1
   3      5     49    1.09538420e-02   9.4e+00
Armijo satisfied, trial= 1
   4      6     72    1.06072824e-02   7.4e+00
Armijo satisfied, trial= 1
   5      7    122    1.01249635e-02   2.2e+01
   6      9    125    1.01249635e-02   1.3e+01
Armijo satisfied, trial= 1
   7     10    128    9.74847131e-03   9.8e+00
   8     12    134    9.31258197e-03   5.5e+00
Armijo satisfied, trial= 1
   9     13    149    8.30959242e-03   1.2e+01
Armijo satisfied, trial= 1
  10     14    155    8.05599275e-03   5.7e+00
  11     16    179    8.05599275e-03   5.7e+00
Armijo satisfied, trial= 2
  12     18    218    7.89501770e-03   5.6e+00
Armijo satisfied, trial= 1
  13     19    233    7.10554881e-03   1.2e+01
  14     21    236    7.10554881e-03   7.7e+00
Armijo satisfied, trial= 1
  15     22    252    5.64779474e-03   8.3e+00
  16     24    267    5.64779474e-03   6.7e+00
Armijo satisfied, trial= 2
  17     26    282    5.23620218e-03   5.9e+00
Armijo satisfied, trial= 2
  18     28    298    5.00946499e-03   5.5e+00
Armijo satisfied, trial= 2
  19     30    314    4.54492468e-03   4.6e+00
Armijo satisfied, trial= 2
  20     32    330    4.28990873e-03   4.2e+00
LMQNBC: termination 5
  it     nf     cg           f             |g|
   0      1      0    3.67167628e-04   2.4e-03
Armijo satisfied, trial= 1
   1      2      9    3.65819169e-04   3.3e-03
ans =
    0.4060
Armijo satisfied, trial= 1
   2      3     25    3.63314914e-04   1.9e-03
ans =
    0.4060
Armijo satisfied, trial= 1
   3      4     54    3.60544760e-04   7.9e-03
ans =
    0.4060
Armijo satisfied, trial= 1
   4      5     56    3.60023383e-04   7.6e-03
ans =
    0.4060
Armijo satisfied, trial= 1
   5      6     68    3.58052403e-04   1.3e-02
ans =
    0.4060
Armijo satisfied, trial= 1
   6      7     90    3.53185144e-04   5.6e-03
ans =
    0.4060
Armijo satisfied, trial= 1
   7      8     93    3.52236418e-04   6.1e-03
ans =
    0.4060
   8     10    121    3.52236418e-04   6.1e-03
ans =
    0.4060
Armijo satisfied, trial= 1
   9     11    162    3.43317782e-04   7.1e-03
ans =
    0.4060
Armijo satisfied, trial= 1
  10     12    179    3.41528653e-04   5.2e-03
ans =
    0.4060
Armijo satisfied, trial= 1
  11     13    229    3.32748313e-04   1.3e-02
ans =
    0.4059
  12     15    231    3.32748313e-04   1.3e-02
ans =
    0.4059
Armijo satisfied, trial= 1
  13     16    237    3.18021783e-04   3.8e-03
ans =
    0.4059
Armijo satisfied, trial= 1
  14     17    256    3.07901137e-04   1.6e-02
ans =
    0.4059
Armijo satisfied, trial= 1
  15     18    275    3.00083320e-04   1.4e-02
ans =
    0.4058
  16     20    325    3.00083320e-04   1.4e-02
ans =
    0.4058
Armijo satisfied, trial= 1
  17     21    375    2.97281886e-04   6.5e-02
ans =
    0.4055
  18     23    377    2.97281886e-04   4.0e-02
ans =
    0.4055
  19     25    380    2.48240925e-04   1.9e-02
ans =
    0.4056
Armijo satisfied, trial= 1
  20     26    386    2.36092504e-04   8.7e-03
ans =
    0.4056
LMQNBC: termination 5
  it     nf     cg           f             |g|
   0      1      0    4.28990873e-03   4.2e+00
Armijo satisfied, trial= 1
   1      2      4    4.07526117e-03   6.0e+00
Armijo satisfied, trial= 1
   2      3     30    3.94754603e-03   9.0e+00
   3      5     32    3.94754603e-03   6.5e+00
Armijo satisfied, trial= 1
   4      6     44    3.57189162e-03   3.0e+00
   5      8     94    3.57189162e-03   3.0e+00
Armijo satisfied, trial= 2
   6     10    144    3.55456600e-03   2.9e+00
Armijo satisfied, trial= 2
   7     12    194    3.54084377e-03   2.9e+00
Armijo satisfied, trial= 2
   8     14    244    3.52255150e-03   2.9e+00
Armijo satisfied, trial= 2
   9     16    294    3.47418670e-03   2.8e+00
Armijo satisfied, trial= 2
  10     18    344    3.46066741e-03   2.8e+00
Armijo satisfied, trial= 2
  11     20    390    3.45549987e-03   2.8e+00
Armijo satisfied, trial= 1
  12     21    409    3.29428406e-03   1.7e+00
  13     23    439    3.29428406e-03   1.7e+00
Armijo satisfied, trial= 2
  14     25    475    3.29131948e-03   1.7e+00
Armijo satisfied, trial= 2
  15     27    517    3.22791021e-03   1.7e+00
Armijo satisfied, trial= 2
  16     29    567    3.19163099e-03   1.7e+00
Armijo satisfied, trial= 2
  17     31    617    3.18771491e-03   1.7e+00
Armijo satisfied, trial= 2
  18     33    650    3.10962612e-03   1.7e+00
Armijo satisfied, trial= 2
  19     35    682    2.97784602e-03   1.6e+00
Armijo satisfied, trial= 2
  20     37    727    2.90218309e-03   1.6e+00
LMQNBC: termination 5
  it     nf     cg           f             |g|
   0      1      0    2.36012634e-04   8.7e-03
Armijo satisfied, trial= 1
   1      2      6    2.32615181e-04   7.6e-03
ans =
    0.4056
Armijo satisfied, trial= 1
   2      3     14    2.31297843e-04   8.1e-03
ans =
    0.4056
Armijo satisfied, trial= 1
   3      4     28    2.27186722e-04   6.1e-03
ans =
    0.4056
Armijo satisfied, trial= 1
   4      5     47    2.22419898e-04   1.5e-02
ans =
    0.4056
Armijo satisfied, trial= 1
   5      6     51    2.21473912e-04   5.3e-03
ans =
    0.4056
Armijo satisfied, trial= 1
   6      7     70    2.16854082e-04   5.4e-03
ans =
    0.4056
Armijo satisfied, trial= 1
   7      8     73    2.15747489e-04   3.7e-03
ans =
    0.4056
Armijo satisfied, trial= 1
   8      9     96    2.10540878e-04   4.6e-03
ans =
    0.4056
Armijo satisfied, trial= 1
   9     10     99    2.09040101e-04   3.0e-03
ans =
    0.4056
Armijo satisfied, trial= 1
  10     11    121    2.03604828e-04   7.9e-03
ans =
    0.4056
Armijo satisfied, trial= 1
  11     12    124    2.01926250e-04   5.3e-03
ans =
    0.4055
Armijo satisfied, trial= 1
  12     13    131    1.99951459e-04   3.7e-03
ans =
    0.4055
Armijo satisfied, trial= 1
  13     14    134    1.99339069e-04   1.9e-03
ans =
    0.4055
Armijo satisfied, trial= 1
  14     15    153    1.97817422e-04   4.1e-03
ans =
    0.4055
Armijo satisfied, trial= 1
  15     16    156    1.97400304e-04   3.5e-03
ans =
    0.4055
Armijo satisfied, trial= 1
  16     17    161    1.96884208e-04   1.5e-03
ans =
    0.4055
  17     19    203    1.96884208e-04   1.5e-03
ans =
    0.4055
Armijo satisfied, trial= 1
  18     20    253    1.88735994e-04   1.8e-02
ans =
    0.4055
Armijo satisfied, trial= 1
  19     21    256    1.88241002e-04   1.5e-02
ans =
    0.4054
Armijo satisfied, trial= 1
  20     22    260    1.83942903e-04   4.0e-03
ans =
    0.4054
LMQNBC: termination 5
>> Total number of function evaluations, XTM = 3325, XRF = 2872 
>> >> >> >> >> >> >> >> >> Time elapsed is 26615.810000, residule is 4.054494e-01
>> >> >> >> >> >> >> >> >> >> >> >> >> >> >> >> >> >> >> >> >> >> >> >> >> >> >> >> 