
                            < M A T L A B (R) >
                  Copyright 1984-2013 The MathWorks, Inc.
                    R2013a (8.1.0.604) 64-bit (glnxa64)
                             February 15, 2013

 
To get started, type one of these: helpwin, helpdesk, or demo.
For product information, visit www.mathworks.com.
 
X-ray simulation startup file...
>> >> >> >> >> >> >> X-ray simulation startup file...
Element     AtomicNumber    Line     FluorescenceEnergy     Intensity
    Mo           42          0          17.44               1322056574220.01
=====================================================
    Cu           29          0           8.04               307309887563.40
=====================================================
    Fe           26          0           6.40               180442917631.86
=====================================================
    Ca           20          0           3.69               36098687912.16
=====================================================
====== Transmission Detector Resolution is 73
====== Fluorescence Detector Resolution is 8
====== Angle Number  1 of 5: 1
====== Angle Number  2 of 5: 41
====== Angle Number  3 of 5: 81
====== Angle Number  4 of 5: 121
====== Angle Number  5 of 5: 161
>> >> >> >> >> >> >> >> >> >> >> >> >> >> >> >> >> >> >> >> >> >> >> >> >> >> >> >>   it     nf     cg           f             |g|
   0      1      0    6.07361154e+09   5.3e+07
Armijo satisfied, trial= 1
   1      2      2    5.27382819e+08   1.4e+07
   2      4      5    5.27382819e+08   1.4e+07
Armijo satisfied, trial= 1
   3      5     10    8.49624680e+07   6.9e+06
   4      7     13    8.49624680e+07   5.6e+06
Armijo satisfied, trial= 1
   5      8     16    1.50810344e+07   2.5e+06
Armijo satisfied, trial= 1
   6      9     19    1.37360661e+07   2.0e+06
Armijo satisfied, trial= 1
   7     10     22    3.23539618e+06   1.1e+06
Armijo satisfied, trial= 1
   8     11     30    2.03929899e+06   7.9e+05
Armijo satisfied, trial= 1
   9     12     32    1.54145806e+06   7.3e+05
Armijo satisfied, trial= 1
  10     13     35    8.34156494e+05   5.7e+05
LMQNBC: termination 5
  it     nf     cg           f             |g|
   0      1      0    3.70257113e+04   1.5e+03
Armijo satisfied, trial= 1
   1      2      3    7.83280415e+03   7.7e+02
Armijo satisfied, trial= 1
   2      3      8    5.55252404e+03   7.0e+02
Armijo satisfied, trial= 1
   3      4     16    1.35317671e+03   5.0e+02
Armijo satisfied, trial= 1
   4      5     21    1.00017244e+03   4.1e+02
Armijo satisfied, trial= 1
   5      6     25    6.14171288e+02   3.6e+02
Armijo satisfied, trial= 1
   6      7     27    5.36332780e+02   3.0e+02
Armijo satisfied, trial= 1
   7      8     29    3.65324266e+02   2.6e+02
Armijo satisfied, trial= 1
   8      9     34    2.84506147e+02   2.0e+02
Armijo satisfied, trial= 1
   9     10     36    2.63003344e+02   2.2e+02
Armijo satisfied, trial= 1
  10     11     38    2.18133846e+02   1.8e+02
LMQNBC: termination 5
  it     nf     cg           f             |g|
   0      1      0    8.34156494e+05   5.7e+05
Armijo satisfied, trial= 1
   1      2      2    1.16307099e+05   1.6e+05
Armijo satisfied, trial= 1
   2      3      6    1.03468246e+05   2.0e+05
   3      5      9    1.03468246e+05   2.0e+05
Armijo satisfied, trial= 1
   4      6     13    2.00544643e+04   1.0e+05
Armijo satisfied, trial= 1
   5      7     16    1.68337324e+04   7.4e+04
Armijo satisfied, trial= 1
   6      8     20    5.17692735e+03   3.3e+04
Armijo satisfied, trial= 1
   7      9     25    5.10627942e+03   3.0e+04
Armijo satisfied, trial= 1
   8     10     28    2.28782902e+03   2.4e+04
   9     12     37    2.28782902e+03   1.7e+04
Armijo satisfied, trial= 1
  10     13     40    9.61255947e+02   1.1e+04
LMQNBC: termination 5
  it     nf     cg           f             |g|
   0      1      0    2.30769749e+02   1.8e+02
Armijo satisfied, trial= 1
   1      2      7    4.51678246e+01   1.7e+01
Armijo satisfied, trial= 1
   2      3     14    2.30594260e+01   3.0e+01
Armijo satisfied, trial= 1
   3      4     16    1.83581717e+01   2.3e+01
Armijo satisfied, trial= 1
   4      5     23    1.06713016e+01   1.2e+01
Armijo satisfied, trial= 1
   5      6     31    8.31291558e+00   1.3e+01
Armijo satisfied, trial= 1
   6      7     34    7.23679828e+00   8.9e+00
Armijo satisfied, trial= 1
   7      8     48    4.27786225e+00   1.4e+01
Armijo satisfied, trial= 1
   8      9     50    3.71627506e+00   1.1e+01
Armijo satisfied, trial= 1
   9     10     55    2.70656116e+00   5.9e+00
Armijo satisfied, trial= 1
  10     11     70    1.65268870e+00   7.5e+00
LMQNBC: termination 5
  it     nf     cg           f             |g|
   0      1      0    9.61255947e+02   1.1e+04
Armijo satisfied, trial= 1
   1      2      2    6.34387744e+02   3.7e+03
   2      4     13    6.34387744e+02   5.7e+03
Armijo satisfied, trial= 1
   3      5     36    5.32355576e+02   5.1e+03
   4      7     38    5.32355576e+02   5.1e+03
Armijo satisfied, trial= 1
   5      8     52    2.64029687e+02   3.2e+03
Armijo satisfied, trial= 1
   6      9     55    2.47371305e+02   2.3e+03
Armijo satisfied, trial= 1
   7     10     61    2.21391143e+02   2.1e+03
Armijo satisfied, trial= 1
   8     11     63    2.05625847e+02   2.6e+03
Armijo satisfied, trial= 1
   9     12     68    2.02782944e+02   2.9e+03
  10     14     70    2.02782944e+02   2.9e+03
LMQNBC: termination 5
  it     nf     cg           f             |g|
   0      1      0    1.65851940e+00   5.6e+00
Armijo satisfied, trial= 1
   1      2      3    1.22306211e+00   2.0e+00
Armijo satisfied, trial= 1
   2      3     11    8.62424913e-01   8.3e-01
Armijo satisfied, trial= 1
   3      4     15    8.11538195e-01   1.7e+00
Armijo satisfied, trial= 1
   4      5     24    6.72341194e-01   2.4e+00
Armijo satisfied, trial= 1
   5      6     34    5.15540009e-01   4.7e+00
Armijo satisfied, trial= 1
   6      7     49    4.03981083e-01   1.5e+01
   7      9     51    4.03981083e-01   3.4e+00
Armijo satisfied, trial= 1
   8     10     55    2.54220956e-01   5.1e-01
Armijo satisfied, trial= 1
   9     11     73    6.87806694e-02   6.0e-01
Armijo satisfied, trial= 1
  10     12     82    5.15594874e-02   4.1e-01
LMQNBC: termination 5
>> Total number of function evaluations, XTM = 185, XRF = 224 
>> >> >> >> >> >> >> >> >> Time elapsed is 776.280000, residule is 4.729736e-01
>> >> >> >> >> >> >> >> >> 