
                            < M A T L A B (R) >
                  Copyright 1984-2013 The MathWorks, Inc.
                    R2013a (8.1.0.604) 64-bit (glnxa64)
                             February 15, 2013

 
To get started, type one of these: helpwin, helpdesk, or demo.
For product information, visit www.mathworks.com.
 
X-ray simulation startup file...
>> >> >> >> >> >> >> >> >> >> X-ray simulation startup file...
Element     AtomicNumber    Line     FluorescenceEnergy     Intensity
    Mo           42          0          17.44               1322056574220.01
=====================================================
    Cu           29          0           8.04               307309887563.40
=====================================================
    Fe           26          0           6.40               180442917631.86
=====================================================
    Ca           20          0           3.69               36098687912.16
=====================================================
    Pb           82          0          74.16                0.00
=====================================================
====== Transmission Detector Resolution is 73
====== Fluorescence Detector Resolution is 8
====== Angle Number  1 of 7: 1
====== Angle Number  2 of 7: 3.083333e+01
====== Angle Number  3 of 7: 6.066667e+01
====== Angle Number  4 of 7: 9.050000e+01
====== Angle Number  5 of 7: 1.203333e+02
====== Angle Number  6 of 7: 1.501667e+02
====== Angle Number  7 of 7: 180
>> >> >> >> >> >> >> >> >> >> >> >> >> >> >> >> >> >> >> >> >> >> >> >> >> >> >> >> >> >> >> >> >> >> >> >> >> >> >> >> >> >> >>   it     nf     cg           f             |g|
   0      1      0    2.79001357e+05   1.8e+03
Armijo satisfied, trial= 1
   1      2      2    1.47077626e+04   6.1e+02
   2      4      6    1.47077626e+04   6.1e+02
Armijo satisfied, trial= 1
   3      5      9    1.72294152e+03   4.3e+01
Armijo satisfied, trial= 1
   4      6     20    5.69667074e+02   7.9e+01
Armijo satisfied, trial= 1
   5      7     24    2.28277818e+02   2.8e+01
Armijo satisfied, trial= 1
   6      8     26    1.02306030e+02   3.9e+01
Armijo satisfied, trial= 1
   7      9     30    9.23123751e+01   2.4e+01
Armijo satisfied, trial= 1
   8     10     38    5.13898204e+01   2.3e+01
Armijo satisfied, trial= 1
   9     11     40    3.53845937e+01   1.7e+01
Armijo satisfied, trial= 1
  10     12     44    2.64846747e+01   2.0e+01
Armijo satisfied, trial= 1
  11     13     46    2.13814023e+01   1.3e+01
Armijo satisfied, trial= 1
  12     14     48    1.58590593e+01   1.2e+01
Armijo satisfied, trial= 1
  13     15     70    1.53123546e+01   2.4e+01
  14     17     75    1.53123546e+01   8.4e+00
Armijo satisfied, trial= 1
  15     18     79    5.20924773e+00   3.6e+00
Armijo satisfied, trial= 1
  16     19     87    3.09366882e+00   2.9e+00
Armijo satisfied, trial= 1
  17     20    106    1.26325926e+00   3.5e+00
Armijo satisfied, trial= 1
  18     21    115    8.03881367e-01   2.4e+00
Armijo satisfied, trial= 1
  19     22    124    6.21629099e-01   1.9e+00
Armijo satisfied, trial= 1
  20     23    148    3.38641072e-01   3.4e+00
Armijo satisfied, trial= 1
  21     24    150    2.79165000e-01   1.6e+00
Armijo satisfied, trial= 1
  22     25    178    1.69472656e-01   4.4e+00
Armijo satisfied, trial= 1
  23     26    181    1.35243801e-01   2.1e+00
Armijo satisfied, trial= 1
  24     27    187    1.01655799e-01   1.6e+00
Armijo satisfied, trial= 1
  25     28    213    6.18326683e-02   1.1e+00
Armijo satisfied, trial= 1
  26     29    215    4.97591789e-02   6.4e-01
Armijo satisfied, trial= 1
  27     30    221    4.19856008e-02   7.5e-01
Armijo satisfied, trial= 1
  28     31    224    3.80756373e-02   3.9e-01
Armijo satisfied, trial= 1
  29     32    265    2.26615319e-02   9.9e-01
Armijo satisfied, trial= 1
  30     33    267    1.81513869e-02   8.7e-01
Armijo satisfied, trial= 1
  31     34    270    1.44361186e-02   4.7e-01
Armijo satisfied, trial= 1
  32     35    273    1.35501923e-02   1.6e-01
Armijo satisfied, trial= 1
  33     36    289    1.07167884e-02   4.5e-01
Armijo satisfied, trial= 1
  34     37    291    9.54138455e-03   4.5e-01
Armijo satisfied, trial= 1
  35     38    295    8.40817033e-03   2.1e-01
Armijo satisfied, trial= 1
  36     39    329    5.82575210e-03   4.5e-01
Armijo satisfied, trial= 1
  37     40    331    5.03936255e-03   4.1e-01
Armijo satisfied, trial= 1
  38     41    334    4.27813681e-03   1.7e-01
Armijo satisfied, trial= 1
  39     42    368    3.18594379e-03   2.5e-01
Armijo satisfied, trial= 1
  40     43    370    2.87269394e-03   2.2e-01
Armijo satisfied, trial= 1
  41     44    374    2.57311452e-03   8.5e-02
Armijo satisfied, trial= 1
  42     45    402    2.03794333e-03   1.5e-01
Armijo satisfied, trial= 1
  43     46    408    1.88710789e-03   9.7e-02
Armijo satisfied, trial= 1
  44     47    411    1.73833854e-03   4.8e-02
Armijo satisfied, trial= 1
  45     48    454    1.33293560e-03   1.4e-01
Armijo satisfied, trial= 1
  46     49    460    1.21464622e-03   9.1e-02
Armijo satisfied, trial= 1
  47     50    462    8.91261774e-04   7.4e-02
Armijo satisfied, trial= 1
  48     51    486    6.90733609e-04   7.5e-02
Armijo satisfied, trial= 1
  49     52    489    6.22763965e-04   5.7e-02
Armijo satisfied, trial= 1
  50     53    539    4.77575758e-04   7.4e-02
Armijo satisfied, trial= 1
  51     54    542    4.14975902e-04   6.2e-02
Armijo satisfied, trial= 1
  52     55    546    3.02105277e-04   3.3e-02
Armijo satisfied, trial= 1
  53     56    574    2.57075915e-04   3.3e-02
Armijo satisfied, trial= 1
  54     57    577    2.38408559e-04   2.2e-02
Armijo satisfied, trial= 1
  55     58    581    2.21565371e-04   6.4e-03
Armijo satisfied, trial= 1
  56     59    620    1.81705855e-04   2.1e-02
Armijo satisfied, trial= 1
  57     60    625    1.74955359e-04   1.7e-02
Armijo satisfied, trial= 1
  58     61    628    1.49152893e-04   8.4e-03
Armijo satisfied, trial= 1
  59     62    656    1.30770744e-04   9.0e-03
Armijo satisfied, trial= 1
  60     63    662    1.25444776e-04   4.7e-03
Armijo satisfied, trial= 1
  61     64    665    1.22064645e-04   2.0e-03
Armijo satisfied, trial= 1
  62     65    703    1.06315167e-04   7.9e-03
Armijo satisfied, trial= 1
  63     66    706    1.00302967e-04   9.2e-03
Armijo satisfied, trial= 1
  64     67    710    8.99668153e-05   4.6e-03
Armijo satisfied, trial= 1
  65     68    750    7.61850961e-05   5.7e-03
Armijo satisfied, trial= 1
  66     69    753    7.11566605e-05   5.0e-03
Armijo satisfied, trial= 1
  67     70    757    6.67023658e-05   2.7e-03
Armijo satisfied, trial= 1
  68     71    781    6.29182264e-05   4.2e-03
Armijo satisfied, trial= 1
  69     72    784    6.11127095e-05   3.7e-03
Armijo satisfied, trial= 1
  70     73    812    5.56091461e-05   3.1e-03
Armijo satisfied, trial= 1
  71     74    818    5.37183029e-05   1.9e-03
Armijo satisfied, trial= 1
  72     75    868    5.04227736e-05   1.2e-02
  73     77    870    5.04227736e-05   7.7e-03
Armijo satisfied, trial= 1
  74     78    874    4.29076209e-05   9.0e-04
Armijo satisfied, trial= 1
  75     79    924    3.66407123e-05   2.5e-03
Armijo satisfied, trial= 1
  76     80    927    3.57235380e-05   1.4e-03
Armijo satisfied, trial= 1
  77     81    941    3.36427244e-05   1.1e-03
Armijo satisfied, trial= 1
  78     82    944    3.31989314e-05   5.1e-04
Armijo satisfied, trial= 1
  79     83    962    3.27495240e-05   1.7e-03
Armijo satisfied, trial= 1
  80     84    970    3.21980682e-05   1.3e-03
Armijo satisfied, trial= 1
  81     85    978    3.14770939e-05   4.0e-04
  82     87   1018    3.14770939e-05   3.9e-04
Armijo satisfied, trial= 1
  83     88   1068    2.25831429e-05   1.0e-03
Armijo satisfied, trial= 1
  84     89   1084    2.10234222e-05   1.3e-03
Armijo satisfied, trial= 1
  85     90   1100    1.97914945e-05   1.1e-03
Armijo satisfied, trial= 1
  86     91   1114    1.88296028e-05   6.1e-04
Armijo satisfied, trial= 1
  87     92   1142    1.66152879e-05   5.2e-04
Armijo satisfied, trial= 1
  88     93   1155    1.57349522e-05   6.6e-04
Armijo satisfied, trial= 1
  89     94   1169    1.49403495e-05   9.6e-04
Armijo satisfied, trial= 1
  90     95   1186    1.41965157e-05   5.4e-04
Armijo satisfied, trial= 1
  91     96   1202    1.36755789e-05   5.0e-04
Armijo satisfied, trial= 1
  92     97   1217    1.33166400e-05   5.1e-04
Armijo satisfied, trial= 1
  93     98   1232    1.28555146e-05   3.4e-04
Armijo satisfied, trial= 1
  94     99   1246    1.21461758e-05   6.6e-04
Armijo satisfied, trial= 1
  95    100   1260    1.14463690e-05   8.0e-04
Armijo satisfied, trial= 1
  96    101   1274    1.08445403e-05   3.9e-04
Armijo satisfied, trial= 1
  97    102   1288    1.03691483e-05   4.2e-04
Armijo satisfied, trial= 1
  98    103   1314    9.36036082e-06   5.9e-04
Armijo satisfied, trial= 1
  99    104   1317    9.29167963e-06   1.8e-04
Armijo satisfied, trial= 1
 100    105   1367    8.05167962e-06   3.9e-04
LMQNBC: termination 5
>> >> >> >> >> >> >> >> >> >> >> >> Time elapsed is 49327.160000, residule is 3.309251e-01
>> >> >> >> >> >> >> >> >> >> >> >> >> >> >> >> >> >> >> >> >> >> >> >> >> >> >> >> >> >> >> >> 