
                            < M A T L A B (R) >
                  Copyright 1984-2013 The MathWorks, Inc.
                    R2013a (8.1.0.604) 64-bit (glnxa64)
                             February 15, 2013

 
To get started, type one of these: helpwin, helpdesk, or demo.
For product information, visit www.mathworks.com.
 
>> >> >> >> >> >> >> >> >> >> X-ray simulation startup file...
====== Fluorescence Detector Resolution is 5
====== Angle Number  1 of 2: 0
====== Angle Number  2 of 2: 180
====== Fluorescence Detector Resolution is 5
====== Angle Number  1 of 2: 0
====== Angle Number  2 of 2: 180
====== Fluorescence Detector Resolution is 5
====== Angle Number  1 of 2: 0
====== Angle Number  2 of 2: 180
====== Fluorescence Detector Resolution is 5
====== Angle Number  1 of 2: 0
====== Angle Number  2 of 2: 180
====== Fluorescence Detector Resolution is 5
====== Angle Number  1 of 2: 0
====== Angle Number  2 of 2: 180
>> >> >> >> >> >> >> >> >> >> ===================== 33, -1
  it     nf     cg           f             f_xrf             f_xtm            |g|        alpha        error
   0      1      0    5.51301944e-01    6.20505768e+08    5.51301944e-01    2.0e-02     1.0e+00      3.306e+00
   1      2      2    4.05680438e-02    2.41905410e+07     4.05680438e-02    5.7e-03     1.0e+00      2.515e+00
   2      3      4    7.03308666e-03    1.08519990e+07     7.03308666e-03    2.4e-03     1.0e+00      2.340e+00
   3      4      7    1.85061999e-03    1.15518960e+07     1.85061999e-03    9.8e-04     1.0e+00      1.983e+00
   4      5     11    1.28904351e-04    1.00870993e+07     1.28904351e-04    4.4e-04     1.0e+00      1.792e+00
   5      6     17    1.22232658e-05    9.28231781e+06     1.22232658e-05    1.0e-04     1.0e+00      1.768e+00
   6      7     23    1.97021072e-06    9.22937109e+06     1.97021072e-06    3.5e-05     1.0e+00      1.761e+00
   7      8     28    4.61772964e-07    9.15729594e+06     4.61772964e-07    1.4e-05     1.0e+00      1.760e+00
   8      9     33    1.31554561e-07    9.17332873e+06     1.31554561e-07    6.7e-06     1.0e+00      1.760e+00
   9     10     38    3.80802462e-08    9.15665274e+06     3.80802462e-08    4.1e-06     1.0e+00      1.760e+00
  10     11     47    2.86014980e-10    9.15709309e+06     2.86014980e-10    1.2e-06     1.0e+00      1.760e+00
LMQNBC: termination 5
===================== 33, 0
  it     nf     cg           f             f_xrf             f_xtm            |g|        alpha        error
   0      1      0    6.20505768e+08    6.20505768e+08    5.51301944e-01    3.0e+07     1.0e+00      3.306e+00
   1      2      2    2.23789735e+07    2.23789735e+07     4.74397740e-02    6.8e+06     1.0e+00      2.712e+00
   2      3      4    6.74472400e+06    6.74472400e+06     2.17307695e-02    2.4e+06     1.0e+00      2.621e+00
   3      4      8    6.13720462e+05    6.13720462e+05     1.64234698e-02    8.0e+05     1.0e+00      2.371e+00
   4      5     13    2.29207444e+05    2.29207444e+05     1.48700005e-02    2.4e+05     1.0e+00      2.321e+00
   5      6     23    1.09762514e+05    1.09762514e+05     1.09621349e-02    4.6e+05     1.0e+00      2.140e+00
   6      7     25    8.10133848e+04    8.10133848e+04     1.04841677e-02    1.3e+05     1.0e+00      2.138e+00
   7      8     29    6.06640580e+04    6.06640580e+04     1.02229447e-02    7.5e+04     1.0e+00      2.126e+00
   8      9     38    1.83133183e+04    1.83133183e+04     7.55382276e-03    1.8e+05     1.0e+00      2.025e+00
   9     10     43    7.75398074e+03    7.75398074e+03     7.41873948e-03    3.2e+04     1.0e+00      2.023e+00
  10     11     53    4.05109452e+03    4.05109452e+03     7.17916889e-03    4.4e+04     1.0e+00      2.015e+00
LMQNBC: termination 5
===================== 33, 1
  it     nf     cg           f             f_xrf             f_xtm            |g|        alpha        error
   0      1      0    6.75635962e+08    6.20505768e+08    5.51301944e-01    3.2e+07     1.0e+00      3.306e+00
   1      2      2    2.68172077e+07    2.21903481e+07     4.62685963e-02    7.3e+06     1.0e+00      2.694e+00
   2      3      4    8.69778656e+06    6.74499193e+06     1.95279464e-02    2.5e+06     1.0e+00      2.587e+00
   3      4      8    1.67040230e+06    5.50466684e+05     1.11993561e-02    9.0e+05     1.0e+00      2.167e+00
   4      5     18    3.80214109e+05    2.36351951e+05     1.43862158e-03    6.0e+05     1.0e+00      1.397e+00
   5      6     23    1.44826175e+05    2.31568823e+04     1.21669293e-03    2.0e+05     1.0e+00      1.339e+00
   6      7     33    2.48124205e+04    1.23377343e+04     1.24746862e-04    2.0e+05     1.0e+00      1.154e+00
   7      8     39    1.34297554e+04    2.89602225e+03     1.05337332e-04    3.6e+04     1.0e+00      1.147e+00
   8      9     48    3.53672370e+03    2.33405767e+03     1.20266603e-05    4.3e+04     1.0e+00      1.104e+00
   9     10     52    2.54843272e+03    1.41361726e+03     1.13481546e-05    6.9e+03     1.0e+00      1.103e+00
  10     11     62    1.27101155e+03    9.67132606e+02     3.03878940e-06    3.6e+04     1.0e+00      1.092e+00
LMQNBC: termination 5
===================== 17, -1
  it     nf     cg           f             f_xrf             f_xtm            |g|        alpha        error
   0      1      0    4.00998227e+00    2.48140799e+09    4.00998227e+00    2.7e-01     1.0e+00      3.306e+00
   1      2      2    5.08177940e-01    2.06248530e+08     5.08177940e-01    1.2e-01     1.0e+00      2.058e+00
   2      3      4    9.83848053e-02    1.41231309e+08     9.83848053e-02    3.3e-02     1.0e+00      2.398e+00
   3      4      7    2.39181796e-02    1.39531420e+08     2.39181796e-02    3.0e-03     1.0e+00      2.690e+00
   4      5     10    1.51471833e-02    1.20649301e+08     1.51471833e-02    3.1e-03     1.0e+00      3.181e+00
   5      6     14    1.45332542e-02    1.20320785e+08     1.45332542e-02    1.8e-04     1.0e+00      3.295e+00
   6      7     18    1.45011503e-02    1.19622077e+08     1.45011503e-02    2.0e-04     1.0e+00      3.290e+00
   7      8     22    1.44936421e-02    1.19940329e+08     1.44936421e-02    5.3e-05     1.0e+00      3.293e+00
   8      9     26    1.44915758e-02    1.19721119e+08     1.44915758e-02    6.2e-05     1.0e+00      3.296e+00
   9     10     30    1.44909349e-02    1.19848744e+08     1.44909349e-02    1.7e-05     1.0e+00      3.296e+00
  10     11     34    1.44907348e-02    1.19793900e+08     1.44907348e-02    2.0e-05     1.0e+00      3.296e+00
LMQNBC: termination 5
===================== 17, 0
  it     nf     cg           f             f_xrf             f_xtm            |g|        alpha        error
   0      1      0    2.48140799e+09    2.48140799e+09    4.00998227e+00    1.7e+08     1.0e+00      3.306e+00
   1      2      2    1.35567768e+08    1.35567768e+08     4.67545542e-01    4.7e+07     1.0e+00      2.406e+00
   2      3      5    6.48050261e+07    6.48050261e+07     2.87890113e-01    2.1e+07     1.0e+00      2.598e+00
   3      4      9    3.46557764e+07    3.46557764e+07     2.62089616e-01    7.8e+06     1.0e+00      2.659e+00
   4      5     12    3.17233890e+07    3.17233890e+07     2.52367632e-01    2.4e+06     1.0e+00      2.661e+00
   5      6     18    3.03003788e+07    3.03003788e+07     2.15497767e-01    1.5e+06     1.0e+00      2.679e+00
   6      7     28    2.98051927e+07    2.98051927e+07     1.63587916e-01    2.3e+06     1.0e+00      2.661e+00
   7      8     31    2.95423010e+07    2.95423010e+07     1.63436258e-01    5.0e+05     1.0e+00      2.662e+00
   8      9     38    2.94487008e+07    2.94487008e+07     1.60565332e-01    1.8e+05     1.0e+00      2.650e+00
   9     10     48    2.93819508e+07    2.93819508e+07     1.43541329e-01    3.9e+05     1.0e+00      2.637e+00
  10     11     52    2.93665941e+07    2.93665941e+07     1.43229700e-01    2.4e+05     1.0e+00      2.643e+00
LMQNBC: termination 5
===================== 17, 1
  it     nf     cg           f             f_xrf             f_xtm            |g|        alpha        error
   0      1      0    2.88240621e+09    2.48140799e+09    4.00998227e+00    2.0e+08     1.0e+00      3.306e+00
   1      2      2    1.85165499e+08    1.39093114e+08     4.60723858e-01    5.9e+07     1.0e+00      2.351e+00
   2      3      7    5.37604877e+07    3.72177029e+07     1.65427848e-01    1.1e+07     1.0e+00      2.322e+00
   3      4     17    3.47193491e+07    3.24783938e+07     2.24095531e-02    7.9e+06     1.0e+00      2.802e+00
   4      5     22    3.18440289e+07    2.97038243e+07     2.14020458e-02    2.7e+06     1.0e+00      2.776e+00
   5      6     32    3.10290824e+07    2.94627151e+07     1.56636730e-02    7.6e+05     1.0e+00      3.282e+00
   6      7     38    3.08915199e+07    2.93723838e+07     1.51913606e-02    4.2e+05     1.0e+00      3.315e+00
   7      8     48    3.08162374e+07    2.93518714e+07     1.46436596e-02    5.9e+05     1.0e+00      3.495e+00
   8      9     52    3.08063388e+07    2.93435321e+07     1.46280673e-02    1.4e+05     1.0e+00      3.493e+00
   9     10     62    3.07946516e+07    2.93393839e+07     1.45526779e-02    1.3e+05     1.0e+00      3.492e+00
  10     11     70    3.07888744e+07    2.93342314e+07     1.45464296e-02    9.6e+04     1.0e+00      3.503e+00
LMQNBC: termination 5
===================== 9, -1
  it     nf     cg           f             f_xrf             f_xtm            |g|        alpha        error
   0      1      0    1.83131571e+01    6.68124469e+09    1.83131571e+01    2.2e+00     1.0e+00      3.306e+00
   1      2      2    2.69482788e+00    7.58293129e+08     2.69482788e+00    9.6e-01     1.0e+00      1.978e+00
   2      3      4    7.36736840e-01    3.14668281e+08     7.36736840e-01    3.5e-01     1.0e+00      2.113e+00
   3      4      7    7.59488447e-02    4.20050996e+08     7.59488447e-02    1.2e-02     1.0e+00      3.528e+00
   4      5      9    5.21299135e-02    3.81559065e+08     5.21299135e-02    3.5e-03     1.0e+00      4.172e+00
   5      6     13    5.07311220e-02    3.64984304e+08     5.07311220e-02    1.4e-04     1.0e+00      4.203e+00
   6      7     17    5.07205392e-02    3.64284445e+08     5.07205392e-02    9.6e-06     1.0e+00      4.213e+00
   7      8     19    5.07205220e-02    3.64278418e+08     5.07205220e-02    2.6e-06     1.0e+00      4.212e+00
   8      9     22    5.07205214e-02    3.64281069e+08     5.07205214e-02    2.6e-07     1.0e+00      4.212e+00
   9     10     24    5.07205214e-02    3.64279624e+08     5.07205214e-02    1.2e-06     1.0e+00      4.212e+00
  10     11     29    5.07205214e-02    3.64280411e+08     5.07205214e-02    5.4e-09     1.0e+00      4.212e+00
LMQNBC: termination 5
===================== 9, 0
  it     nf     cg           f             f_xrf             f_xtm            |g|        alpha        error
   0      1      0    6.68124469e+09    6.68124469e+09    1.83131571e+01    7.5e+08     1.0e+00      3.306e+00
   1      2      3    6.82975018e+08    6.82975018e+08     7.21855416e-01    5.5e+08     1.0e+00      3.322e+00
   2      3      6    1.69657448e+08    1.69657448e+08     1.12461873e+00    4.7e+07     1.0e+00      2.476e+00
   3      4      9    1.15979488e+08    1.15979488e+08     1.06402667e+00    1.9e+07     1.0e+00      2.624e+00
   4      5     13    1.07042213e+08    1.07042213e+08     9.85640583e-01    1.5e+07     1.0e+00      2.716e+00
   5      6     15    1.06480312e+08    1.06480312e+08     9.82142534e-01    3.5e+06     1.0e+00      2.717e+00
   6      8     24    1.06281509e+08    1.06281509e+08     9.73923460e-01    3.4e+06     1.5e-02      2.712e+00
   7      9     33    1.05796493e+08    1.05796493e+08     7.07968816e-01    1.3e+07     1.0e+00      3.022e+00
   8     10     36    1.01506552e+08    1.01506552e+08     7.00015245e-01    2.9e+06     1.0e+00      3.039e+00
   9     11     39    1.01315097e+08    1.01315097e+08     6.92798632e-01    3.5e+05     1.0e+00      3.051e+00
  10     12     44    1.01187604e+08    1.01187604e+08     6.71838480e-01    1.1e+06     1.0e+00      3.027e+00
LMQNBC: termination 5
===================== 9, 1
  it     nf     cg           f             f_xrf             f_xtm            |g|        alpha        error
   0      1      0    8.51256040e+09    6.68124469e+09    1.83131571e+01    9.1e+08     1.0e+00      3.306e+00
   1      2      4    6.41509829e+08    6.13036022e+08     2.84738063e-01    6.6e+08     1.0e+00      3.638e+00
   2      3      6    3.85689049e+08    3.63678804e+08     2.20102449e-01    5.3e+07     1.0e+00      3.386e+00
   3      4     10    3.58415873e+08    3.45478272e+08     1.29376007e-01    2.0e+07     1.0e+00      3.672e+00
   4      5     16    3.48663593e+08    3.43450971e+08     5.21262177e-02    2.3e+06     1.0e+00      4.673e+00
   5      6     19    3.48528758e+08    3.43324950e+08     5.20380825e-02    2.4e+06     1.0e+00      4.676e+00
   6      7     22    3.48500188e+08    3.43323651e+08     5.17653707e-02    1.0e+06     1.0e+00      4.678e+00
   7      8     30    3.48412052e+08    3.43318119e+08     5.09393327e-02    1.6e+06     1.0e+00      4.771e+00
   8      9     33    3.48346076e+08    3.43251723e+08     5.09435262e-02    6.1e+05     1.0e+00      4.769e+00
   9     10     36    3.48341734e+08    3.43250620e+08     5.09111352e-02    3.4e+05     1.0e+00      4.761e+00
  10     11     39    3.48338618e+08    3.43248950e+08     5.08966848e-02    5.4e+05     1.0e+00      4.757e+00
LMQNBC: termination 5
===================== 5, -1
  it     nf     cg           f             f_xrf             f_xtm            |g|        alpha        error
   0      1      0    5.52873598e+01    1.40423011e+10    5.52873598e+01    1.1e+01     1.0e+00      3.306e+00
   1      2      2    8.08077820e+00    1.70513558e+09     8.08077820e+00    4.3e+00     1.0e+00      1.795e+00
   2      3      4    1.73108158e+00    1.14545014e+09     1.73108158e+00    3.2e-01     1.0e+00      2.315e+00
   3      4      6    2.48468795e-01    8.86273252e+08     2.48468795e-01    1.1e-01     1.0e+00      2.945e+00
   4      5      8    8.27300634e-02    8.21020118e+08     8.27300634e-02    4.8e-03     1.0e+00      3.916e+00
   5      6     10    8.23958385e-02    8.21669085e+08     8.23958385e-02    1.2e-04     1.0e+00      3.960e+00
   6      7     12    8.23957117e-02    8.21712077e+08     8.23957117e-02    5.4e-12     1.0e+00      3.960e+00
LMQNBC: termination 5
===================== 5, 0
  it     nf     cg           f             f_xrf             f_xtm            |g|        alpha        error
   0      1      0    1.40423011e+10    1.40423011e+10    5.52873598e+01    3.4e+09     1.0e+00      3.306e+00
   1      2      3    9.38330237e+08    9.38330237e+08     4.28918079e+00    9.2e+08     1.0e+00      3.755e+00
   2      3      6    6.90621090e+08    6.90621090e+08     3.56074507e+00    1.5e+08     1.0e+00      3.794e+00
   3      4      9    6.73481203e+08    6.73481203e+08     3.37820632e+00    7.1e+06     1.0e+00      3.876e+00
   4      5     11    6.72872723e+08    6.72872723e+08     3.37392021e+00    2.7e+06     1.0e+00      3.874e+00
   5      6     14    6.71152546e+08    6.71152546e+08     3.21174074e+00    5.2e+06     1.0e+00      3.937e+00
   6      8     21    6.70745288e+08    6.70745288e+08     3.13897115e+00    5.1e+06     9.0e-03      3.920e+00
   7      9     25    6.69929925e+08    6.69929925e+08     2.97310591e+00    3.6e+06     1.0e+00      3.908e+00
   8     10     27    6.69469395e+08    6.69469395e+08     2.98050449e+00    1.0e+06     1.0e+00      3.909e+00
   9     12     33    6.69413131e+08    6.69413131e+08     2.94434210e+00    9.0e+05     6.7e-02      3.906e+00
  10     14     39    6.69384622e+08    6.69384622e+08     2.92164296e+00    4.1e+05     8.8e-03      3.903e+00
LMQNBC: termination 5
===================== 5, 1
  it     nf     cg           f             f_xrf             f_xtm            |g|        alpha        error
   0      1      0    1.95710371e+10    1.40423011e+10    5.52873598e+01    4.5e+09     1.0e+00      3.306e+00
   1      3      4    1.47018882e+10    1.09401994e+10     3.76168876e+01    4.2e+09     7.0e-03      2.120e+00
   2      4      6    1.06660661e+09    7.43590285e+08     3.23016329e+00    8.3e+08     1.0e+00      2.427e+00
   3      5     10    4.60305886e+08    2.22491273e+08     2.37814613e+00    1.4e+08     1.0e+00      2.125e+00
   4      6     15    2.04906251e+08    1.84373777e+08     2.05324740e-01    1.6e+08     1.0e+00      3.580e+00
   5      7     17    1.99318153e+08    1.81867228e+08     1.74509246e-01    6.9e+07     1.0e+00      3.602e+00
   6      8     23    1.86211439e+08    1.77819065e+08     8.39237378e-02    1.7e+07     1.0e+00      4.494e+00
   7      9     26    1.85797662e+08    1.77428048e+08     8.36961434e-02    1.3e+06     1.0e+00      4.487e+00
   8     10     31    1.85618885e+08    1.77358177e+08     8.26070723e-02    8.0e+05     1.0e+00      4.404e+00
   9     11     36    1.85592152e+08    1.77348402e+08     8.24374967e-02    2.5e+05     1.0e+00      4.435e+00
  10     12     38    1.85590311e+08    1.77346592e+08     8.24371886e-02    7.1e+05     1.0e+00      4.430e+00
LMQNBC: termination 5
===================== 3, -1
  it     nf     cg           f             f_xrf             f_xtm            |g|        alpha        error
   0      1      0    1.07030801e+02    2.99830447e+10    1.07030801e+02    4.2e+01     1.0e+00      3.306e+00
   1      2      2    1.64019511e+01    3.32686749e+09     1.64019511e+01    1.7e+01     1.0e+00      1.518e+00
   2      3      4    4.49190236e+00    1.72406458e+09     4.49190236e+00    1.2e+00     1.0e+00      1.649e+00
   3      4      6    5.04484255e-01    1.16672884e+09     5.04484255e-01    2.7e-01     1.0e+00      2.230e+00
   4      5      8    2.55263058e-01    8.51653686e+08     2.55263058e-01    2.5e-03     1.0e+00      3.062e+00
   5      6     10    2.55249257e-01    8.51637330e+08     2.55249257e-01    6.4e-12     1.0e+00      3.068e+00
LMQNBC: termination 5
===================== 3, 0
  it     nf     cg           f             f_xrf             f_xtm            |g|        alpha        error
   0      1      0    2.99830447e+10    2.99830447e+10    1.07030801e+02    1.1e+10     1.0e+00      3.306e+00
   1      2      3    8.91952710e+09    8.91952710e+09     1.98389742e+01    1.6e+10     1.0e+00      3.476e+00
   2      3      5    6.97865136e+08    6.97865136e+08     3.62867982e+00    8.7e+06     1.0e+00      2.826e+00
   3      4      7    6.94568554e+08    6.94568554e+08     3.75921397e+00    4.3e+06     1.0e+00      2.857e+00
   4      5      9    6.93838791e+08    6.93838791e+08     3.74977300e+00    5.2e+05     1.0e+00      2.839e+00
   5      6     11    6.93807610e+08    6.93807610e+08     3.76829517e+00    6.7e+04     1.0e+00      2.831e+00
   6      7     13    6.93807113e+08    6.93807113e+08     3.77007784e+00    2.0e+03     1.0e+00      2.830e+00
   7     12     19    6.93806701e+08    6.93849112e+08     2.38689352e+00    5.0e+04     3.5e-03      2.682e+00
   8     16     23    6.93805721e+08    6.93808579e+08     1.77292352e+00    1.1e+05     5.0e-01      2.559e+00
   9     17     25    6.93805355e+08    6.93805355e+08     2.49746963e+00    2.5e+03     1.0e+00      2.558e+00
  10     21     31    6.93805020e+08    6.93808110e+08     1.87206191e+00    8.0e+04     7.7e-03      2.431e+00
LMQNBC: termination 5
===================== 3, 1
  it     nf     cg           f             f_xrf             f_xtm            |g|        alpha        error
   0      1      0    4.06861248e+10    2.99830447e+10    1.07030801e+02    1.5e+10     1.0e+00      3.306e+00
   1      2      3    1.89826505e+09    1.23386403e+09     6.64401017e+00    7.7e+08     1.0e+00      2.085e+00
   2      3      8    7.42407573e+08    6.94227703e+08     4.81798702e-01    2.9e+08     1.0e+00      4.124e+00
   3      4     11    7.14444415e+08    6.75433922e+08     3.90104928e-01    3.1e+07     1.0e+00      3.897e+00
   4      5     15    7.03125382e+08    6.75385377e+08     2.77400044e-01    1.9e+07     1.0e+00      3.433e+00
   5      6     19    7.01548701e+08    6.75756870e+08     2.57918311e-01    1.3e+06     1.0e+00      3.226e+00
   6      7     23    7.01526931e+08    6.75826706e+08     2.57002253e-01    5.1e+05     1.0e+00      3.206e+00
   7      8     25    7.01526000e+08    6.75826551e+08     2.56994490e-01    4.1e+05     1.0e+00      3.206e+00
   8     10     32    7.01377807e+08    6.75840683e+08     2.55371239e-01    1.9e+06     4.5e-01      3.107e+00
   9     11     36    7.01282876e+08    6.75602906e+08     2.56799706e-01    1.4e+05     1.0e+00      3.173e+00
  10     12     40    7.01282852e+08    6.75605132e+08     2.56777198e-01    8.5e+02     1.0e+00      3.173e+00
LMQNBC: termination 5
>> >> >> >> 