
                            < M A T L A B (R) >
                  Copyright 1984-2013 The MathWorks, Inc.
                    R2013a (8.1.0.604) 64-bit (glnxa64)
                             February 15, 2013

 
To get started, type one of these: helpwin, helpdesk, or demo.
For product information, visit www.mathworks.com.
 
>> >> >> >> >> >> >> >> >> >> X-ray simulation startup file...
====== Fluorescence Detector Resolution is 5
====== Angle Number  1 of 2: 0
====== Angle Number  2 of 2: 180
====== Fluorescence Detector Resolution is 5
====== Angle Number  1 of 2: 0
====== Angle Number  2 of 2: 180
====== Fluorescence Detector Resolution is 5
====== Angle Number  1 of 2: 0
====== Angle Number  2 of 2: 180
====== Fluorescence Detector Resolution is 5
====== Angle Number  1 of 2: 0
====== Angle Number  2 of 2: 180
====== Fluorescence Detector Resolution is 5
====== Angle Number  1 of 2: 0
====== Angle Number  2 of 2: 180
>> >> >> >> >> >> >> >> >> >> ===================== 33, -1
  it     nf     cg           f             f_xrf             f_xtm            |g|        alpha        error
   0      1      0    5.51301944e-01    6.20505768e+08    5.51301944e-01    2.0e-02     1.0e+00      3.306e+00
   1      2      2    4.05680438e-02    2.41905410e+07     4.05680438e-02    5.7e-03     1.0e+00      2.515e+00
   2      3      4    7.03308666e-03    1.08519990e+07     7.03308666e-03    2.4e-03     1.0e+00      2.340e+00
   3      4      7    1.85061999e-03    1.15518960e+07     1.85061999e-03    9.8e-04     1.0e+00      1.983e+00
   4      5     11    1.28904351e-04    1.00870993e+07     1.28904351e-04    4.4e-04     1.0e+00      1.792e+00
   5      6     17    1.22232658e-05    9.28231781e+06     1.22232658e-05    1.0e-04     1.0e+00      1.768e+00
   6      7     23    1.97021072e-06    9.22937109e+06     1.97021072e-06    3.5e-05     1.0e+00      1.761e+00
   7      8     28    4.61772964e-07    9.15729594e+06     4.61772964e-07    1.4e-05     1.0e+00      1.760e+00
   8      9     33    1.31554561e-07    9.17332873e+06     1.31554561e-07    6.7e-06     1.0e+00      1.760e+00
   9     10     38    3.80802462e-08    9.15665274e+06     3.80802462e-08    4.1e-06     1.0e+00      1.760e+00
  10     11     47    2.86014980e-10    9.15709309e+06     2.86014980e-10    1.2e-06     1.0e+00      1.760e+00
  11     12     49    5.57848644e-11    9.15764976e+06     5.57848644e-11    1.3e-07     1.0e+00      1.760e+00
  12     13     59    5.62709722e-13    9.15758964e+06     5.62709722e-13    3.1e-08     1.0e+00      1.760e+00
  13     14     64    4.73092828e-14    9.15760313e+06     4.73092828e-14    4.8e-09     1.0e+00      1.760e+00
  14     15     69    1.30580477e-14    9.15759469e+06     1.30580477e-14    2.4e-09     1.0e+00      1.760e+00
  15     16     78    2.79873909e-16    9.15759359e+06     2.79873909e-16    2.7e-10     1.0e+00      1.760e+00
LMQNBC: termination 5
===================== 33, 0
  it     nf     cg           f             f_xrf             f_xtm            |g|        alpha        error
   0      1      0    6.20505768e+08    6.20505768e+08    5.51301944e-01    3.0e+07     1.0e+00      3.306e+00
   1      2      2    2.23789735e+07    2.23789735e+07     4.74397740e-02    6.8e+06     1.0e+00      2.712e+00
   2      3      4    6.74472400e+06    6.74472400e+06     2.17307695e-02    2.4e+06     1.0e+00      2.621e+00
   3      4      8    6.13720462e+05    6.13720462e+05     1.64234698e-02    8.0e+05     1.0e+00      2.371e+00
   4      5     13    2.29207444e+05    2.29207444e+05     1.48700005e-02    2.4e+05     1.0e+00      2.321e+00
   5      6     23    1.09762514e+05    1.09762514e+05     1.09621349e-02    4.6e+05     1.0e+00      2.140e+00
   6      7     25    8.10133848e+04    8.10133848e+04     1.04841677e-02    1.3e+05     1.0e+00      2.138e+00
   7      8     29    6.06640580e+04    6.06640580e+04     1.02229447e-02    7.5e+04     1.0e+00      2.126e+00
   8      9     38    1.83133183e+04    1.83133183e+04     7.55382276e-03    1.8e+05     1.0e+00      2.025e+00
   9     10     43    7.75398074e+03    7.75398074e+03     7.41873948e-03    3.2e+04     1.0e+00      2.023e+00
  10     11     53    4.05109452e+03    4.05109452e+03     7.17916889e-03    4.4e+04     1.0e+00      2.015e+00
  11     12     58    3.27372209e+03    3.27372209e+03     7.12222066e-03    1.2e+04     1.0e+00      2.014e+00
  12     13     68    1.43082628e+03    1.43082628e+03     6.70475653e-03    4.1e+04     1.0e+00      2.003e+00
  13     14     73    8.97078086e+02    8.97078086e+02     6.70255135e-03    8.5e+03     1.0e+00      2.003e+00
  14     15     83    6.93215954e+02    6.93215954e+02     6.70404684e-03    2.7e+04     1.0e+00      2.001e+00
  15     16     85    6.37208753e+02    6.37208753e+02     6.69762984e-03    9.4e+03     1.0e+00      2.001e+00
  16     17     90    5.78941428e+02    5.78941428e+02     6.69654746e-03    6.4e+03     1.0e+00      2.001e+00
  17     18    100    3.07764662e+02    3.07764662e+02     6.67584201e-03    1.6e+04     1.0e+00      1.997e+00
  18     19    105    2.39110599e+02    2.39110599e+02     6.67094201e-03    1.9e+03     1.0e+00      1.997e+00
  19     20    115    1.86802397e+02    1.86802397e+02     6.65327169e-03    3.8e+03     1.0e+00      1.997e+00
  20     21    125    1.59410906e+02    1.59410906e+02     6.64783452e-03    5.7e+03     1.0e+00      1.996e+00
  21     22    130    1.47838800e+02    1.47838800e+02     6.64820449e-03    1.7e+03     1.0e+00      1.996e+00
  22     23    140    1.24618265e+02    1.24618265e+02     6.63902978e-03    4.1e+03     1.0e+00      1.995e+00
  23     24    146    1.16209875e+02    1.16209875e+02     6.63933835e-03    1.6e+03     1.0e+00      1.995e+00
  24     25    156    1.03372816e+02    1.03372816e+02     6.64136782e-03    4.5e+03     1.0e+00      1.995e+00
  25     26    161    9.90776622e+01    9.90776622e+01     6.64079086e-03    8.6e+02     1.0e+00      1.995e+00
  26     27    171    8.27011594e+01    8.27011594e+01     6.63235175e-03    2.0e+03     1.0e+00      1.994e+00
  27     28    175    7.43102334e+01    7.43102334e+01     6.63199122e-03    1.7e+03     1.0e+00      1.994e+00
  28     29    183    6.46303444e+01    6.46303444e+01     6.63613257e-03    9.7e+02     1.0e+00      1.994e+00
  29     30    188    6.30842441e+01    6.30842441e+01     6.63586170e-03    6.0e+02     1.0e+00      1.994e+00
  30     31    198    4.58432652e+01    4.58432652e+01     6.63109179e-03    1.1e+04     1.0e+00      1.993e+00
  31     32    200    3.68096933e+01    3.68096933e+01     6.62892918e-03    2.2e+03     1.0e+00      1.993e+00
  32     33    204    3.39298197e+01    3.39298197e+01     6.62906094e-03    1.1e+03     1.0e+00      1.993e+00
  33     34    212    3.09713873e+01    3.09713873e+01     6.63080963e-03    4.4e+02     1.0e+00      1.993e+00
  34     35    222    2.80809669e+01    2.80809669e+01     6.62794683e-03    7.1e+02     1.0e+00      1.993e+00
  35     36    227    2.68692094e+01    2.68692094e+01     6.62809311e-03    4.3e+02     1.0e+00      1.993e+00
  36     37    237    2.52951489e+01    2.52951489e+01     6.62958461e-03    7.3e+02     1.0e+00      1.993e+00
  37     38    247    2.39942134e+01    2.39942134e+01     6.62735887e-03    6.7e+02     1.0e+00      1.993e+00
  38     39    257    2.29245809e+01    2.29245809e+01     6.62856027e-03    1.3e+03     1.0e+00      1.993e+00
  39     40    263    2.26034289e+01    2.26034289e+01     6.62816687e-03    3.9e+02     1.0e+00      1.993e+00
  40     41    273    2.05622438e+01    2.05622438e+01     6.62553529e-03    2.0e+03     1.0e+00      1.993e+00
  41     42    276    1.98849557e+01    1.98849557e+01     6.62550527e-03    9.7e+02     1.0e+00      1.993e+00
  42     43    286    1.87850735e+01    1.87850735e+01     6.62620318e-03    7.1e+02     1.0e+00      1.993e+00
  43     44    296    1.78658012e+01    1.78658012e+01     6.62438505e-03    9.8e+02     1.0e+00      1.993e+00
  44     45    306    1.70727197e+01    1.70727197e+01     6.62488300e-03    5.5e+02     1.0e+00      1.993e+00
  45     46    308    1.70349895e+01    1.70349895e+01     6.62491365e-03    1.8e+02     1.0e+00      1.993e+00
  46     47    315    1.64990100e+01    1.64990100e+01     6.62339283e-03    3.5e+02     1.0e+00      1.993e+00
  47     48    319    1.63019683e+01    1.63019683e+01     6.62348871e-03    1.7e+02     1.0e+00      1.993e+00
  48     49    327    1.58991128e+01    1.58991128e+01     6.62390788e-03    3.1e+02     1.0e+00      1.993e+00
  49     50    337    1.54629605e+01    1.54629605e+01     6.62243243e-03    2.2e+02     1.0e+00      1.992e+00
  50     51    347    1.50781554e+01    1.50781554e+01     6.62284864e-03    3.4e+02     1.0e+00      1.992e+00
  51     52    357    1.47839650e+01    1.47839650e+01     6.62175172e-03    6.3e+02     1.0e+00      1.992e+00
  52     53    363    1.46735642e+01    1.46735642e+01     6.62164866e-03    2.0e+02     1.0e+00      1.992e+00
  53     54    373    1.43717351e+01    1.43717351e+01     6.62173618e-03    6.4e+02     1.0e+00      1.992e+00
  54     55    382    1.41410767e+01    1.41410767e+01     6.62097182e-03    1.9e+02     1.0e+00      1.992e+00
  55     56    386    1.40991509e+01    1.40991509e+01     6.62081779e-03    1.1e+02     1.0e+00      1.992e+00
  56     57    396    1.35844113e+01    1.35844113e+01     6.61963369e-03    5.0e+02     1.0e+00      1.992e+00
  57     58    405    1.32238047e+01    1.32238047e+01     6.61885345e-03    1.6e+02     1.0e+00      1.992e+00
  58     59    409    1.31764748e+01    1.31764748e+01     6.61886960e-03    8.4e+01     1.0e+00      1.992e+00
  59     60    419    1.28425021e+01    1.28425021e+01     6.61656051e-03    6.7e+02     1.0e+00      1.992e+00
  60     61    424    1.26803745e+01    1.26803745e+01     6.61649414e-03    1.4e+02     1.0e+00      1.992e+00
  61     62    432    1.25533535e+01    1.25533535e+01     6.61666534e-03    8.2e+01     1.0e+00      1.992e+00
  62     63    435    1.25425229e+01    1.25425229e+01     6.61663674e-03    6.2e+01     1.0e+00      1.992e+00
  63     64    445    1.23388225e+01    1.23388225e+01     6.61436541e-03    4.0e+02     1.0e+00      1.992e+00
  64     65    453    1.21783923e+01    1.21783923e+01     6.61467530e-03    1.4e+02     1.0e+00      1.992e+00
  65     66    463    1.21007223e+01    1.21007223e+01     6.61367905e-03    7.5e+02     1.0e+00      1.992e+00
  66     67    465    1.20573413e+01    1.20573413e+01     6.61362327e-03    1.1e+02     1.0e+00      1.992e+00
  67     68    469    1.20446060e+01    1.20446060e+01     6.61365637e-03    7.2e+01     1.0e+00      1.992e+00
  68     69    479    1.19423969e+01    1.19423969e+01     6.61256839e-03    3.7e+02     1.0e+00      1.992e+00
  69     70    487    1.18582720e+01    1.18582720e+01     6.61199740e-03    1.0e+02     1.0e+00      1.992e+00
  70     71    497    1.17760206e+01    1.17760206e+01     6.61069015e-03    3.9e+02     1.0e+00      1.991e+00
  71     72    502    1.17411807e+01    1.17411807e+01     6.61053050e-03    7.4e+01     1.0e+00      1.991e+00
  72     73    506    1.17275911e+01    1.17275911e+01     6.61049875e-03    6.8e+01     1.0e+00      1.991e+00
  73     74    514    1.17020165e+01    1.17020165e+01     6.61004410e-03    4.7e+01     1.0e+00      1.991e+00
  74     75    524    1.16747404e+01    1.16747404e+01     6.60955306e-03    2.0e+02     1.0e+00      1.991e+00
  75     76    529    1.16619517e+01    1.16619517e+01     6.60952052e-03    2.9e+01     1.0e+00      1.991e+00
  76     77    539    1.16359633e+01    1.16359633e+01     6.60870039e-03    7.7e+01     1.0e+00      1.991e+00
  77     78    549    1.16130152e+01    1.16130152e+01     6.60857349e-03    1.0e+02     1.0e+00      1.991e+00
  78     79    559    1.15976985e+01    1.15976985e+01     6.60804925e-03    1.5e+02     1.0e+00      1.991e+00
  79     80    564    1.15904086e+01    1.15904086e+01     6.60805372e-03    2.7e+01     1.0e+00      1.991e+00
  80     81    574    1.15551050e+01    1.15551050e+01     6.60687978e-03    1.1e+02     1.0e+00      1.991e+00
  81     82    582    1.15259365e+01    1.15259365e+01     6.60646923e-03    4.6e+01     1.0e+00      1.991e+00
  82     83    592    1.15076237e+01    1.15076237e+01     6.60558610e-03    3.0e+02     1.0e+00      1.991e+00
  83     84    594    1.15009664e+01    1.15009664e+01     6.60560225e-03    5.0e+01     1.0e+00      1.991e+00
  84     85    598    1.14962859e+01    1.14962859e+01     6.60555433e-03    3.0e+01     1.0e+00      1.991e+00
  85     86    608    1.14845009e+01    1.14845009e+01     6.60494785e-03    5.5e+01     1.0e+00      1.991e+00
  86     87    618    1.14740838e+01    1.14740838e+01     6.60471390e-03    1.1e+02     1.0e+00      1.991e+00
  87     88    628    1.14657112e+01    1.14657112e+01     6.60420709e-03    1.5e+02     1.0e+00      1.991e+00
  88     89    633    1.14624816e+01    1.14624816e+01     6.60419398e-03    1.8e+01     1.0e+00      1.991e+00
  89     90    643    1.14479666e+01    1.14479666e+01     6.60326835e-03    6.7e+01     1.0e+00      1.991e+00
  90     91    651    1.14377043e+01    1.14377043e+01     6.60300618e-03    5.4e+01     1.0e+00      1.991e+00
  91     92    655    1.14357398e+01    1.14357398e+01     6.60297259e-03    1.6e+01     1.0e+00      1.991e+00
  92     93    665    1.14137328e+01    1.14137328e+01     6.60055644e-03    3.0e+02     1.0e+00      1.991e+00
  93     94    670    1.14023238e+01    1.14023238e+01     6.60052726e-03    2.4e+01     1.0e+00      1.991e+00
  94     95    679    1.13951145e+01    1.13951145e+01     6.60038233e-03    3.3e+01     1.0e+00      1.990e+00
  95     96    689    1.13886659e+01    1.13886659e+01     6.59939759e-03    1.4e+02     1.0e+00      1.990e+00
  96     97    691    1.13862526e+01    1.13862526e+01     6.59937498e-03    3.3e+01     1.0e+00      1.990e+00
  97     98    701    1.13816832e+01    1.13816832e+01     6.59909380e-03    6.2e+01     1.0e+00      1.990e+00
  98     99    703    1.13813473e+01    1.13813473e+01     6.59909142e-03    1.7e+01     1.0e+00      1.990e+00
  99    100    713    1.13768098e+01    1.13768098e+01     6.59833913e-03    4.2e+01     1.0e+00      1.990e+00
 100    101    722    1.13727769e+01    1.13727769e+01     6.59814010e-03    1.1e+01     1.0e+00      1.990e+00
 101    102    732    1.13687249e+01    1.13687249e+01     6.59734915e-03    4.3e+01     1.0e+00      1.990e+00
 102    103    741    1.13652420e+01    1.13652420e+01     6.59716309e-03    1.8e+01     1.0e+00      1.990e+00
 103    104    745    1.13647732e+01    1.13647732e+01     6.59712190e-03    1.2e+01     1.0e+00      1.990e+00
 104    105    755    1.13583884e+01    1.13583884e+01     6.59544194e-03    3.9e+01     1.0e+00      1.990e+00
 105    106    763    1.13535985e+01    1.13535985e+01     6.59533121e-03    3.8e+01     1.0e+00      1.990e+00
 106    107    769    1.13527781e+01    1.13527781e+01     6.59529174e-03    2.2e+01     1.0e+00      1.990e+00
 107    108    779    1.13442831e+01    1.13442831e+01     6.59244827e-03    1.2e+02     1.0e+00      1.990e+00
 108    109    784    1.13404118e+01    1.13404118e+01     6.59239620e-03    3.0e+01     1.0e+00      1.990e+00
 109    110    793    1.13371225e+01    1.13371225e+01     6.59211936e-03    2.4e+01     1.0e+00      1.990e+00
 110    111    797    1.13369215e+01    1.13369215e+01     6.59208722e-03    8.7e+00     1.0e+00      1.990e+00
 111    112    807    1.13301524e+01    1.13301524e+01     6.58875124e-03    6.9e+01     1.0e+00      1.989e+00
 112    113    812    1.13271973e+01    1.13271973e+01     6.58866177e-03    2.6e+01     1.0e+00      1.989e+00
 113    114    820    1.13251440e+01    1.13251440e+01     6.58852790e-03    1.5e+01     1.0e+00      1.989e+00
 114    115    823    1.13247183e+01    1.13247183e+01     6.58849824e-03    1.2e+01     1.0e+00      1.989e+00
 115    116    833    1.13235598e+01    1.13235598e+01     6.58800349e-03    2.2e+01     1.0e+00      1.989e+00
 116    117    843    1.13225376e+01    1.13225376e+01     6.58770113e-03    2.9e+01     1.0e+00      1.989e+00
 117    118    853    1.13217093e+01    1.13217093e+01     6.58733261e-03    3.8e+01     1.0e+00      1.989e+00
 118    119    858    1.13213435e+01    1.13213435e+01     6.58730335e-03    6.1e+00     1.0e+00      1.989e+00
 119    120    867    1.13187953e+01    1.13187953e+01     6.58562789e-03    9.4e+00     1.0e+00      1.989e+00
 120    121    874    1.13164585e+01    1.13164585e+01     6.58536542e-03    1.8e+01     1.0e+00      1.989e+00
 121    122    884    1.13153621e+01    1.13153621e+01     6.58458547e-03    6.2e+01     1.0e+00      1.989e+00
 122    123    889    1.13145531e+01    1.13145531e+01     6.58456248e-03    4.7e+00     1.0e+00      1.989e+00
 123    124    899    1.13132004e+01    1.13132004e+01     6.58362842e-03    1.3e+01     1.0e+00      1.989e+00
 124    125    907    1.13121740e+01    1.13121740e+01     6.58347613e-03    1.7e+01     1.0e+00      1.989e+00
 125    126    913    1.13119188e+01    1.13119188e+01     6.58343466e-03    8.9e+00     1.0e+00      1.989e+00
 126    127    923    1.13055086e+01    1.13055086e+01     6.57786121e-03    2.1e+02     1.0e+00      1.988e+00
 127    128    925    1.13022673e+01    1.13022673e+01     6.57780562e-03    3.5e+01     1.0e+00      1.988e+00
 128    129    929    1.13002825e+01    1.13002825e+01     6.57778735e-03    1.2e+01     1.0e+00      1.988e+00
 129    130    938    1.12992556e+01    1.12992556e+01     6.57748778e-03    1.1e+01     1.0e+00      1.988e+00
 130    131    948    1.12980926e+01    1.12980926e+01     6.57661633e-03    3.4e+01     1.0e+00      1.988e+00
 131    132    950    1.12979914e+01    1.12979914e+01     6.57661692e-03    1.4e+01     1.0e+00      1.988e+00
 132    133    955    1.12970451e+01    1.12970451e+01     6.57637189e-03    9.3e+00     1.0e+00      1.988e+00
 133    134    965    1.12957507e+01    1.12957507e+01     6.57530176e-03    4.8e+01     1.0e+00      1.988e+00
 134    135    970    1.12950646e+01    1.12950646e+01     6.57525654e-03    8.2e+00     1.0e+00      1.988e+00
 135    136    978    1.12942747e+01    1.12942747e+01     6.57492558e-03    5.2e+00     1.0e+00      1.988e+00
 136    137    988    1.12933803e+01    1.12933803e+01     6.57434815e-03    6.3e+00     1.0e+00      1.988e+00
 137    138    992    1.12931580e+01    1.12931580e+01     6.57431340e-03    1.0e+01     1.0e+00      1.988e+00
 138    139   1002    1.12923231e+01    1.12923231e+01     6.57388367e-03    8.1e+00     1.0e+00      1.988e+00
 139    140   1010    1.12916132e+01    1.12916132e+01     6.57354743e-03    6.6e+00     1.0e+00      1.988e+00
 140    141   1020    1.12907744e+01    1.12907744e+01     6.57302903e-03    8.3e+00     1.0e+00      1.988e+00
 141    142   1024    1.12905977e+01    1.12905977e+01     6.57299759e-03    9.9e+00     1.0e+00      1.988e+00
 142    143   1034    1.12897792e+01    1.12897792e+01     6.57256417e-03    2.1e+01     1.0e+00      1.988e+00
 143    144   1043    1.12890169e+01    1.12890169e+01     6.57219660e-03    5.5e+00     1.0e+00      1.988e+00
 144    145   1053    1.12881394e+01    1.12881394e+01     6.57166075e-03    1.5e+01     1.0e+00      1.988e+00
 145    146   1063    1.12872767e+01    1.12872767e+01     6.57129783e-03    1.5e+01     1.0e+00      1.988e+00
 146    147   1073    1.12864707e+01    1.12864707e+01     6.57080219e-03    3.0e+01     1.0e+00      1.988e+00
 147    148   1075    1.12863672e+01    1.12863672e+01     6.57080319e-03    1.0e+01     1.0e+00      1.988e+00
 148    149   1085    1.12855604e+01    1.12855604e+01     6.57037785e-03    2.4e+01     1.0e+00      1.988e+00
 149    150   1087    1.12854992e+01    1.12854992e+01     6.57036464e-03    7.0e+00     1.0e+00      1.988e+00
 150    151   1095    1.12847750e+01    1.12847750e+01     6.56998128e-03    9.6e+00     1.0e+00      1.988e+00
 151    152   1105    1.12839790e+01    1.12839790e+01     6.56954519e-03    2.7e+01     1.0e+00      1.988e+00
 152    153   1107    1.12839129e+01    1.12839129e+01     6.56953511e-03    6.3e+00     1.0e+00      1.988e+00
 153    154   1115    1.12831890e+01    1.12831890e+01     6.56915444e-03    1.0e+01     1.0e+00      1.988e+00
 154    155   1125    1.12823631e+01    1.12823631e+01     6.56868802e-03    9.7e+00     1.0e+00      1.988e+00
 155    156   1134    1.12816392e+01    1.12816392e+01     6.56836392e-03    1.3e+01     1.0e+00      1.988e+00
 156    157   1144    1.12807920e+01    1.12807920e+01     6.56783078e-03    1.7e+01     1.0e+00      1.988e+00
 157    158   1152    1.12801056e+01    1.12801056e+01     6.56757829e-03    7.1e+00     1.0e+00      1.988e+00
 158    159   1162    1.12791587e+01    1.12791587e+01     6.56683782e-03    3.6e+01     1.0e+00      1.987e+00
 159    160   1167    1.12787527e+01    1.12787527e+01     6.56681007e-03    1.1e+01     1.0e+00      1.987e+00
 160    161   1177    1.12779283e+01    1.12779283e+01     6.56638815e-03    9.8e+00     1.0e+00      1.987e+00
 161    162   1184    1.12772254e+01    1.12772254e+01     6.56603506e-03    1.9e+01     1.0e+00      1.987e+00
 162    163   1194    1.12763685e+01    1.12763685e+01     6.56550718e-03    1.2e+01     1.0e+00      1.987e+00
 163    164   1204    1.12755380e+01    1.12755380e+01     6.56515232e-03    1.2e+01     1.0e+00      1.987e+00
 164    165   1209    1.12753876e+01    1.12753876e+01     6.56511555e-03    1.1e+01     1.0e+00      1.987e+00
 165    166   1219    1.12742295e+01    1.12742295e+01     6.56421145e-03    3.1e+01     1.0e+00      1.987e+00
 166    167   1228    1.12731162e+01    1.12731162e+01     6.56392892e-03    8.5e+00     1.0e+00      1.987e+00
 167    168   1238    1.12720812e+01    1.12720812e+01     6.56307132e-03    7.0e+01     1.0e+00      1.987e+00
 168    169   1240    1.12717723e+01    1.12717723e+01     6.56307149e-03    1.4e+01     1.0e+00      1.987e+00
 169    170   1250    1.12709212e+01    1.12709212e+01     6.56272626e-03    2.8e+01     1.0e+00      1.987e+00
 170    171   1252    1.12708527e+01    1.12708527e+01     6.56272912e-03    7.2e+00     1.0e+00      1.987e+00
 171    172   1262    1.12699137e+01    1.12699137e+01     6.56202198e-03    4.6e+01     1.0e+00      1.987e+00
 172    173   1267    1.12695479e+01    1.12695479e+01     6.56197440e-03    1.3e+01     1.0e+00      1.987e+00
 173    174   1277    1.12687340e+01    1.12687340e+01     6.56155078e-03    1.0e+01     1.0e+00      1.987e+00
 174    175   1287    1.12679267e+01    1.12679267e+01     6.56112141e-03    1.4e+01     1.0e+00      1.987e+00
 175    176   1297    1.12671340e+01    1.12671340e+01     6.56070971e-03    1.9e+01     1.0e+00      1.987e+00
 176    177   1307    1.12663940e+01    1.12663940e+01     6.56031036e-03    3.5e+01     1.0e+00      1.987e+00
 177    178   1309    1.12662940e+01    1.12662940e+01     6.56031205e-03    1.0e+01     1.0e+00      1.987e+00
 178    179   1313    1.12661575e+01    1.12661575e+01     6.56025799e-03    7.4e+00     1.0e+00      1.987e+00
 179    180   1317    1.12660574e+01    1.12660574e+01     6.56023185e-03    9.6e+00     1.0e+00      1.987e+00
 180    181   1325    1.12650450e+01    1.12650450e+01     6.55936533e-03    1.0e+01     1.0e+00      1.987e+00
 181    182   1333    1.12641562e+01    1.12641562e+01     6.55919515e-03    2.4e+01     1.0e+00      1.987e+00
 182    183   1338    1.12639790e+01    1.12639790e+01     6.55915285e-03    6.6e+00     1.0e+00      1.987e+00
 183    184   1348    1.12573901e+01    1.12573901e+01     6.55226570e-03    8.3e+01     1.0e+00      1.986e+00
 184    185   1352    1.12528273e+01    1.12528273e+01     6.55227209e-03    3.5e+01     1.0e+00      1.986e+00
 185    186   1360    1.12510510e+01    1.12510510e+01     6.55214415e-03    1.5e+01     1.0e+00      1.986e+00
 186    187   1364    1.12507295e+01    1.12507295e+01     6.55211903e-03    9.8e+00     1.0e+00      1.986e+00
 187    188   1374    1.12494435e+01    1.12494435e+01     6.55108062e-03    1.3e+01     1.0e+00      1.986e+00
 188    189   1381    1.12482642e+01    1.12482642e+01     6.55082369e-03    1.7e+01     1.0e+00      1.986e+00
 189    190   1391    1.12473506e+01    1.12473506e+01     6.55005579e-03    5.1e+01     1.0e+00      1.986e+00
 190    191   1394    1.12469272e+01    1.12469272e+01     6.55004914e-03    1.8e+01     1.0e+00      1.986e+00
 191    192   1399    1.12466925e+01    1.12466925e+01     6.54999280e-03    4.0e+00     1.0e+00      1.986e+00
 192    193   1409    1.12458081e+01    1.12458081e+01     6.54930445e-03    2.9e+01     1.0e+00      1.986e+00
 193    194   1414    1.12455209e+01    1.12455209e+01     6.54927730e-03    1.0e+01     1.0e+00      1.986e+00
 194    195   1424    1.12447316e+01    1.12447316e+01     6.54892049e-03    1.6e+01     1.0e+00      1.986e+00
 195    196   1430    1.12442275e+01    1.12442275e+01     6.54865235e-03    1.0e+01     1.0e+00      1.986e+00
 196    197   1434    1.12440559e+01    1.12440559e+01     6.54862272e-03    5.5e+00     1.0e+00      1.986e+00
 197    198   1444    1.12415029e+01    1.12415029e+01     6.54621666e-03    5.9e+01     1.0e+00      1.986e+00
 198    199   1446    1.12411813e+01    1.12411813e+01     6.54619656e-03    2.2e+01     1.0e+00      1.986e+00
 199    200   1451    1.12395059e+01    1.12395059e+01     6.54602521e-03    2.0e+01     1.0e+00      1.986e+00
 200    201   1455    1.12391082e+01    1.12391082e+01     6.54599480e-03    7.7e+00     1.0e+00      1.986e+00
 201    202   1465    1.12380791e+01    1.12380791e+01     6.54514431e-03    2.4e+01     1.0e+00      1.985e+00
 202    203   1473    1.12372485e+01    1.12372485e+01     6.54498417e-03    7.8e+00     1.0e+00      1.985e+00
 203    204   1477    1.12370883e+01    1.12370883e+01     6.54495738e-03    6.4e+00     1.0e+00      1.985e+00
 204    205   1487    1.12312209e+01    1.12312209e+01     6.53877724e-03    1.4e+02     1.0e+00      1.985e+00
 205    206   1491    1.12262829e+01    1.12262829e+01     6.53880089e-03    2.3e+01     1.0e+00      1.985e+00
 206    207   1495    1.12258112e+01    1.12258112e+01     6.53877705e-03    9.8e+00     1.0e+00      1.985e+00
 207    208   1505    1.12249456e+01    1.12249456e+01     6.53849636e-03    1.0e+01     1.0e+00      1.985e+00
 208    209   1515    1.12241501e+01    1.12241501e+01     6.53792091e-03    3.2e+01     1.0e+00      1.985e+00
 209    210   1525    1.12234480e+01    1.12234480e+01     6.53768239e-03    3.4e+01     1.0e+00      1.985e+00
 210    211   1527    1.12233425e+01    1.12233425e+01     6.53767545e-03    9.4e+00     1.0e+00      1.985e+00
 211    212   1537    1.12199744e+01    1.12199744e+01     6.53433060e-03    5.1e+01     1.0e+00      1.984e+00
 212    213   1545    1.12167046e+01    1.12167046e+01     6.53418598e-03    7.1e+00     1.0e+00      1.984e+00
 213    214   1555    1.12141983e+01    1.12141983e+01     6.53161136e-03    7.5e+01     1.0e+00      1.984e+00
 214    215   1560    1.12126388e+01    1.12126388e+01     6.53162084e-03    1.0e+01     1.0e+00      1.984e+00
 215    216   1569    1.12115800e+01    1.12115800e+01     6.53144772e-03    1.6e+01     1.0e+00      1.984e+00
 216    217   1579    1.12106427e+01    1.12106427e+01     6.53060752e-03    5.2e+01     1.0e+00      1.984e+00
 217    218   1583    1.12100182e+01    1.12100182e+01     6.53059676e-03    8.4e+00     1.0e+00      1.984e+00
 218    219   1593    1.12091082e+01    1.12091082e+01     6.52996207e-03    1.3e+01     1.0e+00      1.984e+00
 219    220   1603    1.12082125e+01    1.12082125e+01     6.52963460e-03    1.2e+01     1.0e+00      1.984e+00
 220    221   1608    1.12080771e+01    1.12080771e+01     6.52960312e-03    7.8e+00     1.0e+00      1.984e+00
 221    222   1618    1.12066680e+01    1.12066680e+01     6.52840015e-03    3.2e+01     1.0e+00      1.984e+00
 222    223   1624    1.12054303e+01    1.12054303e+01     6.52817945e-03    7.3e+00     1.0e+00      1.984e+00
 223    224   1628    1.12052905e+01    1.12052905e+01     6.52815950e-03    4.4e+00     1.0e+00      1.984e+00
 224    225   1638    1.11932273e+01    1.11932273e+01     6.51569605e-03    9.6e+01     1.0e+00      1.983e+00
 225    226   1645    1.11845690e+01    1.11845690e+01     6.51558204e-03    2.5e+01     1.0e+00      1.983e+00
 226    227   1655    1.11810544e+01    1.11810544e+01     6.51529924e-03    2.8e+01     1.0e+00      1.983e+00
 227    228   1657    1.11809612e+01    1.11809612e+01     6.51529712e-03    7.0e+00     1.0e+00      1.983e+00
 228    229   1667    1.11734287e+01    1.11734287e+01     6.50758009e-03    2.5e+02     1.0e+00      1.982e+00
 229    230   1669    1.11699704e+01    1.11699704e+01     6.50752806e-03    2.2e+01     1.0e+00      1.982e+00
 230    231   1679    1.11659415e+01    1.11659415e+01     6.50724962e-03    2.8e+01     1.0e+00      1.982e+00
 231    232   1684    1.11657114e+01    1.11657114e+01     6.50722986e-03    2.4e+00     1.0e+00      1.982e+00
 232    233   1694    1.11533947e+01    1.11533947e+01     6.49436318e-03    9.8e+01     1.0e+00      1.981e+00
 233    234   1698    1.11448675e+01    1.11448675e+01     6.49432764e-03    3.8e+01     1.0e+00      1.981e+00
 234    235   1707    1.11415260e+01    1.11415260e+01     6.49420087e-03    1.5e+01     1.0e+00      1.981e+00
 235    236   1711    1.11411346e+01    1.11411346e+01     6.49417491e-03    8.6e+00     1.0e+00      1.981e+00
 236    237   1721    1.11396090e+01    1.11396090e+01     6.49295933e-03    4.0e+01     1.0e+00      1.981e+00
 237    238   1725    1.11391891e+01    1.11391891e+01     6.49291868e-03    6.0e+00     1.0e+00      1.981e+00
 238    239   1733    1.11383037e+01    1.11383037e+01     6.49263251e-03    5.4e+00     1.0e+00      1.981e+00
 239    240   1743    1.11373949e+01    1.11373949e+01     6.49205124e-03    2.5e+01     1.0e+00      1.981e+00
 240    241   1753    1.11365626e+01    1.11365626e+01     6.49174448e-03    1.5e+01     1.0e+00      1.981e+00
 241    242   1758    1.11364176e+01    1.11364176e+01     6.49170503e-03    4.6e+00     1.0e+00      1.981e+00
 242    243   1768    1.11349178e+01    1.11349178e+01     6.49038103e-03    1.9e+01     1.0e+00      1.980e+00
 243    244   1771    1.11344333e+01    1.11344333e+01     6.49034832e-03    1.8e+01     1.0e+00      1.980e+00
 244    245   1779    1.11334999e+01    1.11334999e+01     6.49012474e-03    9.4e+00     1.0e+00      1.980e+00
 245    246   1783    1.11333360e+01    1.11333360e+01     6.49009769e-03    5.8e+00     1.0e+00      1.980e+00
 246    247   1793    1.11132726e+01    1.11132726e+01     6.46917121e-03    2.8e+02     1.0e+00      1.978e+00
 247    248   1798    1.10992394e+01    1.10992394e+01     6.46912330e-03    2.5e+01     1.0e+00      1.978e+00
 248    249   1807    1.10933960e+01    1.10933960e+01     6.46882765e-03    1.3e+01     1.0e+00      1.978e+00
 249    250   1811    1.10931051e+01    1.10931051e+01     6.46880204e-03    8.9e+00     1.0e+00      1.978e+00
 250    251   1821    1.10898616e+01    1.10898616e+01     6.46555560e-03    2.4e+01     1.0e+00      1.978e+00
 251    252   1825    1.10888527e+01    1.10888527e+01     6.46554699e-03    1.2e+01     1.0e+00      1.978e+00
 252    253   1833    1.10872477e+01    1.10872477e+01     6.46538842e-03    1.8e+01     1.0e+00      1.978e+00
 253    254   1837    1.10869614e+01    1.10869614e+01     6.46536621e-03    1.1e+01     1.0e+00      1.978e+00
 254    255   1846    1.10859926e+01    1.10859926e+01     6.46484818e-03    7.7e+00     1.0e+00      1.978e+00
 255    256   1856    1.10851334e+01    1.10851334e+01     6.46452785e-03    9.3e+00     1.0e+00      1.978e+00
 256    257   1866    1.10843063e+01    1.10843063e+01     6.46396299e-03    1.7e+01     1.0e+00      1.978e+00
 257    258   1874    1.10836094e+01    1.10836094e+01     6.46372968e-03    1.2e+01     1.0e+00      1.978e+00
 258    259   1884    1.10828105e+01    1.10828105e+01     6.46310972e-03    5.1e+01     1.0e+00      1.978e+00
 259    260   1887    1.10825317e+01    1.10825317e+01     6.46309527e-03    1.8e+01     1.0e+00      1.978e+00
 260    261   1897    1.10818758e+01    1.10818758e+01     6.46277121e-03    3.2e+01     1.0e+00      1.978e+00
 261    262   1903    1.10816471e+01    1.10816471e+01     6.46271666e-03    6.5e+00     1.0e+00      1.978e+00
 262    263   1913    1.10803320e+01    1.10803320e+01     6.46154536e-03    4.7e+01     1.0e+00      1.978e+00
 263    264   1921    1.10790735e+01    1.10790735e+01     6.46136194e-03    1.1e+01     1.0e+00      1.978e+00
 264    265   1931    1.10777745e+01    1.10777745e+01     6.46017480e-03    4.8e+01     1.0e+00      1.978e+00
 265    266   1936    1.10771371e+01    1.10771371e+01     6.46011935e-03    1.1e+01     1.0e+00      1.978e+00
 266    267   1940    1.10768786e+01    1.10768786e+01     6.46008872e-03    6.1e+00     1.0e+00      1.978e+00
 267    268   1948    1.10761896e+01    1.10761896e+01     6.45978174e-03    8.7e+00     1.0e+00      1.978e+00
 268    269   1958    1.10754335e+01    1.10754335e+01     6.45929105e-03    3.9e+01     1.0e+00      1.978e+00
 269    270   1960    1.10753261e+01    1.10753261e+01     6.45928307e-03    8.0e+00     1.0e+00      1.978e+00
 270    271   1970    1.10745886e+01    1.10745886e+01     6.45890725e-03    2.7e+01     1.0e+00      1.978e+00
 271    272   1980    1.10739540e+01    1.10739540e+01     6.45856287e-03    2.3e+01     1.0e+00      1.978e+00
 272    273   1985    1.10737649e+01    1.10737649e+01     6.45853701e-03    5.1e+00     1.0e+00      1.977e+00
 273    274   1995    1.10723872e+01    1.10723872e+01     6.45736852e-03    2.5e+01     1.0e+00      1.977e+00
 274    275   2000    1.10712336e+01    1.10712336e+01     6.45715456e-03    1.2e+01     1.0e+00      1.977e+00
 275    276   2005    1.10710598e+01    1.10710598e+01     6.45713580e-03    5.5e+00     1.0e+00      1.977e+00
 276    277   2015    1.10621752e+01    1.10621752e+01     6.44783306e-03    3.2e+02     1.0e+00      1.977e+00
 277    278   2017    1.10562382e+01    1.10562382e+01     6.44778518e-03    4.3e+01     1.0e+00      1.977e+00
 278    279   2021    1.10535854e+01    1.10535854e+01     6.44776346e-03    2.1e+01     1.0e+00      1.977e+00
 279    280   2025    1.10533563e+01    1.10533563e+01     6.44774901e-03    6.5e+00     1.0e+00      1.977e+00
 280    281   2035    1.10511601e+01    1.10511601e+01     6.44558792e-03    6.8e+01     1.0e+00      1.976e+00
 281    282   2044    1.10489903e+01    1.10489903e+01     6.44543310e-03    9.8e+00     1.0e+00      1.976e+00
 282    283   2054    1.10468150e+01    1.10468150e+01     6.44328488e-03    1.0e+02     1.0e+00      1.976e+00
 283    284   2056    1.10460395e+01    1.10460395e+01     6.44327206e-03    1.4e+01     1.0e+00      1.976e+00
 284    285   2064    1.10447675e+01    1.10447675e+01     6.44313504e-03    1.7e+01     1.0e+00      1.976e+00
 285    286   2068    1.10445821e+01    1.10445821e+01     6.44310806e-03    4.6e+00     1.0e+00      1.976e+00
 286    287   2078    1.10380641e+01    1.10380641e+01     6.43636523e-03    1.8e+02     1.0e+00      1.975e+00
 287    288   2081    1.10337126e+01    1.10337126e+01     6.43630970e-03    7.1e+01     1.0e+00      1.975e+00
 288    289   2086    1.10323507e+01    1.10323507e+01     6.43629770e-03    8.7e+00     1.0e+00      1.975e+00
 289    290   2094    1.10313142e+01    1.10313142e+01     6.43603921e-03    1.4e+01     1.0e+00      1.975e+00
 290    291   2098    1.10312034e+01    1.10312034e+01     6.43601520e-03    6.0e+00     1.0e+00      1.975e+00
 291    292   2108    1.10281024e+01    1.10281024e+01     6.43301898e-03    6.8e+01     1.0e+00      1.975e+00
 292    293   2116    1.10250589e+01    1.10250589e+01     6.43275178e-03    8.7e+00     1.0e+00      1.975e+00
 293    294   2126    1.10236775e+01    1.10236775e+01     6.43141086e-03    7.5e+01     1.0e+00      1.975e+00
 294    295   2131    1.10226099e+01    1.10226099e+01     6.43140544e-03    5.4e+00     1.0e+00      1.975e+00
 295    296   2141    1.10218388e+01    1.10218388e+01     6.43091754e-03    1.4e+01     1.0e+00      1.975e+00
 296    297   2151    1.10211258e+01    1.10211258e+01     6.43061728e-03    2.3e+01     1.0e+00      1.975e+00
 297    298   2157    1.10209273e+01    1.10209273e+01     6.43055265e-03    5.9e+00     1.0e+00      1.975e+00
 298    299   2167    1.10198750e+01    1.10198750e+01     6.42963323e-03    2.5e+01     1.0e+00      1.975e+00
 299    300   2172    1.10194221e+01    1.10194221e+01     6.42960732e-03    1.5e+01     1.0e+00      1.975e+00
 300    301   2182    1.10186064e+01    1.10186064e+01     6.42929588e-03    1.3e+01     1.0e+00      1.975e+00
LMQNBC: termination 5
===================== 33, 1
  it     nf     cg           f             f_xrf             f_xtm            |g|        alpha        error
   0      1      0    6.75635962e+08    6.20505768e+08    5.51301944e-01    3.2e+07     1.0e+00      3.306e+00
   1      2      2    2.68172077e+07    2.21903481e+07     4.62685963e-02    7.3e+06     1.0e+00      2.694e+00
   2      3      4    8.69778656e+06    6.74499193e+06     1.95279464e-02    2.5e+06     1.0e+00      2.587e+00
   3      4      8    1.67040230e+06    5.50466684e+05     1.11993561e-02    9.0e+05     1.0e+00      2.167e+00
   4      5     18    3.80214109e+05    2.36351951e+05     1.43862158e-03    6.0e+05     1.0e+00      1.397e+00
   5      6     23    1.44826175e+05    2.31568823e+04     1.21669293e-03    2.0e+05     1.0e+00      1.339e+00
   6      7     33    2.48124205e+04    1.23377343e+04     1.24746862e-04    2.0e+05     1.0e+00      1.154e+00
   7      8     39    1.34297554e+04    2.89602225e+03     1.05337332e-04    3.6e+04     1.0e+00      1.147e+00
   8      9     48    3.53672370e+03    2.33405767e+03     1.20266603e-05    4.3e+04     1.0e+00      1.104e+00
   9     10     52    2.54843272e+03    1.41361726e+03     1.13481546e-05    6.9e+03     1.0e+00      1.103e+00
  10     11     62    1.27101155e+03    9.67132606e+02     3.03878940e-06    3.6e+04     1.0e+00      1.092e+00
  11     12     64    1.14150377e+03    8.36473912e+02     3.05029855e-06    8.3e+03     1.0e+00      1.092e+00
  12     13     69    1.01206013e+03    7.48182316e+02     2.63877814e-06    7.4e+03     1.0e+00      1.092e+00
  13     14     79    6.96268211e+02    5.37268837e+02     1.58999374e-06    2.3e+04     1.0e+00      1.088e+00
  14     15     81    6.38412869e+02    4.87511366e+02     1.50901502e-06    4.7e+03     1.0e+00      1.088e+00
  15     16     91    4.83173543e+02    4.18664445e+02     6.45090988e-07    2.2e+04     1.0e+00      1.085e+00
  16     17     93    4.46078594e+02    3.81750502e+02     6.43280921e-07    2.2e+03     1.0e+00      1.085e+00
  17     18    103    3.57869806e+02    2.98203486e+02     5.96663194e-07    1.7e+04     1.0e+00      1.083e+00
  18     19    105    3.37614641e+02    2.78907047e+02     5.87075941e-07    2.4e+03     1.0e+00      1.083e+00
  19     20    115    2.76062645e+02    2.45355973e+02     3.07066714e-07    8.4e+03     1.0e+00      1.081e+00
  20     21    117    2.65686589e+02    2.35827185e+02     2.98594040e-07    1.9e+03     1.0e+00      1.081e+00
  21     22    127    2.24770243e+02    1.93959618e+02     3.08106257e-07    8.7e+03     1.0e+00      1.080e+00
  22     23    129    2.18622407e+02    1.88018390e+02     3.06040168e-07    2.4e+03     1.0e+00      1.080e+00
  23     24    139    1.94497370e+02    1.75974709e+02     1.85226617e-07    8.6e+03     1.0e+00      1.079e+00
  24     25    144    1.82294072e+02    1.64072356e+02     1.82217157e-07    1.4e+03     1.0e+00      1.079e+00
  25     26    154    1.43718555e+02    1.21347059e+02     2.23714960e-07    3.8e+03     1.0e+00      1.077e+00
  26     27    164    1.17316397e+02    1.07704680e+02     9.61171772e-08    2.2e+03     1.0e+00      1.077e+00
  27     28    169    1.13874899e+02    1.04186829e+02     9.68807001e-08    7.8e+02     1.0e+00      1.077e+00
  28     30    179    1.09025849e+02    9.98131249e+01     9.21272374e-08    1.2e+03     6.8e-02      1.077e+00
  29     32    189    1.03526122e+02    9.49303918e+01     8.59573060e-08    1.2e+03     4.5e-02      1.076e+00
  30     34    199    1.02339710e+02    9.38833745e+01     8.45633518e-08    1.2e+03     7.8e-03      1.076e+00
  31     35    209    5.08921908e+01    4.96063848e+01     1.28580601e-08    5.5e+03     1.0e+00      1.073e+00
  32     36    213    2.86728974e+01    2.74469590e+01     1.22593840e-08    4.8e+03     1.0e+00      1.073e+00
  33     37    216    2.71899311e+01    2.61799071e+01     1.01002398e-08    6.5e+02     1.0e+00      1.073e+00
  34     38    226    2.54012369e+01    2.45533607e+01     8.47876215e-09    1.2e+03     1.0e+00      1.073e+00
  35     39    230    2.44576927e+01    2.35685480e+01     8.89144744e-09    7.1e+02     1.0e+00      1.073e+00
  36     40    240    1.99374112e+01    1.93025290e+01     6.34882204e-09    7.9e+03     1.0e+00      1.072e+00
  37     41    242    1.76718620e+01    1.70135967e+01     6.58265223e-09    6.0e+02     1.0e+00      1.072e+00
  38     42    246    1.71107023e+01    1.65223782e+01     5.88324093e-09    2.9e+02     1.0e+00      1.072e+00
  39     43    256    1.59054536e+01    1.52656399e+01     6.39813768e-09    1.1e+03     1.0e+00      1.072e+00
  40     44    266    1.51432770e+01    1.46907100e+01     4.52567038e-09    7.6e+02     1.0e+00      1.072e+00
  41     45    271    1.48729698e+01    1.43947825e+01     4.78187265e-09    4.1e+02     1.0e+00      1.072e+00
  42     46    281    1.23654400e+01    1.20491943e+01     3.16245741e-09    2.9e+03     1.0e+00      1.072e+00
  43     47    286    1.06017837e+01    1.03558735e+01     2.45910176e-09    6.5e+02     1.0e+00      1.072e+00
  44     48    296    9.91380643e+00    9.54090979e+00     3.72896640e-09    5.6e+02     1.0e+00      1.072e+00
  45     49    300    9.63948349e+00    9.28727547e+00     3.52208021e-09    4.1e+02     1.0e+00      1.072e+00
  46     50    310    8.61349252e+00    8.21903450e+00     3.94458022e-09    3.9e+02     1.0e+00      1.072e+00
  47     51    315    8.33572927e+00    8.07670242e+00     2.59026855e-09    4.2e+02     1.0e+00      1.072e+00
  48     52    320    8.15557895e+00    7.92754347e+00     2.28035482e-09    3.2e+02     1.0e+00      1.072e+00
  49     53    330    7.52862309e+00    7.23070600e+00     2.97917090e-09    9.5e+02     1.0e+00      1.071e+00
  50     54    332    7.48692206e+00    7.19339625e+00     2.93525817e-09    3.3e+02     1.0e+00      1.071e+00
  51     55    342    6.94235043e+00    6.77341043e+00     1.68939999e-09    7.7e+02     1.0e+00      1.071e+00
  52     56    344    6.88338748e+00    6.71385209e+00     1.69535385e-09    2.0e+02     1.0e+00      1.071e+00
  53     57    354    6.47793465e+00    6.29252539e+00     1.85409261e-09    5.1e+02     1.0e+00      1.071e+00
  54     58    359    6.36537412e+00    6.19462316e+00     1.70750962e-09    1.4e+02     1.0e+00      1.071e+00
  55     59    369    5.65759217e+00    5.36274032e+00     2.94851854e-09    6.3e+02     1.0e+00      1.071e+00
  56     60    379    5.09300513e+00    4.99590351e+00     9.71016174e-10    2.7e+02     1.0e+00      1.071e+00
  57     61    384    5.03947950e+00    4.94530747e+00     9.41720315e-10    1.0e+02     1.0e+00      1.071e+00
  58     62    394    4.35678294e+00    4.12359314e+00     2.33189791e-09    9.0e+02     1.0e+00      1.071e+00
  59     63    400    4.07427058e+00    3.91274088e+00     1.61529703e-09    4.2e+02     1.0e+00      1.071e+00
  60     64    410    3.78868696e+00    3.74636717e+00     4.23197918e-10    2.0e+02     1.0e+00      1.071e+00
  61     65    420    3.69692181e+00    3.64907109e+00     4.78507213e-10    5.6e+02     1.0e+00      1.071e+00
  62     66    427    3.64148183e+00    3.59573850e+00     4.57433378e-10    1.9e+02     1.0e+00      1.071e+00
  63     67    437    3.46110308e+00    3.42482427e+00     3.62788113e-10    4.2e+02     1.0e+00      1.071e+00
  64     68    441    3.33226258e+00    3.29596322e+00     3.62993607e-10    2.7e+02     1.0e+00      1.071e+00
  65     69    451    3.27157350e+00    3.23905032e+00     3.25231857e-10    2.1e+02     1.0e+00      1.071e+00
  66     70    456    3.24071830e+00    3.20611525e+00     3.46030443e-10    1.1e+02     1.0e+00      1.071e+00
  67     71    466    2.69853764e+00    2.64337423e+00     5.51634031e-10    6.8e+03     1.0e+00      1.071e+00
  68     72    468    1.47096180e+00    1.46289960e+00     8.06219483e-11    1.1e+02     1.0e+00      1.071e+00
  69     73    474    1.46073344e+00    1.45497880e+00     5.75464732e-11    6.5e+01     1.0e+00      1.071e+00
  70     74    484    1.44658817e+00    1.44478258e+00     1.80558586e-11    9.1e+01     1.0e+00      1.071e+00
  71     75    494    1.43627699e+00    1.43290567e+00     3.37131745e-11    9.5e+01     1.0e+00      1.071e+00
  72     76    498    1.43296989e+00    1.43000115e+00     2.96874163e-11    2.9e+01     1.0e+00      1.071e+00
  73     77    508    1.42085121e+00    1.41919887e+00     1.65233229e-11    9.5e+01     1.0e+00      1.071e+00
  74     78    518    1.41042096e+00    1.40846791e+00     1.95304580e-11    5.5e+01     1.0e+00      1.071e+00
  75     79    528    1.40321219e+00    1.40226243e+00     9.49766740e-12    1.5e+02     1.0e+00      1.071e+00
  76     80    531    1.40033729e+00    1.39919798e+00     1.13931002e-11    4.5e+01     1.0e+00      1.071e+00
  77     81    541    1.39178841e+00    1.38965515e+00     2.13326519e-11    8.2e+01     1.0e+00      1.071e+00
  78     82    545    1.38740414e+00    1.38534561e+00     2.05853035e-11    2.4e+01     1.0e+00      1.071e+00
  79     83    555    1.38076335e+00    1.37975113e+00     1.01221967e-11    5.7e+01     1.0e+00      1.071e+00
  80     84    560    1.37862501e+00    1.37779645e+00     8.28559575e-12    4.0e+01     1.0e+00      1.071e+00
  81     85    570    1.37109067e+00    1.36825210e+00     2.83856947e-11    2.3e+01     1.0e+00      1.071e+00
  82     86    578    1.36449332e+00    1.36379392e+00     6.99402056e-12    3.3e+01     1.0e+00      1.071e+00
  83     87    588    1.35820814e+00    1.35607451e+00     2.13363101e-11    5.4e+01     1.0e+00      1.071e+00
  84     88    598    1.35344358e+00    1.35280480e+00     6.38779434e-12    4.6e+01     1.0e+00      1.071e+00
  85     89    605    1.35195261e+00    1.35132041e+00     6.32197062e-12    3.7e+01     1.0e+00      1.071e+00
  86     90    615    1.34517350e+00    1.34416472e+00     1.00877974e-11    8.2e+01     1.0e+00      1.071e+00
  87     91    619    1.34009978e+00    1.33936945e+00     7.30324569e-12    2.5e+01     1.0e+00      1.071e+00
  88     92    629    1.33789205e+00    1.33743938e+00     4.52666294e-12    1.0e+02     1.0e+00      1.071e+00
  89     93    634    1.33664018e+00    1.33612515e+00     5.15037117e-12    2.2e+01     1.0e+00      1.071e+00
  90     94    644    1.28609221e+00    1.28359863e+00     2.49357761e-11    1.8e+02     1.0e+00      1.071e+00
  91     95    648    1.27970076e+00    1.27796277e+00     1.73798564e-11    7.8e+01     1.0e+00      1.071e+00
  92     96    658    1.27460826e+00    1.27445115e+00     1.57110724e-12    1.9e+01     1.0e+00      1.071e+00
  93     97    662    1.27423335e+00    1.27408558e+00     1.47766473e-12    8.9e+00     1.0e+00      1.071e+00
  94     98    672    1.27226439e+00    1.27162509e+00     6.39292082e-12    2.7e+01     1.0e+00      1.071e+00
  95     99    682    1.27089348e+00    1.27071328e+00     1.80200435e-12    3.8e+01     1.0e+00      1.071e+00
  96    100    689    1.27062289e+00    1.27046749e+00     1.55395949e-12    1.0e+01     1.0e+00      1.071e+00
  97    101    699    1.26997009e+00    1.26977923e+00     1.90852786e-12    1.5e+01     1.0e+00      1.071e+00
  98    102    703    1.26974554e+00    1.26958608e+00     1.59459601e-12    1.1e+01     1.0e+00      1.071e+00
  99    103    713    1.26927651e+00    1.26911952e+00     1.56998909e-12    2.8e+01     1.0e+00      1.071e+00
 100    104    723    1.26896523e+00    1.26884399e+00     1.21234961e-12    1.6e+01     1.0e+00      1.071e+00
 101    105    728    1.26882329e+00    1.26870762e+00     1.15664128e-12    5.8e+00     1.0e+00      1.071e+00
 102    106    738    1.26809775e+00    1.26790039e+00     1.97354050e-12    4.5e+01     1.0e+00      1.071e+00
 103    107    743    1.26760698e+00    1.26743740e+00     1.69581580e-12    1.2e+01     1.0e+00      1.071e+00
 104    108    753    1.26721361e+00    1.26708254e+00     1.31076096e-12    4.1e+00     1.0e+00      1.071e+00
 105    109    759    1.26692175e+00    1.26679178e+00     1.29971425e-12    1.1e+01     1.0e+00      1.071e+00
 106    110    769    1.26671235e+00    1.26660520e+00     1.07150295e-12    2.1e+01     1.0e+00      1.071e+00
 107    111    774    1.26660901e+00    1.26650161e+00     1.07391492e-12    4.7e+00     1.0e+00      1.071e+00
 108    112    784    1.26466654e+00    1.26428962e+00     3.76916292e-12    4.1e+01     1.0e+00      1.071e+00
 109    113    789    1.26373561e+00    1.26345553e+00     2.80084329e-12    1.1e+01     1.0e+00      1.071e+00
 110    114    798    1.26324344e+00    1.26315050e+00     9.29419420e-13    8.7e+00     1.0e+00      1.071e+00
 111    115    802    1.26319723e+00    1.26310333e+00     9.39011416e-13    3.1e+00     1.0e+00      1.071e+00
 112    116    812    1.26101475e+00    1.26090641e+00     1.08339526e-12    4.6e+01     1.0e+00      1.071e+00
 113    117    816    1.26005453e+00    1.25996584e+00     8.86846024e-13    1.4e+01     1.0e+00      1.071e+00
 114    118    821    1.25999768e+00    1.25990928e+00     8.83980170e-13    4.6e+00     1.0e+00      1.071e+00
 115    119    831    1.25995604e+00    1.25986792e+00     8.81183204e-13    2.6e+00     1.0e+00      1.071e+00
 116    120    841    1.25992589e+00    1.25983988e+00     8.60130422e-13    9.4e+00     1.0e+00      1.071e+00
 117    121    845    1.25991456e+00    1.25983036e+00     8.41933036e-13    4.6e+00     1.0e+00      1.071e+00
 118    122    855    1.25983392e+00    1.25972842e+00     1.05499989e-12    6.9e+00     1.0e+00      1.071e+00
 119    123    859    1.25980868e+00    1.25970717e+00     1.01505470e-12    1.7e+00     1.0e+00      1.071e+00
 120    124    868    1.25975707e+00    1.25967292e+00     8.41448641e-13    1.6e+00     1.0e+00      1.071e+00
 121    125    878    1.25971428e+00    1.25961986e+00     9.44221840e-13    9.5e+00     1.0e+00      1.071e+00
 122    126    885    1.25969346e+00    1.25960427e+00     8.91903490e-13    3.4e+00     1.0e+00      1.071e+00
 123    127    895    1.25967028e+00    1.25958674e+00     8.35446017e-13    6.7e+00     1.0e+00      1.071e+00
 124    128    899    1.25966328e+00    1.25957930e+00     8.39783980e-13    1.9e+00     1.0e+00      1.071e+00
 125    129    909    1.25961819e+00    1.25952766e+00     9.05340735e-13    5.6e+00     1.0e+00      1.071e+00
 126    130    914    1.25958707e+00    1.25949931e+00     8.77628009e-13    2.3e+00     1.0e+00      1.071e+00
 127    131    924    1.25956140e+00    1.25947708e+00     8.43179139e-13    1.4e+00     1.0e+00      1.071e+00
 128    132    934    1.25953752e+00    1.25945055e+00     8.69736910e-13    2.6e+00     1.0e+00      1.071e+00
 129    133    944    1.25951610e+00    1.25943249e+00     8.36151676e-13    2.5e+00     1.0e+00      1.071e+00
 130    134    950    1.25950946e+00    1.25942604e+00     8.34170999e-13    2.6e+00     1.0e+00      1.071e+00
 131    135    960    1.25949350e+00    1.25940786e+00     8.56393288e-13    3.7e+00     1.0e+00      1.071e+00
 132    136    964    1.25948620e+00    1.25940126e+00     8.49392585e-13    1.5e+00     1.0e+00      1.071e+00
 133    137    974    1.25946901e+00    1.25938579e+00     8.32227728e-13    3.2e+00     1.0e+00      1.071e+00
 134    138    979    1.25945925e+00    1.25937582e+00     8.34325579e-13    1.7e+00     1.0e+00      1.071e+00
