
                            < M A T L A B (R) >
                  Copyright 1984-2013 The MathWorks, Inc.
                    R2013a (8.1.0.604) 64-bit (glnxa64)
                             February 15, 2013

 
To get started, type one of these: helpwin, helpdesk, or demo.
For product information, visit www.mathworks.com.
 
>> >> >> >> >> >> >> >> X-ray simulation startup file...
====== Fluorescence Detector Resolution is 5
====== Angle Number  1 of 12: 0
====== Angle Number  2 of 12: 1.636364e+01
====== Angle Number  3 of 12: 3.272727e+01
====== Angle Number  4 of 12: 4.909091e+01
====== Angle Number  5 of 12: 6.545455e+01
====== Angle Number  6 of 12: 8.181818e+01
====== Angle Number  7 of 12: 9.818182e+01
====== Angle Number  8 of 12: 1.145455e+02
====== Angle Number  9 of 12: 1.309091e+02
====== Angle Number  10 of 12: 1.472727e+02
====== Angle Number  11 of 12: 1.636364e+02
====== Angle Number  12 of 12: 180
>> >> >> >> >> >> >> >> >> >> >> >> >> ====== With Self Absorption, Transmission Detector Resolution is 30
>> >> >> >> >> >> >> >> >> >> >> >> >> >> >> >> >> >> >> >> >> >> >> >> >> >> >> >> >>   it     nf     cg           f             f_xrf             f_xtm            |g|        alpha        error
   0      1      0    1.12749597e+09   6.5e+07     1.0e+00      2.570e+00
   1      2      2    2.03209995e+07    8.65335569e+06     1.16676438e-01    7.1e+06     1.0e+00      1.720e+00
   2      3      5    3.82537912e+06    2.04436832e+06     1.78101080e-02    6.0e+06     1.0e+00      1.585e+00
   3      4     10    8.27698713e+05    4.62911315e+05     3.64787398e-03    1.8e+06     1.0e+00      1.488e+00
   4      5     18    2.67910436e+05    1.42716851e+05     1.25193585e-03    1.1e+06     1.0e+00      1.419e+00
   5      6     28    1.09702847e+05    6.14727741e+04     4.82300724e-04    3.8e+05     1.0e+00      1.361e+00
   6      7     34    7.11309914e+04    4.88067015e+04     2.23242899e-04    1.9e+05     1.0e+00      1.354e+00
   7      8     44    3.30460554e+04    2.34477538e+04     9.59830162e-05    1.3e+05     1.0e+00      1.306e+00
   8      9     52    2.34678625e+04    1.82682841e+04     5.19957835e-05    9.3e+04     1.0e+00      1.301e+00
   9     10     62    1.67739985e+04    1.30580071e+04     3.71599141e-05    1.2e+05     1.0e+00      1.280e+00
  10     11     66    1.44855793e+04    1.16730337e+04     2.81254554e-05    7.1e+04     1.0e+00      1.278e+00
  11     12     76    1.19435834e+04    9.45047186e+03     2.49311153e-05    7.4e+04     1.0e+00      1.268e+00
  12     13     86    1.02684314e+04    8.36550164e+03     1.90292978e-05    2.7e+04     1.0e+00      1.264e+00
  13     14     96    9.08261549e+03    7.30730239e+03     1.77531310e-05    5.9e+04     1.0e+00      1.257e+00
  14     15    106    8.14217937e+03    6.64998729e+03     1.49219208e-05    2.7e+04     1.0e+00      1.254e+00
  15     16    116    7.37783022e+03    5.97808479e+03     1.39974543e-05    5.0e+04     1.0e+00      1.249e+00
  16     17    126    6.74084238e+03    5.51823305e+03     1.22260933e-05    2.5e+04     1.0e+00      1.246e+00
  17     18    136    6.20503225e+03    5.04674171e+03     1.15829055e-05    4.4e+04     1.0e+00      1.242e+00
  18     19    146    5.74853781e+03    4.71333494e+03     1.03520287e-05    2.0e+04     1.0e+00      1.239e+00
  19     20    156    5.35288038e+03    4.36526734e+03     9.87613048e-06    3.9e+04     1.0e+00      1.235e+00
  20     21    166    5.00726474e+03    4.11123728e+03     8.96027465e-06    1.7e+04     1.0e+00      1.233e+00
  21     22    176    4.70229390e+03    3.84268066e+03     8.59613244e-06    3.5e+04     1.0e+00      1.230e+00
  22     23    186    4.43152038e+03    3.64261022e+03     7.88910165e-06    1.4e+04     1.0e+00      1.228e+00
  23     24    196    4.18914208e+03    3.42940808e+03     7.59734004e-06    3.2e+04     1.0e+00      1.225e+00
  24     25    206    3.97145622e+03    3.26794276e+03     7.03513457e-06    1.2e+04     1.0e+00      1.223e+00
  25     26    216    3.77490830e+03    3.09565919e+03     6.79249104e-06    3.0e+04     1.0e+00      1.221e+00
  26     27    226    3.59618866e+03    2.96234937e+03     6.33839285e-06    1.1e+04     1.0e+00      1.219e+00
  27     28    236    3.43280395e+03    2.81958628e+03     6.13217676e-06    2.8e+04     1.0e+00      1.217e+00
  28     29    246    3.28294576e+03    2.70712699e+03     5.75818768e-06    1.0e+04     1.0e+00      1.215e+00
  29     30    256    3.14489948e+03    2.58694334e+03     5.57956140e-06    2.6e+04     1.0e+00      1.213e+00
  30     31    266    3.01738945e+03    2.49062935e+03     5.26760093e-06    9.3e+03     1.0e+00      1.212e+00
  31     32    276    2.89945773e+03    2.38835280e+03     5.11104928e-06    2.4e+04     1.0e+00      1.210e+00
  32     33    286    2.78976602e+03    2.30503951e+03     4.84726513e-06    8.6e+03     1.0e+00      1.208e+00
  33     34    296    2.68754288e+03    2.21668977e+03     4.70853114e-06    2.3e+04     1.0e+00      1.207e+00
  34     35    306    2.59259455e+03    2.14382029e+03     4.48774259e-06    7.9e+03     1.0e+00      1.205e+00
  35     36    316    2.50485039e+03    2.06828940e+03     4.36560992e-06    2.2e+04     1.0e+00      1.204e+00
  36     37    326    2.42239569e+03    2.00504620e+03     4.17349487e-06    7.5e+03     1.0e+00      1.202e+00
  37     38    336    2.34496936e+03    1.93845420e+03     4.06515162e-06    2.1e+04     1.0e+00      1.201e+00
  38     39    346    2.27214630e+03    1.88235429e+03     3.89792010e-06    7.3e+03     1.0e+00      1.200e+00
  39     40    356    2.20351043e+03    1.82346733e+03     3.80043109e-06    2.0e+04     1.0e+00      1.198e+00
  40     41    366    2.13873509e+03    1.77333961e+03     3.65395479e-06    7.1e+03     1.0e+00      1.197e+00
  41     42    376    2.07749528e+03    1.72092798e+03     3.56567303e-06    1.9e+04     1.0e+00      1.196e+00
  42     43    386    2.01965643e+03    1.67600840e+03     3.43648037e-06    6.9e+03     1.0e+00      1.195e+00
  43     44    396    1.96497026e+03    1.62939179e+03     3.35578467e-06    1.8e+04     1.0e+00      1.193e+00
  44     45    406    1.91305799e+03    1.58887457e+03     3.24183423e-06    6.7e+03     1.0e+00      1.193e+00
  45     46    416    1.86371037e+03    1.54688272e+03     3.16827654e-06    1.7e+04     1.0e+00      1.191e+00
  46     47    426    1.81675767e+03    1.51009785e+03     3.06659818e-06    6.5e+03     1.0e+00      1.190e+00
  47     48    436    1.77202734e+03    1.47209039e+03     2.99936958e-06    1.6e+04     1.0e+00      1.189e+00
  48     49    446    1.72937880e+03    1.43856369e+03     2.90815114e-06    6.4e+03     1.0e+00      1.188e+00
  49     50    456    1.68866820e+03    1.40402136e+03     2.84646845e-06    1.5e+04     1.0e+00      1.187e+00
  50     51    466    1.64977803e+03    1.37335520e+03     2.76422828e-06    6.2e+03     1.0e+00      1.186e+00
  51     52    476    1.61258725e+03    1.34184182e+03     2.70745435e-06    1.5e+04     1.0e+00      1.185e+00
  52     53    486    1.57699686e+03    1.31370077e+03     2.63296098e-06    6.0e+03     1.0e+00      1.184e+00
  53     54    496    1.54292818e+03    1.28487416e+03     2.58054020e-06    1.4e+04     1.0e+00      1.183e+00
  54     55    506    1.51030934e+03    1.25903947e+03     2.51269872e-06    5.8e+03     1.0e+00      1.183e+00
  55     56    516    1.47901276e+03    1.23259932e+03     2.46413440e-06    1.4e+04     1.0e+00      1.181e+00
  56     57    526    1.44896432e+03    1.20874655e+03     2.40217777e-06    5.6e+03     1.0e+00      1.181e+00
  57     58    536    1.42008782e+03    1.18437877e+03     2.35709050e-06    1.3e+04     1.0e+00      1.180e+00
  58     59    546    1.39233388e+03    1.16230561e+03     2.30028265e-06    5.4e+03     1.0e+00      1.179e+00
  59     60    556    1.36562929e+03    1.13980522e+03     2.25824070e-06    1.3e+04     1.0e+00      1.178e+00
  60     61    566    1.33991699e+03    1.11931187e+03     2.20605114e-06    5.2e+03     1.0e+00      1.178e+00
  61     62    576    1.31514035e+03    1.09846340e+03     2.16676947e-06    1.2e+04     1.0e+00      1.177e+00
  62     63    586    1.29125361e+03    1.07939211e+03     2.11861505e-06    5.1e+03     1.0e+00      1.176e+00
  63     64    596    1.26820786e+03    1.06002605e+03     2.08181812e-06    1.2e+04     1.0e+00      1.175e+00
  64     65    606    1.24596338e+03    1.04223715e+03     2.03726229e-06    4.9e+03     1.0e+00      1.174e+00
  65     66    616    1.22447743e+03    1.02420692e+03     2.00270517e-06    1.1e+04     1.0e+00      1.174e+00
  66     67    626    1.20371535e+03    1.00757869e+03     1.96136652e-06    4.8e+03     1.0e+00      1.173e+00
  67     68    636    1.18363960e+03    9.90755963e+02     1.92883632e-06    1.1e+04     1.0e+00      1.172e+00
  68     69    646    1.16421975e+03    9.75181039e+02     1.89038710e-06    4.6e+03     1.0e+00      1.172e+00
  69     70    656    1.14542272e+03    9.59452886e+02     1.85969831e-06    1.0e+04     1.0e+00      1.171e+00
  70     71    666    1.12722169e+03    9.44836402e+02     1.82385288e-06    4.5e+03     1.0e+00      1.170e+00
  71     72    676    1.10958737e+03    9.30103133e+02     1.79484239e-06    1.0e+04     1.0e+00      1.169e+00
  72     73    686    1.09249606e+03    9.16360856e+02     1.76135203e-06    4.3e+03     1.0e+00      1.169e+00
  73     74    696    1.07592173e+03    9.02534107e+02     1.73387618e-06    9.8e+03     1.0e+00      1.168e+00
  74     75    706    1.05984334e+03    8.89591056e+02     1.70252287e-06    4.2e+03     1.0e+00      1.168e+00
  75     76    716    1.04423771e+03    8.76592265e+02     1.67645447e-06    9.4e+03     1.0e+00      1.167e+00
  76     77    726    1.02908612e+03    8.64381471e+02     1.64704650e-06    4.1e+03     1.0e+00      1.166e+00
  77     78    736    1.01436783e+03    8.52140558e+02     1.62227272e-06    9.2e+03     1.0e+00      1.166e+00
  78     79    746    1.00006614e+03    8.40602063e+02     1.59464075e-06    4.0e+03     1.0e+00      1.165e+00
  79     80    756    9.86162449e+02    8.29056337e+02     1.57106112e-06    8.9e+03     1.0e+00      1.164e+00
  80     81    766    9.72641817e+02    8.18136316e+02     1.54505501e-06    3.9e+03     1.0e+00      1.164e+00
  81     82    776    9.59487529e+02    8.07229544e+02     1.52257985e-06    8.6e+03     1.0e+00      1.163e+00
  82     83    786    9.46686169e+02    7.96879569e+02     1.49806601e-06    3.7e+03     1.0e+00      1.163e+00
  83     84    796    9.34222679e+02    7.86561181e+02     1.47661498e-06    8.4e+03     1.0e+00      1.162e+00
  84     85    806    9.22084990e+02    7.76737579e+02     1.45347411e-06    3.6e+03     1.0e+00      1.162e+00
  85     86    816    9.10259500e+02    7.66961991e+02     1.43297509e-06    8.1e+03     1.0e+00      1.161e+00
  86     87    826    8.98735327e+02    7.57625299e+02     1.41110028e-06    3.5e+03     1.0e+00      1.161e+00
  87     88    836    8.87500159e+02    7.48351329e+02     1.39148830e-06    7.9e+03     1.0e+00      1.160e+00
  88     89    846    8.76544159e+02    7.39465812e+02     1.37078347e-06    3.5e+03     1.0e+00      1.160e+00
  89     90    856    8.65856161e+02    7.30656179e+02     1.35199982e-06    7.7e+03     1.0e+00      1.159e+00
  90     91    866    8.55427255e+02    7.22189419e+02     1.33237836e-06    3.4e+03     1.0e+00      1.159e+00
  91     92    876    8.45247290e+02    7.13810305e+02     1.31436985e-06    7.5e+03     1.0e+00      1.158e+00
  92     93    886    8.35308181e+02    7.05732838e+02     1.29575344e-06    3.3e+03     1.0e+00      1.157e+00
  93     94    896    8.25600684e+02    6.97753509e+02     1.27847175e-06    7.3e+03     1.0e+00      1.157e+00
  94     95    906    8.16117445e+02    6.90038506e+02     1.26078940e-06    3.2e+03     1.0e+00      1.156e+00
  95     96    916    8.06850031e+02    6.82430982e+02     1.24419048e-06    7.1e+03     1.0e+00      1.156e+00
  96     97    926    7.97791742e+02    6.75053974e+02     1.22737768e-06    3.1e+03     1.0e+00      1.156e+00
  97     98    936    7.88934870e+02    6.67792739e+02     1.21142131e-06    7.0e+03     1.0e+00      1.155e+00
  98     99    946    7.80273301e+02    6.60731373e+02     1.19541928e-06    3.0e+03     1.0e+00      1.155e+00
  99    100    956    7.71799975e+02    6.53793117e+02     1.18006858e-06    6.8e+03     1.0e+00      1.154e+00
 100    101    966    7.63509305e+02    6.47026938e+02     1.16482367e-06    3.0e+03     1.0e+00      1.154e+00
 101    102    976    7.55394814e+02    6.40390336e+02     1.15004478e-06    6.7e+03     1.0e+00      1.153e+00
 102    103    986    7.47451384e+02    6.33900597e+02     1.13550788e-06    2.9e+03     1.0e+00      1.153e+00
 103    104    996    7.39673070e+02    6.27546109e+02     1.12126960e-06    6.5e+03     1.0e+00      1.152e+00
 104    105   1006    7.32055174e+02    6.21315604e+02     1.10739569e-06    2.8e+03     1.0e+00      1.152e+00
 105    106   1016    7.24599161e+02    6.15231520e+02     1.09367642e-06    6.4e+03     1.0e+00      1.151e+00
 106    107   1026    7.17306630e+02    6.09268664e+02     1.08037966e-06    2.8e+03     1.0e+00      1.151e+00
 107    108   1036    7.10158437e+02    6.03443833e+02     1.06714604e-06    6.2e+03     1.0e+00      1.150e+00
 108    109   1046    7.03150657e+02    5.97706633e+02     1.05444025e-06    2.7e+03     1.0e+00      1.150e+00
 109    110   1056    6.96278692e+02    5.92111779e+02     1.04166913e-06    6.1e+03     1.0e+00      1.150e+00
 110    111   1066    6.89538939e+02    5.86587566e+02     1.02951373e-06    2.6e+03     1.0e+00      1.149e+00
 111    112   1076    6.82927158e+02    5.81209008e+02     1.01718150e-06    6.0e+03     1.0e+00      1.149e+00
 112    113   1086    6.76440027e+02    5.75885645e+02     1.00554382e-06    2.6e+03     1.0e+00      1.148e+00
 113    114   1096    6.70073626e+02    5.70710725e+02     9.93629008e-07    5.8e+03     1.0e+00      1.148e+00
 114    115   1106    6.63824883e+02    5.65576993e+02     9.82478903e-07    2.5e+03     1.0e+00      1.148e+00
 115    116   1116    6.57690167e+02    5.60594035e+02     9.70961313e-07    5.7e+03     1.0e+00      1.147e+00
 116    117   1126    6.51666634e+02    5.55639541e+02     9.60270935e-07    2.5e+03     1.0e+00      1.147e+00
 117    118   1136    6.45750916e+02    5.50837735e+02     9.49131810e-07    5.6e+03     1.0e+00      1.146e+00
 118    119   1146    6.39940375e+02    5.46052850e+02     9.38875250e-07    2.4e+03     1.0e+00      1.146e+00
 119    120   1156    6.34256967e+02    5.41447772e+02     9.28091954e-07    5.5e+03     1.0e+00      1.145e+00
 120    121   1166    6.28683017e+02    5.36861861e+02     9.18211563e-07    2.4e+03     1.0e+00      1.145e+00
 121    122   1176    6.23206624e+02    5.32429098e+02     9.07775257e-07    5.4e+03     1.0e+00      1.145e+00
 122    123   1186    6.17824828e+02    5.27996828e+02     8.98279999e-07    2.3e+03     1.0e+00      1.144e+00
 123    124   1196    6.12534439e+02    5.23715002e+02     8.88194373e-07    5.3e+03     1.0e+00      1.144e+00
 124    125   1206    6.07333215e+02    5.19426515e+02     8.79066999e-07    2.3e+03     1.0e+00      1.144e+00
 125    126   1216    6.02218483e+02    5.15288175e+02     8.69303085e-07    5.2e+03     1.0e+00      1.143e+00
 126    127   1226    5.97188227e+02    5.11135653e+02     8.60525737e-07    2.2e+03     1.0e+00      1.143e+00
 127    128   1236    5.92240014e+02    5.07133129e+02     8.51068853e-07    5.1e+03     1.0e+00      1.142e+00
 128    129   1246    5.87371983e+02    5.03109964e+02     8.42620194e-07    2.2e+03     1.0e+00      1.142e+00
 129    130   1256    5.82581885e+02    4.99236515e+02     8.33453695e-07    5.1e+03     1.0e+00      1.142e+00
 130    131   1266    5.77867991e+02    4.95336180e+02     8.25318114e-07    2.2e+03     1.0e+00      1.141e+00
 131    132   1276    5.73228211e+02    4.91585174e+02     8.16430363e-07    5.0e+03     1.0e+00      1.141e+00
 132    133   1286    5.68660936e+02    4.87801872e+02     8.08590637e-07    2.1e+03     1.0e+00      1.141e+00
 133    134   1296    5.64164214e+02    4.84167368e+02     7.99968458e-07    4.9e+03     1.0e+00      1.140e+00
 134    135   1306    5.59736547e+02    4.80495485e+02     7.92410619e-07    2.1e+03     1.0e+00      1.140e+00
 135    136   1316    5.55376111e+02    4.76971756e+02     7.84043553e-07    4.8e+03     1.0e+00      1.140e+00
 136    137   1326    5.51081505e+02    4.73406201e+02     7.76753038e-07    2.1e+03     1.0e+00      1.139e+00
 137    138   1336    5.46851022e+02    4.69988036e+02     7.68629856e-07    4.8e+03     1.0e+00      1.139e+00
 138    139   1346    5.42683351e+02    4.66523937e+02     7.61594144e-07    2.0e+03     1.0e+00      1.139e+00
 139    140   1356    5.38576893e+02    4.63206362e+02     7.53705306e-07    4.7e+03     1.0e+00      1.138e+00
 140    141   1366    5.34530419e+02    4.59839238e+02     7.46911811e-07    2.0e+03     1.0e+00      1.138e+00
 141    142   1376    5.30542429e+02    4.56617680e+02     7.39247495e-07    4.6e+03     1.0e+00      1.138e+00
 142    143   1386    5.26611771e+02    4.53343269e+02     7.32685018e-07    1.9e+03     1.0e+00      1.137e+00
 143    144   1396    5.22737033e+02    4.50213380e+02     7.25236531e-07    4.6e+03     1.0e+00      1.137e+00
 144    145   1406    5.18917135e+02    4.47027728e+02     7.18894065e-07    1.9e+03     1.0e+00      1.137e+00
 145    146   1416    5.15150749e+02    4.43985479e+02     7.11652702e-07    4.5e+03     1.0e+00      1.136e+00
 146    147   1426    5.11436858e+02    4.40884834e+02     7.05520238e-07    1.9e+03     1.0e+00      1.136e+00
 147    148   1436    5.07774213e+02    4.37926404e+02     6.98478090e-07    4.4e+03     1.0e+00      1.136e+00
 148    149   1446    5.04161857e+02    4.34907264e+02     6.92545930e-07    1.9e+03     1.0e+00      1.135e+00
 149    150   1456    5.00598612e+02    4.32029091e+02     6.85695215e-07    4.4e+03     1.0e+00      1.135e+00
 150    151   1466    4.97088034e+02    4.29093025e+02     6.79950089e-07    1.8e+03     1.0e+00      1.135e+00
 151    152   1476    4.93629729e+02    4.26302191e+02     6.73275384e-07    4.4e+03     1.0e+00      1.134e+00
 152    153   1486    4.90217349e+02    4.23444157e+02     6.67731922e-07    1.8e+03     1.0e+00      1.134e+00
 153    154   1496    4.86849855e+02    4.20726548e+02     6.61233079e-07    4.3e+03     1.0e+00      1.134e+00
 154    155   1506    4.83526456e+02    4.17939972e+02     6.55864837e-07    1.8e+03     1.0e+00      1.134e+00
 155    156   1516    4.80246170e+02    4.15292428e+02     6.49537421e-07    4.2e+03     1.0e+00      1.133e+00
 156    157   1526    4.77008252e+02    4.12574778e+02     6.44334737e-07    1.7e+03     1.0e+00      1.133e+00
 157    158   1536    4.73811773e+02    4.09994662e+02     6.38171109e-07    4.2e+03     1.0e+00      1.133e+00
 158    159   1546    4.70656026e+02    4.07343228e+02     6.33127979e-07    1.7e+03     1.0e+00      1.132e+00
 159    160   1556    4.67540132e+02    4.04827798e+02     6.27123343e-07    4.1e+03     1.0e+00      1.132e+00
 160    161   1566    4.64463423e+02    4.02240209e+02     6.22232140e-07    1.7e+03     1.0e+00      1.132e+00
 161    162   1576    4.61425065e+02    3.99787056e+02     6.16380082e-07    4.1e+03     1.0e+00      1.131e+00
 162    163   1586    4.58424423e+02    3.97260917e+02     6.11635057e-07    1.7e+03     1.0e+00      1.131e+00
 163    164   1596    4.55460706e+02    3.94867631e+02     6.05930752e-07    4.0e+03     1.0e+00      1.131e+00
 164    165   1606    4.52533313e+02    3.92400775e+02     6.01325382e-07    1.6e+03     1.0e+00      1.131e+00
 165    166   1616    4.49641494e+02    3.90065177e+02     5.95763166e-07    4.0e+03     1.0e+00      1.130e+00
 166    167   1626    4.46784675e+02    3.87655463e+02     5.91292116e-07    1.6e+03     1.0e+00      1.130e+00
 167    168   1636    4.43962145e+02    3.85375406e+02     5.85867387e-07    3.9e+03     1.0e+00      1.130e+00
 168    169   1646    4.41173359e+02    3.83020864e+02     5.81524948e-07    1.6e+03     1.0e+00      1.130e+00
 169    170   1656    4.38417640e+02    3.80794374e+02     5.76232650e-07    3.9e+03     1.0e+00      1.129e+00
 170    171   1666    4.35694470e+02    3.78493078e+02     5.72013917e-07    1.6e+03     1.0e+00      1.129e+00
 171    172   1676    4.33003205e+02    3.76318232e+02     5.66849733e-07    3.8e+03     1.0e+00      1.129e+00
 172    173   1686    4.30343353e+02    3.74068389e+02     5.62749641e-07    1.6e+03     1.0e+00      1.128e+00
 173    174   1696    4.27714298e+02    3.71943396e+02     5.57709025e-07    3.8e+03     1.0e+00      1.128e+00
 174    175   1706    4.25115574e+02    3.69743266e+02     5.53723084e-07    1.5e+03     1.0e+00      1.128e+00
 175    176   1716    4.22546594e+02    3.67666392e+02     5.48802016e-07    3.8e+03     1.0e+00      1.128e+00
 176    177   1726    4.20006912e+02    3.65514342e+02     5.44925699e-07    1.5e+03     1.0e+00      1.127e+00
 177    178   1736    4.17495969e+02    3.63483963e+02     5.40120065e-07    3.7e+03     1.0e+00      1.127e+00
 178    179   1746    4.15013341e+02    3.61378414e+02     5.36349270e-07    1.5e+03     1.0e+00      1.127e+00
 179    180   1756    4.12558493e+02    3.59392959e+02     5.31655341e-07    3.7e+03     1.0e+00      1.127e+00
 180    181   1766    4.10131021e+02    3.57332421e+02     5.27986001e-07    1.5e+03     1.0e+00      1.126e+00
 181    182   1776    4.07730415e+02    3.55390412e+02     5.23400032e-07    3.6e+03     1.0e+00      1.126e+00
 182    183   1786    4.05356288e+02    3.53373447e+02     5.19828405e-07    1.5e+03     1.0e+00      1.126e+00
 183    184   1796    4.03008153e+02    3.51473458e+02     5.15346945e-07    3.6e+03     1.0e+00      1.126e+00
 184    185   1806    4.00685641e+02    3.49498705e+02     5.11869361e-07    1.4e+03     1.0e+00      1.125e+00
 185    186   1816    3.98388286e+02    3.47639387e+02     5.07488989e-07    3.6e+03     1.0e+00      1.125e+00
 186    187   1826    3.96115735e+02    3.45705531e+02     5.04102035e-07    1.4e+03     1.0e+00      1.125e+00
 187    188   1836    3.93867542e+02    3.43885587e+02     4.99819556e-07    3.5e+03     1.0e+00      1.125e+00
 188    189   1846    3.91643371e+02    3.41991380e+02     4.96519911e-07    1.4e+03     1.0e+00      1.124e+00
 189    190   1856    3.89442794e+02    3.40209575e+02     4.92332192e-07    3.5e+03     1.0e+00      1.124e+00
 190    191   1866    3.87265489e+02    3.38353815e+02     4.89116740e-07    1.4e+03     1.0e+00      1.124e+00
 191    192   1876    3.85111048e+02    3.36608965e+02     4.85020826e-07    3.4e+03     1.0e+00      1.124e+00
 192    193   1886    3.82979160e+02    3.34790505e+02     4.81886555e-07    1.4e+03     1.0e+00      1.123e+00
 193    194   1896    3.80871283e+02    3.33083014e+02     4.77882693e-07    3.4e+03     1.0e+00      1.123e+00
 194    195   1906    3.78785092e+02    3.31302841e+02     4.74822508e-07    1.3e+03     1.0e+00      1.123e+00
 195    196   1916    3.76720399e+02    3.29629577e+02     4.70908218e-07    3.4e+03     1.0e+00      1.123e+00
 196    197   1926    3.74676918e+02    3.27884623e+02     4.67922943e-07    1.3e+03     1.0e+00      1.122e+00
 197    198   1936    3.72654287e+02    3.26245224e+02     4.64090626e-07    3.3e+03     1.0e+00      1.122e+00
 198    199   1946    3.70652235e+02    3.24534426e+02     4.61178086e-07    1.3e+03     1.0e+00      1.122e+00
 199    200   1956    3.68681514e+02    3.22937914e+02     4.57436000e-07    3.3e+03     1.0e+00      1.122e+00
 200    201   1966    3.66727372e+02    3.21269345e+02     4.54580264e-07    1.3e+03     1.0e+00      1.122e+00
 201    202   1976    3.64792730e+02    3.19701271e+02     4.50914589e-07    3.3e+03     1.0e+00      1.121e+00
 202    203   1986    3.62877322e+02    3.18064562e+02     4.48127604e-07    1.3e+03     1.0e+00      1.121e+00
 203    204   1996    3.60980827e+02    3.16526697e+02     4.44541301e-07    3.2e+03     1.0e+00      1.121e+00
 204    205   2006    3.59103007e+02    3.14921041e+02     4.41819667e-07    1.3e+03     1.0e+00      1.121e+00
 205    206   2016    3.57243557e+02    3.13413029e+02     4.38305278e-07    3.2e+03     1.0e+00      1.120e+00
 206    207   2026    3.55402250e+02    3.11837507e+02     4.35647423e-07    1.2e+03     1.0e+00      1.120e+00
 207    208   2036    3.53578792e+02    3.10358259e+02     4.32205327e-07    3.2e+03     1.0e+00      1.120e+00
 208    209   2046    3.51772965e+02    3.08812114e+02     4.29608512e-07    1.2e+03     1.0e+00      1.120e+00
 209    210   2056    3.49984488e+02    3.07360953e+02     4.26235351e-07    3.1e+03     1.0e+00      1.119e+00
 210    211   2066    3.48213150e+02    3.05843304e+02     4.23698465e-07    1.2e+03     1.0e+00      1.119e+00
 211    212   2076    3.46458682e+02    3.04419355e+02     4.20393272e-07    3.1e+03     1.0e+00      1.119e+00
 212    213   2086    3.44720880e+02    3.02929496e+02     4.17913835e-07    1.2e+03     1.0e+00      1.119e+00
 213    214   2096    3.42999484e+02    3.01532092e+02     4.14673915e-07    3.1e+03     1.0e+00      1.119e+00
 214    215   2106    3.41294299e+02    3.00069230e+02     4.12250697e-07    1.2e+03     1.0e+00      1.118e+00
 215    216   2116    3.39605075e+02    2.98697598e+02     4.09074773e-07    3.1e+03     1.0e+00      1.118e+00
 216    217   2126    3.37931625e+02    2.97261062e+02     4.06705625e-07    1.2e+03     1.0e+00      1.118e+00
 217    218   2136    3.36273705e+02    2.95914563e+02     4.03591417e-07    3.0e+03     1.0e+00      1.118e+00
 218    219   2146    3.34631136e+02    2.94503632e+02     4.01275042e-07    1.2e+03     1.0e+00      1.118e+00
 219    220   2156    3.33003685e+02    2.93181567e+02     3.98221178e-07    3.0e+03     1.0e+00      1.117e+00
 220    221   2166    3.31391178e+02    2.91795609e+02     3.95955696e-07    1.1e+03     1.0e+00      1.117e+00
 221    222   2176    3.29793390e+02    2.90497370e+02     3.92960196e-07    3.0e+03     1.0e+00      1.117e+00
 222    223   2186    3.28210153e+02    2.89135723e+02     3.90744302e-07    1.1e+03     1.0e+00      1.117e+00
 223    224   2196    3.26641251e+02    2.87860673e+02     3.87805784e-07    2.9e+03     1.0e+00      1.116e+00
 224    225   2206    3.25086522e+02    2.86522740e+02     3.85637813e-07    1.1e+03     1.0e+00      1.116e+00
 225    226   2216    3.23545756e+02    2.85270304e+02     3.82754525e-07    2.9e+03     1.0e+00      1.116e+00
 226    227   2226    3.22018798e+02    2.83955478e+02     3.80633204e-07    1.1e+03     1.0e+00      1.116e+00
 227    228   2236    3.20505446e+02    2.82725066e+02     3.77803792e-07    2.9e+03     1.0e+00      1.116e+00
 228    229   2246    3.19005548e+02    2.81432786e+02     3.75727629e-07    1.1e+03     1.0e+00      1.115e+00
 229    230   2256    3.17518911e+02    2.80223859e+02     3.72950521e-07    2.9e+03     1.0e+00      1.115e+00
 230    231   2266    3.16045389e+02    2.78953559e+02     3.70918293e-07    1.1e+03     1.0e+00      1.115e+00
 231    232   2276    3.14584792e+02    2.77765574e+02     3.68192187e-07    2.8e+03     1.0e+00      1.115e+00
 232    233   2286    3.13136982e+02    2.76516727e+02     3.66202547e-07    1.1e+03     1.0e+00      1.115e+00
 233    234   2296    3.11701775e+02    2.75349174e+02     3.63526013e-07    2.8e+03     1.0e+00      1.114e+00
 234    235   2306    3.10279037e+02    2.74121257e+02     3.61577802e-07    1.1e+03     1.0e+00      1.114e+00
 235    236   2316    3.08868591e+02    2.72973631e+02     3.58949600e-07    2.8e+03     1.0e+00      1.114e+00
 236    237   2326    3.07474232e+02    2.71770612e+02     3.57036206e-07    1.0e+03     1.0e+00      1.114e+00
 237    238   2336    3.06095514e+02    2.70650957e+02     3.54445567e-07    2.8e+03     1.0e+00      1.114e+00
 238    239   2346    3.04728569e+02    2.69470022e+02     3.52585470e-07    1.0e+03     1.0e+00      1.113e+00
 239    240   2356    3.03373229e+02    2.68369510e+02     3.50037184e-07    2.8e+03     1.0e+00      1.113e+00
 240    241   2366    3.02029371e+02    2.67207893e+02     3.48214777e-07    1.0e+03     1.0e+00      1.113e+00
 241    242   2376    3.00696836e+02    2.66125721e+02     3.45711155e-07    2.8e+03     1.0e+00      1.113e+00
 242    243   2386    2.99375508e+02    2.64982937e+02     3.43925710e-07    1.0e+03     1.0e+00      1.113e+00
 243    244   2396    2.98065232e+02    2.63918752e+02     3.41464795e-07    2.7e+03     1.0e+00      1.112e+00
 244    245   2406    2.96765895e+02    2.62794305e+02     3.39715903e-07    1.0e+03     1.0e+00      1.112e+00
 245    246   2416    2.95477349e+02    2.61747565e+02     3.37297832e-07    2.7e+03     1.0e+00      1.112e+00
 246    247   2426    2.94199484e+02    2.60641104e+02     3.35583795e-07    9.9e+02     1.0e+00      1.112e+00
 247    248   2436    2.92932156e+02    2.59611481e+02     3.33206750e-07    2.7e+03     1.0e+00      1.112e+00
 248    249   2446    2.91675259e+02    2.58522539e+02     3.31527204e-07    9.8e+02     1.0e+00      1.112e+00
 249    250   2456    2.90428654e+02    2.57509560e+02     3.29190940e-07    2.7e+03     1.0e+00      1.111e+00
 250    251   2466    2.89192238e+02    2.56437800e+02     3.27544388e-07    9.7e+02     1.0e+00      1.111e+00
 251    252   2476    2.87965876e+02    2.55441147e+02     3.25247290e-07    2.6e+03     1.0e+00      1.111e+00
 252    253   2486    2.86749469e+02    2.54386135e+02     3.23633340e-07    9.6e+02     1.0e+00      1.111e+00
 253    254   2496    2.85542886e+02    2.53405382e+02     3.21375032e-07    2.6e+03     1.0e+00      1.111e+00
 254    255   2506    2.84346030e+02    2.52366793e+02     3.19792370e-07    9.5e+02     1.0e+00      1.110e+00
 255    256   2516    2.83158774e+02    2.51401632e+02     3.17571424e-07    2.6e+03     1.0e+00      1.110e+00
 256    257   2526    2.81981026e+02    2.50379063e+02     3.16019626e-07    9.3e+02     1.0e+00      1.110e+00
 257    258   2536    2.80812661e+02    2.49429102e+02     3.13835594e-07    2.6e+03     1.0e+00      1.110e+00
 258    259   2546    2.79653590e+02    2.48422240e+02     3.12313500e-07    9.3e+02     1.0e+00      1.110e+00
 259    260   2556    2.78503694e+02    2.47487182e+02     3.10165112e-07    2.6e+03     1.0e+00      1.110e+00
 260    261   2566    2.77362883e+02    2.46495656e+02     3.08672275e-07    9.2e+02     1.0e+00      1.109e+00
 261    262   2576    2.76231043e+02    2.45575139e+02     3.06559041e-07    2.5e+03     1.0e+00      1.109e+00
 262    263   2586    2.75108089e+02    2.44598646e+02     3.05094431e-07    9.1e+02     1.0e+00      1.109e+00
 263    264   2596    2.73993907e+02    2.43692386e+02     3.03015216e-07    2.5e+03     1.0e+00      1.109e+00
 264    265   2606    2.72888416e+02    2.42730579e+02     3.01578372e-07    9.0e+02     1.0e+00      1.109e+00
 265    266   2616    2.71791506e+02    2.41838240e+02     2.99532663e-07    2.5e+03     1.0e+00      1.108e+00
 266    267   2626    2.70703097e+02    2.40890831e+02     2.98122665e-07    8.9e+02     1.0e+00      1.108e+00
 267    268   2636    2.69623083e+02    2.40012139e+02     2.96109440e-07    2.5e+03     1.0e+00      1.108e+00
 268    269   2646    2.68551386e+02    2.39078804e+02     2.94725824e-07    8.8e+02     1.0e+00      1.108e+00
 269    270   2656    2.67487903e+02    2.38213447e+02     2.92744560e-07    2.5e+03     1.0e+00      1.108e+00
 270    271   2666    2.66432559e+02    2.37293909e+02     2.91386499e-07    8.7e+02     1.0e+00      1.108e+00
 271    272   2676    2.65385254e+02    2.36441627e+02     2.89436271e-07    2.4e+03     1.0e+00      1.107e+00
 272    273   2686    2.64345914e+02    2.35535583e+02     2.88103302e-07    8.6e+02     1.0e+00      1.107e+00
 273    274   2696    2.63314441e+02    2.34696082e+02     2.86183587e-07    2.4e+03     1.0e+00      1.107e+00
 274    275   2706    2.62290766e+02    2.33803269e+02     2.84874964e-07    8.5e+02     1.0e+00      1.107e+00
 275    276   2716    2.61274792e+02    2.32976300e+02     2.82984919e-07    2.4e+03     1.0e+00      1.107e+00
 276    277   2726    2.60266452e+02    2.32096433e+02     2.81700186e-07    8.4e+02     1.0e+00      1.107e+00
 277    278   2736    2.59265652e+02    2.31281723e+02     2.79839293e-07    2.4e+03     1.0e+00      1.106e+00
 278    279   2746    2.58272327e+02    2.30414550e+02     2.78577772e-07    8.3e+02     1.0e+00      1.106e+00
 279    280   2756    2.57286386e+02    2.29611859e+02     2.76745261e-07    2.4e+03     1.0e+00      1.106e+00
 280    281   2766    2.56307763e+02    2.28757113e+02     2.75506507e-07    8.2e+02     1.0e+00      1.106e+00
 281    282   2776    2.55336373e+02    2.27966186e+02     2.73701872e-07    2.3e+03     1.0e+00      1.106e+00
 282    283   2786    2.54372151e+02    2.27123625e+02     2.72485264e-07    8.2e+02     1.0e+00      1.106e+00
 283    284   2796    2.53415013e+02    2.26344234e+02     2.70707795e-07    2.3e+03     1.0e+00      1.105e+00
 284    285   2806    2.52464898e+02    2.25513607e+02     2.69512905e-07    8.1e+02     1.0e+00      1.105e+00
 285    286   2816    2.51521721e+02    2.24745510e+02     2.67762108e-07    2.3e+03     1.0e+00      1.105e+00
 286    287   2826    2.50585425e+02    2.23926588e+02     2.66588363e-07    8.0e+02     1.0e+00      1.105e+00
 287    288   2836    2.49655927e+02    2.23169569e+02     2.64863588e-07    2.3e+03     1.0e+00      1.105e+00
 288    289   2846    2.48733171e+02    2.22362114e+02     2.63710574e-07    7.9e+02     1.0e+00      1.105e+00
 289    290   2856    2.47817078e+02    2.21615944e+02     2.62011340e-07    2.3e+03     1.0e+00      1.104e+00
 290    291   2866    2.46907590e+02    2.20819737e+02     2.60878531e-07    7.9e+02     1.0e+00      1.104e+00
 291    292   2876    2.46004633e+02    2.20084210e+02     2.59204234e-07    2.3e+03     1.0e+00      1.104e+00
 292    293   2886    2.45108150e+02    2.19299027e+02     2.58091232e-07    7.8e+02     1.0e+00      1.104e+00
 293    294   2896    2.44218068e+02    2.18573927e+02     2.56441410e-07    2.2e+03     1.0e+00      1.104e+00
 294    295   2906    2.43334333e+02    2.17799560e+02     2.55347727e-07    7.8e+02     1.0e+00      1.104e+00
 295    296   2916    2.42456872e+02    2.17084690e+02     2.53721819e-07    2.2e+03     1.0e+00      1.104e+00
 296    297   2926    2.41585633e+02    2.16320926e+02     2.52647074e-07    7.7e+02     1.0e+00      1.103e+00
 297    298   2936    2.40720546e+02    2.15616083e+02     2.51044635e-07    2.2e+03     1.0e+00      1.103e+00
 298    299   2946    2.39861560e+02    2.14862723e+02     2.49988374e-07    7.7e+02     1.0e+00      1.103e+00
 299    300   2956    2.39008606e+02    2.14167718e+02     2.48408882e-07    2.2e+03     1.0e+00      1.103e+00
 300    301   2966    2.38161635e+02    2.13424561e+02     2.47370740e-07    7.6e+02     1.0e+00      1.103e+00
 301    302   2976    2.37320580e+02    2.12739203e+02     2.45813767e-07    2.2e+03     1.0e+00      1.103e+00
 302    303   2986    2.36485391e+02    2.12006059e+02     2.44793323e-07    7.6e+02     1.0e+00      1.102e+00
 303    304   2996    2.35656005e+02    2.11330167e+02     2.43258381e-07    2.2e+03     1.0e+00      1.102e+00
 304    305   3006    2.34832374e+02    2.10606846e+02     2.42255285e-07    7.5e+02     1.0e+00      1.102e+00
 305    306   3016    2.34014434e+02    2.09940238e+02     2.40741965e-07    2.1e+03     1.0e+00      1.102e+00
 306    307   3026    2.33202140e+02    2.09226558e+02     2.39755824e-07    7.5e+02     1.0e+00      1.102e+00
 307    308   3036    2.32395430e+02    2.08569063e+02     2.38263669e-07    2.1e+03     1.0e+00      1.102e+00
 308    309   3046    2.31594258e+02    2.07864843e+02     2.37294148e-07    7.4e+02     1.0e+00      1.102e+00
 309    310   3056    2.30798564e+02    2.07216288e+02     2.35822766e-07    2.1e+03     1.0e+00      1.101e+00
 310    311   3066    2.30008305e+02    2.06521356e+02     2.34869497e-07    7.4e+02     1.0e+00      1.101e+00
 311    312   3076    2.29223422e+02    2.05881576e+02     2.33418459e-07    2.1e+03     1.0e+00      1.101e+00
 312    313   3086    2.28443872e+02    2.05195760e+02     2.32481123e-07    7.3e+02     1.0e+00      1.101e+00
 313    314   3096    2.27669598e+02    2.04564592e+02     2.31050054e-07    2.1e+03     1.0e+00      1.101e+00
 314    315   3106    2.26900557e+02    2.03887726e+02     2.30128307e-07    7.3e+02     1.0e+00      1.101e+00
 315    316   3116    2.26136694e+02    2.03265014e+02     2.28716804e-07    2.1e+03     1.0e+00      1.101e+00
 316    317   3126    2.25377969e+02    2.02596935e+02     2.27810341e-07    7.2e+02     1.0e+00      1.100e+00
 317    318   3136    2.24624326e+02    2.01982522e+02     2.26418045e-07    2.1e+03     1.0e+00      1.100e+00
 318    319   3146    2.23875727e+02    2.01323073e+02     2.25526542e-07    7.2e+02     1.0e+00      1.100e+00
 319    320   3156    2.23132117e+02    2.00716809e+02     2.24153073e-07    2.0e+03     1.0e+00      1.100e+00
 320    321   3166    2.22393457e+02    2.00065834e+02     2.23276239e-07    7.1e+02     1.0e+00      1.100e+00
 321    322   3176    2.21659697e+02    1.99467571e+02     2.21921256e-07    2.0e+03     1.0e+00      1.100e+00
 322    323   3186    2.20930798e+02    1.98824919e+02     2.21058786e-07    7.1e+02     1.0e+00      1.100e+00
 323    324   3196    2.20206709e+02    1.98234516e+02     2.19721929e-07    2.0e+03     1.0e+00      1.099e+00
 324    325   3206    2.19487393e+02    1.97600038e+02     2.18873546e-07    7.1e+02     1.0e+00      1.099e+00
 325    326   3216    2.18772800e+02    1.97017352e+02     2.17554489e-07    2.0e+03     1.0e+00      1.099e+00
 326    327   3226    2.18062896e+02    1.96390905e+02     2.16719905e-07    7.0e+02     1.0e+00      1.099e+00
 327    328   3236    2.17357630e+02    1.95815799e+02     2.15418308e-07    2.0e+03     1.0e+00      1.099e+00
 328    329   3246    2.16656968e+02    1.95197242e+02     2.14597260e-07    7.0e+02     1.0e+00      1.099e+00
 329    330   3256    2.15960863e+02    1.94629582e+02     2.13312812e-07    2.0e+03     1.0e+00      1.099e+00
 330    331   3266    2.15269280e+02    1.94018778e+02     2.12505027e-07    6.9e+02     1.0e+00      1.098e+00
 331    332   3276    2.14582173e+02    1.93458432e+02     2.11237405e-07    2.0e+03     1.0e+00      1.098e+00
 332    333   3286    2.13899508e+02    1.92855245e+02     2.10442632e-07    6.9e+02     1.0e+00      1.098e+00
 333    334   3296    2.13221240e+02    1.92302086e+02     2.09191540e-07    1.9e+03     1.0e+00      1.098e+00
 334    335   3306    2.12547337e+02    1.91706385e+02     2.08409521e-07    6.8e+02     1.0e+00      1.098e+00
 335    336   3316    2.11877753e+02    1.91160288e+02     2.07174653e-07    1.9e+03     1.0e+00      1.098e+00
 336    337   3326    2.11212457e+02    1.90571943e+02     2.06405149e-07    6.8e+02     1.0e+00      1.098e+00
 337    338   3336    2.10551406e+02    1.90032784e+02     2.05186221e-07    1.9e+03     1.0e+00      1.097e+00
 338    339   3346    2.09894569e+02    1.89451670e+02     2.04428987e-07    6.7e+02     1.0e+00      1.097e+00
 339    340   3356    2.09241903e+02    1.88919332e+02     2.03225711e-07    1.9e+03     1.0e+00      1.097e+00
 340    341   3366    2.08593377e+02    1.88345325e+02     2.02480518e-07    6.7e+02     1.0e+00      1.097e+00
 341    342   3376    2.07948951e+02    1.87819689e+02     2.01292621e-07    1.9e+03     1.0e+00      1.097e+00
 342    343   3386    2.07308594e+02    1.87252670e+02     2.00559239e-07    6.7e+02     1.0e+00      1.097e+00
 343    344   3396    2.06672266e+02    1.86733621e+02     1.99386447e-07    1.9e+03     1.0e+00      1.097e+00
 344    345   3406    2.06039937e+02    1.86173472e+02     1.98664656e-07    6.6e+02     1.0e+00      1.097e+00
 345    346   3416    2.05411569e+02    1.85660898e+02     1.97506709e-07    1.9e+03     1.0e+00      1.096e+00
 346    347   3426    2.04787133e+02    1.85107504e+02     1.96796290e-07    6.6e+02     1.0e+00      1.096e+00
 347    348   3436    2.04166589e+02    1.84601296e+02     1.95652926e-07    1.8e+03     1.0e+00      1.096e+00
 348    349   3446    2.03549910e+02    1.84054543e+02     1.94953672e-07    6.5e+02     1.0e+00      1.096e+00
 349    350   3456    2.02937058e+02    1.83554594e+02     1.93824643e-07    1.8e+03     1.0e+00      1.096e+00
 350    351   3466    2.02328007e+02    1.83014372e+02     1.93136343e-07    6.5e+02     1.0e+00      1.096e+00
 351    352   3476    2.01722718e+02    1.82520577e+02     1.92021401e-07    1.8e+03     1.0e+00      1.096e+00
 352    353   3486    2.01121164e+02    1.81986779e+02     1.91343858e-07    6.5e+02     1.0e+00      1.095e+00
 353    354   3496    2.00523311e+02    1.81499035e+02     1.90242764e-07    1.8e+03     1.0e+00      1.095e+00
 354    355   3506    1.99929132e+02    1.80971554e+02     1.89575778e-07    6.4e+02     1.0e+00      1.095e+00
 355    356   3516    1.99338590e+02    1.80489760e+02     1.88488295e-07    1.8e+03     1.0e+00      1.095e+00
 356    357   3526    1.98751661e+02    1.79968493e+02     1.87831677e-07    6.4e+02     1.0e+00      1.095e+00
 357    358   3536    1.98168310e+02    1.79492552e+02     1.86757579e-07    1.8e+03     1.0e+00      1.095e+00
 358    359   3546    1.97588512e+02    1.78977398e+02     1.86111138e-07    6.4e+02     1.0e+00      1.095e+00
 359    360   3556    1.97012232e+02    1.78507213e+02     1.85050198e-07    1.8e+03     1.0e+00      1.095e+00
 360    361   3566    1.96439447e+02    1.77998072e+02     1.84413754e-07    6.4e+02     1.0e+00      1.094e+00
 361    362   3576    1.95870123e+02    1.77533548e+02     1.83365755e-07    1.8e+03     1.0e+00      1.094e+00
 362    363   3586    1.95304236e+02    1.77030324e+02     1.82739126e-07    6.3e+02     1.0e+00      1.094e+00
 363    364   3596    1.94741754e+02    1.76571369e+02     1.81703852e-07    1.8e+03     1.0e+00      1.094e+00
 364    365   3606    1.94182652e+02    1.76073966e+02     1.81086865e-07    6.3e+02     1.0e+00      1.094e+00
 365    366   3616    1.93626900e+02    1.75620489e+02     1.80064108e-07    1.7e+03     1.0e+00      1.094e+00
 366    367   3626    1.93074474e+02    1.75128815e+02     1.79456591e-07    6.3e+02     1.0e+00      1.094e+00
 367    368   3636    1.92525342e+02    1.74680728e+02     1.78446144e-07    1.7e+03     1.0e+00      1.094e+00
 368    369   3646    1.91979483e+02    1.74194690e+02     1.77847931e-07    6.3e+02     1.0e+00      1.093e+00
 369    370   3656    1.91436866e+02    1.73751907e+02     1.76849594e-07    1.7e+03     1.0e+00      1.093e+00
 370    371   3666    1.90897468e+02    1.73271416e+02     1.76260521e-07    6.2e+02     1.0e+00      1.093e+00
 371    372   3676    1.90361261e+02    1.72833851e+02     1.75274097e-07    1.7e+03     1.0e+00      1.093e+00
 372    373   3686    1.89828221e+02    1.72358820e+02     1.74694004e-07    6.2e+02     1.0e+00      1.093e+00
 373    374   3696    1.89298320e+02    1.71926390e+02     1.73719303e-07    1.7e+03     1.0e+00      1.093e+00
 374    375   3706    1.88771536e+02    1.71456733e+02     1.73148033e-07    6.2e+02     1.0e+00      1.093e+00
 375    376   3716    1.88247842e+02    1.71029355e+02     1.72184865e-07    1.7e+03     1.0e+00      1.093e+00
 376    377   3726    1.87727215e+02    1.70564989e+02     1.71622267e-07    6.2e+02     1.0e+00      1.092e+00
 377    378   3736    1.87209629e+02    1.70142584e+02     1.70670448e-07    1.7e+03     1.0e+00      1.092e+00
 378    379   3746    1.86695062e+02    1.69683425e+02     1.70116371e-07    6.2e+02     1.0e+00      1.092e+00
 379    380   3756    1.86183487e+02    1.69265915e+02     1.69175721e-07    1.7e+03     1.0e+00      1.092e+00
 380    381   3766    1.85674884e+02    1.68811882e+02     1.68630019e-07    6.1e+02     1.0e+00      1.092e+00
 381    382   3776    1.85169226e+02    1.68399189e+02     1.67700363e-07    1.7e+03     1.0e+00      1.092e+00
 382    383   3786    1.84666493e+02    1.67950204e+02     1.67162892e-07    6.1e+02     1.0e+00      1.092e+00
 383    384   3796    1.84166659e+02    1.67542254e+02     1.66244056e-07    1.6e+03     1.0e+00      1.092e+00
 384    385   3806    1.83669752e+02    1.67098334e+02     1.65714179e-07    6.1e+02     1.0e+00      1.091e+00
 385    386   3816    1.83175591e+02    1.66695063e+02     1.64805284e-07    1.6e+03     1.0e+00      1.091e+00
 386    387   3826    1.82684276e+02    1.66255970e+02     1.64283055e-07    6.1e+02     1.0e+00      1.091e+00
 387    388   3836    1.82195778e+02    1.65857381e+02     1.63383971e-07    1.6e+03     1.0e+00      1.091e+00
 388    389   3846    1.81710078e+02    1.65423109e+02     1.62869696e-07    6.0e+02     1.0e+00      1.091e+00
 389    390   3856    1.81227152e+02    1.65029054e+02     1.61980973e-07    1.6e+03     1.0e+00      1.091e+00
 390    391   3866    1.80746980e+02    1.64599535e+02     1.61474444e-07    6.0e+02     1.0e+00      1.091e+00
 391    392   3876    1.80269537e+02    1.64209947e+02     1.60595907e-07    1.6e+03     1.0e+00      1.091e+00
 392    393   3886    1.79794807e+02    1.63785101e+02     1.60097065e-07    6.0e+02     1.0e+00      1.091e+00
 393    394   3896    1.79322764e+02    1.63399896e+02     1.59228684e-07    1.6e+03     1.0e+00      1.090e+00
 394    395   3906    1.78853391e+02    1.62979659e+02     1.58737325e-07    6.0e+02     1.0e+00      1.090e+00
 395    396   3916    1.78386664e+02    1.62598778e+02     1.57878863e-07    1.6e+03     1.0e+00      1.090e+00
 396    397   3926    1.77922566e+02    1.62183074e+02     1.57394918e-07    6.0e+02     1.0e+00      1.090e+00
 397    398   3936    1.77461074e+02    1.61806445e+02     1.56546294e-07    1.6e+03     1.0e+00      1.090e+00
 398    399   3946    1.77002171e+02    1.61395213e+02     1.56069575e-07    5.9e+02     1.0e+00      1.090e+00
 399    400   3956    1.76545833e+02    1.61022778e+02     1.55230559e-07    1.6e+03     1.0e+00      1.090e+00
 400    401   3966    1.76092046e+02    1.60615946e+02     1.54760995e-07    5.9e+02     1.0e+00      1.090e+00
 401    402   3976    1.75640785e+02    1.60247635e+02     1.53931500e-07    1.6e+03     1.0e+00      1.089e+00
 402    403   3986    1.75192035e+02    1.59845144e+02     1.53468917e-07    5.9e+02     1.0e+00      1.089e+00
 403    404   3996    1.74745775e+02    1.59480902e+02     1.52648730e-07    1.5e+03     1.0e+00      1.089e+00
 404    405   4006    1.74301987e+02    1.59082681e+02     1.52193059e-07    5.9e+02     1.0e+00      1.089e+00
 405    406   4016    1.73860651e+02    1.58722442e+02     1.51382092e-07    1.5e+03     1.0e+00      1.089e+00
 406    407   4026    1.73421751e+02    1.58328434e+02     1.50933170e-07    5.8e+02     1.0e+00      1.089e+00
 407    408   4036    1.72985265e+02    1.57972143e+02     1.50131224e-07    1.5e+03     1.0e+00      1.089e+00
 408    409   4046    1.72551180e+02    1.57582281e+02     1.49688982e-07    5.8e+02     1.0e+00      1.089e+00
 409    410   4056    1.72119473e+02    1.57229875e+02     1.48895971e-07    1.5e+03     1.0e+00      1.089e+00
 410    411   4066    1.71690129e+02    1.56844104e+02     1.48460259e-07    5.8e+02     1.0e+00      1.088e+00
 411    412   4076    1.71263130e+02    1.56495530e+02     1.47675996e-07    1.5e+03     1.0e+00      1.088e+00
 412    413   4086    1.70838459e+02    1.56113785e+02     1.47246744e-07    5.8e+02     1.0e+00      1.088e+00
 413    414   4096    1.70416097e+02    1.55768983e+02     1.46471143e-07    1.5e+03     1.0e+00      1.088e+00
 414    415   4106    1.69996029e+02    1.55391208e+02     1.46048210e-07    5.8e+02     1.0e+00      1.088e+00
 415    416   4116    1.69578236e+02    1.55050126e+02     1.45281099e-07    1.5e+03     1.0e+00      1.088e+00
 416    417   4126    1.69162704e+02    1.54676263e+02     1.44864415e-07    5.7e+02     1.0e+00      1.088e+00
 417    418   4136    1.68749413e+02    1.54338843e+02     1.44105705e-07    1.5e+03     1.0e+00      1.088e+00
 418    419   4146    1.68338350e+02    1.53968836e+02     1.43695139e-07    5.7e+02     1.0e+00      1.088e+00
 419    420   4156    1.67929495e+02    1.53635028e+02     1.42944669e-07    1.5e+03     1.0e+00      1.087e+00
 420    421   4166    1.67522835e+02    1.53268820e+02     1.42540150e-07    5.7e+02     1.0e+00      1.087e+00
 421    422   4176    1.67118351e+02    1.52938568e+02     1.41797833e-07    1.5e+03     1.0e+00      1.087e+00
 422    423   4186    1.66716030e+02    1.52576107e+02     1.41399238e-07    5.7e+02     1.0e+00      1.087e+00
 423    424   4196    1.66315855e+02    1.52249362e+02     1.40664922e-07    1.5e+03     1.0e+00      1.087e+00
 424    425   4206    1.65917810e+02    1.51890592e+02     1.40272182e-07    5.7e+02     1.0e+00      1.087e+00
 425    426   4216    1.65521880e+02    1.51567302e+02     1.39545779e-07    1.4e+03     1.0e+00      1.087e+00
 426    427   4226    1.65128050e+02    1.51212172e+02     1.39158777e-07    5.6e+02     1.0e+00      1.087e+00
 427    428   4236    1.64736304e+02    1.50892289e+02     1.38440145e-07    1.4e+03     1.0e+00      1.087e+00
 428    429   4246    1.64346628e+02    1.50540746e+02     1.38058812e-07    5.6e+02     1.0e+00      1.086e+00
 429    430   4256    1.63959005e+02    1.50224219e+02     1.37347864e-07    1.4e+03     1.0e+00      1.086e+00
 430    431   4266    1.63573423e+02    1.49876214e+02     1.36972091e-07    5.6e+02     1.0e+00      1.086e+00
 431    432   4276    1.63189866e+02    1.49562996e+02     1.36268693e-07    1.4e+03     1.0e+00      1.086e+00
 432    433   4286    1.62808319e+02    1.49218479e+02     1.35898410e-07    5.6e+02     1.0e+00      1.086e+00
 433    434   4296    1.62428768e+02    1.48908521e+02     1.35202476e-07    1.4e+03     1.0e+00      1.086e+00
 434    435   4306    1.62051200e+02    1.48567442e+02     1.34837580e-07    5.6e+02     1.0e+00      1.086e+00
 435    436   4316    1.61675599e+02    1.48260701e+02     1.34148983e-07    1.4e+03     1.0e+00      1.086e+00
 436    437   4326    1.61301953e+02    1.47923012e+02     1.33789407e-07    5.5e+02     1.0e+00      1.086e+00
 437    438   4336    1.60930245e+02    1.47619439e+02     1.33108062e-07    1.4e+03     1.0e+00      1.085e+00
 438    439   4346    1.60560465e+02    1.47285094e+02     1.32753706e-07    5.5e+02     1.0e+00      1.085e+00
 439    440   4356    1.60192596e+02    1.46984647e+02     1.32079492e-07    1.4e+03     1.0e+00      1.085e+00
 440    441   4366    1.59826627e+02    1.46653598e+02     1.31730292e-07    5.5e+02     1.0e+00      1.085e+00
 441    442   4376    1.59462543e+02    1.46356230e+02     1.31063127e-07    1.4e+03     1.0e+00      1.085e+00
 442    443   4386    1.59100332e+02    1.46028434e+02     1.30718987e-07    5.5e+02     1.0e+00      1.085e+00
 443    444   4396    1.58739980e+02    1.45734104e+02     1.30058755e-07    1.4e+03     1.0e+00      1.085e+00
 444    445   4406    1.58381474e+02    1.45409513e+02     1.29719611e-07    5.5e+02     1.0e+00      1.085e+00
 445    446   4416    1.58024801e+02    1.45118178e+02     1.29066231e-07    1.4e+03     1.0e+00      1.085e+00
 446    447   4426    1.57669949e+02    1.44796750e+02     1.28731995e-07    5.5e+02     1.0e+00      1.085e+00
 447    448   4436    1.57316904e+02    1.44508368e+02     1.28085356e-07    1.3e+03     1.0e+00      1.084e+00
 448    449   4446    1.56965655e+02    1.44190058e+02     1.27755963e-07    5.4e+02     1.0e+00      1.084e+00
 449    450   4456    1.56616187e+02    1.43904588e+02     1.27115987e-07    1.3e+03     1.0e+00      1.084e+00
 450    451   4466    1.56268491e+02    1.43589355e+02     1.26791352e-07    5.4e+02     1.0e+00      1.084e+00
 451    452   4476    1.55922551e+02    1.43306758e+02     1.26157933e-07    1.3e+03     1.0e+00      1.084e+00
 452    453   4486    1.55578358e+02    1.42994559e+02     1.25837995e-07    5.4e+02     1.0e+00      1.084e+00
 453    454   4496    1.55235898e+02    1.42714792e+02     1.25211056e-07    1.3e+03     1.0e+00      1.084e+00
 454    455   4506    1.54895161e+02    1.42405587e+02     1.24895733e-07    5.4e+02     1.0e+00      1.084e+00
 455    456   4516    1.54556132e+02    1.42128615e+02     1.24275173e-07    1.3e+03     1.0e+00      1.084e+00
 456    457   4526    1.54218803e+02    1.41822362e+02     1.23964404e-07    5.4e+02     1.0e+00      1.084e+00
 457    458   4536    1.53883159e+02    1.41548144e+02     1.23350148e-07    1.3e+03     1.0e+00      1.083e+00
 458    459   4546    1.53549190e+02    1.41244805e+02     1.23043855e-07    5.3e+02     1.0e+00      1.083e+00
 459    460   4556    1.53216884e+02    1.40973304e+02     1.22435806e-07    1.3e+03     1.0e+00      1.083e+00
 460    461   4566    1.52886232e+02    1.40672838e+02     1.22133931e-07    5.3e+02     1.0e+00      1.083e+00
 461    462   4576    1.52557218e+02    1.40404017e+02     1.21532015e-07    1.3e+03     1.0e+00      1.083e+00
 462    463   4586    1.52229836e+02    1.40106387e+02     1.21234484e-07    5.3e+02     1.0e+00      1.083e+00
 463    464   4596    1.51904071e+02    1.39840210e+02     1.20638609e-07    1.3e+03     1.0e+00      1.083e+00
 464    465   4606    1.51579914e+02    1.39545378e+02     1.20345362e-07    5.3e+02     1.0e+00      1.083e+00
 465    466   4616    1.51257353e+02    1.39281807e+02     1.19755456e-07    1.3e+03     1.0e+00      1.083e+00
 466    467   4626    1.50936379e+02    1.38989736e+02     1.19466424e-07    5.3e+02     1.0e+00      1.083e+00
 467    468   4636    1.50616978e+02    1.38728739e+02     1.18882398e-07    1.3e+03     1.0e+00      1.082e+00
 468    469   4646    1.50299143e+02    1.38439391e+02     1.18597523e-07    5.3e+02     1.0e+00      1.082e+00
 469    470   4656    1.49982862e+02    1.38180931e+02     1.18019307e-07    1.3e+03     1.0e+00      1.082e+00
 470    471   4666    1.49668124e+02    1.37894272e+02     1.17738522e-07    5.2e+02     1.0e+00      1.082e+00
 471    472   4676    1.49354918e+02    1.37638315e+02     1.17166032e-07    1.3e+03     1.0e+00      1.082e+00
 472    473   4686    1.49043237e+02    1.37354309e+02     1.16889281e-07    5.2e+02     1.0e+00      1.082e+00
 473    474   4696    1.48733067e+02    1.37100822e+02     1.16322447e-07    1.3e+03     1.0e+00      1.082e+00
 474    475   4706    1.48424400e+02    1.36819433e+02     1.16049666e-07    5.2e+02     1.0e+00      1.082e+00
 475    476   4716    1.48117225e+02    1.36568384e+02     1.15488407e-07    1.2e+03     1.0e+00      1.082e+00
 476    477   4726    1.47811533e+02    1.36289579e+02     1.15219541e-07    5.2e+02     1.0e+00      1.082e+00
 477    478   4736    1.47507313e+02    1.36040934e+02     1.14663789e-07    1.2e+03     1.0e+00      1.081e+00
 478    479   4746    1.47204556e+02    1.35764678e+02     1.14398777e-07    5.2e+02     1.0e+00      1.081e+00
 479    480   4756    1.46903345e+02    1.35518478e+02     1.13848676e-07    1.2e+03     1.0e+00      1.081e+00
 480    481   4766    1.46603563e+02    1.35244845e+02     1.13587183e-07    5.1e+02     1.0e+00      1.081e+00
 481    482   4776    1.46305214e+02    1.35000956e+02     1.13042577e-07    1.2e+03     1.0e+00      1.081e+00
 482    483   4786    1.46008290e+02    1.34729808e+02     1.12784816e-07    5.1e+02     1.0e+00      1.081e+00
 483    484   4796    1.45712780e+02    1.34488226e+02     1.12245542e-07    1.2e+03     1.0e+00      1.081e+00
 484    485   4806    1.45418677e+02    1.34219532e+02     1.11991449e-07    5.1e+02     1.0e+00      1.081e+00
 485    486   4816    1.45125969e+02    1.33980231e+02     1.11457383e-07    1.2e+03     1.0e+00      1.081e+00
 486    487   4826    1.44834649e+02    1.33713959e+02     1.11206906e-07    5.1e+02     1.0e+00      1.081e+00
 487    488   4836    1.44544707e+02    1.33476907e+02     1.10677998e-07    1.2e+03     1.0e+00      1.080e+00
 488    489   4846    1.44256135e+02    1.33213025e+02     1.10431096e-07    5.1e+02     1.0e+00      1.080e+00
 489    490   4856    1.43968921e+02    1.32978197e+02     1.09907242e-07    1.2e+03     1.0e+00      1.080e+00
 490    491   4866    1.43683060e+02    1.32716673e+02     1.09663878e-07    5.1e+02     1.0e+00      1.080e+00
 491    492   4876    1.43398541e+02    1.32484036e+02     1.09145048e-07    1.2e+03     1.0e+00      1.080e+00
 492    493   4886    1.43115356e+02    1.32224841e+02     1.08905154e-07    5.0e+02     1.0e+00      1.080e+00
 493    494   4896    1.42833495e+02    1.31994370e+02     1.08391252e-07    1.2e+03     1.0e+00      1.080e+00
 494    495   4906    1.42552952e+02    1.31737472e+02     1.08154800e-07    5.0e+02     1.0e+00      1.080e+00
 495    496   4916    1.42273716e+02    1.31509136e+02     1.07645794e-07    1.2e+03     1.0e+00      1.080e+00
 496    497   4926    1.41995780e+02    1.31254509e+02     1.07412713e-07    5.0e+02     1.0e+00      1.080e+00
 497    498   4936    1.41719134e+02    1.31028283e+02     1.06908513e-07    1.2e+03     1.0e+00      1.080e+00
 498    499   4946    1.41443772e+02    1.30775894e+02     1.06678776e-07    5.0e+02     1.0e+00      1.079e+00
 499    500   4956    1.41169684e+02    1.30551749e+02     1.06179349e-07    1.2e+03     1.0e+00      1.079e+00
 500    501   4966    1.40896862e+02    1.30301573e+02     1.05952888e-07    5.0e+02     1.0e+00      1.079e+00
LMQNBC: termination 5
>> >> >> >> >> >> >> >> >> >> >> >> >> >> >> >> >> >> >> >> >> 