
                            < M A T L A B (R) >
                  Copyright 1984-2013 The MathWorks, Inc.
                    R2013a (8.1.0.604) 64-bit (glnxa64)
                             February 15, 2013

 
To get started, type one of these: helpwin, helpdesk, or demo.
For product information, visit www.mathworks.com.
 
>> >> >> >> >> >> >> >> X-ray simulation startup file...
====== Fluorescence Detector Resolution is 5
====== Angle Number  1 of 12: 0
====== Angle Number  2 of 12: 1.636364e+01
====== Angle Number  3 of 12: 3.272727e+01
====== Angle Number  4 of 12: 4.909091e+01
====== Angle Number  5 of 12: 6.545455e+01
====== Angle Number  6 of 12: 8.181818e+01
====== Angle Number  7 of 12: 9.818182e+01
====== Angle Number  8 of 12: 1.145455e+02
====== Angle Number  9 of 12: 1.309091e+02
====== Angle Number  10 of 12: 1.472727e+02
====== Angle Number  11 of 12: 1.636364e+02
====== Angle Number  12 of 12: 180
>> >> >> >> >> >> >> >> >> >> >> >> >> ====== With Self Absorption, Transmission Detector Resolution is 30
>> >> >> >> >> >> >> >> >> >> >> >> >> >> >> >> >> >> >> >> >> >> >> >> >> >> >> >> >> >> >> #######==============Beta= 100000000.000000, TempBeta = 1.000000 
  it     nf     cg           f             f_xrf             f_xtm            |g|        alpha        error
   0      1      0    1.12749597e+09    3.74393554e+07    1.09005661e+01    6.5e+07     1.0e+00      2.570e+00
   1      2      2    2.03209995e+07    8.65335569e+06     1.16676438e-01    7.1e+06     1.0e+00      1.720e+00
   2      3      5    3.82537912e+06    2.04436832e+06     1.78101080e-02    6.0e+06     1.0e+00      1.585e+00
   3      4     10    8.27698713e+05    4.62911315e+05     3.64787398e-03    1.8e+06     1.0e+00      1.488e+00
   4      5     18    2.67910436e+05    1.42716851e+05     1.25193585e-03    1.1e+06     1.0e+00      1.419e+00
   5      6     28    1.09702847e+05    6.14727741e+04     4.82300724e-04    3.8e+05     1.0e+00      1.361e+00
   6      7     34    7.11309914e+04    4.88067015e+04     2.23242899e-04    1.9e+05     1.0e+00      1.354e+00
   7      8     44    3.30460554e+04    2.34477538e+04     9.59830162e-05    1.3e+05     1.0e+00      1.306e+00
   8      9     52    2.34678625e+04    1.82682841e+04     5.19957835e-05    9.3e+04     1.0e+00      1.301e+00
   9     10     62    1.67739985e+04    1.30580071e+04     3.71599141e-05    1.2e+05     1.0e+00      1.280e+00
  10     11     66    1.44855793e+04    1.16730337e+04     2.81254554e-05    7.1e+04     1.0e+00      1.278e+00
  11     12     76    1.19435834e+04    9.45047186e+03     2.49311153e-05    7.4e+04     1.0e+00      1.268e+00
  12     13     86    1.02684314e+04    8.36550164e+03     1.90292978e-05    2.7e+04     1.0e+00      1.264e+00
  13     14     96    9.08261549e+03    7.30730239e+03     1.77531310e-05    5.9e+04     1.0e+00      1.257e+00
  14     15    106    8.14217937e+03    6.64998729e+03     1.49219208e-05    2.7e+04     1.0e+00      1.254e+00
  15     16    116    7.37783022e+03    5.97808479e+03     1.39974543e-05    5.0e+04     1.0e+00      1.249e+00
  16     17    126    6.74084238e+03    5.51823305e+03     1.22260933e-05    2.5e+04     1.0e+00      1.246e+00
  17     18    136    6.20503225e+03    5.04674171e+03     1.15829055e-05    4.4e+04     1.0e+00      1.242e+00
  18     19    146    5.74853781e+03    4.71333494e+03     1.03520287e-05    2.0e+04     1.0e+00      1.239e+00
  19     20    156    5.35288038e+03    4.36526734e+03     9.87613048e-06    3.9e+04     1.0e+00      1.235e+00
  20     21    166    5.00726474e+03    4.11123728e+03     8.96027465e-06    1.7e+04     1.0e+00      1.233e+00
  21     22    176    4.70229390e+03    3.84268066e+03     8.59613244e-06    3.5e+04     1.0e+00      1.230e+00
  22     23    186    4.43152038e+03    3.64261022e+03     7.88910165e-06    1.4e+04     1.0e+00      1.228e+00
  23     24    196    4.18914208e+03    3.42940808e+03     7.59734004e-06    3.2e+04     1.0e+00      1.225e+00
  24     25    206    3.97145622e+03    3.26794276e+03     7.03513457e-06    1.2e+04     1.0e+00      1.223e+00
  25     26    216    3.77490830e+03    3.09565919e+03     6.79249104e-06    3.0e+04     1.0e+00      1.221e+00
  26     27    226    3.59618866e+03    2.96234937e+03     6.33839285e-06    1.1e+04     1.0e+00      1.219e+00
  27     28    236    3.43280395e+03    2.81958628e+03     6.13217676e-06    2.8e+04     1.0e+00      1.217e+00
  28     29    246    3.28294576e+03    2.70712699e+03     5.75818768e-06    1.0e+04     1.0e+00      1.215e+00
  29     30    256    3.14489948e+03    2.58694334e+03     5.57956140e-06    2.6e+04     1.0e+00      1.213e+00
  30     31    266    3.01738945e+03    2.49062935e+03     5.26760093e-06    9.3e+03     1.0e+00      1.212e+00
  31     32    276    2.89945773e+03    2.38835280e+03     5.11104928e-06    2.4e+04     1.0e+00      1.210e+00
  32     33    286    2.78976602e+03    2.30503951e+03     4.84726513e-06    8.6e+03     1.0e+00      1.208e+00
  33     34    296    2.68754288e+03    2.21668977e+03     4.70853114e-06    2.3e+04     1.0e+00      1.207e+00
  34     35    306    2.59259455e+03    2.14382029e+03     4.48774259e-06    7.9e+03     1.0e+00      1.205e+00
  35     36    316    2.50485039e+03    2.06828940e+03     4.36560992e-06    2.2e+04     1.0e+00      1.204e+00
  36     37    326    2.42239569e+03    2.00504620e+03     4.17349487e-06    7.5e+03     1.0e+00      1.202e+00
  37     38    336    2.34496936e+03    1.93845420e+03     4.06515162e-06    2.1e+04     1.0e+00      1.201e+00
  38     39    346    2.27214630e+03    1.88235429e+03     3.89792010e-06    7.3e+03     1.0e+00      1.200e+00
  39     40    356    2.20351043e+03    1.82346733e+03     3.80043109e-06    2.0e+04     1.0e+00      1.198e+00
  40     41    366    2.13873509e+03    1.77333961e+03     3.65395479e-06    7.1e+03     1.0e+00      1.197e+00
  41     42    376    2.07749528e+03    1.72092798e+03     3.56567303e-06    1.9e+04     1.0e+00      1.196e+00
  42     43    386    2.01965643e+03    1.67600840e+03     3.43648037e-06    6.9e+03     1.0e+00      1.195e+00
  43     44    396    1.96497026e+03    1.62939179e+03     3.35578467e-06    1.8e+04     1.0e+00      1.193e+00
  44     45    406    1.91305799e+03    1.58887457e+03     3.24183423e-06    6.7e+03     1.0e+00      1.193e+00
  45     46    416    1.86371037e+03    1.54688272e+03     3.16827654e-06    1.7e+04     1.0e+00      1.191e+00
  46     47    426    1.81675767e+03    1.51009785e+03     3.06659818e-06    6.5e+03     1.0e+00      1.190e+00
  47     48    436    1.77202734e+03    1.47209039e+03     2.99936958e-06    1.6e+04     1.0e+00      1.189e+00
  48     49    446    1.72937880e+03    1.43856369e+03     2.90815114e-06    6.4e+03     1.0e+00      1.188e+00
  49     50    456    1.68866820e+03    1.40402136e+03     2.84646845e-06    1.5e+04     1.0e+00      1.187e+00
  50     51    466    1.64977803e+03    1.37335520e+03     2.76422828e-06    6.2e+03     1.0e+00      1.186e+00
  51     52    476    1.61258725e+03    1.34184182e+03     2.70745435e-06    1.5e+04     1.0e+00      1.185e+00
  52     53    486    1.57699686e+03    1.31370077e+03     2.63296098e-06    6.0e+03     1.0e+00      1.184e+00
  53     54    496    1.54292818e+03    1.28487416e+03     2.58054020e-06    1.4e+04     1.0e+00      1.183e+00
  54     55    506    1.51030934e+03    1.25903947e+03     2.51269872e-06    5.8e+03     1.0e+00      1.183e+00
  55     56    516    1.47901276e+03    1.23259932e+03     2.46413440e-06    1.4e+04     1.0e+00      1.181e+00
  56     57    526    1.44896432e+03    1.20874655e+03     2.40217777e-06    5.6e+03     1.0e+00      1.181e+00
  57     58    536    1.42008782e+03    1.18437877e+03     2.35709050e-06    1.3e+04     1.0e+00      1.180e+00
  58     59    546    1.39233388e+03    1.16230561e+03     2.30028265e-06    5.4e+03     1.0e+00      1.179e+00
  59     60    556    1.36562929e+03    1.13980522e+03     2.25824070e-06    1.3e+04     1.0e+00      1.178e+00
  60     61    566    1.33991699e+03    1.11931187e+03     2.20605114e-06    5.2e+03     1.0e+00      1.178e+00
  61     62    576    1.31514035e+03    1.09846340e+03     2.16676947e-06    1.2e+04     1.0e+00      1.177e+00
  62     63    586    1.29125361e+03    1.07939211e+03     2.11861505e-06    5.1e+03     1.0e+00      1.176e+00
  63     64    596    1.26820786e+03    1.06002605e+03     2.08181812e-06    1.2e+04     1.0e+00      1.175e+00
  64     65    606    1.24596338e+03    1.04223715e+03     2.03726229e-06    4.9e+03     1.0e+00      1.174e+00
  65     66    616    1.22447743e+03    1.02420692e+03     2.00270517e-06    1.1e+04     1.0e+00      1.174e+00
