
                            < M A T L A B (R) >
                  Copyright 1984-2013 The MathWorks, Inc.
                    R2013a (8.1.0.604) 64-bit (glnxa64)
                             February 15, 2013

 
To get started, type one of these: helpwin, helpdesk, or demo.
For product information, visit www.mathworks.com.
 
>> >> >> >> >> >> >> >> >> X-ray simulation startup file...
====== With Self Absorption, Transmission Detector Resolution is 16
====== Fluorescence Detector Resolution is 2000
====== Angle Number  1 of 8: 0
====== Angle Number  2 of 8: 2.571429e+01
====== Angle Number  3 of 8: 5.142857e+01
====== Angle Number  4 of 8: 7.714286e+01
====== Angle Number  5 of 8: 1.028571e+02
====== Angle Number  6 of 8: 1.285714e+02
====== Angle Number  7 of 8: 1.542857e+02
====== Angle Number  8 of 8: 180
>> >> >> >> >> >> >> >> >> >> >> >> >> >> >> >> >> >> >> >> >> >> >> >> >> >> >> >> >> >> >> >> >> >> >> ============================ Attenuation Transmission Reconstruction
  it     nf     cg           f             |g|      alpha        error
   0      1      0    1.07212969e+00   1.3e-02     1.0e+00      1.273e+02
   1      2      4    3.42582953e-01   6.6e-03     1.0e+00      7.882e+01
   2      3      6    9.37327262e-02   1.9e-03     1.0e+00      7.084e+01
   3      4     11    1.87900151e-02   7.9e-04     1.0e+00      3.809e+01
   4      5     17    7.85546984e-03   3.8e-04     1.0e+00      2.806e+01
   5      6     22    6.56683572e-03   1.4e-04     1.0e+00      2.704e+01
   6      7     30    6.12460502e-03   1.2e-04     1.0e+00      2.657e+01
   7      8     33    6.02311285e-03   2.8e-05     1.0e+00      2.642e+01
   8      9     38    5.99170510e-03   2.3e-05     1.0e+00      2.655e+01
   9     11     47    5.98723925e-03   2.2e-05     1.3e-01      2.663e+01
  10     12     56    5.97589779e-03   1.7e-05     1.0e+00      2.704e+01
LMQNBC: termination 5
============================ Fluorescence Reconstruction
  it     nf     cg           f             |g|      alpha        error
   0      1      0    2.75421914e+06   5.7e+06     1.0e+00      3.202e+00
   1      2      2    3.63958978e+05   1.7e+06     1.0e+00      3.162e+00
   2      3      5    1.41391570e+05   6.5e+05     1.0e+00      3.135e+00
   3      4     12    6.36287039e+04   8.7e+04     1.0e+00      2.551e+00
   4      5     20    5.30825386e+03   2.4e+04     1.0e+00      1.168e+00
   5      6     25    2.47925980e+03   5.7e+03     1.0e+00      1.070e+00
   6      7     32    8.14810454e+02   3.7e+03     1.0e+00      8.269e-01
   7      8     39    2.58961746e+02   1.1e+03     1.0e+00      6.450e-01
   8      9     43    1.45445592e+02   4.0e+02     1.0e+00      6.134e-01
   9     10     51    7.94538643e+01   8.7e+02     1.0e+00      5.155e-01
  10     11     54    4.89171813e+01   2.6e+02     1.0e+00      5.092e-01
  11     12     64    2.65968691e+01   4.7e+02     1.0e+00      4.493e-01
  12     13     71    1.94231456e+01   2.6e+02     1.0e+00      4.351e-01
  13     14     81    1.22035309e+01   1.7e+02     1.0e+00      3.944e-01
  14     15     85    9.97056587e+00   1.6e+02     1.0e+00      3.921e-01
  15     16     89    9.38379611e+00   1.1e+02     1.0e+00      3.910e-01
  16     17     96    7.88004942e+00   1.3e+02     1.0e+00      3.805e-01
  17     18    103    6.82367930e+00   7.2e+01     1.0e+00      3.780e-01
  18     19    113    5.45176424e+00   2.2e+02     1.0e+00      3.684e-01
  19     20    117    4.71257450e+00   7.0e+01     1.0e+00      3.682e-01
  20     21    124    4.32822902e+00   5.3e+01     1.0e+00      3.676e-01
  21     22    134    3.53569319e+00   9.9e+01     1.0e+00      3.669e-01
  22     23    138    3.17677220e+00   6.8e+01     1.0e+00      3.669e-01
  23     24    148    2.88328715e+00   6.8e+01     1.0e+00      3.679e-01
  24     25    153    2.74469441e+00   1.9e+01     1.0e+00      3.679e-01
  25     26    163    2.38013324e+00   4.1e+01     1.0e+00      3.706e-01
  26     27    169    2.15910314e+00   3.2e+01     1.0e+00      3.707e-01
  27     28    179    1.98545421e+00   7.1e+01     1.0e+00      3.722e-01
  28     29    186    1.87314447e+00   4.2e+01     1.0e+00      3.725e-01
  29     30    196    1.71282720e+00   1.7e+02     1.0e+00      3.750e-01
  30     31    200    1.62077114e+00   1.6e+01     1.0e+00      3.750e-01
  31     32    207    1.58031434e+00   2.0e+01     1.0e+00      3.753e-01
  32     33    217    1.49263988e+00   2.2e+01     1.0e+00      3.772e-01
  33     34    222    1.43677658e+00   9.9e+00     1.0e+00      3.772e-01
  34     35    232    1.41608484e+00   3.2e+01     1.0e+00      3.794e-01
  35     36    235    1.35308258e+00   8.0e+00     1.0e+00      3.793e-01
  36     37    242    1.31700824e+00   4.9e+00     1.0e+00      3.793e-01
  37     38    252    1.28845111e+00   1.3e+01     1.0e+00      3.796e-01
  38     39    257    1.26013353e+00   1.6e+01     1.0e+00      3.793e-01
  39     40    267    1.23848603e+00   7.3e+00     1.0e+00      3.786e-01
  40     41    277    1.22314749e+00   8.6e+00     1.0e+00      3.782e-01
  41     42    287    1.21022958e+00   5.9e+00     1.0e+00      3.778e-01
  42     43    297    1.19877133e+00   8.6e+00     1.0e+00      3.774e-01
  43     44    299    1.19686851e+00   7.9e+00     1.0e+00      3.774e-01
  44     45    307    1.18888295e+00   6.1e+00     1.0e+00      3.771e-01
  45     46    317    1.16451718e+00   5.4e+01     1.0e+00      3.759e-01
  46     47    319    1.15178152e+00   4.7e+00     1.0e+00      3.759e-01
  47     48    328    1.14403423e+00   3.1e+00     1.0e+00      3.757e-01
  48     49    338    1.13059780e+00   1.1e+01     1.0e+00      3.750e-01
  49     50    340    1.12483903e+00   6.7e+00     1.0e+00      3.750e-01
  50     51    348    1.11886831e+00   9.4e+00     1.0e+00      3.748e-01
LMQNBC: termination 5
============================ Attenuation Transmission Reconstruction
  it     nf     cg           f             |g|      alpha        error
   0      1      0    4.12010497e-05   3.0e-05     1.0e+00      4.130e+00
   1      2      5    4.04491337e-06   1.7e-05     1.0e+00      4.009e+00
   2      3      9    1.78334516e-06   6.2e-06     1.0e+00      3.995e+00
   3      4     17    9.52629521e-07   2.9e-06     1.0e+00      3.967e+00
   4      5     27    6.91095191e-07   1.1e-06     1.0e+00      3.951e+00
   5      6     37    5.98785948e-07   1.0e-06     1.0e+00      3.945e+00
   6      7     47    5.38543470e-07   1.0e-06     1.0e+00      3.939e+00
   7      8     57    4.92546401e-07   7.4e-07     1.0e+00      3.932e+00
   8      9     67    4.54769158e-07   7.6e-07     1.0e+00      3.925e+00
   9     10     77    4.22761685e-07   6.2e-07     1.0e+00      3.919e+00
  10     11     87    3.95139193e-07   6.9e-07     1.0e+00      3.912e+00
LMQNBC: termination 5
============================ Fluorescence Reconstruction
  it     nf     cg           f             |g|      alpha        error
   0      1      0    1.19673950e+00   5.4e+01     1.0e+00      3.748e-01
   1      2      3    1.04593814e+00   1.1e+01     1.0e+00      3.747e-01
   2      3      7    1.03748762e+00   1.3e+01     1.0e+00      3.747e-01
   3      4     14    1.02289954e+00   1.4e+01     1.0e+00      3.744e-01
   4      5     21    1.01687259e+00   9.2e+00     1.0e+00      3.743e-01
   5      6     31    9.98645028e-01   1.6e+01     1.0e+00      3.734e-01
   6      7     36    9.89081160e-01   6.9e+00     1.0e+00      3.734e-01
   7      8     40    9.87120302e-01   6.5e+00     1.0e+00      3.733e-01
   8      9     50    9.65983583e-01   1.5e+01     1.0e+00      3.724e-01
   9     10     58    9.55184155e-01   6.2e+00     1.0e+00      3.723e-01
  10     11     68    9.48581432e-01   1.3e+01     1.0e+00      3.722e-01
  11     12     78    9.44631263e-01   7.1e+00     1.0e+00      3.721e-01
  12     13     88    9.41063967e-01   1.4e+01     1.0e+00      3.719e-01
  13     14     98    9.37649883e-01   6.6e+00     1.0e+00      3.718e-01
  14     15    108    9.34435672e-01   1.3e+01     1.0e+00      3.717e-01
  15     16    118    9.31381802e-01   6.2e+00     1.0e+00      3.716e-01
  16     17    128    9.28475608e-01   1.2e+01     1.0e+00      3.715e-01
  17     18    138    9.25695282e-01   5.9e+00     1.0e+00      3.714e-01
  18     19    148    9.23034778e-01   1.2e+01     1.0e+00      3.713e-01
  19     20    158    9.20478533e-01   5.7e+00     1.0e+00      3.712e-01
  20     21    168    9.18023177e-01   1.1e+01     1.0e+00      3.711e-01
  21     22    178    9.15656629e-01   5.5e+00     1.0e+00      3.710e-01
  22     23    188    9.13376791e-01   1.1e+01     1.0e+00      3.709e-01
  23     24    198    9.11173816e-01   5.3e+00     1.0e+00      3.708e-01
  24     25    208    9.09046285e-01   1.1e+01     1.0e+00      3.707e-01
  25     26    218    9.06985937e-01   5.2e+00     1.0e+00      3.706e-01
  26     27    228    9.04991739e-01   1.0e+01     1.0e+00      3.705e-01
  27     28    238    9.03056665e-01   5.1e+00     1.0e+00      3.705e-01
  28     29    248    9.01179901e-01   1.0e+01     1.0e+00      3.704e-01
  29     30    258    8.99355442e-01   4.9e+00     1.0e+00      3.703e-01
  30     31    268    8.97582598e-01   1.0e+01     1.0e+00      3.702e-01
  31     32    278    8.95856245e-01   4.8e+00     1.0e+00      3.701e-01
  32     33    288    8.94175764e-01   9.8e+00     1.0e+00      3.700e-01
  33     34    298    8.92536796e-01   4.7e+00     1.0e+00      3.699e-01
  34     35    308    8.90938768e-01   9.6e+00     1.0e+00      3.698e-01
  35     36    318    8.89377988e-01   4.6e+00     1.0e+00      3.698e-01
  36     37    328    8.87853917e-01   9.4e+00     1.0e+00      3.697e-01
  37     38    338    8.86363432e-01   4.5e+00     1.0e+00      3.696e-01
  38     39    348    8.84906028e-01   9.2e+00     1.0e+00      3.695e-01
  39     40    358    8.83479059e-01   4.4e+00     1.0e+00      3.694e-01
  40     41    368    8.82082060e-01   9.0e+00     1.0e+00      3.693e-01
  41     42    378    8.80712777e-01   4.3e+00     1.0e+00      3.693e-01
  42     43    388    8.79370789e-01   8.9e+00     1.0e+00      3.692e-01
  43     44    398    8.78054162e-01   4.2e+00     1.0e+00      3.691e-01
  44     45    408    8.76762517e-01   8.7e+00     1.0e+00      3.690e-01
  45     46    418    8.75494186e-01   4.1e+00     1.0e+00      3.690e-01
  46     47    428    8.74248832e-01   8.5e+00     1.0e+00      3.689e-01
  47     48    438    8.73025001e-01   4.1e+00     1.0e+00      3.688e-01
  48     49    448    8.71822397e-01   8.4e+00     1.0e+00      3.687e-01
  49     50    458    8.70639742e-01   4.0e+00     1.0e+00      3.686e-01
  50     51    468    8.69476781e-01   8.2e+00     1.0e+00      3.685e-01
LMQNBC: termination 5
============================ Attenuation Transmission Reconstruction
  it     nf     cg           f             |g|      alpha        error
   0      1      0    2.77688995e-05   2.1e-05     1.0e+00      4.101e+00
   1      2      5    4.31878957e-06   1.4e-05     1.0e+00      4.129e+00
   2      3     11    2.81681288e-06   1.7e-05     1.0e+00      4.139e+00
   3      4     14    1.90610580e-06   4.1e-06     1.0e+00      4.134e+00
   4      5     24    9.81269131e-07   1.5e-06     1.0e+00      4.134e+00
   5      6     32    8.11047313e-07   1.5e-06     1.0e+00      4.130e+00
   6      7     42    6.84673431e-07   1.3e-06     1.0e+00      4.132e+00
   7      8     51    6.06625610e-07   5.7e-07     1.0e+00      4.122e+00
   8      9     61    5.42826922e-07   2.2e-06     1.0e+00      4.122e+00
   9     10     70    4.94197547e-07   4.7e-07     1.0e+00      4.114e+00
  10     11     80    4.39356210e-07   2.9e-06     1.0e+00      4.114e+00
LMQNBC: termination 5
============================ Fluorescence Reconstruction
  it     nf     cg           f             |g|      alpha        error
   0      1      0    8.70476823e-01   8.3e+00     1.0e+00      3.685e-01
   1      2     10    8.69196710e-01   3.7e+00     1.0e+00      3.685e-01
   2      3     20    8.68012875e-01   8.2e+00     1.0e+00      3.684e-01
   3      4     30    8.66852684e-01   3.7e+00     1.0e+00      3.683e-01
   4      5     40    8.65714075e-01   8.1e+00     1.0e+00      3.682e-01
   5      6     50    8.64593671e-01   3.6e+00     1.0e+00      3.682e-01
   6      7     60    8.63491402e-01   7.9e+00     1.0e+00      3.681e-01
   7      8     70    8.62405801e-01   3.5e+00     1.0e+00      3.680e-01
   8      9     80    8.61336797e-01   7.8e+00     1.0e+00      3.679e-01
   9     10     90    8.60283346e-01   3.5e+00     1.0e+00      3.678e-01
  10     11    100    8.59245357e-01   7.7e+00     1.0e+00      3.677e-01
  11     12    110    8.58221981e-01   3.4e+00     1.0e+00      3.677e-01
  12     13    120    8.57213125e-01   7.6e+00     1.0e+00      3.676e-01
  13     14    130    8.56218056e-01   3.4e+00     1.0e+00      3.675e-01
  14     15    140    8.55236686e-01   7.5e+00     1.0e+00      3.674e-01
  15     16    150    8.54268366e-01   3.3e+00     1.0e+00      3.674e-01
  16     17    160    8.53313013e-01   7.4e+00     1.0e+00      3.673e-01
  17     18    170    8.52370044e-01   3.3e+00     1.0e+00      3.672e-01
  18     19    180    8.51439382e-01   7.3e+00     1.0e+00      3.671e-01
  19     20    190    8.50520499e-01   3.2e+00     1.0e+00      3.670e-01
  20     21    200    8.49613324e-01   7.2e+00     1.0e+00      3.669e-01
  21     22    210    8.48717374e-01   3.2e+00     1.0e+00      3.669e-01
  22     23    220    8.47832585e-01   7.1e+00     1.0e+00      3.668e-01
  23     24    230    8.46958513e-01   3.1e+00     1.0e+00      3.667e-01
  24     25    240    8.46095102e-01   7.0e+00     1.0e+00      3.666e-01
  25     26    250    8.45241939e-01   3.1e+00     1.0e+00      3.666e-01
  26     27    260    8.44398974e-01   6.9e+00     1.0e+00      3.665e-01
  27     28    270    8.43565825e-01   3.0e+00     1.0e+00      3.664e-01
  28     29    280    8.42742448e-01   6.8e+00     1.0e+00      3.663e-01
  29     30    290    8.41928487e-01   3.0e+00     1.0e+00      3.663e-01
  30     31    300    8.41123900e-01   6.7e+00     1.0e+00      3.662e-01
  31     32    310    8.40328358e-01   3.0e+00     1.0e+00      3.661e-01
  32     33    320    8.39541822e-01   6.6e+00     1.0e+00      3.660e-01
  33     34    330    8.38763984e-01   2.9e+00     1.0e+00      3.660e-01
  34     35    340    8.37994809e-01   6.6e+00     1.0e+00      3.659e-01
  35     36    350    8.37234007e-01   2.9e+00     1.0e+00      3.658e-01
  36     37    360    8.36481548e-01   6.5e+00     1.0e+00      3.657e-01
  37     38    370    8.35737159e-01   2.9e+00     1.0e+00      3.657e-01
  38     39    380    8.35000812e-01   6.4e+00     1.0e+00      3.656e-01
  39     40    390    8.34272251e-01   2.8e+00     1.0e+00      3.655e-01
  40     41    400    8.33551450e-01   6.3e+00     1.0e+00      3.654e-01
  41     42    410    8.32838167e-01   2.8e+00     1.0e+00      3.654e-01
  42     43    420    8.32132380e-01   6.3e+00     1.0e+00      3.653e-01
  43     44    430    8.31433858e-01   2.8e+00     1.0e+00      3.653e-01
  44     45    440    8.30742582e-01   6.2e+00     1.0e+00      3.652e-01
  45     46    450    8.30058334e-01   2.7e+00     1.0e+00      3.651e-01
  46     47    460    8.29381095e-01   6.1e+00     1.0e+00      3.650e-01
  47     48    470    8.28710661e-01   2.7e+00     1.0e+00      3.650e-01
  48     49    480    8.28047012e-01   6.1e+00     1.0e+00      3.649e-01
  49     50    490    8.27389955e-01   2.7e+00     1.0e+00      3.648e-01
  50     51    500    8.26739472e-01   6.0e+00     1.0e+00      3.647e-01
LMQNBC: termination 5
============================ Attenuation Transmission Reconstruction
  it     nf     cg           f             |g|      alpha        error
   0      1      0    2.61176857e-05   2.1e-05     1.0e+00      4.112e+00
   1      2      5    4.23760967e-06   1.4e-05     1.0e+00      4.135e+00
   2      3     13    1.61221421e-06   3.1e-06     1.0e+00      4.139e+00
   3      4     23    9.37551075e-07   1.7e-06     1.0e+00      4.124e+00
   4      5     26    8.67570357e-07   1.4e-06     1.0e+00      4.126e+00
   5      6     36    7.21471184e-07   2.0e-06     1.0e+00      4.131e+00
   6      7     43    6.48484022e-07   8.6e-07     1.0e+00      4.121e+00
   7      8     53    5.40335050e-07   1.1e-06     1.0e+00      4.113e+00
   8      9     58    4.81092155e-07   7.6e-07     1.0e+00      4.107e+00
   9     10     68    4.21219933e-07   9.1e-07     1.0e+00      4.098e+00
  10     11     73    3.88149890e-07   6.7e-07     1.0e+00      4.100e+00
LMQNBC: termination 5
============================ Fluorescence Reconstruction
  it     nf     cg           f             |g|      alpha        error
   0      1      0    8.26514181e-01   5.9e+00     1.0e+00      3.647e-01
   1      2      8    8.25935644e-01   7.1e-01     1.0e+00      3.647e-01
   2      3     18    8.23571119e-01   2.8e+01     1.0e+00      3.643e-01
   3      4     21    8.21780607e-01   1.5e+00     1.0e+00      3.643e-01
   4      5     28    8.21316217e-01   1.1e+00     1.0e+00      3.642e-01
   5      6     38    8.19277253e-01   1.3e+01     1.0e+00      3.638e-01
   6      7     41    8.18087359e-01   6.1e+00     1.0e+00      3.638e-01
   7      8     47    8.17364344e-01   9.3e-01     1.0e+00      3.638e-01
   8      9     57    8.12971999e-01   1.4e+01     1.0e+00      3.630e-01
   9     10     61    8.10020538e-01   2.7e+00     1.0e+00      3.630e-01
  10     11     71    8.08772424e-01   4.4e+00     1.0e+00      3.629e-01
  11     12     78    8.08443368e-01   2.2e+00     1.0e+00      3.629e-01
  12     13     88    8.07757159e-01   6.0e+00     1.0e+00      3.627e-01
  13     14     95    8.07193600e-01   1.8e+00     1.0e+00      3.627e-01
  14     15    105    7.99223609e-01   2.6e+01     1.0e+00      3.613e-01
  15     16    109    7.93907501e-01   1.0e+01     1.0e+00      3.612e-01
  16     17    112    7.93185318e-01   4.2e+00     1.0e+00      3.612e-01
  17     18    118    7.92482588e-01   6.0e-01     1.0e+00      3.612e-01
  18     19    128    7.91819238e-01   3.4e+00     1.0e+00      3.610e-01
  19     20    132    7.91583708e-01   1.1e+00     1.0e+00      3.610e-01
  20     21    142    7.90636036e-01   7.3e+00     1.0e+00      3.609e-01
  21     22    146    7.90364604e-01   1.2e+00     1.0e+00      3.608e-01
  22     23    154    7.89739697e-01   1.3e+00     1.0e+00      3.608e-01
  23     24    164    7.89211660e-01   1.8e+00     1.0e+00      3.607e-01
  24     25    173    7.88746992e-01   1.3e+00     1.0e+00      3.606e-01
  25     26    183    7.88303026e-01   2.5e+00     1.0e+00      3.605e-01
  26     27    187    7.88117108e-01   1.7e+00     1.0e+00      3.605e-01
  27     28    194    7.87884947e-01   1.2e+00     1.0e+00      3.605e-01
  28     29    201    7.87694178e-01   1.6e+00     1.0e+00      3.605e-01
  29     30    208    7.87514994e-01   1.5e+00     1.0e+00      3.605e-01
  30     31    215    7.87342440e-01   1.4e+00     1.0e+00      3.604e-01
  31     32    225    7.86424842e-01   1.4e+01     1.0e+00      3.602e-01
  32     33    227    7.85930583e-01   1.1e+00     1.0e+00      3.602e-01
  33     34    231    7.85645326e-01   2.1e+00     1.0e+00      3.602e-01
  34     35    241    7.84545897e-01   1.5e+00     1.0e+00      3.600e-01
  35     36    247    7.83557829e-01   4.6e-01     1.0e+00      3.599e-01
  36     37    257    7.82523931e-01   8.0e+00     1.0e+00      3.597e-01
  37     38    260    7.82030703e-01   4.0e+00     1.0e+00      3.597e-01
  38     39    265    7.81568061e-01   7.2e-01     1.0e+00      3.597e-01
  39     40    275    7.80580084e-01   5.5e+00     1.0e+00      3.594e-01
  40     41    281    7.79741155e-01   8.9e-01     1.0e+00      3.594e-01
  41     42    291    7.79359315e-01   2.0e+00     1.0e+00      3.594e-01
  42     43    299    7.79047573e-01   8.1e-01     1.0e+00      3.594e-01
  43     44    309    7.78459341e-01   7.8e+00     1.0e+00      3.592e-01
  44     45    312    7.78151620e-01   1.7e+00     1.0e+00      3.592e-01
  45     46    319    7.77899844e-01   1.6e+00     1.0e+00      3.592e-01
  46     47    329    7.77295943e-01   4.2e+00     1.0e+00      3.591e-01
  47     48    333    7.76860012e-01   1.6e+00     1.0e+00      3.591e-01
  48     49    343    7.76596188e-01   1.3e+00     1.0e+00      3.590e-01
  49     50    353    7.76353895e-01   2.9e+00     1.0e+00      3.590e-01
  50     51    357    7.76279069e-01   9.1e-01     1.0e+00      3.590e-01
LMQNBC: termination 5
============================ Attenuation Transmission Reconstruction
  it     nf     cg           f             |g|      alpha        error
   0      1      0    2.49008168e-05   2.1e-05     1.0e+00      4.146e+00
   1      2      5    4.25181687e-06   1.5e-05     1.0e+00      4.160e+00
   2      3     13    1.59853156e-06   3.2e-06     1.0e+00      4.158e+00
   3      4     23    9.55332881e-07   1.6e-06     1.0e+00      4.138e+00
   4      5     30    8.37382316e-07   1.3e-06     1.0e+00      4.141e+00
   5      6     40    6.35250009e-07   3.0e-06     1.0e+00      4.128e+00
   6      7     44    5.69544413e-07   9.3e-07     1.0e+00      4.127e+00
   7      8     54    5.03987982e-07   1.0e-06     1.0e+00      4.114e+00
   8      9     59    4.78458444e-07   5.7e-07     1.0e+00      4.112e+00
   9     10     69    4.16217761e-07   8.3e-07     1.0e+00      4.110e+00
  10     11     75    3.77887801e-07   4.6e-07     1.0e+00      4.107e+00
LMQNBC: termination 5
============================ Fluorescence Reconstruction
  it     nf     cg           f             |g|      alpha        error
   0      1      0    7.76077089e-01   1.0e+00     1.0e+00      3.590e-01
   1      2     27    7.50599734e-01   2.7e+00     1.0e+00      3.617e-01
   2      3     34    7.49604180e-01   3.2e+00     1.0e+00      3.616e-01
   3      4     44    7.49164140e-01   2.2e+00     1.0e+00      3.615e-01
   4      5     51    7.49051084e-01   8.7e-01     1.0e+00      3.614e-01
   5      6     61    7.48893374e-01   2.1e+00     1.0e+00      3.613e-01
   6      7     65    7.48842329e-01   6.1e-01     1.0e+00      3.613e-01
   7      8     75    7.48804924e-01   8.9e-01     1.0e+00      3.612e-01
   8      9     79    7.48789125e-01   5.8e-01     1.0e+00      3.612e-01
   9     10     89    7.48753509e-01   4.1e-01     1.0e+00      3.612e-01
  10     11     95    7.48730500e-01   1.2e-01     1.0e+00      3.612e-01
  11     12    105    7.48702061e-01   8.2e-01     1.0e+00      3.611e-01
  12     13    111    7.48682393e-01   4.1e-01     1.0e+00      3.610e-01
  13     14    121    7.48669328e-01   4.3e-01     1.0e+00      3.610e-01
  14     15    129    7.48659469e-01   1.3e-01     1.0e+00      3.610e-01
  15     16    139    7.48639043e-01   1.1e+00     1.0e+00      3.609e-01
  16     17    142    7.48626391e-01   4.2e-01     1.0e+00      3.609e-01
  17     18    149    7.48620893e-01   1.3e-01     1.0e+00      3.609e-01
  18     19    159    7.48600945e-01   2.0e+00     1.0e+00      3.608e-01
  19     20    161    7.48590759e-01   1.9e-01     1.0e+00      3.608e-01
  20     21    165    7.48585100e-01   1.9e-01     1.0e+00      3.608e-01
  21     22    169    7.48583544e-01   5.5e-02     1.0e+00      3.608e-01
  22     23    179    7.48546590e-01   4.1e-01     1.0e+00      3.606e-01
  23     24    186    7.48520909e-01   3.9e-01     1.0e+00      3.606e-01
  24     25    193    7.48513995e-01   1.5e-01     1.0e+00      3.606e-01
  25     26    203    7.48507570e-01   5.6e-01     1.0e+00      3.605e-01
  26     27    207    7.48504752e-01   1.2e-01     1.0e+00      3.605e-01
  27     28    217    7.48493600e-01   6.5e-01     1.0e+00      3.605e-01
  28     29    221    7.48486375e-01   3.5e-01     1.0e+00      3.605e-01
  29     30    225    7.48484576e-01   1.1e-01     1.0e+00      3.605e-01
  30     31    235    7.48472465e-01   4.1e-01     1.0e+00      3.604e-01
  31     32    238    7.48466041e-01   2.9e-01     1.0e+00      3.604e-01
  32     33    245    7.48461756e-01   8.2e-02     1.0e+00      3.604e-01
  33     34    255    7.48448947e-01   5.1e-01     1.0e+00      3.603e-01
  34     35    260    7.48441161e-01   2.0e-01     1.0e+00      3.603e-01
  35     36    270    7.48433817e-01   1.7e-01     1.0e+00      3.603e-01
  36     37    280    7.48427622e-01   1.3e-01     1.0e+00      3.603e-01
  37     38    288    7.48424215e-01   1.1e-01     1.0e+00      3.603e-01
  38     39    298    7.48402438e-01   4.6e-01     1.0e+00      3.602e-01
  39     40    302    7.48386248e-01   1.2e-01     1.0e+00      3.602e-01
  40     41    310    7.48382343e-01   6.3e-02     1.0e+00      3.602e-01
  41     42    320    7.48375714e-01   5.6e-01     1.0e+00      3.601e-01
  42     43    324    7.48371400e-01   2.3e-01     1.0e+00      3.601e-01
  43     44    331    7.48369395e-01   1.1e-01     1.0e+00      3.601e-01
  44     45    341    7.48365228e-01   4.4e-01     1.0e+00      3.601e-01
  45     46    345    7.48363004e-01   1.4e-01     1.0e+00      3.601e-01
  46     47    355    7.48355320e-01   9.6e-01     1.0e+00      3.600e-01
  47     48    359    7.48349823e-01   1.8e-01     1.0e+00      3.600e-01
  48     49    366    7.48347936e-01   1.4e-01     1.0e+00      3.600e-01
  49     50    376    7.48343588e-01   2.1e-01     1.0e+00      3.600e-01
  50     51    379    7.48341493e-01   1.7e-01     1.0e+00      3.600e-01
LMQNBC: termination 5
============================ Attenuation Transmission Reconstruction
  it     nf     cg           f             |g|      alpha        error
   0      1      0    2.49918256e-05   2.1e-05     1.0e+00      4.285e+00
   1      2      5    4.43132538e-06   1.4e-05     1.0e+00      4.287e+00
   2      3     13    1.63735994e-06   3.2e-06     1.0e+00      4.278e+00
   3      4     23    9.91541263e-07   1.6e-06     1.0e+00      4.251e+00
   4      5     33    8.30239271e-07   1.1e-06     1.0e+00      4.252e+00
   5      6     43    7.31753281e-07   1.0e-06     1.0e+00      4.238e+00
   6      7     53    6.58821496e-07   1.0e-06     1.0e+00      4.238e+00
   7      8     63    6.00391647e-07   8.4e-07     1.0e+00      4.227e+00
   8      9     73    5.51908975e-07   8.0e-07     1.0e+00      4.228e+00
   9     10     83    5.10639146e-07   7.4e-07     1.0e+00      4.220e+00
  10     11     93    4.75045532e-07   7.1e-07     1.0e+00      4.221e+00
LMQNBC: termination 5
============================ Fluorescence Reconstruction
  it     nf     cg           f             |g|      alpha        error
   0      1      0    7.47817940e-01   3.9e-01     1.0e+00      3.600e-01
   1      2      4    7.47789690e-01   6.2e-01     1.0e+00      3.600e-01
   2      3      8    7.47786316e-01   1.1e-01     1.0e+00      3.600e-01
   3      4     16    7.47781987e-01   7.6e-02     1.0e+00      3.600e-01
   4      5     26    7.47776921e-01   4.6e-01     1.0e+00      3.600e-01
   5      6     33    7.47773831e-01   1.2e-01     1.0e+00      3.600e-01
   6      7     43    7.47767671e-01   4.2e-01     1.0e+00      3.600e-01
   7      8     47    7.47763839e-01   1.2e-01     1.0e+00      3.600e-01
   8      9     57    7.47761148e-01   3.7e-01     1.0e+00      3.600e-01
   9     10     61    7.47760282e-01   7.6e-02     1.0e+00      3.600e-01
  10     11     71    7.47755361e-01   5.6e-01     1.0e+00      3.599e-01
  11     12     75    7.47752648e-01   2.8e-01     1.0e+00      3.599e-01
  12     13     82    7.47750718e-01   4.6e-02     1.0e+00      3.599e-01
  13     14     92    7.47745453e-01   2.5e-01     1.0e+00      3.599e-01
  14     15     98    7.47741256e-01   1.5e-01     1.0e+00      3.599e-01
  15     16    102    7.47740818e-01   9.4e-02     1.0e+00      3.599e-01
  16     17    112    7.47733029e-01   5.0e-01     1.0e+00      3.598e-01
  17     18    117    7.47727717e-01   1.6e-01     1.0e+00      3.598e-01
  18     19    122    7.47726438e-01   7.8e-02     1.0e+00      3.598e-01
  19     20    132    7.47724414e-01   1.4e-01     1.0e+00      3.598e-01
  20     21    139    7.47722968e-01   1.1e-01     1.0e+00      3.598e-01
  21     22    149    7.47721170e-01   1.5e-01     1.0e+00      3.598e-01
  22     23    156    7.47719684e-01   1.2e-01     1.0e+00      3.598e-01
  23     24    166    7.47716225e-01   1.0e-01     1.0e+00      3.598e-01
  24     25    173    7.47713101e-01   1.1e-01     1.0e+00      3.598e-01
  25     26    183    7.47706139e-01   1.9e-01     1.0e+00      3.598e-01
  26     27    189    7.47700033e-01   6.2e-02     1.0e+00      3.598e-01
  27     28    199    7.47697569e-01   3.4e-01     1.0e+00      3.597e-01
  28     29    202    7.47696251e-01   2.1e-01     1.0e+00      3.597e-01
  29     30    208    7.47695383e-01   7.2e-02     1.0e+00      3.597e-01
  30     31    218    7.47684588e-01   8.1e-01     1.0e+00      3.597e-01
  31     32    221    7.47679416e-01   9.6e-02     1.0e+00      3.597e-01
  32     33    227    7.47676202e-01   7.2e-02     1.0e+00      3.597e-01
  33     34    235    7.47675074e-01   3.3e-02     1.0e+00      3.597e-01
  34     35    245    7.47671998e-01   1.9e-01     1.0e+00      3.597e-01
  35     36    248    7.47671128e-01   4.5e-02     1.0e+00      3.597e-01
  36     37    253    7.47669737e-01   1.1e-01     1.0e+00      3.597e-01
  37     38    263    7.47668876e-01   1.0e-01     1.0e+00      3.597e-01
  38     39    270    7.47668374e-01   7.3e-02     1.0e+00      3.597e-01
  39     40    280    7.47666917e-01   1.6e-01     1.0e+00      3.596e-01
  40     41    283    7.47666011e-01   7.9e-02     1.0e+00      3.596e-01
  41     42    290    7.47665514e-01   5.4e-02     1.0e+00      3.596e-01
  42     43    300    7.47663527e-01   4.4e-01     1.0e+00      3.596e-01
  43     44    304    7.47662056e-01   8.1e-02     1.0e+00      3.596e-01
  44     45    311    7.47661594e-01   3.4e-02     1.0e+00      3.596e-01
  45     46    321    7.47655512e-01   4.4e-01     1.0e+00      3.596e-01
  46     47    323    7.47652104e-01   1.3e-01     1.0e+00      3.596e-01
  47     48    328    7.47650389e-01   5.6e-02     1.0e+00      3.596e-01
  48     49    338    7.47649554e-01   6.3e-02     1.0e+00      3.596e-01
  49     50    343    7.47649103e-01   3.4e-02     1.0e+00      3.596e-01
  50     51    353    7.47648042e-01   6.7e-02     1.0e+00      3.596e-01
LMQNBC: termination 5
============================ Attenuation Transmission Reconstruction
  it     nf     cg           f             |g|      alpha        error
   0      1      0    2.50646861e-05   2.1e-05     1.0e+00      4.282e+00
   1      2      5    4.45251036e-06   1.4e-05     1.0e+00      4.284e+00
   2      3     13    1.63921823e-06   3.1e-06     1.0e+00      4.275e+00
   3      4     23    9.88475862e-07   1.6e-06     1.0e+00      4.249e+00
   4      5     33    8.26831524e-07   1.0e-06     1.0e+00      4.249e+00
   5      6     43    7.28462898e-07   1.0e-06     1.0e+00      4.236e+00
   6      7     53    6.55753997e-07   9.6e-07     1.0e+00      4.236e+00
   7      8     63    5.97569177e-07   8.3e-07     1.0e+00      4.226e+00
   8      9     73    5.49318059e-07   7.6e-07     1.0e+00      4.227e+00
   9     10     83    5.08261587e-07   7.3e-07     1.0e+00      4.219e+00
  10     11     93    4.72864771e-07   6.7e-07     1.0e+00      4.220e+00
LMQNBC: termination 5
============================ Fluorescence Reconstruction
  it     nf     cg           f             |g|      alpha        error
   0      1      0    7.47629551e-01   6.8e-02     1.0e+00      3.596e-01
   1      2      7    7.47628694e-01   3.8e-02     1.0e+00      3.596e-01
   2      3     17    7.47627598e-01   1.9e-01     1.0e+00      3.596e-01
   3      4     21    7.47626977e-01   5.3e-02     1.0e+00      3.596e-01
   4      5     31    7.47626282e-01   1.1e-01     1.0e+00      3.596e-01
   5      6     39    7.47625839e-01   3.5e-02     1.0e+00      3.596e-01
   6      7     49    7.47625080e-01   2.0e-01     1.0e+00      3.596e-01
   7      8     56    7.47624432e-01   5.1e-02     1.0e+00      3.596e-01
   8      9     66    7.47622574e-01   3.7e-01     1.0e+00      3.596e-01
   9     10     70    7.47621267e-01   1.0e-01     1.0e+00      3.596e-01
  10     11     80    7.47620681e-01   1.0e-01     1.0e+00      3.596e-01
  11     12     84    7.47620532e-01   4.9e-02     1.0e+00      3.596e-01
  12     13     94    7.47618881e-01   2.5e-01     1.0e+00      3.596e-01
  13     14     98    7.47617720e-01   1.2e-01     1.0e+00      3.596e-01
  14     15    102    7.47617462e-01   8.9e-02     1.0e+00      3.596e-01
  15     16    112    7.47616591e-01   8.4e-02     1.0e+00      3.596e-01
  16     17    115    7.47616105e-01   3.9e-02     1.0e+00      3.596e-01
  17     18    125    7.47615640e-01   8.4e-02     1.0e+00      3.596e-01
  18     19    135    7.47615278e-01   5.6e-02     1.0e+00      3.596e-01
  19     20    145    7.47614956e-01   9.1e-02     1.0e+00      3.596e-01
  20     21    155    7.47614642e-01   5.7e-02     1.0e+00      3.596e-01
  21     22    165    7.47614334e-01   9.1e-02     1.0e+00      3.596e-01
  22     23    175    7.47614030e-01   5.8e-02     1.0e+00      3.596e-01
  23     24    185    7.47613731e-01   9.2e-02     1.0e+00      3.596e-01
  24     25    195    7.47613435e-01   5.9e-02     1.0e+00      3.596e-01
  25     26    205    7.47613144e-01   9.2e-02     1.0e+00      3.596e-01
  26     27    215    7.47612856e-01   5.9e-02     1.0e+00      3.596e-01
  27     28    225    7.47612571e-01   9.3e-02     1.0e+00      3.595e-01
  28     29    235    7.47612290e-01   5.9e-02     1.0e+00      3.595e-01
  29     30    245    7.47612012e-01   9.2e-02     1.0e+00      3.595e-01
  30     31    255    7.47611737e-01   5.9e-02     1.0e+00      3.595e-01
  31     32    265    7.47611465e-01   9.2e-02     1.0e+00      3.595e-01
  32     33    275    7.47611195e-01   5.8e-02     1.0e+00      3.595e-01
  33     34    285    7.47610929e-01   9.1e-02     1.0e+00      3.595e-01
  34     35    295    7.47610666e-01   5.8e-02     1.0e+00      3.595e-01
  35     36    305    7.47610405e-01   9.0e-02     1.0e+00      3.595e-01
  36     37    315    7.47610147e-01   5.7e-02     1.0e+00      3.595e-01
  37     38    325    7.47609892e-01   8.9e-02     1.0e+00      3.595e-01
  38     39    335    7.47609639e-01   5.7e-02     1.0e+00      3.595e-01
  39     40    345    7.47609389e-01   8.9e-02     1.0e+00      3.595e-01
  40     41    355    7.47609142e-01   5.6e-02     1.0e+00      3.595e-01
  41     42    365    7.47608897e-01   8.8e-02     1.0e+00      3.595e-01
  42     43    375    7.47608654e-01   5.6e-02     1.0e+00      3.595e-01
  43     44    385    7.47608414e-01   8.7e-02     1.0e+00      3.595e-01
  44     45    395    7.47608177e-01   5.5e-02     1.0e+00      3.595e-01
  45     46    405    7.47607942e-01   8.6e-02     1.0e+00      3.595e-01
  46     47    415    7.47607710e-01   5.4e-02     1.0e+00      3.595e-01
  47     48    425    7.47607479e-01   8.5e-02     1.0e+00      3.595e-01
  48     49    435    7.47607251e-01   5.4e-02     1.0e+00      3.595e-01
  49     50    445    7.47607026e-01   8.4e-02     1.0e+00      3.595e-01
  50     51    455    7.47606803e-01   5.3e-02     1.0e+00      3.595e-01
LMQNBC: termination 5
============================ Attenuation Transmission Reconstruction
  it     nf     cg           f             |g|      alpha        error
   0      1      0    2.50734035e-05   2.1e-05     1.0e+00      4.282e+00
   1      2      5    4.45797054e-06   1.4e-05     1.0e+00      4.284e+00
   2      3     13    1.63960121e-06   3.1e-06     1.0e+00      4.275e+00
   3      4     23    9.87750234e-07   1.6e-06     1.0e+00      4.249e+00
   4      5     33    8.26011510e-07   1.0e-06     1.0e+00      4.250e+00
   5      6     43    7.27653754e-07   1.0e-06     1.0e+00      4.236e+00
   6      7     53    6.54986903e-07   9.4e-07     1.0e+00      4.236e+00
   7      8     63    5.96853635e-07   8.4e-07     1.0e+00      4.226e+00
   8      9     73    5.48654517e-07   7.5e-07     1.0e+00      4.227e+00
   9     10     83    5.07648451e-07   7.3e-07     1.0e+00      4.219e+00
  10     11     93    4.72300098e-07   6.6e-07     1.0e+00      4.221e+00
LMQNBC: termination 5
============================ Fluorescence Reconstruction
  it     nf     cg           f             |g|      alpha        error
   0      1      0    7.47604667e-01   5.3e-02     1.0e+00      3.595e-01
   1      2     23    7.47584702e-01   2.8e-01     1.0e+00      3.595e-01
   2      3     26    7.47584218e-01   5.8e-02     1.0e+00      3.595e-01
   3      4     32    7.47583562e-01   6.1e-02     1.0e+00      3.595e-01
   4      5     39    7.47583372e-01   2.0e-02     1.0e+00      3.595e-01
   5      6     46    7.47583280e-01   4.7e-02     1.0e+00      3.595e-01
   6      7     53    7.47583219e-01   1.6e-02     1.0e+00      3.595e-01
   7      8     63    7.47583013e-01   2.9e-02     1.0e+00      3.595e-01
   8      9     73    7.47582915e-01   1.5e-02     1.0e+00      3.595e-01
   9     10     78    7.47582891e-01   3.1e-03     1.0e+00      3.595e-01
  10     11     88    7.47582759e-01   3.5e-02     1.0e+00      3.595e-01
  11     12     93    7.47582690e-01   6.9e-03     1.0e+00      3.595e-01
  12     13     98    7.47582677e-01   1.1e-02     1.0e+00      3.595e-01
  13     14    108    7.47582636e-01   2.3e-02     1.0e+00      3.595e-01
  14     15    118    7.47582602e-01   1.4e-02     1.0e+00      3.595e-01
  15     16    128    7.47582578e-01   3.8e-02     1.0e+00      3.595e-01
  16     17    138    7.47582558e-01   1.5e-02     1.0e+00      3.595e-01
  17     18    148    7.47582539e-01   3.7e-02     1.0e+00      3.595e-01
  18     19    158    7.47582520e-01   1.6e-02     1.0e+00      3.595e-01
  19     20    168    7.47582501e-01   3.6e-02     1.0e+00      3.595e-01
  20     21    178    7.47582483e-01   1.6e-02     1.0e+00      3.595e-01
  21     22    188    7.47582465e-01   3.6e-02     1.0e+00      3.595e-01
  22     23    198    7.47582447e-01   1.6e-02     1.0e+00      3.595e-01
  23     24    208    7.47582430e-01   3.6e-02     1.0e+00      3.595e-01
  24     25    218    7.47582412e-01   1.5e-02     1.0e+00      3.595e-01
  25     26    228    7.47582395e-01   3.5e-02     1.0e+00      3.595e-01
  26     27    238    7.47582378e-01   1.5e-02     1.0e+00      3.595e-01
  27     28    248    7.47582362e-01   3.5e-02     1.0e+00      3.595e-01
  28     29    258    7.47582345e-01   1.5e-02     1.0e+00      3.596e-01
  29     30    268    7.47582329e-01   3.5e-02     1.0e+00      3.596e-01
  30     31    278    7.47582313e-01   1.5e-02     1.0e+00      3.596e-01
  31     32    288    7.47582297e-01   3.4e-02     1.0e+00      3.596e-01
  32     33    298    7.47582282e-01   1.5e-02     1.0e+00      3.596e-01
  33     34    308    7.47582266e-01   3.4e-02     1.0e+00      3.596e-01
  34     35    318    7.47582251e-01   1.5e-02     1.0e+00      3.596e-01
  35     36    328    7.47582236e-01   3.4e-02     1.0e+00      3.596e-01
  36     37    338    7.47582221e-01   1.5e-02     1.0e+00      3.596e-01
  37     38    348    7.47582206e-01   3.4e-02     1.0e+00      3.596e-01
  38     39    358    7.47582191e-01   1.5e-02     1.0e+00      3.596e-01
  39     40    368    7.47582177e-01   3.3e-02     1.0e+00      3.596e-01
  40     41    378    7.47582163e-01   1.5e-02     1.0e+00      3.596e-01
  41     42    388    7.47582148e-01   3.3e-02     1.0e+00      3.596e-01
  42     43    398    7.47582134e-01   1.4e-02     1.0e+00      3.596e-01
  43     44    408    7.47582121e-01   3.3e-02     1.0e+00      3.596e-01
  44     45    418    7.47582107e-01   1.4e-02     1.0e+00      3.596e-01
  45     46    428    7.47582093e-01   3.3e-02     1.0e+00      3.596e-01
  46     47    438    7.47582080e-01   1.4e-02     1.0e+00      3.596e-01
  47     48    448    7.47582067e-01   3.2e-02     1.0e+00      3.596e-01
  48     49    458    7.47582054e-01   1.4e-02     1.0e+00      3.596e-01
  49     50    468    7.47582041e-01   3.2e-02     1.0e+00      3.596e-01
  50     51    478    7.47582028e-01   1.4e-02     1.0e+00      3.596e-01
LMQNBC: termination 5
============================ Attenuation Transmission Reconstruction
  it     nf     cg           f             |g|      alpha        error
   0      1      0    2.50926487e-05   2.1e-05     1.0e+00      4.283e+00
   1      2      5    4.46873352e-06   1.4e-05     1.0e+00      4.285e+00
   2      3     13    1.64022413e-06   3.1e-06     1.0e+00      4.276e+00
   3      4     23    9.86468138e-07   1.7e-06     1.0e+00      4.250e+00
   4      5     33    8.24505516e-07   1.0e-06     1.0e+00      4.251e+00
   5      6     43    7.26139983e-07   1.0e-06     1.0e+00      4.238e+00
   6      7     53    6.53533864e-07   9.3e-07     1.0e+00      4.238e+00
   7      8     63    5.95483897e-07   8.4e-07     1.0e+00      4.228e+00
   8      9     73    5.47374420e-07   7.3e-07     1.0e+00      4.229e+00
   9     10     83    5.06458842e-07   7.2e-07     1.0e+00      4.221e+00
  10     11     93    4.71200224e-07   6.5e-07     1.0e+00      4.223e+00
LMQNBC: termination 5
============================ Fluorescence Reconstruction
  it     nf     cg           f             |g|      alpha        error
   0      1      0    7.47581592e-01   1.6e-02     1.0e+00      3.596e-01
   1      2      4    7.47581570e-01   1.6e-02     1.0e+00      3.596e-01
   2      3     11    7.47581554e-01   7.9e-03     1.0e+00      3.596e-01
   3      4     21    7.47581530e-01   3.4e-02     1.0e+00      3.596e-01
   4      5     29    7.47581512e-01   5.0e-03     1.0e+00      3.596e-01
   5      6     39    7.47581483e-01   2.7e-02     1.0e+00      3.596e-01
   6      7     45    7.47581460e-01   6.9e-03     1.0e+00      3.596e-01
   7      8     55    7.47581424e-01   1.4e-02     1.0e+00      3.596e-01
   8      9     61    7.47581401e-01   7.5e-03     1.0e+00      3.596e-01
   9     10     71    7.47581383e-01   1.3e-02     1.0e+00      3.596e-01
  10     11     73    7.47581379e-01   1.1e-02     1.0e+00      3.596e-01
  11     12     83    7.47581359e-01   1.6e-02     1.0e+00      3.596e-01
  12     13     93    7.47581342e-01   4.4e-03     1.0e+00      3.596e-01
  13     14     98    7.47581337e-01   6.8e-03     1.0e+00      3.596e-01
  14     15    108    7.47581266e-01   2.4e-02     1.0e+00      3.596e-01
  15     16    113    7.47581206e-01   1.5e-02     1.0e+00      3.596e-01
  16     17    123    7.47581194e-01   1.2e-02     1.0e+00      3.596e-01
  17     18    131    7.47581186e-01   3.9e-03     1.0e+00      3.596e-01
  18     19    141    7.47581173e-01   2.6e-02     1.0e+00      3.596e-01
  19     20    144    7.47581166e-01   8.1e-03     1.0e+00      3.596e-01
  20     21    151    7.47581160e-01   7.9e-03     1.0e+00      3.596e-01
  21     22    161    7.47581146e-01   2.8e-02     1.0e+00      3.596e-01
  22     23    165    7.47581137e-01   1.0e-02     1.0e+00      3.596e-01
  23     24    175    7.47581128e-01   1.7e-02     1.0e+00      3.596e-01
  24     25    179    7.47581123e-01   4.8e-03     1.0e+00      3.596e-01
  25     26    189    7.47581100e-01   1.6e-02     1.0e+00      3.596e-01
  26     27    194    7.47581081e-01   5.4e-03     1.0e+00      3.596e-01
  27     28    204    7.47580995e-01   4.3e-02     1.0e+00      3.596e-01
  28     29    208    7.47580926e-01   1.5e-02     1.0e+00      3.596e-01
  29     30    212    7.47580921e-01   1.0e-02     1.0e+00      3.596e-01
  30     31    220    7.47580912e-01   2.1e-03     1.0e+00      3.596e-01
  31     32    228    7.47580906e-01   4.2e-03     1.0e+00      3.596e-01
  32     33    236    7.47580901e-01   2.2e-03     1.0e+00      3.596e-01
  33     34    246    7.47580885e-01   2.4e-02     1.0e+00      3.596e-01
  34     35    250    7.47580874e-01   1.1e-02     1.0e+00      3.596e-01
  35     36    257    7.47580870e-01   3.1e-03     1.0e+00      3.596e-01
  36     37    267    7.47580850e-01   2.8e-02     1.0e+00      3.596e-01
  37     38    271    7.47580838e-01   1.6e-02     1.0e+00      3.596e-01
  38     39    275    7.47580834e-01   6.9e-03     1.0e+00      3.596e-01
  39     40    283    7.47580829e-01   4.6e-03     1.0e+00      3.596e-01
  40     41    290    7.47580825e-01   6.0e-03     1.0e+00      3.596e-01
  41     42    297    7.47580821e-01   6.5e-03     1.0e+00      3.596e-01
  42     43    304    7.47580817e-01   6.8e-03     1.0e+00      3.596e-01
  43     44    311    7.47580814e-01   7.6e-03     1.0e+00      3.596e-01
  44     45    318    7.47580810e-01   6.9e-03     1.0e+00      3.596e-01
  45     46    328    7.47580712e-01   4.6e-02     1.0e+00      3.597e-01
  46     47    333    7.47580634e-01   7.7e-03     1.0e+00      3.597e-01
  47     48    337    7.47580628e-01   7.8e-03     1.0e+00      3.597e-01
  48     49    344    7.47580625e-01   6.1e-03     1.0e+00      3.597e-01
  49     50    351    7.47580622e-01   2.3e-03     1.0e+00      3.597e-01
  50     51    361    7.47580610e-01   2.9e-02     1.0e+00      3.597e-01
LMQNBC: termination 5
============================ Attenuation Transmission Reconstruction
  it     nf     cg           f             |g|      alpha        error
   0      1      0    2.50925323e-05   2.1e-05     1.0e+00      4.284e+00
   1      2      5    4.46759780e-06   1.4e-05     1.0e+00      4.286e+00
   2      3     13    1.64024486e-06   3.1e-06     1.0e+00      4.277e+00
   3      4     23    9.86700894e-07   1.7e-06     1.0e+00      4.251e+00
   4      5     33    8.24716376e-07   1.0e-06     1.0e+00      4.252e+00
   5      6     43    7.26323851e-07   1.0e-06     1.0e+00      4.238e+00
   6      7     53    6.53694600e-07   9.3e-07     1.0e+00      4.239e+00
   7      8     63    5.95624392e-07   8.4e-07     1.0e+00      4.229e+00
   8      9     73    5.47498101e-07   7.3e-07     1.0e+00      4.230e+00
   9     10     83    5.06568314e-07   7.2e-07     1.0e+00      4.222e+00
  10     11     93    4.71297742e-07   6.5e-07     1.0e+00      4.223e+00
LMQNBC: termination 5
============================ Fluorescence Reconstruction
  it     nf     cg           f             |g|      alpha        error
   0      1      0    7.47581269e-01   2.8e-02     1.0e+00      3.597e-01
   1      2      4    7.47581261e-01   9.9e-03     1.0e+00      3.597e-01
   2      3      8    7.47581259e-01   6.5e-03     1.0e+00      3.597e-01
   3      4     18    7.47581252e-01   8.9e-03     1.0e+00      3.597e-01
   4      5     22    7.47581249e-01   5.4e-03     1.0e+00      3.597e-01
   5      6     32    7.47581244e-01   5.4e-03     1.0e+00      3.597e-01
   6      7     39    7.47581240e-01   3.9e-03     1.0e+00      3.597e-01
   7      8     49    7.47581230e-01   2.2e-02     1.0e+00      3.597e-01
   8      9     53    7.47581223e-01   8.8e-03     1.0e+00      3.597e-01
   9     10     57    7.47581221e-01   5.6e-03     1.0e+00      3.597e-01
  10     11     67    7.47581206e-01   2.5e-02     1.0e+00      3.597e-01
  11     12     70    7.47581198e-01   1.4e-02     1.0e+00      3.597e-01
  12     13     77    7.47581192e-01   2.0e-03     1.0e+00      3.597e-01
  13     14     87    7.47581182e-01   1.8e-02     1.0e+00      3.597e-01
  14     15     91    7.47581177e-01   1.1e-02     1.0e+00      3.597e-01
  15     16    101    7.47581172e-01   4.9e-03     1.0e+00      3.597e-01
  16     17    111    7.47581168e-01   1.1e-02     1.0e+00      3.597e-01
  17     18    121    7.47581164e-01   5.0e-03     1.0e+00      3.597e-01
  18     19    131    7.47581161e-01   1.2e-02     1.0e+00      3.597e-01
  19     20    141    7.47581157e-01   5.6e-03     1.0e+00      3.597e-01
  20     21    151    7.47581153e-01   1.2e-02     1.0e+00      3.597e-01
  21     22    161    7.47581150e-01   5.7e-03     1.0e+00      3.597e-01
  22     23    171    7.47581146e-01   1.2e-02     1.0e+00      3.597e-01
  23     24    181    7.47581143e-01   5.7e-03     1.0e+00      3.597e-01
  24     25    191    7.47581139e-01   1.2e-02     1.0e+00      3.597e-01
  25     26    201    7.47581136e-01   5.7e-03     1.0e+00      3.597e-01
  26     27    211    7.47581132e-01   1.2e-02     1.0e+00      3.597e-01
  27     28    221    7.47581129e-01   5.8e-03     1.0e+00      3.597e-01
  28     29    231    7.47581126e-01   1.3e-02     1.0e+00      3.597e-01
  29     30    241    7.47581122e-01   5.8e-03     1.0e+00      3.597e-01
  30     31    251    7.47581119e-01   1.3e-02     1.0e+00      3.597e-01
  31     32    261    7.47581116e-01   5.8e-03     1.0e+00      3.597e-01
  32     33    271    7.47581113e-01   1.3e-02     1.0e+00      3.597e-01
  33     34    281    7.47581109e-01   5.8e-03     1.0e+00      3.597e-01
  34     35    291    7.47581106e-01   1.2e-02     1.0e+00      3.597e-01
  35     36    301    7.47581103e-01   5.7e-03     1.0e+00      3.597e-01
  36     37    311    7.47581100e-01   1.2e-02     1.0e+00      3.597e-01
  37     38    321    7.47581097e-01   5.7e-03     1.0e+00      3.597e-01
  38     39    331    7.47581094e-01   1.2e-02     1.0e+00      3.597e-01
  39     40    341    7.47581090e-01   5.7e-03     1.0e+00      3.597e-01
  40     41    351    7.47581087e-01   1.2e-02     1.0e+00      3.597e-01
  41     42    361    7.47581084e-01   5.7e-03     1.0e+00      3.597e-01
  42     43    371    7.47581081e-01   1.2e-02     1.0e+00      3.597e-01
  43     44    381    7.47581078e-01   5.6e-03     1.0e+00      3.597e-01
  44     45    391    7.47581075e-01   1.2e-02     1.0e+00      3.597e-01
  45     46    401    7.47581072e-01   5.6e-03     1.0e+00      3.597e-01
  46     47    411    7.47581069e-01   1.2e-02     1.0e+00      3.597e-01
  47     48    421    7.47581067e-01   5.5e-03     1.0e+00      3.597e-01
  48     49    431    7.47581064e-01   1.2e-02     1.0e+00      3.597e-01
  49     50    441    7.47581061e-01   5.5e-03     1.0e+00      3.597e-01
  50     51    451    7.47581058e-01   1.2e-02     1.0e+00      3.597e-01
LMQNBC: termination 5
============================ Attenuation Transmission Reconstruction
  it     nf     cg           f             |g|      alpha        error
   0      1      0    2.50930340e-05   2.1e-05     1.0e+00      4.285e+00
   1      2      5    4.46745872e-06   1.4e-05     1.0e+00      4.286e+00
   2      3     13    1.64023426e-06   3.1e-06     1.0e+00      4.277e+00
   3      4     23    9.86756072e-07   1.7e-06     1.0e+00      4.251e+00
   4      5     33    8.24763457e-07   1.0e-06     1.0e+00      4.252e+00
   5      6     43    7.26364105e-07   1.0e-06     1.0e+00      4.238e+00
   6      7     53    6.53729385e-07   9.3e-07     1.0e+00      4.239e+00
   7      8     63    5.95654369e-07   8.4e-07     1.0e+00      4.229e+00
   8      9     73    5.47524050e-07   7.3e-07     1.0e+00      4.230e+00
   9     10     83    5.06590819e-07   7.2e-07     1.0e+00      4.222e+00
  10     11     93    4.71317301e-07   6.5e-07     1.0e+00      4.224e+00
LMQNBC: termination 5
============================ Fluorescence Reconstruction
  it     nf     cg           f             |g|      alpha        error
   0      1      0    7.47580901e-01   1.2e-02     1.0e+00      3.597e-01
   1      2      7    7.47580898e-01   2.0e-03     1.0e+00      3.597e-01
   2      3     17    7.47580893e-01   1.9e-02     1.0e+00      3.597e-01
   3      4     21    7.47580890e-01   3.2e-03     1.0e+00      3.597e-01
   4      5     31    7.47580885e-01   2.6e-02     1.0e+00      3.597e-01
   5      6     34    7.47580883e-01   3.5e-03     1.0e+00      3.597e-01
   6      7     44    7.47580876e-01   2.2e-02     1.0e+00      3.597e-01
   7      8     48    7.47580872e-01   9.0e-03     1.0e+00      3.597e-01
   8      9     58    7.47580866e-01   1.4e-02     1.0e+00      3.597e-01
   9     10     63    7.47580862e-01   3.2e-03     1.0e+00      3.597e-01
  10     11     73    7.47580856e-01   3.7e-03     1.0e+00      3.597e-01
  11     12     80    7.47580852e-01   2.3e-03     1.0e+00      3.597e-01
  12     13     90    7.47580846e-01   3.5e-03     1.0e+00      3.597e-01
  13     14     96    7.47580843e-01   4.9e-03     1.0e+00      3.597e-01
  14     15    106    7.47580838e-01   3.5e-03     1.0e+00      3.597e-01
  15     16    114    7.47580835e-01   5.7e-03     1.0e+00      3.597e-01
  16     17    124    7.47580832e-01   8.3e-03     1.0e+00      3.597e-01
  17     18    131    7.47580829e-01   5.0e-03     1.0e+00      3.597e-01
  18     19    141    7.47580825e-01   1.3e-02     1.0e+00      3.597e-01
  19     20    148    7.47580821e-01   5.9e-03     1.0e+00      3.597e-01
  20     21    158    7.47580810e-01   1.1e-02     1.0e+00      3.597e-01
  21     22    165    7.47580802e-01   6.4e-03     1.0e+00      3.597e-01
  22     23    175    7.47580798e-01   7.0e-03     1.0e+00      3.597e-01
  23     24    185    7.47580796e-01   1.2e-02     1.0e+00      3.597e-01
  24     25    192    7.47580794e-01   1.7e-03     1.0e+00      3.597e-01
  25     26    202    7.47580788e-01   1.9e-02     1.0e+00      3.597e-01
  26     27    206    7.47580783e-01   1.1e-02     1.0e+00      3.597e-01
  27     28    216    7.47580780e-01   2.5e-03     1.0e+00      3.597e-01
  28     29    221    7.47580779e-01   1.2e-03     1.0e+00      3.597e-01
  29     30    231    7.47580772e-01   4.1e-03     1.0e+00      3.597e-01
  30     31    238    7.47580767e-01   6.8e-03     1.0e+00      3.597e-01
  31     32    242    7.47580767e-01   4.0e-03     1.0e+00      3.597e-01
  32     33    252    7.47580761e-01   6.8e-03     1.0e+00      3.597e-01
  33     34    258    7.47580757e-01   7.4e-03     1.0e+00      3.597e-01
  34     35    268    7.47580754e-01   1.9e-03     1.0e+00      3.597e-01
  35     36    275    7.47580752e-01   5.9e-03     1.0e+00      3.597e-01
  36     37    285    7.47580748e-01   1.5e-02     1.0e+00      3.597e-01
  37     38    290    7.47580747e-01   3.0e-03     1.0e+00      3.597e-01
  38     39    300    7.47580743e-01   4.3e-03     1.0e+00      3.597e-01
  39     40    309    7.47580741e-01   1.5e-03     1.0e+00      3.597e-01
  40     41    319    7.47580738e-01   4.0e-03     1.0e+00      3.597e-01
  41     42    323    7.47580737e-01   5.3e-03     1.0e+00      3.597e-01
  42     43    330    7.47580736e-01   3.6e-03     1.0e+00      3.597e-01
  43     44    340    7.47580734e-01   8.1e-03     1.0e+00      3.597e-01
  44     45    347    7.47580732e-01   4.1e-03     1.0e+00      3.597e-01
  45     46    357    7.47580728e-01   6.0e-03     1.0e+00      3.597e-01
  46     47    363    7.47580725e-01   2.2e-03     1.0e+00      3.597e-01
  47     48    373    7.47580659e-01   4.4e-02     1.0e+00      3.597e-01
  48     49    377    7.47580621e-01   1.7e-02     1.0e+00      3.597e-01
  49     50    381    7.47580614e-01   8.4e-03     1.0e+00      3.597e-01
  50     51    385    7.47580613e-01   3.7e-03     1.0e+00      3.597e-01
LMQNBC: termination 5
============================ Attenuation Transmission Reconstruction
  it     nf     cg           f             |g|      alpha        error
   0      1      0    2.50938262e-05   2.1e-05     1.0e+00      4.285e+00
   1      2      5    4.46700452e-06   1.4e-05     1.0e+00      4.286e+00
   2      3     13    1.64020968e-06   3.1e-06     1.0e+00      4.278e+00
   3      4     23    9.86851696e-07   1.7e-06     1.0e+00      4.251e+00
   4      5     33    8.24848832e-07   1.0e-06     1.0e+00      4.252e+00
   5      6     43    7.26438436e-07   1.0e-06     1.0e+00      4.239e+00
   6      7     53    6.53794918e-07   9.2e-07     1.0e+00      4.239e+00
   7      8     63    5.95712164e-07   8.4e-07     1.0e+00      4.229e+00
   8      9     73    5.47575109e-07   7.3e-07     1.0e+00      4.230e+00
   9     10     83    5.06635916e-07   7.2e-07     1.0e+00      4.222e+00
  10     11     93    4.71357142e-07   6.4e-07     1.0e+00      4.224e+00
LMQNBC: termination 5
============================ Fluorescence Reconstruction
  it     nf     cg           f             |g|      alpha        error
   0      1      0    7.47579964e-01   3.8e-03     1.0e+00      3.597e-01
   1      2      7    7.47579963e-01   2.0e-03     1.0e+00      3.597e-01
   2      3     17    7.47579962e-01   5.0e-03     1.0e+00      3.597e-01
   3      4     24    7.47579961e-01   3.5e-03     1.0e+00      3.597e-01
   4      5     34    7.47579960e-01   2.8e-03     1.0e+00      3.597e-01
   5      6     38    7.47579959e-01   2.0e-03     1.0e+00      3.597e-01
   6      7     48    7.47579958e-01   4.8e-03     1.0e+00      3.597e-01
   7      8     55    7.47579957e-01   2.5e-03     1.0e+00      3.597e-01
   8      9     65    7.47579956e-01   4.5e-03     1.0e+00      3.597e-01
   9     10     69    7.47579955e-01   2.8e-03     1.0e+00      3.597e-01
  10     11     76    7.47579955e-01   2.1e-03     1.0e+00      3.597e-01
  11     12     86    7.47579953e-01   1.1e-02     1.0e+00      3.597e-01
  12     13     89    7.47579952e-01   2.3e-03     1.0e+00      3.597e-01
  13     14     96    7.47579952e-01   2.1e-03     1.0e+00      3.597e-01
  14     15    106    7.47579949e-01   1.2e-02     1.0e+00      3.597e-01
  15     16    110    7.47579947e-01   2.2e-03     1.0e+00      3.597e-01
  16     17    120    7.47579945e-01   1.5e-03     1.0e+00      3.597e-01
  17     18    129    7.47579944e-01   3.1e-03     1.0e+00      3.597e-01
  18     19    139    7.47579943e-01   6.1e-03     1.0e+00      3.597e-01
  19     20    144    7.47579942e-01   1.7e-03     1.0e+00      3.597e-01
  20     21    154    7.47579941e-01   4.1e-03     1.0e+00      3.597e-01
  21     22    162    7.47579940e-01   1.6e-03     1.0e+00      3.597e-01
  22     23    172    7.47579939e-01   3.0e-03     1.0e+00      3.597e-01
  23     24    182    7.47579938e-01   1.6e-03     1.0e+00      3.597e-01
  24     25    192    7.47579938e-01   3.1e-03     1.0e+00      3.597e-01
  25     26    202    7.47579937e-01   1.6e-03     1.0e+00      3.597e-01
  26     27    212    7.47579936e-01   3.1e-03     1.0e+00      3.597e-01
  27     28    222    7.47579936e-01   1.6e-03     1.0e+00      3.597e-01
  28     29    232    7.47579935e-01   3.1e-03     1.0e+00      3.597e-01
  29     30    242    7.47579935e-01   1.6e-03     1.0e+00      3.597e-01
  30     31    252    7.47579934e-01   3.1e-03     1.0e+00      3.597e-01
  31     32    262    7.47579933e-01   1.7e-03     1.0e+00      3.597e-01
  32     33    272    7.47579933e-01   3.2e-03     1.0e+00      3.597e-01
  33     34    282    7.47579932e-01   1.7e-03     1.0e+00      3.597e-01
  34     35    292    7.47579932e-01   3.3e-03     1.0e+00      3.597e-01
  35     36    299    7.47579931e-01   1.5e-03     1.0e+00      3.597e-01
  36     37    309    7.47579930e-01   3.7e-03     1.0e+00      3.597e-01
  37     38    311    7.47579930e-01   1.2e-03     1.0e+00      3.597e-01
  38     39    315    7.47579929e-01   2.3e-03     1.0e+00      3.597e-01
  39     40    318    7.47579929e-01   1.4e-03     1.0e+00      3.597e-01
  40     41    328    7.47579928e-01   4.2e-03     1.0e+00      3.597e-01
  41     42    335    7.47579926e-01   2.8e-03     1.0e+00      3.597e-01
  42     43    345    7.47579921e-01   2.7e-03     1.0e+00      3.597e-01
  43     44    350    7.47579918e-01   1.3e-03     1.0e+00      3.597e-01
  44     45    354    7.47579917e-01   1.5e-03     1.0e+00      3.597e-01
  45     46    364    7.47579916e-01   9.0e-03     1.0e+00      3.597e-01
  46     47    368    7.47579915e-01   2.7e-03     1.0e+00      3.597e-01
  47     48    375    7.47579914e-01   1.3e-03     1.0e+00      3.597e-01
  48     49    385    7.47579910e-01   1.1e-02     1.0e+00      3.597e-01
  49     50    389    7.47579906e-01   6.1e-03     1.0e+00      3.597e-01
  50     51    395    7.47579905e-01   2.4e-03     1.0e+00      3.597e-01
LMQNBC: termination 5
============================ Attenuation Transmission Reconstruction
  it     nf     cg           f             |g|      alpha        error
   0      1      0    2.50943307e-05   2.1e-05     1.0e+00      4.285e+00
   1      2      5    4.46687132e-06   1.4e-05     1.0e+00      4.286e+00
   2      3     13    1.64020796e-06   3.1e-06     1.0e+00      4.278e+00
   3      4     23    9.86887134e-07   1.7e-06     1.0e+00      4.252e+00
   4      5     33    8.24880757e-07   1.0e-06     1.0e+00      4.253e+00
   5      6     43    7.26466586e-07   1.0e-06     1.0e+00      4.239e+00
   6      7     53    6.53820146e-07   9.2e-07     1.0e+00      4.239e+00
   7      8     63    5.95734841e-07   8.4e-07     1.0e+00      4.229e+00
   8      9     73    5.47595505e-07   7.3e-07     1.0e+00      4.230e+00
   9     10     83    5.06654242e-07   7.2e-07     1.0e+00      4.223e+00
  10     11     93    4.71373599e-07   6.4e-07     1.0e+00      4.224e+00
LMQNBC: termination 5
============================ Fluorescence Reconstruction
  it     nf     cg           f             |g|      alpha        error
   0      1      0    7.47579577e-01   2.4e-03     1.0e+00      3.597e-01
   1      2     26    7.47579532e-01   1.1e-02     1.0e+00      3.598e-01
   2      3     29    7.47579530e-01   8.2e-03     1.0e+00      3.598e-01
   3      4     32    7.47579529e-01   8.4e-03     1.0e+00      3.598e-01
   4      5     38    7.47579526e-01   3.1e-03     1.0e+00      3.598e-01
   5      6     44    7.47579525e-01   3.3e-03     1.0e+00      3.598e-01
   6      7     54    7.47579524e-01   1.4e-03     1.0e+00      3.598e-01
   7      8     61    7.47579524e-01   1.6e-03     1.0e+00      3.598e-01
   8      9     71    7.47579524e-01   3.9e-03     1.0e+00      3.598e-01
   9     10     75    7.47579524e-01   7.8e-04     1.0e+00      3.598e-01
  10     11     83    7.47579523e-01   4.4e-04     1.0e+00      3.598e-01
  11     12     93    7.47579523e-01   3.8e-03     1.0e+00      3.598e-01
  12     13     96    7.47579523e-01   9.2e-04     1.0e+00      3.598e-01
  13     14    103    7.47579523e-01   5.7e-04     1.0e+00      3.598e-01
  14     15    113    7.47579523e-01   1.3e-03     1.0e+00      3.598e-01
  15     16    117    7.47579523e-01   6.2e-04     1.0e+00      3.598e-01
  16     17    121    7.47579523e-01   5.2e-04     1.0e+00      3.598e-01
  17     18    131    7.47579523e-01   1.7e-03     1.0e+00      3.598e-01
  18     19    134    7.47579523e-01   1.6e-04     1.0e+00      3.598e-01
  19     20    144    7.47579523e-01   2.5e-04     1.0e+00      3.598e-01
  20     21    149    7.47579523e-01   1.7e-04     1.0e+00      3.598e-01
  21     22    159    7.47579523e-01   1.2e-03     1.0e+00      3.598e-01
  22     23    169    7.47579523e-01   3.8e-04     1.0e+00      3.598e-01
  23     24    179    7.47579523e-01   7.6e-04     1.0e+00      3.598e-01
  24     25    189    7.47579523e-01   3.5e-04     1.0e+00      3.598e-01
  25     26    199    7.47579523e-01   7.0e-04     1.0e+00      3.598e-01
  26     27    209    7.47579523e-01   3.2e-04     1.0e+00      3.598e-01
  27     28    219    7.47579523e-01   6.9e-04     1.0e+00      3.598e-01
  28     29    229    7.47579523e-01   3.0e-04     1.0e+00      3.598e-01
  29     30    239    7.47579523e-01   6.7e-04     1.0e+00      3.598e-01
  30     31    249    7.47579523e-01   3.0e-04     1.0e+00      3.598e-01
  31     32    259    7.47579523e-01   6.6e-04     1.0e+00      3.598e-01
  32     33    269    7.47579523e-01   2.9e-04     1.0e+00      3.598e-01
  33     34    279    7.47579523e-01   6.5e-04     1.0e+00      3.598e-01
  34     35    289    7.47579523e-01   2.9e-04     1.0e+00      3.598e-01
  35     36    299    7.47579523e-01   6.4e-04     1.0e+00      3.598e-01
  36     37    309    7.47579523e-01   2.8e-04     1.0e+00      3.598e-01
  37     38    319    7.47579523e-01   6.2e-04     1.0e+00      3.598e-01
  38     39    329    7.47579523e-01   2.7e-04     1.0e+00      3.598e-01
  39     40    339    7.47579523e-01   6.1e-04     1.0e+00      3.598e-01
  40     41    349    7.47579523e-01   2.7e-04     1.0e+00      3.598e-01
  41     42    359    7.47579523e-01   6.0e-04     1.0e+00      3.598e-01
  42     43    369    7.47579523e-01   2.6e-04     1.0e+00      3.598e-01
  43     44    379    7.47579523e-01   5.9e-04     1.0e+00      3.598e-01
  44     45    389    7.47579522e-01   2.6e-04     1.0e+00      3.598e-01
  45     46    399    7.47579522e-01   5.8e-04     1.0e+00      3.598e-01
  46     47    409    7.47579522e-01   2.5e-04     1.0e+00      3.598e-01
  47     48    419    7.47579522e-01   5.8e-04     1.0e+00      3.598e-01
  48     49    429    7.47579522e-01   2.5e-04     1.0e+00      3.598e-01
  49     50    439    7.47579522e-01   5.7e-04     1.0e+00      3.598e-01
  50     51    449    7.47579522e-01   2.5e-04     1.0e+00      3.598e-01
LMQNBC: termination 5
============================ Attenuation Transmission Reconstruction
  it     nf     cg           f             |g|      alpha        error
   0      1      0    2.50952258e-05   2.1e-05     1.0e+00      4.286e+00
   1      2      5    4.46662641e-06   1.4e-05     1.0e+00      4.287e+00
   2      3     13    1.64020234e-06   3.1e-06     1.0e+00      4.278e+00
   3      4     23    9.86954334e-07   1.7e-06     1.0e+00      4.252e+00
   4      5     33    8.24941032e-07   1.0e-06     1.0e+00      4.253e+00
   5      6     43    7.26519774e-07   1.0e-06     1.0e+00      4.239e+00
   6      7     53    6.53867839e-07   9.2e-07     1.0e+00      4.240e+00
   7      8     63    5.95777681e-07   8.4e-07     1.0e+00      4.229e+00
   8      9     73    5.47633994e-07   7.3e-07     1.0e+00      4.231e+00
   9     10     83    5.06688771e-07   7.2e-07     1.0e+00      4.223e+00
  10     11     93    4.71404540e-07   6.4e-07     1.0e+00      4.224e+00
LMQNBC: termination 5
============================ Fluorescence Reconstruction
  it     nf     cg           f             |g|      alpha        error
   0      1      0    7.47578886e-01   7.1e-04     1.0e+00      3.598e-01
   1      2      4    7.47578886e-01   1.4e-03     1.0e+00      3.598e-01
   2      3     11    7.47578886e-01   3.9e-04     1.0e+00      3.598e-01
   3      4     21    7.47578886e-01   6.5e-04     1.0e+00      3.598e-01
   4      5     25    7.47578886e-01   3.6e-04     1.0e+00      3.598e-01
   5      6     35    7.47578886e-01   1.2e-03     1.0e+00      3.598e-01
   6      7     41    7.47578886e-01   2.1e-04     1.0e+00      3.598e-01
   7      8     51    7.47578886e-01   1.0e-03     1.0e+00      3.598e-01
   8      9     58    7.47578886e-01   1.2e-04     1.0e+00      3.598e-01
   9     10     68    7.47578886e-01   1.6e-03     1.0e+00      3.598e-01
  10     11     72    7.47578886e-01   2.3e-04     1.0e+00      3.598e-01
  11     12     82    7.47578886e-01   4.7e-04     1.0e+00      3.598e-01
  12     13     86    7.47578886e-01   2.3e-04     1.0e+00      3.598e-01
  13     14     96    7.47578886e-01   4.1e-04     1.0e+00      3.598e-01
  14     15    101    7.47578886e-01   2.7e-04     1.0e+00      3.598e-01
  15     16    111    7.47578886e-01   5.8e-04     1.0e+00      3.598e-01
  16     17    121    7.47578886e-01   2.7e-04     1.0e+00      3.598e-01
  17     18    131    7.47578886e-01   3.9e-04     1.0e+00      3.598e-01
  18     19    136    7.47578886e-01   3.0e-04     1.0e+00      3.598e-01
  19     20    146    7.47578886e-01   2.3e-03     1.0e+00      3.598e-01
  20     21    152    7.47578885e-01   2.0e-04     1.0e+00      3.598e-01
  21     22    160    7.47578885e-01   3.7e-04     1.0e+00      3.598e-01
  22     23    170    7.47578885e-01   1.7e-03     1.0e+00      3.598e-01
  23     24    174    7.47578885e-01   3.5e-04     1.0e+00      3.598e-01
  24     25    184    7.47578885e-01   5.5e-04     1.0e+00      3.598e-01
  25     26    187    7.47578885e-01   1.5e-04     1.0e+00      3.598e-01
  26     27    197    7.47578885e-01   6.5e-04     1.0e+00      3.598e-01
  27     28    201    7.47578885e-01   3.5e-04     1.0e+00      3.598e-01
  28     29    211    7.47578885e-01   2.5e-04     1.0e+00      3.598e-01
  29     30    221    7.47578885e-01   4.6e-04     1.0e+00      3.598e-01
  30     31    231    7.47578885e-01   3.0e-04     1.0e+00      3.598e-01
  31     32    241    7.47578885e-01   4.8e-04     1.0e+00      3.598e-01
  32     33    251    7.47578885e-01   3.0e-04     1.0e+00      3.598e-01
  33     34    261    7.47578885e-01   4.7e-04     1.0e+00      3.598e-01
  34     35    271    7.47578885e-01   3.2e-04     1.0e+00      3.598e-01
  35     36    281    7.47578885e-01   4.7e-04     1.0e+00      3.598e-01
  36     37    291    7.47578885e-01   3.2e-04     1.0e+00      3.598e-01
  37     38    301    7.47578885e-01   4.7e-04     1.0e+00      3.598e-01
  38     39    311    7.47578885e-01   3.2e-04     1.0e+00      3.598e-01
  39     40    321    7.47578885e-01   4.7e-04     1.0e+00      3.598e-01
  40     41    331    7.47578885e-01   3.2e-04     1.0e+00      3.598e-01
  41     42    341    7.47578885e-01   4.7e-04     1.0e+00      3.598e-01
  42     43    351    7.47578885e-01   3.2e-04     1.0e+00      3.598e-01
  43     44    361    7.47578885e-01   4.7e-04     1.0e+00      3.598e-01
  44     45    371    7.47578885e-01   3.2e-04     1.0e+00      3.598e-01
  45     46    381    7.47578885e-01   4.7e-04     1.0e+00      3.598e-01
  46     47    391    7.47578885e-01   3.1e-04     1.0e+00      3.598e-01
  47     48    401    7.47578885e-01   4.6e-04     1.0e+00      3.598e-01
  48     49    411    7.47578885e-01   3.1e-04     1.0e+00      3.598e-01
  49     50    421    7.47578885e-01   4.6e-04     1.0e+00      3.598e-01
  50     51    431    7.47578885e-01   3.1e-04     1.0e+00      3.598e-01
LMQNBC: termination 5
============================ Attenuation Transmission Reconstruction
  it     nf     cg           f             |g|      alpha        error
   0      1      0    2.50952809e-05   2.1e-05     1.0e+00      4.286e+00
   1      2      5    4.46661785e-06   1.4e-05     1.0e+00      4.287e+00
   2      3     13    1.64020703e-06   3.1e-06     1.0e+00      4.278e+00
   3      4     23    9.86959789e-07   1.7e-06     1.0e+00      4.252e+00
   4      5     33    8.24945920e-07   1.0e-06     1.0e+00      4.253e+00
   5      6     43    7.26524157e-07   1.0e-06     1.0e+00      4.239e+00
   6      7     53    6.53871847e-07   9.2e-07     1.0e+00      4.240e+00
   7      8     63    5.95781368e-07   8.5e-07     1.0e+00      4.230e+00
   8      9     73    5.47637391e-07   7.3e-07     1.0e+00      4.231e+00
   9     10     83    5.06691899e-07   7.2e-07     1.0e+00      4.223e+00
  10     11     93    4.71407422e-07   6.4e-07     1.0e+00      4.224e+00
LMQNBC: termination 5
============================ Fluorescence Reconstruction
  it     nf     cg           f             |g|      alpha        error
   0      1      0    7.47578848e-01   3.0e-04     1.0e+00      3.598e-01
   1      2     26    7.47578848e-01   6.3e-04     1.0e+00      3.598e-01
   2      3     31    7.47578848e-01   1.8e-04     1.0e+00      3.598e-01
   3      4     41    7.47578848e-01   3.0e-04     1.0e+00      3.598e-01
   4      5     46    7.47578848e-01   7.0e-05     1.0e+00      3.598e-01
   5      6     56    7.47578848e-01   1.7e-04     1.0e+00      3.598e-01
   6      7     63    7.47578848e-01   1.5e-04     1.0e+00      3.598e-01
   7      8     67    7.47578848e-01   1.1e-04     1.0e+00      3.598e-01
   8      9     77    7.47578848e-01   3.1e-04     1.0e+00      3.598e-01
   9     10     81    7.47578848e-01   9.7e-05     1.0e+00      3.598e-01
  10     11     85    7.47578848e-01   6.8e-05     1.0e+00      3.598e-01
  11     12     95    7.47578848e-01   4.6e-05     1.0e+00      3.598e-01
  12     13    105    7.47578848e-01   3.2e-05     1.0e+00      3.598e-01
  13     14    114    7.47578848e-01   3.3e-05     1.0e+00      3.598e-01
  14     15    122    7.47578848e-01   4.2e-05     1.0e+00      3.598e-01
  15     16    130    7.47578848e-01   2.5e-05     1.0e+00      3.598e-01
  16     17    138    7.47578848e-01   4.4e-05     1.0e+00      3.598e-01
  17     18    146    7.47578848e-01   2.9e-05     1.0e+00      3.598e-01
  18     19    154    7.47578848e-01   3.7e-05     1.0e+00      3.598e-01
  19     20    162    7.47578848e-01   1.6e-05     1.0e+00      3.598e-01
  20     21    170    7.47578848e-01   3.3e-05     1.0e+00      3.598e-01
  21     22    180    7.47578848e-01   9.0e-05     1.0e+00      3.598e-01
  22     23    184    7.47578848e-01   2.6e-05     1.0e+00      3.598e-01
  23     24    191    7.47578848e-01   1.7e-05     1.0e+00      3.598e-01
  24     25    201    7.47578848e-01   5.7e-05     1.0e+00      3.598e-01
  25     26    204    7.47578848e-01   4.3e-05     1.0e+00      3.598e-01
  26     27    208    7.47578848e-01   3.8e-05     1.0e+00      3.598e-01
  27     28    212    7.47578848e-01   1.9e-05     1.0e+00      3.598e-01
LMQNBC: termination 5
============================ Attenuation Transmission Reconstruction
  it     nf     cg           f             |g|      alpha        error
   0      1      0    2.50954329e-05   2.1e-05     1.0e+00      4.286e+00
   1      2      5    4.46659110e-06   1.4e-05     1.0e+00      4.287e+00
   2      3     13    1.64020907e-06   3.1e-06     1.0e+00      4.278e+00
   3      4     23    9.86971126e-07   1.7e-06     1.0e+00      4.252e+00
   4      5     33    8.24956047e-07   1.0e-06     1.0e+00      4.253e+00
   5      6     43    7.26533204e-07   1.0e-06     1.0e+00      4.239e+00
   6      7     53    6.53880076e-07   9.2e-07     1.0e+00      4.240e+00
   7      8     63    5.95788861e-07   8.5e-07     1.0e+00      4.230e+00
   8      9     73    5.47644213e-07   7.3e-07     1.0e+00      4.231e+00
   9     10     83    5.06698098e-07   7.2e-07     1.0e+00      4.223e+00
  10     11     93    4.71413046e-07   6.4e-07     1.0e+00      4.224e+00
LMQNBC: termination 5
============================ Fluorescence Reconstruction
  it     nf     cg           f             |g|      alpha        error
   0      1      0    7.47578753e-01   1.0e-04     1.0e+00      3.598e-01
   1      2      4    7.47578753e-01   2.3e-04     1.0e+00      3.598e-01
   2      3     11    7.47578753e-01   5.3e-05     1.0e+00      3.598e-01
   3      4     21    7.47578753e-01   5.7e-05     1.0e+00      3.598e-01
   4      5     28    7.47578753e-01   2.6e-05     1.0e+00      3.598e-01
   5      6     38    7.47578753e-01   7.7e-05     1.0e+00      3.598e-01
   6      7     42    7.47578753e-01   3.8e-05     1.0e+00      3.598e-01
   7      8     46    7.47578753e-01   3.3e-05     1.0e+00      3.598e-01
LMQNBC: termination 5
============================ Attenuation Transmission Reconstruction
  it     nf     cg           f             |g|      alpha        error
   0      1      0    2.50954333e-05   2.1e-05     1.0e+00      4.286e+00
   1      2      5    4.46659035e-06   1.4e-05     1.0e+00      4.287e+00
   2      3     13    1.64020917e-06   3.1e-06     1.0e+00      4.278e+00
   3      4     23    9.86971143e-07   1.7e-06     1.0e+00      4.252e+00
   4      5     33    8.24956081e-07   1.0e-06     1.0e+00      4.253e+00
   5      6     43    7.26533240e-07   1.0e-06     1.0e+00      4.239e+00
   6      7     53    6.53880111e-07   9.2e-07     1.0e+00      4.240e+00
   7      8     63    5.95788897e-07   8.5e-07     1.0e+00      4.230e+00
   8      9     73    5.47644250e-07   7.3e-07     1.0e+00      4.231e+00
   9     10     83    5.06698135e-07   7.2e-07     1.0e+00      4.223e+00
  10     11     93    4.71413082e-07   6.4e-07     1.0e+00      4.224e+00
LMQNBC: termination 5
============================ Fluorescence Reconstruction
  it     nf     cg           f             |g|      alpha        error
   0      1      0    7.47578753e-01   3.3e-05     1.0e+00      3.598e-01
   1      2      7    7.47578753e-01   2.6e-05     1.0e+00      3.598e-01
   2      3     14    7.47578753e-01   3.0e-05     1.0e+00      3.598e-01
   3      4     21    7.47578753e-01   2.4e-05     1.0e+00      3.598e-01
LMQNBC: termination 5
============================ Attenuation Transmission Reconstruction
  it     nf     cg           f             |g|      alpha        error
   0      1      0    2.50954339e-05   2.1e-05     1.0e+00      4.286e+00
   1      2      5    4.46659030e-06   1.4e-05     1.0e+00      4.287e+00
   2      3     13    1.64020921e-06   3.1e-06     1.0e+00      4.278e+00
   3      4     23    9.86971169e-07   1.7e-06     1.0e+00      4.252e+00
   4      5     33    8.24956102e-07   1.0e-06     1.0e+00      4.253e+00
   5      6     43    7.26533256e-07   1.0e-06     1.0e+00      4.239e+00
   6      7     53    6.53880125e-07   9.2e-07     1.0e+00      4.240e+00
   7      8     63    5.95788909e-07   8.5e-07     1.0e+00      4.230e+00
   8      9     73    5.47644260e-07   7.3e-07     1.0e+00      4.231e+00
   9     10     83    5.06698144e-07   7.2e-07     1.0e+00      4.223e+00
  10     11     93    4.71413090e-07   6.4e-07     1.0e+00      4.224e+00
LMQNBC: termination 5
============================ Fluorescence Reconstruction
  it     nf     cg           f             |g|      alpha        error
   0      1      0    7.47578753e-01   2.4e-05     1.0e+00      3.598e-01
   1      2      7    7.47578753e-01   2.9e-05     1.0e+00      3.598e-01
   2      3     17    7.47578753e-01   1.3e-04     1.0e+00      3.598e-01
   3      4     21    7.47578753e-01   4.0e-05     1.0e+00      3.598e-01
   4      5     31    7.47578753e-01   6.2e-05     1.0e+00      3.598e-01
   5      6     36    7.47578753e-01   2.2e-05     1.0e+00      3.598e-01
   6      7     46    7.47578753e-01   3.4e-05     1.0e+00      3.598e-01
   7      8     52    7.47578753e-01   2.3e-05     1.0e+00      3.598e-01
   8      9     62    7.47578753e-01   5.2e-05     1.0e+00      3.598e-01
   9     10     67    7.47578753e-01   3.0e-05     1.0e+00      3.598e-01
  10     11     77    7.47578753e-01   2.1e-05     1.0e+00      3.598e-01
  11     12     81    7.47578753e-01   2.1e-05     1.0e+00      3.598e-01
  12     13     91    7.47578753e-01   2.4e-05     1.0e+00      3.598e-01
  13     14     97    7.47578753e-01   1.0e-05     1.0e+00      3.598e-01
  14     15    107    7.47578753e-01   6.0e-05     1.0e+00      3.598e-01
  15     16    109    7.47578753e-01   1.5e-04     1.0e+00      3.598e-01
  16     17    113    7.47578753e-01   5.8e-05     1.0e+00      3.598e-01
  17     18    120    7.47578753e-01   3.7e-05     1.0e+00      3.598e-01
  18     19    127    7.47578753e-01   2.8e-05     1.0e+00      3.598e-01
  19     20    137    7.47578753e-01   7.5e-06     1.0e+00      3.598e-01
  20     21    145    7.47578753e-01   1.8e-05     1.0e+00      3.598e-01
  21     22    149    7.47578753e-01   1.0e-05     1.0e+00      3.598e-01
LMQNBC: termination 5
============================ Attenuation Transmission Reconstruction
  it     nf     cg           f             |g|      alpha        error
   0      1      0    2.50954359e-05   2.1e-05     1.0e+00      4.286e+00
   1      2      5    4.46658957e-06   1.4e-05     1.0e+00      4.287e+00
   2      3     13    1.64020923e-06   3.1e-06     1.0e+00      4.278e+00
   3      4     23    9.86971329e-07   1.7e-06     1.0e+00      4.252e+00
   4      5     33    8.24956229e-07   1.0e-06     1.0e+00      4.253e+00
   5      6     43    7.26533357e-07   1.0e-06     1.0e+00      4.239e+00
   6      7     53    6.53880208e-07   9.2e-07     1.0e+00      4.240e+00
   7      8     63    5.95788976e-07   8.5e-07     1.0e+00      4.230e+00
   8      9     73    5.47644315e-07   7.3e-07     1.0e+00      4.231e+00
   9     10     83    5.06698188e-07   7.2e-07     1.0e+00      4.223e+00
  10     11     93    4.71413126e-07   6.4e-07     1.0e+00      4.224e+00
LMQNBC: termination 5
============================ Fluorescence Reconstruction
  it     nf     cg           f             |g|      alpha        error
   0      1      0    7.47578752e-01   1.0e-05     1.0e+00      3.598e-01
   1      2     24    7.47578752e-01   6.9e-05     1.0e+00      3.598e-01
   2      3     28    7.47578752e-01   9.1e-05     1.0e+00      3.598e-01
   3      4     37    7.47578752e-01   4.1e-05     1.0e+00      3.598e-01
   4      5     44    7.47578752e-01   8.6e-06     1.0e+00      3.598e-01
LMQNBC: termination 5
============================ Attenuation Transmission Reconstruction
  it     nf     cg           f             |g|      alpha        error
   0      1      0    2.50954394e-05   2.1e-05     1.0e+00      4.286e+00
   1      2      5    4.46658542e-06   1.4e-05     1.0e+00      4.287e+00
   2      3     13    1.64020844e-06   3.1e-06     1.0e+00      4.278e+00
   3      4     23    9.86971373e-07   1.7e-06     1.0e+00      4.252e+00
   4      5     33    8.24956290e-07   1.0e-06     1.0e+00      4.253e+00
   5      6     43    7.26533400e-07   1.0e-06     1.0e+00      4.239e+00
   6      7     53    6.53880234e-07   9.2e-07     1.0e+00      4.240e+00
   7      8     63    5.95788988e-07   8.5e-07     1.0e+00      4.230e+00
   8      9     73    5.47644314e-07   7.3e-07     1.0e+00      4.231e+00
   9     10     83    5.06698176e-07   7.2e-07     1.0e+00      4.223e+00
  10     11     93    4.71413104e-07   6.4e-07     1.0e+00      4.224e+00
LMQNBC: termination 5
============================ Fluorescence Reconstruction
  it     nf     cg           f             |g|      alpha        error
   0      1      0    7.47578749e-01   7.9e-06     1.0e+00      3.598e-01
   1      2      8    7.47578749e-01   4.2e-06     1.0e+00      3.598e-01
LMQNBC: termination 5
============================ Attenuation Transmission Reconstruction
  it     nf     cg           f             |g|      alpha        error
   0      1      0    2.50954397e-05   2.1e-05     1.0e+00      4.286e+00
   1      2      5    4.46658538e-06   1.4e-05     1.0e+00      4.287e+00
   2      3     13    1.64020845e-06   3.1e-06     1.0e+00      4.278e+00
   3      4     23    9.86971373e-07   1.7e-06     1.0e+00      4.252e+00
   4      5     33    8.24956290e-07   1.0e-06     1.0e+00      4.253e+00
   5      6     43    7.26533400e-07   1.0e-06     1.0e+00      4.239e+00
   6      7     53    6.53880234e-07   9.2e-07     1.0e+00      4.240e+00
   7      8     63    5.95788988e-07   8.5e-07     1.0e+00      4.230e+00
   8      9     73    5.47644314e-07   7.3e-07     1.0e+00      4.231e+00
   9     10     83    5.06698177e-07   7.2e-07     1.0e+00      4.223e+00
  10     11     93    4.71413105e-07   6.4e-07     1.0e+00      4.224e+00
LMQNBC: termination 5
============================ Fluorescence Reconstruction
  it     nf     cg           f             |g|      alpha        error
   0      1      0    7.47578749e-01   4.2e-06     1.0e+00      3.598e-01
   1      2     16    7.47578749e-01   3.7e-06     1.0e+00      3.598e-01
LMQNBC: termination 5
============================ Attenuation Transmission Reconstruction
  it     nf     cg           f             |g|      alpha        error
   0      1      0    2.50954404e-05   2.1e-05     1.0e+00      4.286e+00
   1      2      5    4.46658560e-06   1.4e-05     1.0e+00      4.287e+00
   2      3     13    1.64020855e-06   3.1e-06     1.0e+00      4.278e+00
   3      4     23    9.86971426e-07   1.7e-06     1.0e+00      4.252e+00
   4      5     33    8.24956330e-07   1.0e-06     1.0e+00      4.253e+00
   5      6     43    7.26533434e-07   1.0e-06     1.0e+00      4.239e+00
   6      7     53    6.53880264e-07   9.2e-07     1.0e+00      4.240e+00
   7      8     63    5.95789016e-07   8.5e-07     1.0e+00      4.230e+00
   8      9     73    5.47644340e-07   7.3e-07     1.0e+00      4.231e+00
   9     10     83    5.06698200e-07   7.2e-07     1.0e+00      4.223e+00
  10     11     93    4.71413127e-07   6.4e-07     1.0e+00      4.224e+00
LMQNBC: termination 5
============================ Fluorescence Reconstruction
  it     nf     cg           f             |g|      alpha        error
   0      1      0    7.47578748e-01   3.7e-06     1.0e+00      3.598e-01
   1      2     12    7.47578748e-01   6.1e-06     1.0e+00      3.598e-01
LMQNBC: termination 5
============================ Attenuation Transmission Reconstruction
  it     nf     cg           f             |g|      alpha        error
   0      1      0    2.50954400e-05   2.1e-05     1.0e+00      4.286e+00
   1      2      5    4.46658557e-06   1.4e-05     1.0e+00      4.287e+00
   2      3     13    1.64020855e-06   3.1e-06     1.0e+00      4.278e+00
   3      4     23    9.86971431e-07   1.7e-06     1.0e+00      4.252e+00
   4      5     33    8.24956337e-07   1.0e-06     1.0e+00      4.253e+00
   5      6     43    7.26533441e-07   1.0e-06     1.0e+00      4.239e+00
   6      7     53    6.53880272e-07   9.2e-07     1.0e+00      4.240e+00
   7      8     63    5.95789024e-07   8.5e-07     1.0e+00      4.230e+00
   8      9     73    5.47644347e-07   7.3e-07     1.0e+00      4.231e+00
   9     10     83    5.06698208e-07   7.2e-07     1.0e+00      4.223e+00
  10     11     93    4.71413134e-07   6.4e-07     1.0e+00      4.224e+00
LMQNBC: termination 5
============================ Fluorescence Reconstruction
  it     nf     cg           f             |g|      alpha        error
   0      1      0    7.47578748e-01   6.1e-06     1.0e+00      3.598e-01
   1      2     34    7.47578748e-01   1.1e-05     1.0e+00      3.598e-01
   2      6     38    7.47578748e-01   4.2e-06     5.0e-01      3.598e-01
LMQNBC: termination 5
============================ Attenuation Transmission Reconstruction
  it     nf     cg           f             |g|      alpha        error
   0      1      0    2.50954402e-05   2.1e-05     1.0e+00      4.286e+00
   1      2      5    4.46658765e-06   1.4e-05     1.0e+00      4.287e+00
   2      3     13    1.64020913e-06   3.1e-06     1.0e+00      4.278e+00
   3      4     23    9.86971784e-07   1.7e-06     1.0e+00      4.252e+00
   4      5     33    8.24956618e-07   1.0e-06     1.0e+00      4.253e+00
   5      6     43    7.26533684e-07   1.0e-06     1.0e+00      4.239e+00
   6      7     53    6.53880488e-07   9.2e-07     1.0e+00      4.240e+00
   7      8     63    5.95789218e-07   8.5e-07     1.0e+00      4.230e+00
   8      9     73    5.47644523e-07   7.3e-07     1.0e+00      4.231e+00
   9     10     83    5.06698367e-07   7.2e-07     1.0e+00      4.223e+00
  10     11     93    4.71413279e-07   6.4e-07     1.0e+00      4.224e+00
LMQNBC: termination 5
============================ Fluorescence Reconstruction
  it     nf     cg           f             |g|      alpha        error
   0      1      0    7.47578747e-01   4.8e-06     1.0e+00      3.598e-01
   1      2      4    7.47578747e-01   5.8e-06     1.0e+00      3.598e-01
LMQNBC: termination 5
============================ Attenuation Transmission Reconstruction
  it     nf     cg           f             |g|      alpha        error
   0      1      0    2.50954402e-05   2.1e-05     1.0e+00      4.286e+00
   1      2      5    4.46658756e-06   1.4e-05     1.0e+00      4.287e+00
   2      3     13    1.64020911e-06   3.1e-06     1.0e+00      4.278e+00
   3      4     23    9.86971775e-07   1.7e-06     1.0e+00      4.252e+00
   4      5     33    8.24956611e-07   1.0e-06     1.0e+00      4.253e+00
   5      6     43    7.26533677e-07   1.0e-06     1.0e+00      4.239e+00
   6      7     53    6.53880482e-07   9.2e-07     1.0e+00      4.240e+00
   7      8     63    5.95789213e-07   8.5e-07     1.0e+00      4.230e+00
   8      9     73    5.47644518e-07   7.3e-07     1.0e+00      4.231e+00
   9     10     83    5.06698363e-07   7.2e-07     1.0e+00      4.223e+00
  10     11     93    4.71413276e-07   6.4e-07     1.0e+00      4.224e+00
LMQNBC: termination 5
============================ Fluorescence Reconstruction
  it     nf     cg           f             |g|      alpha        error
   0      1      0    7.47578747e-01   5.8e-06     1.0e+00      3.598e-01
   1      5      4    7.47578747e-01   4.6e-06     5.0e-01      3.598e-01
LMQNBC: termination 5
============================ Attenuation Transmission Reconstruction
  it     nf     cg           f             |g|      alpha        error
   0      1      0    2.50954402e-05   2.1e-05     1.0e+00      4.286e+00
   1      2      5    4.46658757e-06   1.4e-05     1.0e+00      4.287e+00
   2      3     13    1.64020911e-06   3.1e-06     1.0e+00      4.278e+00
   3      4     23    9.86971777e-07   1.7e-06     1.0e+00      4.252e+00
   4      5     33    8.24956611e-07   1.0e-06     1.0e+00      4.253e+00
   5      6     43    7.26533678e-07   1.0e-06     1.0e+00      4.239e+00
   6      7     53    6.53880482e-07   9.2e-07     1.0e+00      4.240e+00
   7      8     63    5.95789212e-07   8.5e-07     1.0e+00      4.230e+00
   8      9     73    5.47644518e-07   7.3e-07     1.0e+00      4.231e+00
   9     10     83    5.06698363e-07   7.2e-07     1.0e+00      4.223e+00
  10     11     93    4.71413275e-07   6.4e-07     1.0e+00      4.224e+00
LMQNBC: termination 5
============================ Fluorescence Reconstruction
  it     nf     cg           f             |g|      alpha        error
   0      1      0    7.47578747e-01   4.6e-06     1.0e+00      3.598e-01
   1      2     22    7.47578747e-01   2.4e-06     1.0e+00      3.598e-01
   2      3     32    7.47578747e-01   1.0e-05     1.0e+00      3.598e-01
LMQNBC: termination 5
============================ Attenuation Transmission Reconstruction
  it     nf     cg           f             |g|      alpha        error
   0      1      0    2.50954407e-05   2.1e-05     1.0e+00      4.286e+00
   1      2      5    4.46658651e-06   1.4e-05     1.0e+00      4.287e+00
   2      3     13    1.64020882e-06   3.1e-06     1.0e+00      4.278e+00
   3      4     23    9.86971641e-07   1.7e-06     1.0e+00      4.252e+00
   4      5     33    8.24956511e-07   1.0e-06     1.0e+00      4.253e+00
   5      6     43    7.26533595e-07   1.0e-06     1.0e+00      4.239e+00
   6      7     53    6.53880410e-07   9.2e-07     1.0e+00      4.240e+00
   7      8     63    5.95789149e-07   8.5e-07     1.0e+00      4.230e+00
   8      9     73    5.47644462e-07   7.3e-07     1.0e+00      4.231e+00
   9     10     83    5.06698312e-07   7.2e-07     1.0e+00      4.223e+00
  10     11     93    4.71413230e-07   6.4e-07     1.0e+00      4.224e+00
LMQNBC: termination 5
============================ Fluorescence Reconstruction
  it     nf     cg           f             |g|      alpha        error
   0      1      0    7.47578747e-01   1.0e-05     1.0e+00      3.598e-01
   1      2     50    7.47578747e-01   3.9e-06     1.0e+00      3.598e-01
   2      3     58    7.47578747e-01   5.8e-06     1.0e+00      3.598e-01
LMQNBC: termination 5
============================ Attenuation Transmission Reconstruction
  it     nf     cg           f             |g|      alpha        error
   0      1      0    2.50954455e-05   2.1e-05     1.0e+00      4.286e+00
   1      2      5    4.46658512e-06   1.4e-05     1.0e+00      4.287e+00
   2      3     13    1.64020870e-06   3.1e-06     1.0e+00      4.278e+00
   3      4     23    9.86971726e-07   1.7e-06     1.0e+00      4.252e+00
   4      5     33    8.24956605e-07   1.0e-06     1.0e+00      4.253e+00
   5      6     43    7.26533685e-07   1.0e-06     1.0e+00      4.239e+00
   6      7     53    6.53880497e-07   9.2e-07     1.0e+00      4.240e+00
   7      8     63    5.95789230e-07   8.5e-07     1.0e+00      4.230e+00
   8      9     73    5.47644538e-07   7.3e-07     1.0e+00      4.231e+00
   9     10     83    5.06698383e-07   7.2e-07     1.0e+00      4.223e+00
  10     11     93    4.71413295e-07   6.4e-07     1.0e+00      4.224e+00
LMQNBC: termination 5
============================ Fluorescence Reconstruction
  it     nf     cg           f             |g|      alpha        error
   0      1      0    7.47578746e-01   6.5e-06     1.0e+00      3.598e-01
   1      2     18    7.47578746e-01   9.4e-06     1.0e+00      3.598e-01
LMQNBC: termination 5
============================ Attenuation Transmission Reconstruction
  it     nf     cg           f             |g|      alpha        error
   0      1      0    2.50954444e-05   2.1e-05     1.0e+00      4.286e+00
   1      2      5    4.46658562e-06   1.4e-05     1.0e+00      4.287e+00
   2      3     13    1.64020878e-06   3.1e-06     1.0e+00      4.278e+00
   3      4     23    9.86971746e-07   1.7e-06     1.0e+00      4.252e+00
   4      5     33    8.24956615e-07   1.0e-06     1.0e+00      4.253e+00
   5      6     43    7.26533691e-07   1.0e-06     1.0e+00      4.239e+00
   6      7     53    6.53880501e-07   9.2e-07     1.0e+00      4.240e+00
   7      8     63    5.95789233e-07   8.5e-07     1.0e+00      4.230e+00
   8      9     73    5.47644539e-07   7.3e-07     1.0e+00      4.231e+00
   9     10     83    5.06698384e-07   7.2e-07     1.0e+00      4.223e+00
  10     11     93    4.71413295e-07   6.4e-07     1.0e+00      4.224e+00
LMQNBC: termination 5
============================ Fluorescence Reconstruction
  it     nf     cg           f             |g|      alpha        error
   0      1      0    7.47578746e-01   9.4e-06     1.0e+00      3.598e-01
   1      2     11    7.47578746e-01   2.7e-06     1.0e+00      3.598e-01
LMQNBC: termination 5
============================ Attenuation Transmission Reconstruction
  it     nf     cg           f             |g|      alpha        error
   0      1      0    2.50954445e-05   2.1e-05     1.0e+00      4.286e+00
   1      2      5    4.46658570e-06   1.4e-05     1.0e+00      4.287e+00
   2      3     13    1.64020880e-06   3.1e-06     1.0e+00      4.278e+00
   3      4     23    9.86971753e-07   1.7e-06     1.0e+00      4.252e+00
   4      5     33    8.24956619e-07   1.0e-06     1.0e+00      4.253e+00
   5      6     43    7.26533694e-07   1.0e-06     1.0e+00      4.239e+00
   6      7     53    6.53880503e-07   9.2e-07     1.0e+00      4.240e+00
   7      8     63    5.95789235e-07   8.5e-07     1.0e+00      4.230e+00
   8      9     73    5.47644541e-07   7.3e-07     1.0e+00      4.231e+00
   9     10     83    5.06698386e-07   7.2e-07     1.0e+00      4.223e+00
  10     11     93    4.71413297e-07   6.4e-07     1.0e+00      4.224e+00
LMQNBC: termination 5
============================ Fluorescence Reconstruction
  it     nf     cg           f             |g|      alpha        error
   0      1      0    7.47578746e-01   2.7e-06     1.0e+00      3.598e-01
   1      2     28    7.47578746e-01   2.0e-06     1.0e+00      3.598e-01
LMQNBC: termination 5
============================ Attenuation Transmission Reconstruction
  it     nf     cg           f             |g|      alpha        error
   0      1      0    2.50954430e-05   2.1e-05     1.0e+00      4.286e+00
   1      2      5    4.46658622e-06   1.4e-05     1.0e+00      4.287e+00
   2      3     13    1.64020887e-06   3.1e-06     1.0e+00      4.278e+00
   3      4     23    9.86971776e-07   1.7e-06     1.0e+00      4.252e+00
   4      5     33    8.24956634e-07   1.0e-06     1.0e+00      4.253e+00
   5      6     43    7.26533706e-07   1.0e-06     1.0e+00      4.239e+00
   6      7     53    6.53880513e-07   9.2e-07     1.0e+00      4.240e+00
   7      8     63    5.95789243e-07   8.5e-07     1.0e+00      4.230e+00
   8      9     73    5.47644549e-07   7.3e-07     1.0e+00      4.231e+00
   9     10     83    5.06698392e-07   7.2e-07     1.0e+00      4.223e+00
  10     11     93    4.71413303e-07   6.4e-07     1.0e+00      4.224e+00
LMQNBC: termination 5
============================ Fluorescence Reconstruction
  it     nf     cg           f             |g|      alpha        error
   0      1      0    7.47578746e-01   2.0e-06     1.0e+00      3.598e-01
   1      2      5    7.47578746e-01   2.6e-06     1.0e+00      3.598e-01
LMQNBC: termination 5
============================ Attenuation Transmission Reconstruction
  it     nf     cg           f             |g|      alpha        error
   0      1      0    2.50954430e-05   2.1e-05     1.0e+00      4.286e+00
   1      2      5    4.46658621e-06   1.4e-05     1.0e+00      4.287e+00
   2      3     13    1.64020887e-06   3.1e-06     1.0e+00      4.278e+00
   3      4     23    9.86971775e-07   1.7e-06     1.0e+00      4.252e+00
   4      5     33    8.24956633e-07   1.0e-06     1.0e+00      4.253e+00
   5      6     43    7.26533705e-07   1.0e-06     1.0e+00      4.239e+00
   6      7     53    6.53880511e-07   9.2e-07     1.0e+00      4.240e+00
   7      8     63    5.95789242e-07   8.5e-07     1.0e+00      4.230e+00
   8      9     73    5.47644547e-07   7.3e-07     1.0e+00      4.231e+00
   9     10     83    5.06698390e-07   7.2e-07     1.0e+00      4.223e+00
  10     11     93    4.71413301e-07   6.4e-07     1.0e+00      4.224e+00
LMQNBC: termination 5
============================ Fluorescence Reconstruction
  it     nf     cg           f             |g|      alpha        error
   0      1      0    7.47578746e-01   2.6e-06     1.0e+00      3.598e-01
   1      2     10    7.47578746e-01   2.4e-06     1.0e+00      3.598e-01
LMQNBC: termination 5
============================ Attenuation Transmission Reconstruction
  it     nf     cg           f             |g|      alpha        error
   0      1      0    2.50954429e-05   2.1e-05     1.0e+00      4.286e+00
   1      2      5    4.46658627e-06   1.4e-05     1.0e+00      4.287e+00
   2      3     13    1.64020888e-06   3.1e-06     1.0e+00      4.278e+00
   3      4     23    9.86971779e-07   1.7e-06     1.0e+00      4.252e+00
   4      5     33    8.24956636e-07   1.0e-06     1.0e+00      4.253e+00
   5      6     43    7.26533707e-07   1.0e-06     1.0e+00      4.239e+00
   6      7     53    6.53880513e-07   9.2e-07     1.0e+00      4.240e+00
   7      8     63    5.95789244e-07   8.5e-07     1.0e+00      4.230e+00
   8      9     73    5.47644549e-07   7.3e-07     1.0e+00      4.231e+00
   9     10     83    5.06698392e-07   7.2e-07     1.0e+00      4.223e+00
  10     11     93    4.71413303e-07   6.4e-07     1.0e+00      4.224e+00
LMQNBC: termination 5
============================ Fluorescence Reconstruction
  it     nf     cg           f             |g|      alpha        error
   0      1      0    7.47578746e-01   2.4e-06     1.0e+00      3.598e-01
Error in Line Search
    ierror =   3
    alpha  =     0.000000
    alpha0 =     1.000000
    g'p    =  -4.0942e-16
    |g|     =   4.3370e-06
    |p|     =   2.2905e-10
LMQNBC: termination 3
>> Total number of function evaluations, XTM = 3339, XRF = 7355 
>> >> >> >> >> >> >> >> >> Time elapsed is 518636.740000, residule is 3.597742e-01
>> >> >> >> >> >> 