
                            < M A T L A B (R) >
                  Copyright 1984-2013 The MathWorks, Inc.
                    R2013a (8.1.0.604) 64-bit (glnxa64)
                             February 15, 2013

 
To get started, type one of these: helpwin, helpdesk, or demo.
For product information, visit www.mathworks.com.
 
>> >> >> >> >> >> >> >> X-ray simulation startup file...
====== Fluorescence Detector Resolution is 5
====== Angle Number  1 of 12: 0
====== Angle Number  2 of 12: 1.636364e+01
====== Angle Number  3 of 12: 3.272727e+01
====== Angle Number  4 of 12: 4.909091e+01
====== Angle Number  5 of 12: 6.545455e+01
====== Angle Number  6 of 12: 8.181818e+01
====== Angle Number  7 of 12: 9.818182e+01
====== Angle Number  8 of 12: 1.145455e+02
====== Angle Number  9 of 12: 1.309091e+02
====== Angle Number  10 of 12: 1.472727e+02
====== Angle Number  11 of 12: 1.636364e+02
====== Angle Number  12 of 12: 180
>> >> >> >> >> >> >> >> >> >> >> >> >> ====== With Self Absorption, Transmission Detector Resolution is 30
>> >> >> >> >> >> >> >> >> >> >> >> >> >> >> >> >> >> >> >> >> >> >> >> >> >> >> >> >>   it     nf     cg           f            |g|      alpha        error
   0      1      0    3.74393554e+07   3.4e+07     1.0e+00      2.570e+00
   1      2      2    3.81221620e+06   4.9e+06     1.0e+00      2.526e+00
   2      3      6    1.35158704e+06   2.9e+06     1.0e+00      2.455e+00
   3      4     13    5.10661205e+05   9.9e+05     1.0e+00      2.367e+00
   4      5     23    2.44462940e+05   1.4e+06     1.0e+00      2.249e+00
   5      6     27    1.93575839e+05   3.1e+05     1.0e+00      2.242e+00
   6      7     37    1.20081623e+05   6.4e+05     1.0e+00      2.151e+00
   7      8     47    8.51857765e+04   2.0e+05     1.0e+00      2.125e+00
   8      9     57    6.93096222e+04   2.3e+05     1.0e+00      2.087e+00
   9     10     61    6.33885849e+04   1.3e+05     1.0e+00      2.084e+00
  10     11     71    5.24999813e+04   4.6e+05     1.0e+00      2.039e+00
  11     12     73    4.74860961e+04   2.2e+05     1.0e+00      2.039e+00
  12     13     81    4.19999075e+04   4.3e+04     1.0e+00      2.030e+00
  13     14     91    3.42849296e+04   2.8e+05     1.0e+00      1.990e+00
  14     15     95    3.06499501e+04   9.8e+04     1.0e+00      1.989e+00
  15     16    105    2.77023645e+04   7.7e+04     1.0e+00      1.977e+00
  16     17    108    2.69516277e+04   5.1e+04     1.0e+00      1.976e+00
  17     18    118    2.21988395e+04   2.9e+05     1.0e+00      1.925e+00
  18     19    121    1.84934090e+04   7.6e+04     1.0e+00      1.925e+00
  19     20    129    1.69341432e+04   2.7e+04     1.0e+00      1.922e+00
  20     21    139    1.50030898e+04   9.8e+04     1.0e+00      1.895e+00
  21     22    145    1.34168798e+04   5.4e+04     1.0e+00      1.894e+00
  22     23    155    1.25747437e+04   4.3e+04     1.0e+00      1.885e+00
  23     24    165    1.18740445e+04   4.2e+04     1.0e+00      1.881e+00
  24     25    175    1.12839685e+04   3.9e+04     1.0e+00      1.874e+00
  25     26    185    1.07378693e+04   3.6e+04     1.0e+00      1.870e+00
  26     27    195    1.02442831e+04   3.7e+04     1.0e+00      1.864e+00
  27     28    202    9.87447563e+03   2.0e+04     1.0e+00      1.862e+00
  28     29    212    9.07385806e+03   7.1e+04     1.0e+00      1.846e+00
  29     30    220    8.33283743e+03   1.5e+04     1.0e+00      1.844e+00
  30     31    230    7.49698664e+03   4.3e+04     1.0e+00      1.826e+00
  31     32    235    6.90357158e+03   3.5e+04     1.0e+00      1.825e+00
  32     33    245    6.65671224e+03   2.7e+04     1.0e+00      1.822e+00
  33     34    255    6.44870780e+03   2.8e+04     1.0e+00      1.819e+00
  34     35    265    6.26903499e+03   1.8e+04     1.0e+00      1.816e+00
  35     36    275    6.10096223e+03   2.2e+04     1.0e+00      1.814e+00
  36     37    285    5.94322620e+03   1.6e+04     1.0e+00      1.811e+00
  37     38    295    5.79480560e+03   2.2e+04     1.0e+00      1.809e+00
  38     39    305    5.65282369e+03   1.6e+04     1.0e+00      1.806e+00
  39     40    315    5.51767259e+03   2.0e+04     1.0e+00      1.804e+00
  40     41    325    5.38852856e+03   1.6e+04     1.0e+00      1.801e+00
  41     42    335    5.26483735e+03   1.9e+04     1.0e+00      1.799e+00
  42     43    345    5.14830332e+03   1.5e+04     1.0e+00      1.797e+00
  43     44    355    5.03633458e+03   1.8e+04     1.0e+00      1.795e+00
  44     45    365    4.92856029e+03   1.5e+04     1.0e+00      1.793e+00
  45     46    375    4.82582466e+03   1.7e+04     1.0e+00      1.791e+00
  46     47    385    4.72341876e+03   1.8e+04     1.0e+00      1.789e+00
  47     48    395    4.62479191e+03   1.7e+04     1.0e+00      1.787e+00
  48     49    405    4.53023947e+03   1.7e+04     1.0e+00      1.785e+00
  49     50    415    4.43892605e+03   1.7e+04     1.0e+00      1.783e+00
  50     51    425    4.35068661e+03   1.5e+04     1.0e+00      1.781e+00
  51     52    435    4.26651999e+03   1.9e+04     1.0e+00      1.779e+00
  52     53    445    4.18570864e+03   1.2e+04     1.0e+00      1.777e+00
  53     54    455    4.10593136e+03   2.1e+04     1.0e+00      1.775e+00
  54     55    465    4.02907770e+03   1.3e+04     1.0e+00      1.773e+00
  55     56    475    3.95508941e+03   2.0e+04     1.0e+00      1.772e+00
  56     57    485    3.88438908e+03   1.2e+04     1.0e+00      1.770e+00
  57     58    495    3.81639224e+03   1.9e+04     1.0e+00      1.768e+00
  58     59    505    3.75064350e+03   1.3e+04     1.0e+00      1.766e+00
  59     60    515    3.68739979e+03   1.9e+04     1.0e+00      1.765e+00
  60     61    525    3.62623027e+03   1.2e+04     1.0e+00      1.763e+00
  61     62    535    3.56790555e+03   1.8e+04     1.0e+00      1.762e+00
  62     63    545    3.50942179e+03   1.6e+04     1.0e+00      1.760e+00
  63     64    555    3.45279702e+03   1.7e+04     1.0e+00      1.758e+00
  64     65    565    3.39792205e+03   1.5e+04     1.0e+00      1.757e+00
  65     66    575    3.34472845e+03   1.6e+04     1.0e+00      1.755e+00
  66     67    585    3.29313369e+03   1.4e+04     1.0e+00      1.754e+00
  67     68    595    3.24303513e+03   1.5e+04     1.0e+00      1.752e+00
  68     69    605    3.19447965e+03   1.4e+04     1.0e+00      1.751e+00
  69     70    615    3.14736993e+03   1.4e+04     1.0e+00      1.749e+00
  70     71    625    3.09695386e+03   1.8e+04     1.0e+00      1.747e+00
  71     72    635    3.04826500e+03   1.2e+04     1.0e+00      1.746e+00
  72     73    645    2.92912813e+03   5.6e+04     1.0e+00      1.740e+00
  73     74    647    2.86365270e+03   6.6e+03     1.0e+00      1.740e+00
  74     75    657    2.78308016e+03   2.6e+04     1.0e+00      1.736e+00
  75     76    659    2.74080354e+03   7.2e+03     1.0e+00      1.736e+00
  76     77    669    2.70199790e+03   1.2e+04     1.0e+00      1.734e+00
  77     78    679    2.66629990e+03   7.0e+03     1.0e+00      1.733e+00
  78     79    689    2.63300942e+03   1.2e+04     1.0e+00      1.731e+00
  79     80    699    2.60059740e+03   6.9e+03     1.0e+00      1.730e+00
  80     81    709    2.56902266e+03   1.2e+04     1.0e+00      1.729e+00
  81     82    719    2.53820568e+03   6.7e+03     1.0e+00      1.728e+00
  82     83    729    2.50812202e+03   1.2e+04     1.0e+00      1.726e+00
  83     84    739    2.47872857e+03   6.5e+03     1.0e+00      1.725e+00
  84     85    749    2.45002048e+03   1.2e+04     1.0e+00      1.724e+00
  85     86    759    2.42201834e+03   6.7e+03     1.0e+00      1.723e+00
  86     87    769    2.39375281e+03   1.4e+04     1.0e+00      1.722e+00
  87     88    779    2.36614193e+03   6.6e+03     1.0e+00      1.721e+00
  88     89    789    2.33863949e+03   1.4e+04     1.0e+00      1.719e+00
  89     90    796    2.31881967e+03   8.4e+03     1.0e+00      1.719e+00
  90     91    806    2.26795566e+03   9.8e+03     1.0e+00      1.715e+00
  91     92    811    2.22723800e+03   7.5e+03     1.0e+00      1.715e+00
  92     93    821    2.12897822e+03   1.4e+04     1.0e+00      1.706e+00
  93     94    827    2.04380523e+03   5.3e+03     1.0e+00      1.706e+00
  94     95    837    1.95658371e+03   2.5e+04     1.0e+00      1.697e+00
  95     96    841    1.89287082e+03   1.4e+04     1.0e+00      1.697e+00
  96     97    848    1.87249124e+03   2.7e+03     1.0e+00      1.696e+00
  97     98    858    1.82339449e+03   1.9e+04     1.0e+00      1.691e+00
  98     99    862    1.79319914e+03   8.2e+03     1.0e+00      1.691e+00
  99    100    872    1.77269049e+03   7.3e+03     1.0e+00      1.690e+00
 100    101    882    1.75784861e+03   7.6e+03     1.0e+00      1.689e+00
 101    102    892    1.74356543e+03   7.4e+03     1.0e+00      1.689e+00
 102    103    902    1.72972646e+03   7.1e+03     1.0e+00      1.688e+00
 103    104    912    1.71616601e+03   7.2e+03     1.0e+00      1.687e+00
 104    105    922    1.70286791e+03   6.6e+03     1.0e+00      1.686e+00
 105    106    932    1.68978954e+03   6.9e+03     1.0e+00      1.685e+00
 106    107    942    1.67714821e+03   4.2e+03     1.0e+00      1.684e+00
 107    108    952    1.66469157e+03   6.6e+03     1.0e+00      1.684e+00
 108    109    962    1.65241150e+03   4.3e+03     1.0e+00      1.683e+00
 109    110    972    1.64030513e+03   6.4e+03     1.0e+00      1.682e+00
 110    111    982    1.62836919e+03   4.1e+03     1.0e+00      1.681e+00
 111    112    992    1.61715126e+03   3.5e+03     1.0e+00      1.681e+00
 112    113   1002    1.60610561e+03   4.3e+03     1.0e+00      1.680e+00
 113    114   1012    1.59520243e+03   3.6e+03     1.0e+00      1.679e+00
 114    115   1022    1.58444006e+03   4.5e+03     1.0e+00      1.678e+00
 115    116   1032    1.57380962e+03   3.6e+03     1.0e+00      1.678e+00
 116    117   1042    1.56331116e+03   4.6e+03     1.0e+00      1.677e+00
 117    118   1052    1.55295287e+03   3.5e+03     1.0e+00      1.676e+00
 118    119   1062    1.54272208e+03   4.7e+03     1.0e+00      1.675e+00
 119    120   1072    1.53261210e+03   3.5e+03     1.0e+00      1.675e+00
 120    121   1082    1.52262780e+03   4.7e+03     1.0e+00      1.674e+00
 121    122   1092    1.51275836e+03   3.4e+03     1.0e+00      1.673e+00
 122    123   1102    1.50301154e+03   4.6e+03     1.0e+00      1.673e+00
 123    124   1112    1.49337583e+03   3.4e+03     1.0e+00      1.672e+00
 124    125   1122    1.48384812e+03   4.5e+03     1.0e+00      1.671e+00
 125    126   1132    1.47442760e+03   3.3e+03     1.0e+00      1.671e+00
 126    127   1142    1.46511747e+03   4.3e+03     1.0e+00      1.670e+00
 127    128   1152    1.45591375e+03   3.2e+03     1.0e+00      1.669e+00
 128    129   1162    1.44682333e+03   4.1e+03     1.0e+00      1.669e+00
 129    130   1172    1.43783351e+03   3.0e+03     1.0e+00      1.668e+00
 130    131   1182    1.42894531e+03   4.0e+03     1.0e+00      1.667e+00
 131    132   1192    1.42015411e+03   3.0e+03     1.0e+00      1.667e+00
 132    133   1202    1.41152276e+03   4.1e+03     1.0e+00      1.666e+00
 133    134   1212    1.40296312e+03   2.9e+03     1.0e+00      1.665e+00
 134    135   1222    1.39452331e+03   4.0e+03     1.0e+00      1.665e+00
 135    136   1232    1.38617239e+03   2.9e+03     1.0e+00      1.664e+00
 136    137   1242    1.37791044e+03   4.1e+03     1.0e+00      1.663e+00
 137    138   1252    1.36973384e+03   2.9e+03     1.0e+00      1.663e+00
 138    139   1262    1.36164267e+03   4.1e+03     1.0e+00      1.662e+00
 139    140   1272    1.35363386e+03   2.9e+03     1.0e+00      1.662e+00
 140    141   1282    1.34570748e+03   4.1e+03     1.0e+00      1.661e+00
 141    142   1292    1.33786077e+03   2.9e+03     1.0e+00      1.660e+00
 142    143   1302    1.33009381e+03   4.1e+03     1.0e+00      1.660e+00
 143    144   1312    1.32240400e+03   2.9e+03     1.0e+00      1.659e+00
 144    145   1322    1.31479146e+03   4.1e+03     1.0e+00      1.658e+00
 145    146   1332    1.30725370e+03   2.9e+03     1.0e+00      1.658e+00
 146    147   1342    1.29979087e+03   4.1e+03     1.0e+00      1.657e+00
 147    148   1352    1.29240059e+03   2.8e+03     1.0e+00      1.657e+00
 148    149   1362    1.28508300e+03   4.1e+03     1.0e+00      1.656e+00
 149    150   1372    1.27783584e+03   2.8e+03     1.0e+00      1.656e+00
 150    151   1382    1.27067200e+03   4.0e+03     1.0e+00      1.655e+00
 151    152   1392    1.26357597e+03   2.8e+03     1.0e+00      1.654e+00
 152    153   1402    1.25654824e+03   4.0e+03     1.0e+00      1.654e+00
 153    154   1412    1.24958666e+03   2.8e+03     1.0e+00      1.653e+00
 154    155   1422    1.24269143e+03   4.0e+03     1.0e+00      1.653e+00
 155    156   1432    1.23586047e+03   2.7e+03     1.0e+00      1.652e+00
 156    157   1442    1.22909402e+03   4.0e+03     1.0e+00      1.651e+00
 157    158   1452    1.22239004e+03   2.7e+03     1.0e+00      1.651e+00
 158    159   1462    1.21574880e+03   4.0e+03     1.0e+00      1.650e+00
 159    160   1472    1.20916832e+03   2.7e+03     1.0e+00      1.650e+00
 160    161   1482    1.20264887e+03   4.0e+03     1.0e+00      1.649e+00
 161    162   1492    1.19618854e+03   2.7e+03     1.0e+00      1.649e+00
 162    163   1502    1.18978761e+03   4.0e+03     1.0e+00      1.648e+00
 163    164   1512    1.18344422e+03   2.6e+03     1.0e+00      1.648e+00
 164    165   1522    1.17715865e+03   4.0e+03     1.0e+00      1.647e+00
 165    166   1532    1.17092911e+03   2.6e+03     1.0e+00      1.646e+00
 166    167   1542    1.16475588e+03   4.0e+03     1.0e+00      1.646e+00
 167    168   1552    1.15863721e+03   2.5e+03     1.0e+00      1.645e+00
 168    169   1562    1.15257341e+03   4.0e+03     1.0e+00      1.645e+00
 169    170   1572    1.14656276e+03   2.5e+03     1.0e+00      1.644e+00
 170    171   1582    1.14060557e+03   4.0e+03     1.0e+00      1.644e+00
 171    172   1592    1.13470018e+03   2.5e+03     1.0e+00      1.643e+00
 172    173   1602    1.12884691e+03   4.0e+03     1.0e+00      1.643e+00
 173    174   1612    1.12304413e+03   2.5e+03     1.0e+00      1.642e+00
 174    175   1622    1.11729216e+03   4.0e+03     1.0e+00      1.642e+00
 175    176   1632    1.11158942e+03   2.5e+03     1.0e+00      1.641e+00
 176    177   1642    1.10593623e+03   4.0e+03     1.0e+00      1.641e+00
 177    178   1652    1.10033106e+03   2.5e+03     1.0e+00      1.640e+00
 178    179   1662    1.09477423e+03   4.0e+03     1.0e+00      1.640e+00
 179    180   1672    1.08927085e+03   2.4e+03     1.0e+00      1.639e+00
 180    181   1682    1.08382372e+03   3.9e+03     1.0e+00      1.639e+00
 181    182   1692    1.07842217e+03   2.4e+03     1.0e+00      1.638e+00
 182    183   1702    1.07306645e+03   3.9e+03     1.0e+00      1.638e+00
 183    184   1712    1.06775514e+03   2.4e+03     1.0e+00      1.637e+00
 184    185   1722    1.06248853e+03   3.9e+03     1.0e+00      1.637e+00
 185    186   1732    1.05726525e+03   2.4e+03     1.0e+00      1.636e+00
 186    187   1742    1.05208559e+03   3.9e+03     1.0e+00      1.636e+00
 187    188   1752    1.04694825e+03   2.4e+03     1.0e+00      1.635e+00
 188    189   1762    1.04185349e+03   3.9e+03     1.0e+00      1.635e+00
 189    190   1772    1.03680004e+03   2.4e+03     1.0e+00      1.634e+00
 190    191   1782    1.03178818e+03   3.9e+03     1.0e+00      1.634e+00
 191    192   1792    1.02681667e+03   2.3e+03     1.0e+00      1.633e+00
 192    193   1802    1.02188577e+03   3.9e+03     1.0e+00      1.633e+00
 193    194   1812    1.01699429e+03   2.3e+03     1.0e+00      1.632e+00
 194    195   1822    1.01214249e+03   3.9e+03     1.0e+00      1.632e+00
 195    196   1832    1.00732919e+03   2.3e+03     1.0e+00      1.631e+00
 196    197   1842    1.00255465e+03   3.9e+03     1.0e+00      1.631e+00
 197    198   1852    9.97817743e+02   2.3e+03     1.0e+00      1.630e+00
 198    199   1862    9.93118709e+02   3.9e+03     1.0e+00      1.630e+00
 199    200   1872    9.88456445e+02   2.2e+03     1.0e+00      1.629e+00
 200    201   1882    9.83831196e+02   3.9e+03     1.0e+00      1.629e+00
 201    202   1892    9.79241884e+02   2.2e+03     1.0e+00      1.629e+00
 202    203   1902    9.74688754e+02   3.9e+03     1.0e+00      1.628e+00
 203    204   1912    9.70170752e+02   2.2e+03     1.0e+00      1.628e+00
 204    205   1922    9.65688123e+02   3.8e+03     1.0e+00      1.627e+00
 205    206   1932    9.61239837e+02   2.2e+03     1.0e+00      1.627e+00
 206    207   1942    9.56850463e+02   3.8e+03     1.0e+00      1.626e+00
 207    208   1952    9.52461546e+02   3.4e+03     1.0e+00      1.626e+00
 208    209   1962    9.48109501e+02   3.8e+03     1.0e+00      1.625e+00
 209    210   1972    9.43792272e+02   3.3e+03     1.0e+00      1.625e+00
 210    211   1982    9.39509488e+02   3.8e+03     1.0e+00      1.624e+00
 211    212   1992    9.35259816e+02   3.4e+03     1.0e+00      1.624e+00
 212    213   2002    9.31043376e+02   3.8e+03     1.0e+00      1.624e+00
 213    214   2012    9.26859014e+02   3.4e+03     1.0e+00      1.623e+00
 214    215   2022    9.22706957e+02   3.7e+03     1.0e+00      1.623e+00
 215    216   2032    9.18586148e+02   3.4e+03     1.0e+00      1.622e+00
 216    217   2042    9.14496848e+02   3.7e+03     1.0e+00      1.622e+00
 217    218   2052    9.10438052e+02   3.3e+03     1.0e+00      1.621e+00
 218    219   2062    9.06410035e+02   3.7e+03     1.0e+00      1.621e+00
 219    220   2072    9.02411832e+02   3.3e+03     1.0e+00      1.621e+00
 220    221   2082    8.98443719e+02   3.6e+03     1.0e+00      1.620e+00
 221    222   2092    8.94504765e+02   3.3e+03     1.0e+00      1.620e+00
 222    223   2102    8.90595248e+02   3.6e+03     1.0e+00      1.619e+00
 223    224   2112    8.86714263e+02   3.3e+03     1.0e+00      1.619e+00
 224    225   2122    8.82862078e+02   3.6e+03     1.0e+00      1.618e+00
 225    226   2132    8.79037822e+02   3.3e+03     1.0e+00      1.618e+00
 226    227   2142    8.75241762e+02   3.5e+03     1.0e+00      1.618e+00
 227    228   2152    8.71473048e+02   3.3e+03     1.0e+00      1.617e+00
 228    229   2162    8.67731946e+02   3.5e+03     1.0e+00      1.617e+00
 229    230   2172    8.64017626e+02   3.3e+03     1.0e+00      1.616e+00
 230    231   2182    8.60330350e+02   3.5e+03     1.0e+00      1.616e+00
 231    232   2192    8.56688626e+02   3.3e+03     1.0e+00      1.616e+00
 232    233   2202    8.53087694e+02   3.3e+03     1.0e+00      1.615e+00
 233    234   2212    8.49513123e+02   3.3e+03     1.0e+00      1.615e+00
 234    235   2222    8.45964604e+02   3.3e+03     1.0e+00      1.614e+00
 235    236   2232    8.42447941e+02   3.3e+03     1.0e+00      1.614e+00
 236    237   2242    8.38958506e+02   3.3e+03     1.0e+00      1.614e+00
 237    238   2252    8.35493336e+02   3.3e+03     1.0e+00      1.613e+00
 238    239   2262    8.32052610e+02   3.2e+03     1.0e+00      1.613e+00
 239    240   2272    8.28639006e+02   3.3e+03     1.0e+00      1.612e+00
 240    241   2282    8.25256112e+02   3.2e+03     1.0e+00      1.612e+00
 241    242   2292    8.21896260e+02   3.2e+03     1.0e+00      1.612e+00
 242    243   2302    8.18559644e+02   3.2e+03     1.0e+00      1.611e+00
 243    244   2312    8.15245592e+02   3.2e+03     1.0e+00      1.611e+00
 244    245   2322    8.11954303e+02   3.2e+03     1.0e+00      1.610e+00
 245    246   2332    8.08685126e+02   3.2e+03     1.0e+00      1.610e+00
 246    247   2342    8.05438262e+02   3.2e+03     1.0e+00      1.610e+00
 247    248   2352    8.02213080e+02   3.2e+03     1.0e+00      1.609e+00
 248    249   2362    7.99009776e+02   3.1e+03     1.0e+00      1.609e+00
 249    250   2372    7.95827736e+02   3.2e+03     1.0e+00      1.609e+00
 250    251   2382    7.92667157e+02   3.1e+03     1.0e+00      1.608e+00
 251    252   2392    7.89527438e+02   3.2e+03     1.0e+00      1.608e+00
 252    253   2402    7.86408774e+02   3.1e+03     1.0e+00      1.607e+00
 253    254   2412    7.83310580e+02   3.2e+03     1.0e+00      1.607e+00
 254    255   2422    7.80233045e+02   3.1e+03     1.0e+00      1.607e+00
 255    256   2432    7.77175600e+02   3.2e+03     1.0e+00      1.606e+00
 256    257   2442    7.74138433e+02   3.1e+03     1.0e+00      1.606e+00
 257    258   2452    7.71120986e+02   3.1e+03     1.0e+00      1.606e+00
 258    259   2462    7.68123443e+02   3.0e+03     1.0e+00      1.605e+00
 259    260   2472    7.65145261e+02   3.1e+03     1.0e+00      1.605e+00
 260    261   2482    7.62186621e+02   3.0e+03     1.0e+00      1.604e+00
 261    262   2492    7.59246993e+02   3.1e+03     1.0e+00      1.604e+00
 262    263   2502    7.56326553e+02   3.0e+03     1.0e+00      1.604e+00
 263    264   2512    7.53424784e+02   3.1e+03     1.0e+00      1.603e+00
 264    265   2522    7.50541859e+02   3.0e+03     1.0e+00      1.603e+00
 265    266   2532    7.47677272e+02   3.1e+03     1.0e+00      1.603e+00
 266    267   2542    7.44831194e+02   3.0e+03     1.0e+00      1.602e+00
 267    268   2552    7.42003130e+02   3.1e+03     1.0e+00      1.602e+00
 268    269   2562    7.39193249e+02   2.9e+03     1.0e+00      1.602e+00
 269    270   2572    7.36401065e+02   3.1e+03     1.0e+00      1.601e+00
 270    271   2582    7.33626745e+02   2.9e+03     1.0e+00      1.601e+00
 271    272   2592    7.30869814e+02   3.0e+03     1.0e+00      1.601e+00
 272    273   2602    7.28130436e+02   2.9e+03     1.0e+00      1.600e+00
 273    274   2612    7.25408146e+02   3.0e+03     1.0e+00      1.600e+00
 274    275   2622    7.22703105e+02   2.9e+03     1.0e+00      1.600e+00
 275    276   2632    7.20014858e+02   3.0e+03     1.0e+00      1.599e+00
 276    277   2642    7.17343564e+02   2.9e+03     1.0e+00      1.599e+00
 277    278   2652    7.14688777e+02   3.0e+03     1.0e+00      1.599e+00
 278    279   2662    7.12050652e+02   2.9e+03     1.0e+00      1.598e+00
 279    280   2672    7.09428755e+02   3.0e+03     1.0e+00      1.598e+00
 280    281   2682    7.06823237e+02   2.9e+03     1.0e+00      1.597e+00
 281    282   2692    7.04233673e+02   3.0e+03     1.0e+00      1.597e+00
 282    283   2702    7.01660212e+02   2.8e+03     1.0e+00      1.597e+00
 283    284   2712    6.99102437e+02   3.0e+03     1.0e+00      1.596e+00
 284    285   2722    6.96560495e+02   2.8e+03     1.0e+00      1.596e+00
 285    286   2732    6.94033977e+02   2.9e+03     1.0e+00      1.596e+00
 286    287   2742    6.91523028e+02   2.8e+03     1.0e+00      1.595e+00
 287    288   2752    6.89027908e+02   2.9e+03     1.0e+00      1.595e+00
 288    289   2762    6.86554291e+02   2.8e+03     1.0e+00      1.595e+00
 289    290   2772    6.84095496e+02   2.9e+03     1.0e+00      1.594e+00
 290    291   2782    6.81651655e+02   2.8e+03     1.0e+00      1.594e+00
 291    292   2792    6.79222387e+02   2.9e+03     1.0e+00      1.594e+00
 292    293   2802    6.76807827e+02   2.8e+03     1.0e+00      1.593e+00
 293    294   2812    6.74407601e+02   2.9e+03     1.0e+00      1.593e+00
 294    295   2822    6.72021841e+02   2.7e+03     1.0e+00      1.593e+00
 295    296   2832    6.69650183e+02   2.9e+03     1.0e+00      1.593e+00
 296    297   2842    6.67292757e+02   2.7e+03     1.0e+00      1.592e+00
 297    298   2852    6.64949731e+02   2.9e+03     1.0e+00      1.592e+00
 298    299   2862    6.62633605e+02   2.7e+03     1.0e+00      1.592e+00
 299    300   2872    6.60333943e+02   2.8e+03     1.0e+00      1.591e+00
 300    301   2882    6.58047990e+02   2.7e+03     1.0e+00      1.591e+00
 301    302   2892    6.55775379e+02   2.8e+03     1.0e+00      1.591e+00
 302    303   2902    6.53516223e+02   2.7e+03     1.0e+00      1.590e+00
 303    304   2912    6.51270179e+02   2.8e+03     1.0e+00      1.590e+00
 304    305   2922    6.49047981e+02   2.7e+03     1.0e+00      1.590e+00
 305    306   2932    6.46812561e+02   2.9e+03     1.0e+00      1.589e+00
 306    307   2942    6.44590551e+02   2.7e+03     1.0e+00      1.589e+00
 307    308   2952    6.42381477e+02   2.9e+03     1.0e+00      1.589e+00
 308    309   2962    6.40188119e+02   2.7e+03     1.0e+00      1.588e+00
 309    310   2972    6.38012980e+02   2.9e+03     1.0e+00      1.588e+00
 310    311   2982    6.35850640e+02   2.6e+03     1.0e+00      1.588e+00
 311    312   2992    6.33700707e+02   2.9e+03     1.0e+00      1.588e+00
 312    313   3002    6.31563301e+02   2.6e+03     1.0e+00      1.587e+00
 313    314   3012    6.29438082e+02   2.8e+03     1.0e+00      1.587e+00
 314    315   3022    6.27325181e+02   2.6e+03     1.0e+00      1.587e+00
 315    316   3032    6.25224266e+02   2.8e+03     1.0e+00      1.586e+00
 316    317   3042    6.23138439e+02   2.6e+03     1.0e+00      1.586e+00
 317    318   3052    6.21073534e+02   2.8e+03     1.0e+00      1.586e+00
 318    319   3062    6.19027054e+02   2.6e+03     1.0e+00      1.585e+00
 319    320   3072    6.16992058e+02   2.8e+03     1.0e+00      1.585e+00
 320    321   3082    6.14968635e+02   2.6e+03     1.0e+00      1.585e+00
 321    322   3092    6.12956468e+02   2.8e+03     1.0e+00      1.584e+00
 322    323   3102    6.10955665e+02   2.5e+03     1.0e+00      1.584e+00
 323    324   3112    6.08965926e+02   2.8e+03     1.0e+00      1.584e+00
 324    325   3122    6.06987361e+02   2.5e+03     1.0e+00      1.584e+00
 325    326   3132    6.05019683e+02   2.8e+03     1.0e+00      1.583e+00
 326    327   3142    6.03062999e+02   2.5e+03     1.0e+00      1.583e+00
 327    328   3152    6.01117031e+02   2.7e+03     1.0e+00      1.583e+00
 328    329   3162    5.99183713e+02   2.5e+03     1.0e+00      1.582e+00
 329    330   3172    5.97285917e+02   2.6e+03     1.0e+00      1.582e+00
 330    331   3182    5.95394956e+02   2.3e+03     1.0e+00      1.582e+00
 331    332   3192    5.93522346e+02   2.5e+03     1.0e+00      1.582e+00
 332    333   3202    5.91664548e+02   2.3e+03     1.0e+00      1.581e+00
 333    334   3212    5.89816856e+02   2.5e+03     1.0e+00      1.581e+00
 334    335   3222    5.87979251e+02   2.3e+03     1.0e+00      1.581e+00
 335    336   3232    5.86156726e+02   2.5e+03     1.0e+00      1.580e+00
 336    337   3242    5.84340085e+02   2.7e+03     1.0e+00      1.580e+00
 337    338   3252    5.82535147e+02   2.5e+03     1.0e+00      1.580e+00
 338    339   3262    5.80740034e+02   2.7e+03     1.0e+00      1.580e+00
 339    340   3272    5.78954508e+02   2.5e+03     1.0e+00      1.579e+00
 340    341   3282    5.77178583e+02   2.7e+03     1.0e+00      1.579e+00
 341    342   3292    5.75412063e+02   2.4e+03     1.0e+00      1.579e+00
 342    343   3302    5.73654974e+02   2.7e+03     1.0e+00      1.578e+00
 343    344   3312    5.71907130e+02   2.4e+03     1.0e+00      1.578e+00
 344    345   3322    5.70168563e+02   2.7e+03     1.0e+00      1.578e+00
 345    346   3332    5.68439094e+02   2.4e+03     1.0e+00      1.578e+00
 346    347   3342    5.66718755e+02   2.6e+03     1.0e+00      1.577e+00
 347    348   3352    5.65007372e+02   2.4e+03     1.0e+00      1.577e+00
 348    349   3362    5.63304980e+02   2.6e+03     1.0e+00      1.577e+00
 349    350   3372    5.61611407e+02   2.4e+03     1.0e+00      1.576e+00
 350    351   3382    5.59926688e+02   2.6e+03     1.0e+00      1.576e+00
 351    352   3392    5.58250807e+02   2.4e+03     1.0e+00      1.576e+00
 352    353   3402    5.56584024e+02   2.6e+03     1.0e+00      1.576e+00
 353    354   3412    5.54925798e+02   2.4e+03     1.0e+00      1.575e+00
 354    355   3422    5.53276164e+02   2.6e+03     1.0e+00      1.575e+00
 355    356   3432    5.51634963e+02   2.4e+03     1.0e+00      1.575e+00
 356    357   3442    5.50002228e+02   2.6e+03     1.0e+00      1.575e+00
 357    358   3452    5.48377803e+02   2.3e+03     1.0e+00      1.574e+00
 358    359   3462    5.46761724e+02   2.6e+03     1.0e+00      1.574e+00
 359    360   3472    5.45155466e+02   2.3e+03     1.0e+00      1.574e+00
 360    361   3482    5.43558096e+02   2.5e+03     1.0e+00      1.573e+00
 361    362   3492    5.41968770e+02   2.3e+03     1.0e+00      1.573e+00
 362    363   3502    5.40387524e+02   2.5e+03     1.0e+00      1.573e+00
 363    364   3512    5.38814210e+02   2.3e+03     1.0e+00      1.573e+00
 364    365   3522    5.37248862e+02   2.5e+03     1.0e+00      1.572e+00
 365    366   3532    5.35691334e+02   2.3e+03     1.0e+00      1.572e+00
 366    367   3542    5.34141660e+02   2.5e+03     1.0e+00      1.572e+00
 367    368   3552    5.32599699e+02   2.3e+03     1.0e+00      1.572e+00
 368    369   3562    5.31065484e+02   2.5e+03     1.0e+00      1.571e+00
 369    370   3572    5.29538874e+02   2.3e+03     1.0e+00      1.571e+00
 370    371   3582    5.28019904e+02   2.5e+03     1.0e+00      1.571e+00
 371    372   3592    5.26508435e+02   2.3e+03     1.0e+00      1.571e+00
 372    373   3602    5.25004501e+02   2.5e+03     1.0e+00      1.570e+00
 373    374   3612    5.23507966e+02   2.3e+03     1.0e+00      1.570e+00
 374    375   3622    5.22018865e+02   2.5e+03     1.0e+00      1.570e+00
 375    376   3632    5.20537062e+02   2.2e+03     1.0e+00      1.570e+00
 376    377   3642    5.19062592e+02   2.4e+03     1.0e+00      1.569e+00
 377    378   3652    5.17595385e+02   2.2e+03     1.0e+00      1.569e+00
 378    379   3662    5.16135424e+02   2.4e+03     1.0e+00      1.569e+00
 379    380   3672    5.14682574e+02   2.2e+03     1.0e+00      1.569e+00
 380    381   3682    5.13236866e+02   2.4e+03     1.0e+00      1.568e+00
 381    382   3692    5.11798172e+02   2.2e+03     1.0e+00      1.568e+00
 382    383   3702    5.10366526e+02   2.4e+03     1.0e+00      1.568e+00
 383    384   3712    5.08941800e+02   2.2e+03     1.0e+00      1.568e+00
 384    385   3722    5.07524027e+02   2.4e+03     1.0e+00      1.567e+00
 385    386   3732    5.06113088e+02   2.2e+03     1.0e+00      1.567e+00
 386    387   3742    5.04709019e+02   2.4e+03     1.0e+00      1.567e+00
 387    388   3752    5.03311689e+02   2.2e+03     1.0e+00      1.567e+00
 388    389   3762    5.01921130e+02   2.4e+03     1.0e+00      1.566e+00
 389    390   3772    5.00537222e+02   2.2e+03     1.0e+00      1.566e+00
 390    391   3782    4.99159997e+02   2.4e+03     1.0e+00      1.566e+00
 391    392   3792    4.97789337e+02   2.2e+03     1.0e+00      1.566e+00
 392    393   3802    4.96425935e+02   2.4e+03     1.0e+00      1.565e+00
 393    394   3812    4.95071050e+02   2.1e+03     1.0e+00      1.565e+00
 394    395   3822    4.93722664e+02   2.3e+03     1.0e+00      1.565e+00
 395    396   3832    4.92380649e+02   2.1e+03     1.0e+00      1.565e+00
 396    397   3842    4.91045033e+02   2.3e+03     1.0e+00      1.564e+00
 397    398   3852    4.89715701e+02   2.1e+03     1.0e+00      1.564e+00
 398    399   3862    4.88392682e+02   2.3e+03     1.0e+00      1.564e+00
 399    400   3872    4.87075865e+02   2.1e+03     1.0e+00      1.564e+00
 400    401   3882    4.85765280e+02   2.3e+03     1.0e+00      1.563e+00
 401    402   3892    4.84460816e+02   2.1e+03     1.0e+00      1.563e+00
 402    403   3902    4.83162503e+02   2.3e+03     1.0e+00      1.563e+00
 403    404   3912    4.81870234e+02   2.1e+03     1.0e+00      1.563e+00
 404    405   3922    4.80584038e+02   2.3e+03     1.0e+00      1.562e+00
 405    406   3932    4.79303809e+02   2.1e+03     1.0e+00      1.562e+00
 406    407   3942    4.78029576e+02   2.3e+03     1.0e+00      1.562e+00
 407    408   3952    4.76761235e+02   2.1e+03     1.0e+00      1.562e+00
 408    409   3962    4.75498814e+02   2.3e+03     1.0e+00      1.562e+00
 409    410   3972    4.74242211e+02   2.1e+03     1.0e+00      1.561e+00
 410    411   3982    4.72991455e+02   2.3e+03     1.0e+00      1.561e+00
 411    412   3992    4.71746444e+02   2.1e+03     1.0e+00      1.561e+00
 412    413   4002    4.70507207e+02   2.3e+03     1.0e+00      1.561e+00
 413    414   4012    4.69273643e+02   2.0e+03     1.0e+00      1.560e+00
 414    415   4022    4.68045781e+02   2.2e+03     1.0e+00      1.560e+00
 415    416   4032    4.66823523e+02   2.0e+03     1.0e+00      1.560e+00
 416    417   4042    4.65606896e+02   2.2e+03     1.0e+00      1.560e+00
 417    418   4052    4.64395803e+02   2.0e+03     1.0e+00      1.559e+00
 418    419   4062    4.63190273e+02   2.2e+03     1.0e+00      1.559e+00
 419    420   4072    4.61990209e+02   2.0e+03     1.0e+00      1.559e+00
 420    421   4082    4.60795639e+02   2.2e+03     1.0e+00      1.559e+00
 421    422   4092    4.59606468e+02   2.0e+03     1.0e+00      1.559e+00
 422    423   4102    4.58422724e+02   2.2e+03     1.0e+00      1.558e+00
 423    424   4112    4.57244314e+02   2.0e+03     1.0e+00      1.558e+00
 424    425   4122    4.56092896e+02   2.2e+03     1.0e+00      1.558e+00
 425    426   4132    4.54854452e+02   2.8e+03     1.0e+00      1.558e+00
 426    427   4142    4.53625447e+02   2.1e+03     1.0e+00      1.557e+00
 427    428   4152    4.52409157e+02   2.7e+03     1.0e+00      1.557e+00
 428    429   4162    4.51201666e+02   2.2e+03     1.0e+00      1.557e+00
 429    430   4172    4.50005613e+02   2.7e+03     1.0e+00      1.557e+00
 430    431   4182    4.48817216e+02   2.1e+03     1.0e+00      1.556e+00
 431    432   4192    4.47637657e+02   2.5e+03     1.0e+00      1.556e+00
 432    433   4202    4.46464819e+02   2.1e+03     1.0e+00      1.556e+00
 433    434   4212    4.45299201e+02   2.6e+03     1.0e+00      1.556e+00
 434    435   4222    4.44139772e+02   2.0e+03     1.0e+00      1.555e+00
 435    436   4232    4.42986772e+02   2.5e+03     1.0e+00      1.555e+00
 436    437   4242    4.41839764e+02   2.1e+03     1.0e+00      1.555e+00
 437    438   4252    4.40698901e+02   2.5e+03     1.0e+00      1.555e+00
 438    439   4262    4.39564080e+02   2.0e+03     1.0e+00      1.555e+00
 439    440   4272    4.38435389e+02   2.5e+03     1.0e+00      1.554e+00
 440    441   4282    4.37312949e+02   2.0e+03     1.0e+00      1.554e+00
 441    442   4292    4.36196686e+02   2.4e+03     1.0e+00      1.554e+00
 442    443   4302    4.35086870e+02   2.0e+03     1.0e+00      1.554e+00
 443    444   4312    4.33983122e+02   2.4e+03     1.0e+00      1.553e+00
 444    445   4322    4.32885706e+02   2.0e+03     1.0e+00      1.553e+00
 445    446   4332    4.31794024e+02   2.3e+03     1.0e+00      1.553e+00
 446    447   4342    4.30708193e+02   1.9e+03     1.0e+00      1.553e+00
 447    448   4352    4.29627747e+02   2.3e+03     1.0e+00      1.553e+00
 448    449   4362    4.28552675e+02   1.9e+03     1.0e+00      1.552e+00
 449    450   4372    4.27483639e+02   2.3e+03     1.0e+00      1.552e+00
 450    451   4382    4.26419119e+02   2.1e+03     1.0e+00      1.552e+00
 451    452   4392    4.25360667e+02   2.3e+03     1.0e+00      1.552e+00
 452    453   4402    4.24307144e+02   2.1e+03     1.0e+00      1.551e+00
 453    454   4412    4.23258421e+02   2.3e+03     1.0e+00      1.551e+00
 454    455   4422    4.22217322e+02   1.9e+03     1.0e+00      1.551e+00
 455    456   4432    4.21181079e+02   2.3e+03     1.0e+00      1.551e+00
 456    457   4442    4.20149610e+02   1.9e+03     1.0e+00      1.551e+00
 457    458   4452    4.19123083e+02   2.3e+03     1.0e+00      1.550e+00
 458    459   4462    4.18101355e+02   1.9e+03     1.0e+00      1.550e+00
 459    460   4472    4.17084290e+02   2.2e+03     1.0e+00      1.550e+00
 460    461   4482    4.16071834e+02   1.8e+03     1.0e+00      1.550e+00
 461    462   4492    4.15063970e+02   2.2e+03     1.0e+00      1.549e+00
 462    463   4502    4.14060647e+02   1.8e+03     1.0e+00      1.549e+00
 463    464   4512    4.13061848e+02   2.2e+03     1.0e+00      1.549e+00
 464    465   4522    4.12065309e+02   1.8e+03     1.0e+00      1.549e+00
 465    466   4532    4.08773090e+02   1.1e+04     1.0e+00      1.548e+00
 466    467   4534    4.06365766e+02   9.2e+02     1.0e+00      1.548e+00
 467    468   4544    4.04013501e+02   7.8e+03     1.0e+00      1.547e+00
 468    469   4546    4.02477840e+02   2.0e+03     1.0e+00      1.547e+00
 469    470   4556    4.01509692e+02   1.4e+03     1.0e+00      1.547e+00
 470    471   4566    4.00585490e+02   1.7e+03     1.0e+00      1.546e+00
 471    472   4576    3.99677263e+02   1.3e+03     1.0e+00      1.546e+00
 472    473   4586    3.98775627e+02   1.9e+03     1.0e+00      1.546e+00
 473    474   4596    3.97879138e+02   1.4e+03     1.0e+00      1.546e+00
 474    475   4606    3.96987244e+02   1.9e+03     1.0e+00      1.546e+00
 475    476   4616    3.96099696e+02   1.4e+03     1.0e+00      1.545e+00
 476    477   4626    3.95216266e+02   1.9e+03     1.0e+00      1.545e+00
 477    478   4636    3.94336859e+02   1.4e+03     1.0e+00      1.545e+00
 478    479   4646    3.93461341e+02   1.9e+03     1.0e+00      1.545e+00
 479    480   4656    3.92589652e+02   1.3e+03     1.0e+00      1.545e+00
 480    481   4666    3.91721707e+02   1.9e+03     1.0e+00      1.544e+00
 481    482   4676    3.90857461e+02   1.3e+03     1.0e+00      1.544e+00
 482    483   4686    3.89996838e+02   1.9e+03     1.0e+00      1.544e+00
 483    484   4696    3.89139817e+02   1.3e+03     1.0e+00      1.544e+00
 484    485   4706    3.88286356e+02   1.9e+03     1.0e+00      1.544e+00
 485    486   4716    3.87436422e+02   1.3e+03     1.0e+00      1.543e+00
 486    487   4726    3.86589969e+02   1.9e+03     1.0e+00      1.543e+00
 487    488   4736    3.85746980e+02   1.3e+03     1.0e+00      1.543e+00
 488    489   4746    3.84907428e+02   1.9e+03     1.0e+00      1.543e+00
 489    490   4756    3.84071286e+02   1.3e+03     1.0e+00      1.543e+00
 490    491   4766    3.83238532e+02   1.9e+03     1.0e+00      1.542e+00
 491    492   4776    3.82409141e+02   1.3e+03     1.0e+00      1.542e+00
 492    493   4786    3.81583089e+02   1.9e+03     1.0e+00      1.542e+00
 493    494   4796    3.80760355e+02   1.3e+03     1.0e+00      1.542e+00
 494    495   4806    3.79940895e+02   1.8e+03     1.0e+00      1.542e+00
 495    496   4816    3.79124710e+02   1.3e+03     1.0e+00      1.541e+00
 496    497   4826    3.78311771e+02   1.8e+03     1.0e+00      1.541e+00
 497    498   4836    3.77502467e+02   1.3e+03     1.0e+00      1.541e+00
 498    499   4846    3.76698366e+02   1.8e+03     1.0e+00      1.541e+00
 499    500   4856    3.75897449e+02   1.3e+03     1.0e+00      1.541e+00
 500    501   4866    3.75099671e+02   1.8e+03     1.0e+00      1.540e+00
LMQNBC: termination 5
>> >> >> >> >> >> >> >> >> >> >> >> >> >> >> >> >> >> >> >> >> 