
                            < M A T L A B (R) >
                  Copyright 1984-2013 The MathWorks, Inc.
                    R2013a (8.1.0.604) 64-bit (glnxa64)
                             February 15, 2013

 
To get started, type one of these: helpwin, helpdesk, or demo.
For product information, visit www.mathworks.com.
 
>> >> >> >> >> >> >> >> X-ray simulation startup file...
====== Fluorescence Detector Resolution is 5
====== Angle Number  1 of 12: 0
====== Angle Number  2 of 12: 1.636364e+01
====== Angle Number  3 of 12: 3.272727e+01
====== Angle Number  4 of 12: 4.909091e+01
====== Angle Number  5 of 12: 6.545455e+01
====== Angle Number  6 of 12: 8.181818e+01
====== Angle Number  7 of 12: 9.818182e+01
====== Angle Number  8 of 12: 1.145455e+02
====== Angle Number  9 of 12: 1.309091e+02
====== Angle Number  10 of 12: 1.472727e+02
====== Angle Number  11 of 12: 1.636364e+02
====== Angle Number  12 of 12: 180
>> >> >> >> >> >> >> >> >> >> >> >> >> ====== With Self Absorption, Transmission Detector Resolution is 30
>> >> >> >> >> >> >> >> >> >> >> >> >> >> >> >> >> >> >> >> >> >> >> >> >> >> >> >> >> >> >> #######==============Beta= 0.000000, TempBeta = 1.000000 
  it     nf     cg           f             f_xrf             f_xtm            |g|        alpha        error
   0      1      0    3.74393554e+07    3.74393554e+07    1.09005661e+01    3.4e+07     1.0e+00      2.570e+00
   1      2      2    3.81221620e+06    3.81221620e+06     9.88342075e+00    4.9e+06     1.0e+00      2.526e+00
   2      3      6    1.35158704e+06    1.35158704e+06     9.07973524e+00    2.9e+06     1.0e+00      2.455e+00
   3      4     13    5.10661205e+05    5.10661205e+05     7.71591054e+00    9.9e+05     1.0e+00      2.367e+00
   4      5     23    2.44462940e+05    2.44462940e+05     6.03884648e+00    1.4e+06     1.0e+00      2.249e+00
   5      6     27    1.93575839e+05    1.93575839e+05     5.97824324e+00    3.1e+05     1.0e+00      2.242e+00
   6      7     37    1.20081623e+05    1.20081623e+05     4.87081320e+00    6.4e+05     1.0e+00      2.151e+00
   7      8     47    8.51857765e+04    8.51857765e+04     4.53614192e+00    2.0e+05     1.0e+00      2.125e+00
   8      9     57    6.93096222e+04    6.93096222e+04     4.10136578e+00    2.3e+05     1.0e+00      2.087e+00
   9     10     61    6.33885849e+04    6.33885849e+04     4.07210090e+00    1.3e+05     1.0e+00      2.084e+00
  10     11     71    5.24999813e+04    5.24999813e+04     3.55174417e+00    4.6e+05     1.0e+00      2.039e+00
  11     12     73    4.74860961e+04    4.74860961e+04     3.55187969e+00    2.2e+05     1.0e+00      2.039e+00
  12     13     81    4.19999075e+04    4.19999075e+04     3.46416101e+00    4.3e+04     1.0e+00      2.030e+00
  13     14     91    3.42849296e+04    3.42849296e+04     3.02550042e+00    2.8e+05     1.0e+00      1.990e+00
  14     15     95    3.06499501e+04    3.06499501e+04     3.01691939e+00    9.8e+04     1.0e+00      1.989e+00
  15     16    105    2.77023645e+04    2.77023645e+04     2.89877727e+00    7.7e+04     1.0e+00      1.977e+00
  16     17    108    2.69516277e+04    2.69516277e+04     2.89182828e+00    5.1e+04     1.0e+00      1.976e+00
  17     18    118    2.21988395e+04    2.21988395e+04     2.39983457e+00    2.9e+05     1.0e+00      1.925e+00
  18     19    121    1.84934090e+04    1.84934090e+04     2.40042594e+00    7.6e+04     1.0e+00      1.925e+00
  19     20    129    1.69341432e+04    1.69341432e+04     2.37484838e+00    2.7e+04     1.0e+00      1.922e+00
  20     21    139    1.50030898e+04    1.50030898e+04     2.15541534e+00    9.8e+04     1.0e+00      1.895e+00
  21     22    145    1.34168798e+04    1.34168798e+04     2.14803435e+00    5.4e+04     1.0e+00      1.894e+00
  22     23    155    1.25747437e+04    1.25747437e+04     2.07784594e+00    4.3e+04     1.0e+00      1.885e+00
  23     24    165    1.18740445e+04    1.18740445e+04     2.04778944e+00    4.2e+04     1.0e+00      1.881e+00
  24     25    175    1.12839685e+04    1.12839685e+04     1.99229737e+00    3.9e+04     1.0e+00      1.874e+00
  25     26    185    1.07378693e+04    1.07378693e+04     1.96628449e+00    3.6e+04     1.0e+00      1.870e+00
  26     27    195    1.02442831e+04    1.02442831e+04     1.91703681e+00    3.7e+04     1.0e+00      1.864e+00
  27     28    202    9.87447563e+03    9.87447563e+03     1.90495132e+00    2.0e+04     1.0e+00      1.862e+00
  28     29    212    9.07385806e+03    9.07385806e+03     1.78771631e+00    7.1e+04     1.0e+00      1.846e+00
  29     30    220    8.33283743e+03    8.33283743e+03     1.77931879e+00    1.5e+04     1.0e+00      1.844e+00
  30     31    230    7.49698664e+03    7.49698664e+03     1.64553619e+00    4.3e+04     1.0e+00      1.826e+00
  31     32    235    6.90357158e+03    6.90357158e+03     1.64258818e+00    3.5e+04     1.0e+00      1.825e+00
  32     33    245    6.65671224e+03    6.65671224e+03     1.61926772e+00    2.7e+04     1.0e+00      1.822e+00
  33     34    255    6.44870780e+03    6.44870780e+03     1.60132227e+00    2.8e+04     1.0e+00      1.819e+00
  34     35    265    6.26903499e+03    6.26903499e+03     1.58348279e+00    1.8e+04     1.0e+00      1.816e+00
  35     36    275    6.10096223e+03    6.10096223e+03     1.56709434e+00    2.2e+04     1.0e+00      1.814e+00
  36     37    285    5.94322620e+03    5.94322620e+03     1.55057424e+00    1.6e+04     1.0e+00      1.811e+00
  37     38    295    5.79480560e+03    5.79480560e+03     1.53581361e+00    2.2e+04     1.0e+00      1.809e+00
  38     39    305    5.65282369e+03    5.65282369e+03     1.52018421e+00    1.6e+04     1.0e+00      1.806e+00
  39     40    315    5.51767259e+03    5.51767259e+03     1.50623527e+00    2.0e+04     1.0e+00      1.804e+00
  40     41    325    5.38852856e+03    5.38852856e+03     1.49161137e+00    1.6e+04     1.0e+00      1.801e+00
  41     42    335    5.26483735e+03    5.26483735e+03     1.47832681e+00    1.9e+04     1.0e+00      1.799e+00
  42     43    345    5.14830332e+03    5.14830332e+03     1.46471222e+00    1.5e+04     1.0e+00      1.797e+00
  43     44    355    5.03633458e+03    5.03633458e+03     1.45220211e+00    1.8e+04     1.0e+00      1.795e+00
  44     45    365    4.92856029e+03    4.92856029e+03     1.43921277e+00    1.5e+04     1.0e+00      1.793e+00
  45     46    375    4.82582466e+03    4.82582466e+03     1.42742887e+00    1.7e+04     1.0e+00      1.791e+00
  46     47    385    4.72341876e+03    4.72341876e+03     1.41431899e+00    1.8e+04     1.0e+00      1.789e+00
  47     48    395    4.62479191e+03    4.62479191e+03     1.40301985e+00    1.7e+04     1.0e+00      1.787e+00
  48     49    405    4.53023947e+03    4.53023947e+03     1.39055348e+00    1.7e+04     1.0e+00      1.785e+00
  49     50    415    4.43892605e+03    4.43892605e+03     1.37988134e+00    1.7e+04     1.0e+00      1.783e+00
  50     51    425    4.35068661e+03    4.35068661e+03     1.36799872e+00    1.5e+04     1.0e+00      1.781e+00
  51     52    435    4.26651999e+03    4.26651999e+03     1.35769533e+00    1.9e+04     1.0e+00      1.779e+00
  52     53    445    4.18570864e+03    4.18570864e+03     1.34661009e+00    1.2e+04     1.0e+00      1.777e+00
  53     54    455    4.10593136e+03    4.10593136e+03     1.33629746e+00    2.1e+04     1.0e+00      1.775e+00
  54     55    465    4.02907770e+03    4.02907770e+03     1.32576543e+00    1.3e+04     1.0e+00      1.773e+00
  55     56    475    3.95508941e+03    3.95508941e+03     1.31594112e+00    2.0e+04     1.0e+00      1.772e+00
  56     57    485    3.88438908e+03    3.88438908e+03     1.30606109e+00    1.2e+04     1.0e+00      1.770e+00
  57     58    495    3.81639224e+03    3.81639224e+03     1.29674290e+00    1.9e+04     1.0e+00      1.768e+00
  58     59    505    3.75064350e+03    3.75064350e+03     1.28733335e+00    1.3e+04     1.0e+00      1.766e+00
  59     60    515    3.68739979e+03    3.68739979e+03     1.27854629e+00    1.9e+04     1.0e+00      1.765e+00
  60     61    525    3.62623027e+03    3.62623027e+03     1.26954942e+00    1.2e+04     1.0e+00      1.763e+00
  61     62    535    3.56790555e+03    3.56790555e+03     1.26117488e+00    1.8e+04     1.0e+00      1.762e+00
  62     63    545    3.50942179e+03    3.50942179e+03     1.25224281e+00    1.6e+04     1.0e+00      1.760e+00
  63     64    555    3.45279702e+03    3.45279702e+03     1.24410237e+00    1.7e+04     1.0e+00      1.758e+00
  64     65    565    3.39792205e+03    3.39792205e+03     1.23552500e+00    1.5e+04     1.0e+00      1.757e+00
  65     66    575    3.34472845e+03    3.34472845e+03     1.22771715e+00    1.6e+04     1.0e+00      1.755e+00
  66     67    585    3.29313369e+03    3.29313369e+03     1.21950285e+00    1.4e+04     1.0e+00      1.754e+00
  67     68    595    3.24303513e+03    3.24303513e+03     1.21199222e+00    1.5e+04     1.0e+00      1.752e+00
  68     69    605    3.19447965e+03    3.19447965e+03     1.20411371e+00    1.4e+04     1.0e+00      1.751e+00
  69     70    615    3.14736993e+03    3.14736993e+03     1.19692949e+00    1.4e+04     1.0e+00      1.749e+00
  70     71    625    3.09695386e+03    3.09695386e+03     1.18779795e+00    1.8e+04     1.0e+00      1.747e+00
  71     72    635    3.04826500e+03    3.04826500e+03     1.18107099e+00    1.2e+04     1.0e+00      1.746e+00
  72     73    645    2.92912813e+03    2.92912813e+03     1.15018173e+00    5.6e+04     1.0e+00      1.740e+00
  73     74    647    2.86365270e+03    2.86365270e+03     1.15016645e+00    6.6e+03     1.0e+00      1.740e+00
  74     75    657    2.78308016e+03    2.78308016e+03     1.12980201e+00    2.6e+04     1.0e+00      1.736e+00
  75     76    659    2.74080354e+03    2.74080354e+03     1.12966549e+00    7.2e+03     1.0e+00      1.736e+00
  76     77    669    2.70199790e+03    2.70199790e+03     1.12176177e+00    1.2e+04     1.0e+00      1.734e+00
  77     78    679    2.66629990e+03    2.66629990e+03     1.11685942e+00    7.0e+03     1.0e+00      1.733e+00
  78     79    689    2.63300942e+03    2.63300942e+03     1.10976590e+00    1.2e+04     1.0e+00      1.731e+00
  79     80    699    2.60059740e+03    2.60059740e+03     1.10505204e+00    6.9e+03     1.0e+00      1.730e+00
  80     81    709    2.56902266e+03    2.56902266e+03     1.09820763e+00    1.2e+04     1.0e+00      1.729e+00
  81     82    719    2.53820568e+03    2.53820568e+03     1.09365895e+00    6.7e+03     1.0e+00      1.728e+00
  82     83    729    2.50812202e+03    2.50812202e+03     1.08703453e+00    1.2e+04     1.0e+00      1.726e+00
  83     84    739    2.47872857e+03    2.47872857e+03     1.08263485e+00    6.5e+03     1.0e+00      1.725e+00
  84     85    749    2.45002048e+03    2.45002048e+03     1.07622059e+00    1.2e+04     1.0e+00      1.724e+00
  85     86    759    2.42201834e+03    2.42201834e+03     1.07199316e+00    6.7e+03     1.0e+00      1.723e+00
  86     87    769    2.39375281e+03    2.39375281e+03     1.06549425e+00    1.4e+04     1.0e+00      1.722e+00
  87     88    779    2.36614193e+03    2.36614193e+03     1.06137015e+00    6.6e+03     1.0e+00      1.721e+00
  88     89    789    2.33863949e+03    2.33863949e+03     1.05487381e+00    1.4e+04     1.0e+00      1.719e+00
  89     90    796    2.31881967e+03    2.31881967e+03     1.05306182e+00    8.4e+03     1.0e+00      1.719e+00
  90     91    806    2.26795566e+03    2.26795566e+03     1.03574104e+00    9.8e+03     1.0e+00      1.715e+00
  91     92    811    2.22723800e+03    2.22723800e+03     1.03469853e+00    7.5e+03     1.0e+00      1.715e+00
  92     93    821    2.12897822e+03    2.12897822e+03     9.98493395e-01    1.4e+04     1.0e+00      1.706e+00
  93     94    827    2.04380523e+03    2.04380523e+03     9.97591149e-01    5.3e+03     1.0e+00      1.706e+00
  94     95    837    1.95658371e+03    1.95658371e+03     9.61811557e-01    2.5e+04     1.0e+00      1.697e+00
  95     96    841    1.89287082e+03    1.89287082e+03     9.61854298e-01    1.4e+04     1.0e+00      1.697e+00
  96     97    848    1.87249124e+03    1.87249124e+03     9.60974860e-01    2.7e+03     1.0e+00      1.696e+00
  97     98    858    1.82339449e+03    1.82339449e+03     9.41871633e-01    1.9e+04     1.0e+00      1.691e+00
  98     99    862    1.79319914e+03    1.79319914e+03     9.41470344e-01    8.2e+03     1.0e+00      1.691e+00
  99    100    872    1.77269049e+03    1.77269049e+03     9.38175189e-01    7.3e+03     1.0e+00      1.690e+00
 100    101    882    1.75784861e+03    1.75784861e+03     9.34640781e-01    7.6e+03     1.0e+00      1.689e+00
 101    102    892    1.74356543e+03    1.74356543e+03     9.31728882e-01    7.4e+03     1.0e+00      1.689e+00
 102    103    902    1.72972646e+03    1.72972646e+03     9.28354846e-01    7.1e+03     1.0e+00      1.688e+00
 103    104    912    1.71616601e+03    1.71616601e+03     9.25569765e-01    7.2e+03     1.0e+00      1.687e+00
 104    105    922    1.70286791e+03    1.70286791e+03     9.22299295e-01    6.6e+03     1.0e+00      1.686e+00
 105    106    932    1.68978954e+03    1.68978954e+03     9.19594070e-01    6.9e+03     1.0e+00      1.685e+00
 106    107    942    1.67714821e+03    1.67714821e+03     9.16502018e-01    4.2e+03     1.0e+00      1.684e+00
 107    108    952    1.66469157e+03    1.66469157e+03     9.13880553e-01    6.6e+03     1.0e+00      1.684e+00
 108    109    962    1.65241150e+03    1.65241150e+03     9.10845566e-01    4.3e+03     1.0e+00      1.683e+00
 109    110    972    1.64030513e+03    1.64030513e+03     9.08283874e-01    6.4e+03     1.0e+00      1.682e+00
 110    111    982    1.62836919e+03    1.62836919e+03     9.05319877e-01    4.1e+03     1.0e+00      1.681e+00
 111    112    992    1.61715126e+03    1.61715126e+03     9.03035806e-01    3.5e+03     1.0e+00      1.681e+00
 112    113   1002    1.60610561e+03    1.60610561e+03     9.00158414e-01    4.3e+03     1.0e+00      1.680e+00
 113    114   1012    1.59520243e+03    1.59520243e+03     8.97920063e-01    3.6e+03     1.0e+00      1.679e+00
 114    115   1022    1.58444006e+03    1.58444006e+03     8.95092102e-01    4.5e+03     1.0e+00      1.678e+00
 115    116   1032    1.57380962e+03    1.57380962e+03     8.92898061e-01    3.6e+03     1.0e+00      1.678e+00
 116    117   1042    1.56331116e+03    1.56331116e+03     8.90117555e-01    4.6e+03     1.0e+00      1.677e+00
 117    118   1052    1.55295287e+03    1.55295287e+03     8.87968614e-01    3.5e+03     1.0e+00      1.676e+00
 118    119   1062    1.54272208e+03    1.54272208e+03     8.85234775e-01    4.7e+03     1.0e+00      1.675e+00
 119    120   1072    1.53261210e+03    1.53261210e+03     8.83127294e-01    3.5e+03     1.0e+00      1.675e+00
 120    121   1082    1.52262780e+03    1.52262780e+03     8.80445814e-01    4.7e+03     1.0e+00      1.674e+00
 121    122   1092    1.51275836e+03    1.51275836e+03     8.78376593e-01    3.4e+03     1.0e+00      1.673e+00
 122    123   1102    1.50301154e+03    1.50301154e+03     8.75741310e-01    4.6e+03     1.0e+00      1.673e+00
 123    124   1112    1.49337583e+03    1.49337583e+03     8.73716566e-01    3.4e+03     1.0e+00      1.672e+00
 124    125   1122    1.48384812e+03    1.48384812e+03     8.71121173e-01    4.5e+03     1.0e+00      1.671e+00
 125    126   1132    1.47442760e+03    1.47442760e+03     8.69133730e-01    3.3e+03     1.0e+00      1.671e+00
 126    127   1142    1.46511747e+03    1.46511747e+03     8.66581466e-01    4.3e+03     1.0e+00      1.670e+00
 127    128   1152    1.45591375e+03    1.45591375e+03     8.64630030e-01    3.2e+03     1.0e+00      1.669e+00
 128    129   1162    1.44682333e+03    1.44682333e+03     8.62124202e-01    4.1e+03     1.0e+00      1.669e+00
 129    130   1172    1.43783351e+03    1.43783351e+03     8.60206418e-01    3.0e+03     1.0e+00      1.668e+00
 130    131   1182    1.42894531e+03    1.42894531e+03     8.57740000e-01    4.0e+03     1.0e+00      1.667e+00
 131    132   1192    1.42015411e+03    1.42015411e+03     8.55857030e-01    3.0e+03     1.0e+00      1.667e+00
 132    133   1202    1.41152276e+03    1.41152276e+03     8.53439965e-01    4.1e+03     1.0e+00      1.666e+00
 133    134   1212    1.40296312e+03    1.40296312e+03     8.51618849e-01    2.9e+03     1.0e+00      1.665e+00
 134    135   1222    1.39452331e+03    1.39452331e+03     8.49241272e-01    4.0e+03     1.0e+00      1.665e+00
 135    136   1232    1.38617239e+03    1.38617239e+03     8.47450947e-01    2.9e+03     1.0e+00      1.664e+00
 136    137   1242    1.37791044e+03    1.37791044e+03     8.45107066e-01    4.1e+03     1.0e+00      1.663e+00
 137    138   1252    1.36973384e+03    1.36973384e+03     8.43344013e-01    2.9e+03     1.0e+00      1.663e+00
 138    139   1262    1.36164267e+03    1.36164267e+03     8.41034024e-01    4.1e+03     1.0e+00      1.662e+00
 139    140   1272    1.35363386e+03    1.35363386e+03     8.39297666e-01    2.9e+03     1.0e+00      1.662e+00
 140    141   1282    1.34570748e+03    1.34570748e+03     8.37021198e-01    4.1e+03     1.0e+00      1.661e+00
 141    142   1292    1.33786077e+03    1.33786077e+03     8.35310906e-01    2.9e+03     1.0e+00      1.660e+00
 142    143   1302    1.33009381e+03    1.33009381e+03     8.33067499e-01    4.1e+03     1.0e+00      1.660e+00
 143    144   1312    1.32240400e+03    1.32240400e+03     8.31382617e-01    2.9e+03     1.0e+00      1.659e+00
 144    145   1322    1.31479146e+03    1.31479146e+03     8.29171717e-01    4.1e+03     1.0e+00      1.658e+00
 145    146   1332    1.30725370e+03    1.30725370e+03     8.27511603e-01    2.9e+03     1.0e+00      1.658e+00
 146    147   1342    1.29979087e+03    1.29979087e+03     8.25332623e-01    4.1e+03     1.0e+00      1.657e+00
 147    148   1352    1.29240059e+03    1.29240059e+03     8.23696640e-01    2.8e+03     1.0e+00      1.657e+00
 148    149   1362    1.28508300e+03    1.28508300e+03     8.21548967e-01    4.1e+03     1.0e+00      1.656e+00
 149    150   1372    1.27783584e+03    1.27783584e+03     8.19936498e-01    2.8e+03     1.0e+00      1.656e+00
 150    151   1382    1.27067200e+03    1.27067200e+03     8.17823119e-01    4.0e+03     1.0e+00      1.655e+00
 151    152   1392    1.26357597e+03    1.26357597e+03     8.16241352e-01    2.8e+03     1.0e+00      1.654e+00
 152    153   1402    1.25654824e+03    1.25654824e+03     8.14156733e-01    4.0e+03     1.0e+00      1.654e+00
 153    154   1412    1.24958666e+03    1.24958666e+03     8.12596787e-01    2.8e+03     1.0e+00      1.653e+00
 154    155   1422    1.24269143e+03    1.24269143e+03     8.10541360e-01    4.0e+03     1.0e+00      1.653e+00
 155    156   1432    1.23586047e+03    1.23586047e+03     8.09002785e-01    2.7e+03     1.0e+00      1.652e+00
 156    157   1442    1.22909402e+03    1.22909402e+03     8.06975928e-01    4.0e+03     1.0e+00      1.651e+00
 157    158   1452    1.22239004e+03    1.22239004e+03     8.05458245e-01    2.7e+03     1.0e+00      1.651e+00
 158    159   1462    1.21574880e+03    1.21574880e+03     8.03459408e-01    4.0e+03     1.0e+00      1.650e+00
 159    160   1472    1.20916832e+03    1.20916832e+03     8.01962135e-01    2.7e+03     1.0e+00      1.650e+00
 160    161   1482    1.20264887e+03    1.20264887e+03     7.99990783e-01    4.0e+03     1.0e+00      1.649e+00
 161    162   1492    1.19618854e+03    1.19618854e+03     7.98513442e-01    2.7e+03     1.0e+00      1.649e+00
 162    163   1502    1.18978761e+03    1.18978761e+03     7.96569047e-01    4.0e+03     1.0e+00      1.648e+00
 163    164   1512    1.18344422e+03    1.18344422e+03     7.95111170e-01    2.6e+03     1.0e+00      1.648e+00
 164    165   1522    1.17715865e+03    1.17715865e+03     7.93193206e-01    4.0e+03     1.0e+00      1.647e+00
 165    166   1532    1.17092911e+03    1.17092911e+03     7.91754334e-01    2.6e+03     1.0e+00      1.646e+00
 166    167   1542    1.16475588e+03    1.16475588e+03     7.89862282e-01    4.0e+03     1.0e+00      1.646e+00
 167    168   1552    1.15863721e+03    1.15863721e+03     7.88441966e-01    2.5e+03     1.0e+00      1.645e+00
 168    169   1562    1.15257341e+03    1.15257341e+03     7.86575314e-01    4.0e+03     1.0e+00      1.645e+00
 169    170   1572    1.14656276e+03    1.14656276e+03     7.85173119e-01    2.5e+03     1.0e+00      1.644e+00
 170    171   1582    1.14060557e+03    1.14060557e+03     7.83331361e-01    4.0e+03     1.0e+00      1.644e+00
 171    172   1592    1.13470018e+03    1.13470018e+03     7.81946866e-01    2.5e+03     1.0e+00      1.643e+00
 172    173   1602    1.12884691e+03    1.12884691e+03     7.80129507e-01    4.0e+03     1.0e+00      1.643e+00
 173    174   1612    1.12304413e+03    1.12304413e+03     7.78762301e-01    2.5e+03     1.0e+00      1.642e+00
 174    175   1622    1.11729216e+03    1.11729216e+03     7.76968854e-01    4.0e+03     1.0e+00      1.642e+00
 175    176   1632    1.11158942e+03    1.11158942e+03     7.75618542e-01    2.5e+03     1.0e+00      1.641e+00
 176    177   1642    1.10593623e+03    1.10593623e+03     7.73848531e-01    4.0e+03     1.0e+00      1.641e+00
 177    178   1652    1.10033106e+03    1.10033106e+03     7.72514730e-01    2.5e+03     1.0e+00      1.640e+00
 178    179   1662    1.09477423e+03    1.09477423e+03     7.70767687e-01    4.0e+03     1.0e+00      1.640e+00
 179    180   1672    1.08927085e+03    1.08927085e+03     7.69451931e-01    2.4e+03     1.0e+00      1.639e+00
 180    181   1682    1.08382372e+03    1.08382372e+03     7.67739003e-01    3.9e+03     1.0e+00      1.639e+00
 181    182   1692    1.07842217e+03    1.07842217e+03     7.66440244e-01    2.4e+03     1.0e+00      1.638e+00
 182    183   1702    1.07306645e+03    1.07306645e+03     7.64749182e-01    3.9e+03     1.0e+00      1.638e+00
 183    184   1712    1.06775514e+03    1.06775514e+03     7.63466115e-01    2.4e+03     1.0e+00      1.637e+00
 184    185   1722    1.06248853e+03    1.06248853e+03     7.61796660e-01    3.9e+03     1.0e+00      1.637e+00
 185    186   1732    1.05726525e+03    1.05726525e+03     7.60528771e-01    2.4e+03     1.0e+00      1.636e+00
 186    187   1742    1.05208559e+03    1.05208559e+03     7.58880361e-01    3.9e+03     1.0e+00      1.636e+00
 187    188   1752    1.04694825e+03    1.04694825e+03     7.57627248e-01    2.4e+03     1.0e+00      1.635e+00
 188    189   1762    1.04185349e+03    1.04185349e+03     7.55999442e-01    3.9e+03     1.0e+00      1.635e+00
 189    190   1772    1.03680004e+03    1.03680004e+03     7.54760719e-01    2.4e+03     1.0e+00      1.634e+00
 190    191   1782    1.03178818e+03    1.03178818e+03     7.53153049e-01    3.9e+03     1.0e+00      1.634e+00
 191    192   1792    1.02681667e+03    1.02681667e+03     7.51928376e-01    2.3e+03     1.0e+00      1.633e+00
 192    193   1802    1.02188577e+03    1.02188577e+03     7.50340418e-01    3.9e+03     1.0e+00      1.633e+00
 193    194   1812    1.01699429e+03    1.01699429e+03     7.49129470e-01    2.3e+03     1.0e+00      1.632e+00
 194    195   1822    1.01214249e+03    1.01214249e+03     7.47560805e-01    3.9e+03     1.0e+00      1.632e+00
 195    196   1832    1.00732919e+03    1.00732919e+03     7.46363282e-01    2.3e+03     1.0e+00      1.631e+00
 196    197   1842    1.00255465e+03    1.00255465e+03     7.44813511e-01    3.9e+03     1.0e+00      1.631e+00
 197    198   1852    9.97817743e+02    9.97817743e+02     7.43629124e-01    2.3e+03     1.0e+00      1.630e+00
 198    199   1862    9.93118709e+02    9.93118709e+02     7.42097859e-01    3.9e+03     1.0e+00      1.630e+00
 199    200   1872    9.88456445e+02    9.88456445e+02     7.40926333e-01    2.2e+03     1.0e+00      1.629e+00
 200    201   1882    9.83831196e+02    9.83831196e+02     7.39413198e-01    3.9e+03     1.0e+00      1.629e+00
 201    202   1892    9.79241884e+02    9.79241884e+02     7.38254271e-01    2.2e+03     1.0e+00      1.629e+00
 202    203   1902    9.74688754e+02    9.74688754e+02     7.36758898e-01    3.9e+03     1.0e+00      1.628e+00
 203    204   1912    9.70170752e+02    9.70170752e+02     7.35612319e-01    2.2e+03     1.0e+00      1.628e+00
 204    205   1922    9.65688123e+02    9.65688123e+02     7.34134351e-01    3.8e+03     1.0e+00      1.627e+00
 205    206   1932    9.61239837e+02    9.61239837e+02     7.32999877e-01    2.2e+03     1.0e+00      1.627e+00
 206    207   1942    9.56850463e+02    9.56850463e+02     7.31543231e-01    3.8e+03     1.0e+00      1.626e+00
 207    208   1952    9.52461546e+02    9.52461546e+02     7.30410155e-01    3.4e+03     1.0e+00      1.626e+00
 208    209   1962    9.48109501e+02    9.48109501e+02     7.28966518e-01    3.8e+03     1.0e+00      1.625e+00
 209    210   1972    9.43792272e+02    9.43792272e+02     7.27844601e-01    3.3e+03     1.0e+00      1.625e+00
 210    211   1982    9.39509488e+02    9.39509488e+02     7.26415620e-01    3.8e+03     1.0e+00      1.624e+00
 211    212   1992    9.35259816e+02    9.35259816e+02     7.25305084e-01    3.4e+03     1.0e+00      1.624e+00
 212    213   2002    9.31043376e+02    9.31043376e+02     7.23892284e-01    3.8e+03     1.0e+00      1.624e+00
 213    214   2012    9.26859014e+02    9.26859014e+02     7.22792725e-01    3.4e+03     1.0e+00      1.623e+00
 214    215   2022    9.22706957e+02    9.22706957e+02     7.21395218e-01    3.7e+03     1.0e+00      1.623e+00
 215    216   2032    9.18586148e+02    9.18586148e+02     7.20306634e-01    3.4e+03     1.0e+00      1.622e+00
 216    217   2042    9.14496848e+02    9.14496848e+02     7.18924783e-01    3.7e+03     1.0e+00      1.622e+00
 217    218   2052    9.10438052e+02    9.10438052e+02     7.17846942e-01    3.3e+03     1.0e+00      1.621e+00
 218    219   2062    9.06410035e+02    9.06410035e+02     7.16480174e-01    3.7e+03     1.0e+00      1.621e+00
 219    220   2072    9.02411832e+02    9.02411832e+02     7.15412993e-01    3.3e+03     1.0e+00      1.621e+00
 220    221   2082    8.98443719e+02    8.98443719e+02     7.14061294e-01    3.6e+03     1.0e+00      1.620e+00
 221    222   2092    8.94504765e+02    8.94504765e+02     7.13004592e-01    3.3e+03     1.0e+00      1.620e+00
 222    223   2102    8.90595248e+02    8.90595248e+02     7.11667565e-01    3.6e+03     1.0e+00      1.619e+00
 223    224   2112    8.86714263e+02    8.86714263e+02     7.10621217e-01    3.3e+03     1.0e+00      1.619e+00
 224    225   2122    8.82862078e+02    8.82862078e+02     7.09298693e-01    3.6e+03     1.0e+00      1.618e+00
 225    226   2132    8.79037822e+02    8.79037822e+02     7.08262538e-01    3.3e+03     1.0e+00      1.618e+00
 226    227   2142    8.75241762e+02    8.75241762e+02     7.06954201e-01    3.5e+03     1.0e+00      1.618e+00
 227    228   2152    8.71473048e+02    8.71473048e+02     7.05928096e-01    3.3e+03     1.0e+00      1.617e+00
 228    229   2162    8.67731946e+02    8.67731946e+02     7.04633735e-01    3.5e+03     1.0e+00      1.617e+00
 229    230   2172    8.64017626e+02    8.64017626e+02     7.03617521e-01    3.3e+03     1.0e+00      1.616e+00
 230    231   2182    8.60330350e+02    8.60330350e+02     7.02336856e-01    3.5e+03     1.0e+00      1.616e+00
 231    232   2192    8.56688626e+02    8.56688626e+02     7.01334236e-01    3.3e+03     1.0e+00      1.616e+00
 232    233   2202    8.53087694e+02    8.53087694e+02     7.00088601e-01    3.3e+03     1.0e+00      1.615e+00
 233    234   2212    8.49513123e+02    8.49513123e+02     6.99090235e-01    3.3e+03     1.0e+00      1.615e+00
 234    235   2222    8.45964604e+02    8.45964604e+02     6.97854750e-01    3.3e+03     1.0e+00      1.614e+00
 235    236   2232    8.42447941e+02    8.42447941e+02     6.96868759e-01    3.3e+03     1.0e+00      1.614e+00
 236    237   2242    8.38958506e+02    8.38958506e+02     6.95651338e-01    3.3e+03     1.0e+00      1.614e+00
 237    238   2252    8.35493336e+02    8.35493336e+02     6.94672998e-01    3.3e+03     1.0e+00      1.613e+00
 238    239   2262    8.32052610e+02    8.32052610e+02     6.93467050e-01    3.2e+03     1.0e+00      1.613e+00
 239    240   2272    8.28639006e+02    8.28639006e+02     6.92499131e-01    3.3e+03     1.0e+00      1.612e+00
 240    241   2282    8.25256112e+02    8.25256112e+02     6.91312427e-01    3.2e+03     1.0e+00      1.612e+00
 241    242   2292    8.21896260e+02    8.21896260e+02     6.90353980e-01    3.2e+03     1.0e+00      1.612e+00
 242    243   2302    8.18559644e+02    8.18559644e+02     6.89178417e-01    3.2e+03     1.0e+00      1.611e+00
 243    244   2312    8.15245592e+02    8.15245592e+02     6.88228459e-01    3.2e+03     1.0e+00      1.611e+00
 244    245   2322    8.11954303e+02    8.11954303e+02     6.87064090e-01    3.2e+03     1.0e+00      1.610e+00
 245    246   2332    8.08685126e+02    8.08685126e+02     6.86122537e-01    3.2e+03     1.0e+00      1.610e+00
 246    247   2342    8.05438262e+02    8.05438262e+02     6.84969238e-01    3.2e+03     1.0e+00      1.610e+00
 247    248   2352    8.02213080e+02    8.02213080e+02     6.84035999e-01    3.2e+03     1.0e+00      1.609e+00
 248    249   2362    7.99009776e+02    7.99009776e+02     6.82893659e-01    3.1e+03     1.0e+00      1.609e+00
 249    250   2372    7.95827736e+02    7.95827736e+02     6.81968636e-01    3.2e+03     1.0e+00      1.609e+00
 250    251   2382    7.92667157e+02    7.92667157e+02     6.80837104e-01    3.1e+03     1.0e+00      1.608e+00
 251    252   2392    7.89527438e+02    7.89527438e+02     6.79920199e-01    3.2e+03     1.0e+00      1.608e+00
 252    253   2402    7.86408774e+02    7.86408774e+02     6.78799336e-01    3.1e+03     1.0e+00      1.607e+00
 253    254   2412    7.83310580e+02    7.83310580e+02     6.77890449e-01    3.2e+03     1.0e+00      1.607e+00
 254    255   2422    7.80233045e+02    7.80233045e+02     6.76780098e-01    3.1e+03     1.0e+00      1.607e+00
 255    256   2432    7.77175600e+02    7.77175600e+02     6.75879130e-01    3.2e+03     1.0e+00      1.606e+00
 256    257   2442    7.74138433e+02    7.74138433e+02     6.74779144e-01    3.1e+03     1.0e+00      1.606e+00
 257    258   2452    7.71120986e+02    7.71120986e+02     6.73885992e-01    3.1e+03     1.0e+00      1.606e+00
 258    259   2462    7.68123443e+02    7.68123443e+02     6.72796216e-01    3.0e+03     1.0e+00      1.605e+00
 259    260   2472    7.65145261e+02    7.65145261e+02     6.71910783e-01    3.1e+03     1.0e+00      1.605e+00
 260    261   2482    7.62186621e+02    7.62186621e+02     6.70831066e-01    3.0e+03     1.0e+00      1.604e+00
 261    262   2492    7.59246993e+02    7.59246993e+02     6.69953252e-01    3.1e+03     1.0e+00      1.604e+00
 262    263   2502    7.56326553e+02    7.56326553e+02     6.68883444e-01    3.0e+03     1.0e+00      1.604e+00
 263    264   2512    7.53424784e+02    7.53424784e+02     6.68013152e-01    3.1e+03     1.0e+00      1.603e+00
 264    265   2522    7.50541859e+02    7.50541859e+02     6.66953104e-01    3.0e+03     1.0e+00      1.603e+00
 265    266   2532    7.47677272e+02    7.47677272e+02     6.66090236e-01    3.1e+03     1.0e+00      1.603e+00
 266    267   2542    7.44831194e+02    7.44831194e+02     6.65039802e-01    3.0e+03     1.0e+00      1.602e+00
 267    268   2552    7.42003130e+02    7.42003130e+02     6.64184264e-01    3.1e+03     1.0e+00      1.602e+00
 268    269   2562    7.39193249e+02    7.39193249e+02     6.63143300e-01    2.9e+03     1.0e+00      1.602e+00
 269    270   2572    7.36401065e+02    7.36401065e+02     6.62294997e-01    3.1e+03     1.0e+00      1.601e+00
 270    271   2582    7.33626745e+02    7.33626745e+02     6.61263362e-01    2.9e+03     1.0e+00      1.601e+00
 271    272   2592    7.30869814e+02    7.30869814e+02     6.60422200e-01    3.0e+03     1.0e+00      1.601e+00
 272    273   2602    7.28130436e+02    7.28130436e+02     6.59399755e-01    2.9e+03     1.0e+00      1.600e+00
 273    274   2612    7.25408146e+02    7.25408146e+02     6.58565645e-01    3.0e+03     1.0e+00      1.600e+00
 274    275   2622    7.22703105e+02    7.22703105e+02     6.57552254e-01    2.9e+03     1.0e+00      1.600e+00
 275    276   2632    7.20014858e+02    7.20014858e+02     6.56725104e-01    3.0e+03     1.0e+00      1.599e+00
 276    277   2642    7.17343564e+02    7.17343564e+02     6.55720633e-01    2.9e+03     1.0e+00      1.599e+00
 277    278   2652    7.14688777e+02    7.14688777e+02     6.54900355e-01    3.0e+03     1.0e+00      1.599e+00
 278    279   2662    7.12050652e+02    7.12050652e+02     6.53904673e-01    2.9e+03     1.0e+00      1.598e+00
 279    280   2672    7.09428755e+02    7.09428755e+02     6.53091180e-01    3.0e+03     1.0e+00      1.598e+00
 280    281   2682    7.06823237e+02    7.06823237e+02     6.52104160e-01    2.9e+03     1.0e+00      1.597e+00
 281    282   2692    7.04233673e+02    7.04233673e+02     6.51297365e-01    3.0e+03     1.0e+00      1.597e+00
 282    283   2702    7.01660212e+02    7.01660212e+02     6.50318881e-01    2.8e+03     1.0e+00      1.597e+00
 283    284   2712    6.99102437e+02    6.99102437e+02     6.49518701e-01    3.0e+03     1.0e+00      1.596e+00
 284    285   2722    6.96560495e+02    6.96560495e+02     6.48548629e-01    2.8e+03     1.0e+00      1.596e+00
 285    286   2732    6.94033977e+02    6.94033977e+02     6.47754981e-01    2.9e+03     1.0e+00      1.596e+00
 286    287   2742    6.91523028e+02    6.91523028e+02     6.46793201e-01    2.8e+03     1.0e+00      1.595e+00
 287    288   2752    6.89027908e+02    6.89027908e+02     6.46006338e-01    2.9e+03     1.0e+00      1.595e+00
 288    289   2762    6.86554291e+02    6.86554291e+02     6.45058032e-01    2.8e+03     1.0e+00      1.595e+00
 289    290   2772    6.84095496e+02    6.84095496e+02     6.44278756e-01    2.9e+03     1.0e+00      1.594e+00
 290    291   2782    6.81651655e+02    6.81651655e+02     6.43338227e-01    2.8e+03     1.0e+00      1.594e+00
 291    292   2792    6.79222387e+02    6.79222387e+02     6.42565068e-01    2.9e+03     1.0e+00      1.594e+00
 292    293   2802    6.76807827e+02    6.76807827e+02     6.41632285e-01    2.8e+03     1.0e+00      1.593e+00
 293    294   2812    6.74407601e+02    6.74407601e+02     6.40865221e-01    2.9e+03     1.0e+00      1.593e+00
 294    295   2822    6.72021841e+02    6.72021841e+02     6.39940118e-01    2.7e+03     1.0e+00      1.593e+00
 295    296   2832    6.69650183e+02    6.69650183e+02     6.39179099e-01    2.9e+03     1.0e+00      1.593e+00
 296    297   2842    6.67292757e+02    6.67292757e+02     6.38261592e-01    2.7e+03     1.0e+00      1.592e+00
 297    298   2852    6.64949731e+02    6.64949731e+02     6.37506894e-01    2.9e+03     1.0e+00      1.592e+00
 298    299   2862    6.62633605e+02    6.62633605e+02     6.36606771e-01    2.7e+03     1.0e+00      1.592e+00
 299    300   2872    6.60333943e+02    6.60333943e+02     6.35867317e-01    2.8e+03     1.0e+00      1.591e+00
 300    301   2882    6.58047990e+02    6.58047990e+02     6.34974766e-01    2.7e+03     1.0e+00      1.591e+00
LMQNBC: termination 5
>> >> >> >> >> >> >> >> >> >> >> >> >> >> >> >> >> >> >> >> >> 