
                            < M A T L A B (R) >
                  Copyright 1984-2013 The MathWorks, Inc.
                    R2013a (8.1.0.604) 64-bit (glnxa64)
                             February 15, 2013

 
To get started, type one of these: helpwin, helpdesk, or demo.
For product information, visit www.mathworks.com.
 
>> >> >> >> >> >> >> >> X-ray simulation startup file...
====== Fluorescence Detector Resolution is 5
====== Angle Number  1 of 12: 0
====== Angle Number  2 of 12: 1.636364e+01
====== Angle Number  3 of 12: 3.272727e+01
====== Angle Number  4 of 12: 4.909091e+01
====== Angle Number  5 of 12: 6.545455e+01
====== Angle Number  6 of 12: 8.181818e+01
====== Angle Number  7 of 12: 9.818182e+01
====== Angle Number  8 of 12: 1.145455e+02
====== Angle Number  9 of 12: 1.309091e+02
====== Angle Number  10 of 12: 1.472727e+02
====== Angle Number  11 of 12: 1.636364e+02
====== Angle Number  12 of 12: 180
>> >> >> >> >> >> >> >> >> >> >> >> >> ====== With Self Absorption, Transmission Detector Resolution is 30
>> >> >> >> >> >> >> >> >> >> >> >> >> >> >> >> >> >> >> >> >> >> >> >> >> >> >> >> >>   it     nf     cg           f            |g|      alpha        error
   0      1      0    9.61781636e+08   4.8e+06     1.0e+00      2.570e+00
   1      2      2    1.35870235e+08   1.7e+06     1.0e+00      1.237e+01
   2      3      4    1.75434223e+07   6.2e+05     1.0e+00      1.976e+01
   3      4      6    9.64375333e+06   7.6e+04     1.0e+00      2.108e+01
   4      5      8    3.02402567e+04   4.8e+03     1.0e+00      3.083e+01
   5      6     10    6.09012829e+03   1.8e+03     1.0e+00      3.127e+01
   6      7     12    3.26929050e+02   2.8e+02     1.0e+00      3.161e+01
   7      8     15    1.17856796e+02   5.3e+01     1.0e+00      3.166e+01
   8     10     21    1.16919494e+02   5.3e+01     2.0e-02      3.166e+01
   9     11     27    1.16485977e+02   1.1e+02     1.0e+00      3.165e+01
  10     12     29    1.02894509e+02   2.4e+01     1.0e+00      3.167e+01
  11     13     33    1.00448278e+02   1.2e+01     1.0e+00      3.167e+01
  12     14     41    1.00385185e+02   1.9e+01     1.0e+00      3.166e+01
  13     15     45    9.99623084e+01   2.0e+00     1.0e+00      3.167e+01
  14     16     51    9.99224003e+01   5.4e-01     1.0e+00      3.167e+01
  15     17     55    9.99203117e+01   4.1e-01     1.0e+00      3.167e+01
  16     18     64    9.99189896e+01   1.5e-01     1.0e+00      3.167e+01
  17     19     71    9.99189144e+01   3.0e-02     1.0e+00      3.167e+01
  18     20     81    9.99189033e+01   5.2e-03     1.0e+00      3.167e+01
  19     21     86    9.99189027e+01   4.0e-03     1.0e+00      3.167e+01
  20     22     95    9.99189026e+01   1.3e-03     1.0e+00      3.167e+01
  21     23    100    9.99189026e+01   1.8e-04     1.0e+00      3.167e+01
  22     24    108    9.99189026e+01   6.1e-05     1.0e+00      3.167e+01
  23     25    114    9.99189026e+01   6.0e-05     1.0e+00      3.167e+01
  24     26    123    9.99189026e+01   1.7e-05     1.0e+00      3.167e+01
  25     27    126    9.99189026e+01   4.9e-06     1.0e+00      3.167e+01
LMQNBC: termination 5
>> >> >> >> >> >> >> >> >> >> >> >> >> >> >> >> >> >> >> >> >> 