
                            < M A T L A B (R) >
                  Copyright 1984-2013 The MathWorks, Inc.
                    R2013a (8.1.0.604) 64-bit (glnxa64)
                             February 15, 2013

 
To get started, type one of these: helpwin, helpdesk, or demo.
For product information, visit www.mathworks.com.
 
>> >> >> >> >> >> >> X-ray simulation startup file...
====== With Self Absorption, Transmission Detector Resolution is 16
====== Fluorescence Detector Resolution is 2000
====== Angle Number  1 of 8: 0
====== Angle Number  2 of 8: 2.571429e+01
====== Angle Number  3 of 8: 5.142857e+01
====== Angle Number  4 of 8: 7.714286e+01
====== Angle Number  5 of 8: 1.028571e+02
====== Angle Number  6 of 8: 1.285714e+02
====== Angle Number  7 of 8: 1.542857e+02
====== Angle Number  8 of 8: 180
>> >> >> >> ===================== 10
  it     nf     cg           f             |g|      alpha        error
   0      1      0    2.74035349e+06   5.7e+06     1.0e+00      3.202e+00
Armijo and Wolfe satisfied, trial= 1
   1      2      2    3.61957521e+05   1.8e+06     1.0e+00      3.162e+00
Armijo and Wolfe satisfied, trial= 1
   2      3      5    1.40951784e+05   6.5e+05     1.0e+00      3.135e+00
Armijo and Wolfe satisfied, trial= 1
   3      4     12    6.34665192e+04   8.7e+04     1.0e+00      2.550e+00
Armijo and Wolfe satisfied, trial= 1
   4      5     20    5.27891954e+03   2.4e+04     1.0e+00      1.170e+00
Armijo and Wolfe satisfied, trial= 1
   5      6     25    2.48596405e+03   5.7e+03     1.0e+00      1.072e+00
Armijo and Wolfe satisfied, trial= 1
   6      7     32    8.13804871e+02   3.4e+03     1.0e+00      8.268e-01
Armijo and Wolfe satisfied, trial= 1
   7      8     39    2.60169874e+02   1.1e+03     1.0e+00      6.464e-01
Armijo and Wolfe satisfied, trial= 1
   8      9     43    1.47356939e+02   4.1e+02     1.0e+00      6.146e-01
Armijo and Wolfe satisfied, trial= 1
   9     10     51    7.82940253e+01   8.5e+02     1.0e+00      5.166e-01
Armijo and Wolfe satisfied, trial= 1
  10     11     55    4.62539908e+01   8.8e+02     1.0e+00      5.072e-01
Armijo and Wolfe satisfied, trial= 1
  11     12     71    2.10865798e+01   4.3e+02     1.0e+00      3.946e-01
Armijo and Wolfe satisfied, trial= 1
  12     13     73    1.39002433e+01   1.6e+02     1.0e+00      3.925e-01
Armijo and Wolfe satisfied, trial= 1
  13     14     77    1.13499590e+01   2.3e+02     1.0e+00      3.897e-01
Armijo and Wolfe satisfied, trial= 1
  14     15     84    8.19700092e+00   1.3e+02     1.0e+00      3.812e-01
Armijo and Wolfe satisfied, trial= 1
  15     16     88    7.60617451e+00   1.3e+02     1.0e+00      3.806e-01
Armijo and Wolfe satisfied, trial= 1
  16     17    104    6.26169775e+00   2.2e+02     1.0e+00      3.663e-01
Armijo and Wolfe satisfied, trial= 1
  17     18    106    4.39456334e+00   1.1e+02     1.0e+00      3.662e-01
Armijo and Wolfe satisfied, trial= 1
  18     19    112    3.63161892e+00   3.1e+01     1.0e+00      3.658e-01
Armijo and Wolfe satisfied, trial= 1
  19     20    134    2.76489104e+00   9.4e+01     1.0e+00      3.789e-01
Armijo and Wolfe satisfied, trial= 1
  20     21    141    2.00897433e+00   7.7e+01     1.0e+00      3.773e-01
Armijo and Wolfe satisfied, trial= 1
  21     22    152    1.68921738e+00   1.3e+01     1.0e+00      3.758e-01
Armijo and Wolfe satisfied, trial= 1
  22     23    157    1.63667846e+00   2.7e+01     1.0e+00      3.757e-01
Armijo and Wolfe satisfied, trial= 2
  23     25    185    1.49509576e+00   2.5e+01     1.1e-01      3.765e-01
Armijo and Wolfe satisfied, trial= 2
  24     27    213    1.30042561e+00   1.8e+01     2.4e-01      3.781e-01
Armijo and Wolfe satisfied, trial= 2
  25     29    235    1.23927621e+00   1.6e+01     1.2e-01      3.788e-01
Armijo and Wolfe satisfied, trial= 1
  26     30    257    1.06064517e+00   9.1e+00     1.0e+00      3.784e-01
Armijo and Wolfe satisfied, trial= 1
  27     31    267    1.02806626e+00   7.7e+00     1.0e+00      3.770e-01
Armijo and Wolfe satisfied, trial= 1
  28     32    286    9.91905527e-01   5.4e+00     1.0e+00      3.730e-01
Armijo and Wolfe satisfied, trial= 1
  29     33    294    9.86623337e-01   4.0e+00     1.0e+00      3.731e-01
Armijo and Wolfe satisfied, trial= 1
  30     34    313    9.65276107e-01   3.2e+00     1.0e+00      3.736e-01
Armijo and Wolfe satisfied, trial= 1
  31     35    330    9.50617508e-01   2.8e+00     1.0e+00      3.718e-01
Armijo and Wolfe satisfied, trial= 1
  32     36    365    9.00790828e-01   1.8e+01     1.0e+00      3.718e-01
Armijo and Wolfe satisfied, trial= 1
  33     37    370    8.79180193e-01   4.8e+00     1.0e+00      3.717e-01
Armijo and Wolfe satisfied, trial= 1
  34     38    378    8.71544381e-01   5.6e+00     1.0e+00      3.715e-01
Armijo and Wolfe satisfied, trial= 1
  35     39    382    8.70250133e-01   3.4e+00     1.0e+00      3.715e-01
Armijo and Wolfe satisfied, trial= 1
  36     40    398    8.63916216e-01   2.0e+00     1.0e+00      3.704e-01
Armijo and Wolfe satisfied, trial= 1
  37     41    407    8.61967193e-01   2.4e+00     1.0e+00      3.700e-01
Armijo and Wolfe satisfied, trial= 1
  38     42    415    8.61077619e-01   1.6e+00     1.0e+00      3.698e-01
Armijo and Wolfe satisfied, trial= 1
  39     43    437    8.46181043e-01   5.6e+00     1.0e+00      3.632e-01
Armijo and Wolfe satisfied, trial= 1
  40     44    444    8.44939484e-01   4.2e+00     1.0e+00      3.631e-01
Armijo and Wolfe satisfied, trial= 1
  41     45    468    8.38651701e-01   9.0e+00     1.0e+00      3.624e-01
Armijo and Wolfe satisfied, trial= 1
  42     46    471    8.38086394e-01   4.0e+00     1.0e+00      3.624e-01
Armijo and Wolfe satisfied, trial= 1
  43     47    477    8.37376775e-01   2.9e+00     1.0e+00      3.623e-01
Armijo and Wolfe satisfied, trial= 1
  44     48    495    8.35252034e-01   4.1e+00     1.0e+00      3.617e-01
Armijo and Wolfe satisfied, trial= 1
  45     49    499    8.35116538e-01   1.2e+00     1.0e+00      3.617e-01
Armijo and Wolfe satisfied, trial= 1
  46     50    508    8.34367415e-01   1.9e+00     1.0e+00      3.615e-01
Armijo and Wolfe satisfied, trial= 1
  47     51    515    8.34056524e-01   8.0e-01     1.0e+00      3.615e-01
Armijo and Wolfe satisfied, trial= 2
  48     53    542    8.19411366e-01   1.5e+00     3.8e-01      3.583e-01
Armijo and Wolfe satisfied, trial= 1
  49     54    553    8.18769853e-01   7.3e-01     1.0e+00      3.582e-01
Armijo and Wolfe satisfied, trial= 1
  50     55    558    8.18663012e-01   6.2e-01     1.0e+00      3.582e-01
Armijo and Wolfe satisfied, trial= 1
  51     56    585    8.15519868e-01   2.0e+00     1.0e+00      3.570e-01
Armijo and Wolfe satisfied, trial= 1
  52     57    603    8.13948791e-01   3.8e+00     1.0e+00      3.570e-01
Armijo and Wolfe satisfied, trial= 1
  53     58    610    8.13775964e-01   7.2e-01     1.0e+00      3.570e-01
Armijo and Wolfe satisfied, trial= 1
  54     59    629    8.12776475e-01   9.5e-01     1.0e+00      3.568e-01
Armijo and Wolfe satisfied, trial= 1
  55     60    639    8.12310416e-01   1.7e+00     1.0e+00      3.567e-01
Armijo and Wolfe satisfied, trial= 1
  56     61    647    8.12182002e-01   1.3e+00     1.0e+00      3.567e-01
Armijo and Wolfe satisfied, trial= 1
  57     62    666    8.11367163e-01   6.4e-01     1.0e+00      3.565e-01
Armijo and Wolfe satisfied, trial= 1
  58     63    677    8.10800983e-01   1.3e+00     1.0e+00      3.565e-01
Armijo and Wolfe satisfied, trial= 1
  59     64    684    8.10706855e-01   7.0e-01     1.0e+00      3.565e-01
Armijo and Wolfe satisfied, trial= 2
  60     66    711    8.10152999e-01   6.8e-01     6.0e-02      3.564e-01
Armijo and Wolfe satisfied, trial= 1
  61     67    738    8.03257247e-01   3.4e+00     1.0e+00      3.563e-01
Armijo and Wolfe satisfied, trial= 1
  62     68    741    8.02652874e-01   8.7e-01     1.0e+00      3.563e-01
Armijo and Wolfe satisfied, trial= 1
  63     69    749    8.02204504e-01   1.1e+00     1.0e+00      3.562e-01
Armijo and Wolfe satisfied, trial= 1
  64     70    756    8.02074496e-01   9.8e-01     1.0e+00      3.563e-01
Armijo and Wolfe satisfied, trial= 1
  65     71    768    8.01884200e-01   2.1e-01     1.0e+00      3.563e-01
Armijo and Wolfe satisfied, trial= 1
  66     72    771    8.01872922e-01   1.9e-01     1.0e+00      3.563e-01
Armijo and Wolfe satisfied, trial= 1
  67     73    784    8.01844709e-01   1.0e-01     1.0e+00      3.564e-01
Armijo and Wolfe satisfied, trial= 1
  68     74    793    8.01837519e-01   2.1e-01     1.0e+00      3.564e-01
Armijo and Wolfe satisfied, trial= 1
  69     75    814    8.01820466e-01   1.2e-01     1.0e+00      3.564e-01
Armijo and Wolfe satisfied, trial= 1
  70     76    818    8.01819578e-01   5.5e-02     1.0e+00      3.564e-01
Armijo and Wolfe satisfied, trial= 1
  71     77    840    8.01813864e-01   1.9e-01     1.0e+00      3.564e-01
Armijo and Wolfe satisfied, trial= 1
  72     78    851    8.01812497e-01   7.6e-02     1.0e+00      3.564e-01
Armijo and Wolfe satisfied, trial= 1
  73     79    860    8.01811821e-01   8.4e-02     1.0e+00      3.564e-01
Armijo and Wolfe satisfied, trial= 1
  74     80    881    8.01806389e-01   8.6e-02     1.0e+00      3.564e-01
Armijo and Wolfe satisfied, trial= 1
  75     81    894    8.01803708e-01   5.0e-02     1.0e+00      3.564e-01
Armijo and Wolfe satisfied, trial= 1
  76     82    904    8.01803145e-01   2.1e-02     1.0e+00      3.564e-01
Armijo and Wolfe satisfied, trial= 1
  77     83    923    8.01800810e-01   8.5e-02     1.0e+00      3.564e-01
Armijo and Wolfe satisfied, trial= 1
  78     84    932    8.01799614e-01   2.6e-02     1.0e+00      3.564e-01
Armijo and Wolfe satisfied, trial= 1
  79     85    937    8.01799438e-01   3.5e-02     1.0e+00      3.564e-01
Armijo and Wolfe satisfied, trial= 1
  80     86    955    8.01798385e-01   1.0e-01     1.0e+00      3.564e-01
Armijo and Wolfe satisfied, trial= 1
  81     87    972    8.01797602e-01   1.9e-02     1.0e+00      3.564e-01
Armijo and Wolfe satisfied, trial= 1
  82     88    981    8.01797363e-01   5.3e-02     1.0e+00      3.564e-01
Armijo and Wolfe satisfied, trial= 1
  83     89   1003    8.01795186e-01   7.9e-02     1.0e+00      3.564e-01
Armijo and Wolfe satisfied, trial= 1
  84     90   1007    8.01794897e-01   4.0e-02     1.0e+00      3.564e-01
Armijo and Wolfe satisfied, trial= 1
  85     91   1017    8.01794125e-01   3.3e-02     1.0e+00      3.564e-01
Armijo and Wolfe satisfied, trial= 1
  86     92   1025    8.01793901e-01   2.6e-02     1.0e+00      3.564e-01
Armijo and Wolfe satisfied, trial= 1
  87     93   1046    8.01793410e-01   3.7e-02     1.0e+00      3.564e-01
Armijo and Wolfe satisfied, trial= 1
  88     94   1053    8.01793334e-01   1.3e-02     1.0e+00      3.564e-01
Armijo and Wolfe satisfied, trial= 1
  89     95   1072    8.01792922e-01   2.7e-02     1.0e+00      3.564e-01
Armijo and Wolfe satisfied, trial= 1
  90     96   1089    8.01792594e-01   1.3e-02     1.0e+00      3.564e-01
Armijo and Wolfe satisfied, trial= 1
  91     97   1117    8.01791649e-01   2.2e-02     1.0e+00      3.565e-01
Armijo and Wolfe satisfied, trial= 1
  92     98   1133    8.01791128e-01   1.7e-02     1.0e+00      3.565e-01
Armijo and Wolfe satisfied, trial= 1
  93     99   1136    8.01791103e-01   1.9e-02     1.0e+00      3.565e-01
Armijo and Wolfe satisfied, trial= 1
  94    100   1145    8.01791049e-01   8.9e-03     1.0e+00      3.565e-01
Armijo and Wolfe satisfied, trial= 1
  95    101   1164    8.01790848e-01   1.4e-02     1.0e+00      3.565e-01
Armijo and Wolfe satisfied, trial= 1
  96    102   1173    8.01790765e-01   1.3e-02     1.0e+00      3.565e-01
Armijo and Wolfe satisfied, trial= 1
  97    103   1177    8.01790752e-01   1.3e-02     1.0e+00      3.565e-01
Armijo and Wolfe satisfied, trial= 1
  98    104   1195    8.01790634e-01   1.1e-02     1.0e+00      3.565e-01
Armijo and Wolfe satisfied, trial= 1
  99    105   1199    8.01790618e-01   1.7e-02     1.0e+00      3.565e-01
Armijo and Wolfe satisfied, trial= 1
 100    106   1221    8.01790454e-01   7.4e-03     1.0e+00      3.565e-01
Armijo and Wolfe satisfied, trial= 1
 101    107   1231    8.01790371e-01   1.7e-02     1.0e+00      3.565e-01
Armijo and Wolfe satisfied, trial= 1
 102    108   1238    8.01790349e-01   1.4e-02     1.0e+00      3.565e-01
Armijo and Wolfe satisfied, trial= 1
 103    109   1262    8.01790113e-01   2.3e-02     1.0e+00      3.565e-01
Armijo and Wolfe satisfied, trial= 1
 104    110   1271    8.01790010e-01   3.6e-02     1.0e+00      3.565e-01
Armijo and Wolfe satisfied, trial= 1
 105    111   1278    8.01789978e-01   1.1e-02     1.0e+00      3.565e-01
Armijo and Wolfe satisfied, trial= 1
 106    112   1299    8.01789910e-01   1.4e-02     1.0e+00      3.565e-01
Armijo and Wolfe satisfied, trial= 1
 107    113   1306    8.01789901e-01   4.7e-03     1.0e+00      3.565e-01
Armijo and Wolfe satisfied, trial= 1
 108    114   1325    8.01789839e-01   1.4e-02     1.0e+00      3.565e-01
Armijo and Wolfe satisfied, trial= 1
 109    115   1336    8.01789797e-01   1.6e-02     1.0e+00      3.565e-01
Armijo and Wolfe satisfied, trial= 1
 110    116   1340    8.01789792e-01   1.2e-02     1.0e+00      3.565e-01
Armijo and Wolfe satisfied, trial= 1
 111    117   1348    8.01789788e-01   9.2e-03     1.0e+00      3.565e-01
Armijo and Wolfe satisfied, trial= 1
 112    118   1375    8.01789396e-01   2.2e-02     1.0e+00      3.566e-01
Armijo and Wolfe satisfied, trial= 1
 113    119   1379    8.01789363e-01   2.1e-02     1.0e+00      3.566e-01
Armijo and Wolfe satisfied, trial= 1
 114    120   1390    8.01789304e-01   5.6e-03     1.0e+00      3.565e-01
Armijo and Wolfe satisfied, trial= 1
 115    121   1399    8.01789291e-01   6.1e-03     1.0e+00      3.565e-01
Armijo and Wolfe satisfied, trial= 1
 116    122   1407    8.01789289e-01   4.4e-03     1.0e+00      3.565e-01
Armijo and Wolfe satisfied, trial= 1
 117    123   1424    8.01789281e-01   8.2e-04     1.0e+00      3.566e-01
Armijo and Wolfe satisfied, trial= 1
 118    124   1449    8.01789269e-01   8.1e-03     1.0e+00      3.566e-01
Armijo and Wolfe satisfied, trial= 1
 119    125   1459    8.01789263e-01   7.0e-03     1.0e+00      3.566e-01
Armijo and Wolfe satisfied, trial= 1
 120    126   1471    8.01789260e-01   2.1e-03     1.0e+00      3.566e-01
Armijo and Wolfe satisfied, trial= 1
 121    127   1496    8.01789253e-01   2.5e-03     1.0e+00      3.566e-01
Armijo and Wolfe satisfied, trial= 1
 122    128   1507    8.01789250e-01   1.6e-03     1.0e+00      3.566e-01
Armijo and Wolfe satisfied, trial= 1
 123    129   1516    8.01789249e-01   1.9e-03     1.0e+00      3.566e-01
Armijo and Wolfe satisfied, trial= 1
 124    130   1541    8.01789236e-01   6.2e-03     1.0e+00      3.566e-01
Armijo and Wolfe satisfied, trial= 1
 125    131   1557    8.01789228e-01   1.9e-03     1.0e+00      3.566e-01
Armijo and Wolfe satisfied, trial= 1
 126    132   1560    8.01789227e-01   1.5e-03     1.0e+00      3.566e-01
Armijo and Wolfe satisfied, trial= 1
 127    133   1567    8.01789227e-01   1.1e-03     1.0e+00      3.566e-01
Armijo and Wolfe satisfied, trial= 1
 128    134   1574    8.01789227e-01   1.6e-03     1.0e+00      3.566e-01
Armijo and Wolfe satisfied, trial= 1
 129    135   1602    8.01789199e-01   1.5e-03     1.0e+00      3.566e-01
Armijo and Wolfe satisfied, trial= 1
 130    136   1608    8.01789198e-01   2.1e-03     1.0e+00      3.566e-01
Armijo and Wolfe satisfied, trial= 1
 131    137   1623    8.01789198e-01   3.2e-04     1.0e+00      3.566e-01
Armijo and Wolfe satisfied, trial= 1
 132    138   1629    8.01789198e-01   5.2e-04     1.0e+00      3.566e-01
Armijo and Wolfe satisfied, trial= 1
 133    139   1656    8.01789197e-01   2.6e-04     1.0e+00      3.566e-01
Armijo and Wolfe satisfied, trial= 1
 134    140   1674    8.01789197e-01   3.3e-04     1.0e+00      3.566e-01
Armijo and Wolfe satisfied, trial= 1
 135    141   1692    8.01789197e-01   4.2e-04     1.0e+00      3.566e-01
Armijo and Wolfe satisfied, trial= 1
 136    142   1695    8.01789197e-01   2.3e-04     1.0e+00      3.566e-01
Armijo and Wolfe satisfied, trial= 1
 137    143   1708    8.01789197e-01   7.8e-05     1.0e+00      3.566e-01
Armijo and Wolfe satisfied, trial= 1
 138    144   1721    8.01789197e-01   2.1e-04     1.0e+00      3.566e-01
Armijo and Wolfe satisfied, trial= 1
 139    145   1734    8.01789197e-01   1.7e-04     1.0e+00      3.566e-01
Armijo and Wolfe satisfied, trial= 1
 140    146   1747    8.01789197e-01   7.5e-05     1.0e+00      3.566e-01
Armijo and Wolfe satisfied, trial= 1
 141    147   1760    8.01789197e-01   1.7e-04     1.0e+00      3.566e-01
Armijo and Wolfe satisfied, trial= 1
 142    148   1773    8.01789197e-01   7.7e-05     1.0e+00      3.566e-01
Armijo and Wolfe satisfied, trial= 1
 143    149   1786    8.01789197e-01   2.0e-04     1.0e+00      3.566e-01
Armijo and Wolfe satisfied, trial= 1
 144    150   1798    8.01789197e-01   1.9e-04     1.0e+00      3.566e-01
Armijo and Wolfe satisfied, trial= 1
 145    151   1821    8.01789197e-01   3.2e-04     1.0e+00      3.566e-01
Armijo and Wolfe satisfied, trial= 1
 146    152   1825    8.01789197e-01   4.4e-04     1.0e+00      3.566e-01
Armijo and Wolfe satisfied, trial= 1
 147    153   1828    8.01789197e-01   3.5e-04     1.0e+00      3.566e-01
Armijo and Wolfe satisfied, trial= 1
 148    154   1834    8.01789197e-01   1.2e-04     1.0e+00      3.566e-01
Armijo and Wolfe satisfied, trial= 1
 149    155   1838    8.01789197e-01   6.2e-05     1.0e+00      3.566e-01
Armijo and Wolfe satisfied, trial= 1
 150    156   1849    8.01789197e-01   1.4e-05     1.0e+00      3.566e-01
Armijo and Wolfe satisfied, trial= 1
 151    157   1876    8.01789197e-01   2.5e-04     1.0e+00      3.566e-01
Armijo and Wolfe satisfied, trial= 1
 152    158   1879    8.01789197e-01   9.7e-05     1.0e+00      3.566e-01
Armijo and Wolfe satisfied, trial= 1
 153    159   1886    8.01789197e-01   1.4e-05     1.0e+00      3.566e-01
Armijo and Wolfe satisfied, trial= 1
 154    160   1891    8.01789197e-01   1.8e-05     1.0e+00      3.566e-01
Armijo and Wolfe satisfied, trial= 1
 155    161   1918    8.01789197e-01   1.3e-05     1.0e+00      3.566e-01
Armijo and Wolfe satisfied, trial= 1
 156    162   1924    8.01789197e-01   2.3e-05     1.0e+00      3.566e-01
Armijo and Wolfe satisfied, trial= 1
 157    163   1931    8.01789197e-01   1.2e-05     1.0e+00      3.566e-01
LMQNBC: termination 5
err_h =
    0.3566
>> Elapsed time is 65944.098891 seconds.
>> >> 
-------------
Optimization costs per grid
-------------
N:         10
-------------
NF(it):   157
NF(nf):   163
NF(cg):  1931
-------------

>> 