
                            < M A T L A B (R) >
                  Copyright 1984-2013 The MathWorks, Inc.
                    R2013a (8.1.0.604) 64-bit (glnxa64)
                             February 15, 2013

 
To get started, type one of these: helpwin, helpdesk, or demo.
For product information, visit www.mathworks.com.
 
>> >> >> >> >> >> >> >> X-ray simulation startup file...
====== Fluorescence Detector Resolution is 5
====== Angle Number  1 of 10: 0
====== Angle Number  2 of 10: 20
====== Angle Number  3 of 10: 40
====== Angle Number  4 of 10: 60
====== Angle Number  5 of 10: 80
====== Angle Number  6 of 10: 100
====== Angle Number  7 of 10: 120
====== Angle Number  8 of 10: 140
====== Angle Number  9 of 10: 160
====== Angle Number  10 of 10: 180
>> >> >> >> >> >> >> >> >> >> >> >> >> ====== With Self Absorption, Transmission Detector Resolution is 30
>> >> >> >> >> >> >> >> >> >> >> >> >> >> >> >> >> >> >> >> >> >> >> >> >> >> >> >> >>   it     nf     cg           f             f_xrf             f_xtm            |g|        alpha        error
   0      1      0    2.12234288e+09   2.8e+08     1.0e+00      1.973e+00
   1      2      2    5.77301942e+07    4.85612744e+07     9.16891979e-02    6.8e+07     1.0e+00      1.458e+00
   2      3      5    7.96662614e+06    4.00460498e+06     3.96202115e-02    1.5e+07     1.0e+00      1.221e+00
   3      4      7    3.94463558e+06    1.28331290e+06     2.66132268e-02    5.1e+06     1.0e+00      1.173e+00
   4      5     14    7.45410959e+05    4.00735381e+05     3.44675578e-03    3.2e+06     1.0e+00      7.064e-01
   5      6     21    1.93722621e+05    6.93866286e+04     1.24335993e-03    9.7e+05     1.0e+00      6.001e-01
   6      7     30    3.70339251e+04    1.11578515e+04     2.58760736e-04    3.0e+05     1.0e+00      5.043e-01
   7      8     40    1.38722010e+04    6.05578621e+03     7.81641483e-05    2.6e+05     1.0e+00      4.189e-01
   8      9     50    8.00956191e+03    2.82661662e+03     5.18294530e-05    7.6e+04     1.0e+00      3.991e-01
   9     10     60    5.61921410e+03    2.35942364e+03     3.25979046e-05    1.3e+05     1.0e+00      3.780e-01
  10     11     62    5.34535877e+03    2.09435231e+03     3.25100646e-05    7.7e+04     1.0e+00      3.776e-01
  11     12     72    3.96058817e+03    1.76505598e+03     2.19553218e-05    9.3e+04     1.0e+00      3.625e-01
  12     13     82    3.08660344e+03    1.34668908e+03     1.73991436e-05    3.5e+04     1.0e+00      3.532e-01
  13     14     92    2.50014171e+03    1.22446065e+03     1.27568105e-05    7.9e+04     1.0e+00      3.432e-01
  14     15     95    2.35549025e+03    1.07101207e+03     1.28447818e-05    3.7e+04     1.0e+00      3.427e-01
  15     16    105    1.83142245e+03    1.03945325e+03     7.91969195e-06    8.1e+04     1.0e+00      3.278e-01
  16     17    107    1.71898944e+03    9.19043817e+02     7.99945624e-06    4.4e+04     1.0e+00      3.277e-01
  17     18    117    1.44332922e+03    7.80155602e+02     6.63173618e-06    3.7e+04     1.0e+00      3.216e-01
  18     19    127    1.26447963e+03    7.06412773e+02     5.58066857e-06    2.0e+04     1.0e+00      3.160e-01
  19     20    137    1.13543968e+03    6.46656374e+02     4.88783306e-06    2.2e+04     1.0e+00      3.120e-01
  20     21    147    1.03076352e+03    6.00794374e+02     4.29969150e-06    1.7e+04     1.0e+00      3.075e-01
  21     22    157    9.43363501e+02    5.58612701e+02     3.84750800e-06    1.9e+04     1.0e+00      3.042e-01
  22     23    167    8.69041876e+02    5.23839214e+02     3.45202662e-06    1.4e+04     1.0e+00      3.003e-01
  23     24    177    8.05284241e+02    4.92365639e+02     3.12918602e-06    1.7e+04     1.0e+00      2.975e-01
  24     25    187    7.49866050e+02    4.65039609e+02     2.84826442e-06    1.3e+04     1.0e+00      2.941e-01
  25     26    191    7.26560384e+02    4.47289957e+02     2.79270427e-06    1.4e+04     1.0e+00      2.936e-01
  26     27    201    6.10702959e+02    4.22987183e+02     1.87715776e-06    1.5e+04     1.0e+00      2.818e-01
  27     28    207    5.33285639e+02    3.46837986e+02     1.86447653e-06    6.7e+03     1.0e+00      2.811e-01
  28     29    217    4.57760742e+02    3.24954468e+02     1.32806274e-06    1.8e+04     1.0e+00      2.701e-01
  29     30    224    4.03463588e+02    2.72663116e+02     1.30800471e-06    8.9e+03     1.0e+00      2.695e-01
  30     31    234    3.79352030e+02    2.63424123e+02     1.15927907e-06    1.1e+04     1.0e+00      2.653e-01
  31     32    237    3.70124666e+02    2.55458756e+02     1.14665910e-06    1.0e+04     1.0e+00      2.652e-01
  32     33    243    3.59780458e+02    2.46031985e+02     1.13748473e-06    4.3e+03     1.0e+00      2.646e-01
  33     34    253    3.15926151e+02    2.29287037e+02     8.66391142e-07    2.1e+04     1.0e+00      2.548e-01
  34     35    257    2.90601674e+02    2.05433281e+02     8.51683924e-07    9.2e+03     1.0e+00      2.547e-01
  35     36    267    2.79048578e+02    1.96905233e+02     8.21433454e-07    1.0e+04     1.0e+00      2.535e-01
  36     37    269    2.77866730e+02    1.95653253e+02     8.22134772e-07    5.8e+03     1.0e+00      2.534e-01
  37     38    279    2.64404123e+02    1.89236942e+02     7.51671802e-07    9.9e+03     1.0e+00      2.500e-01
  38     39    281    2.60404608e+02    1.86576860e+02     7.38277476e-07    6.9e+03     1.0e+00      2.500e-01
  39     40    291    2.51684712e+02    1.79204826e+02     7.24798862e-07    4.9e+03     1.0e+00      2.491e-01
  40     41    301    2.44346664e+02    1.75807593e+02     6.85390706e-07    7.0e+03     1.0e+00      2.474e-01
  41     42    311    2.37529418e+02    1.70052656e+02     6.74767622e-07    4.4e+03     1.0e+00      2.466e-01
  42     43    316    2.35279904e+02    1.68386043e+02     6.68938615e-07    5.5e+03     1.0e+00      2.463e-01
  43     44    326    1.75930601e+02    1.39354978e+02     3.65756227e-07    1.2e+04     1.0e+00      2.266e-01
  44     45    332    1.44040420e+02    1.08515294e+02     3.55251255e-07    8.3e+03     1.0e+00      2.264e-01
  45     46    337    1.41759178e+02    1.06358807e+02     3.54003708e-07    3.0e+03     1.0e+00      2.263e-01
  46     47    347    1.36783308e+02    1.04073341e+02     3.27099671e-07    8.7e+03     1.0e+00      2.238e-01
  47     48    354    1.32767717e+02    1.00236207e+02     3.25315101e-07    3.0e+03     1.0e+00      2.236e-01
  48     49    364    1.26831714e+02    9.68313065e+01     3.00004073e-07    5.1e+03     1.0e+00      2.204e-01
  49     50    370    1.22148347e+02    9.26016278e+01     2.95467191e-07    2.6e+03     1.0e+00      2.202e-01
  50     51    380    1.19585005e+02    9.10582523e+01     2.85267527e-07    2.7e+03     1.0e+00      2.190e-01
  51     52    385    1.17974836e+02    8.95927993e+01     2.83820365e-07    3.4e+03     1.0e+00      2.188e-01
  52     53    395    1.14704796e+02    8.77922890e+01     2.69125067e-07    3.2e+03     1.0e+00      2.170e-01
  53     54    401    1.12254888e+02    8.54227125e+01     2.68321753e-07    2.3e+03     1.0e+00      2.168e-01
  54     55    411    1.09714086e+02    8.39035474e+01     2.58105389e-07    5.5e+03     1.0e+00      2.154e-01
  55     56    417    1.07898054e+02    8.24219161e+01     2.54761379e-07    1.3e+03     1.0e+00      2.152e-01
  56     57    427    1.05427682e+02    8.08671524e+01     2.45605297e-07    5.5e+03     1.0e+00      2.138e-01
  57     58    434    1.03528016e+02    7.92191633e+01     2.43088523e-07    2.4e+03     1.0e+00      2.136e-01
  58     59    444    1.01216551e+02    7.79878647e+01     2.32286859e-07    4.9e+03     1.0e+00      2.122e-01
  59     60    448    9.98026212e+01    7.66893458e+01     2.31132755e-07    3.5e+03     1.0e+00      2.121e-01
  60     61    458    9.79857872e+01    7.52474594e+01     2.27383279e-07    2.7e+03     1.0e+00      2.113e-01
  61     62    468    9.63077046e+01    7.41538294e+01     2.21538751e-07    2.1e+03     1.0e+00      2.108e-01
  62     63    478    9.48125526e+01    7.29866237e+01     2.18259289e-07    2.9e+03     1.0e+00      2.100e-01
  63     64    483    9.38955203e+01    7.22654327e+01     2.16300876e-07    2.8e+03     1.0e+00      2.099e-01
  64     65    493    8.96203401e+01    6.99522465e+01     1.96680936e-07    9.2e+03     1.0e+00      2.068e-01
  65     66    495    8.84548564e+01    6.86985501e+01     1.97563063e-07    2.7e+03     1.0e+00      2.068e-01
  66     67    501    8.61147916e+01    6.66972002e+01     1.94175914e-07    1.5e+03     1.0e+00      2.066e-01
  67     68    507    8.55300603e+01    6.61395098e+01     1.93905505e-07    2.1e+03     1.0e+00      2.064e-01
  68     69    517    8.28642455e+01    6.48999034e+01     1.79643422e-07    1.0e+04     1.0e+00      2.044e-01
  69     70    519    8.15164115e+01    6.34642275e+01     1.80521840e-07    2.0e+03     1.0e+00      2.043e-01
  70     71    525    8.05789418e+01    6.25408677e+01     1.80380741e-07    1.4e+03     1.0e+00      2.042e-01
  71     72    535    7.65659199e+01    6.02968428e+01     1.62690771e-07    7.2e+03     1.0e+00      2.008e-01
  72     73    540    7.35188826e+01    5.74707836e+01     1.60480990e-07    2.0e+03     1.0e+00      2.007e-01
  73     74    550    7.23822929e+01    5.65339443e+01     1.58483486e-07    1.6e+03     1.0e+00      2.003e-01
  74     75    560    7.13610515e+01    5.58588437e+01     1.55022078e-07    1.1e+03     1.0e+00      1.997e-01
  75     76    564    7.10343050e+01    5.56471517e+01     1.53871533e-07    2.3e+03     1.0e+00      1.996e-01
  76     77    574    6.98695995e+01    5.47514033e+01     1.51181962e-07    1.6e+03     1.0e+00      1.988e-01
  77     78    584    6.87677635e+01    5.39863749e+01     1.47813886e-07    1.8e+03     1.0e+00      1.985e-01
  78     79    594    6.78241944e+01    5.32662490e+01     1.45579454e-07    2.4e+03     1.0e+00      1.978e-01
  79     80    599    6.72471316e+01    5.28108412e+01     1.44362904e-07    1.8e+03     1.0e+00      1.977e-01
  80     81    609    6.57349936e+01    5.19831810e+01     1.37518126e-07    3.1e+03     1.0e+00      1.964e-01
  81     82    615    6.46262029e+01    5.09004362e+01     1.37257667e-07    1.2e+03     1.0e+00      1.963e-01
  82     83    625    6.36107191e+01    5.01719351e+01     1.34387840e-07    7.1e+03     1.0e+00      1.955e-01
  83     84    627    6.32581932e+01    4.98908001e+01     1.33673931e-07    1.1e+03     1.0e+00      1.955e-01
  84     85    637    6.23956089e+01    4.92872446e+01     1.31083642e-07    3.9e+03     1.0e+00      1.950e-01
  85     86    647    6.15696102e+01    4.86208375e+01     1.29487726e-07    9.8e+02     1.0e+00      1.946e-01
  86     87    657    6.07738135e+01    4.80768970e+01     1.26969165e-07    3.6e+03     1.0e+00      1.940e-01
  87     88    667    6.00019929e+01    4.74696900e+01     1.25323029e-07    1.1e+03     1.0e+00      1.937e-01
  88     89    671    5.97262439e+01    4.72558778e+01     1.24703660e-07    1.2e+03     1.0e+00      1.936e-01
  89     90    681    5.70491333e+01    4.58723756e+01     1.11767577e-07    7.4e+03     1.0e+00      1.907e-01
  90     91    683    5.62643076e+01    4.50246149e+01     1.12396927e-07    2.1e+03     1.0e+00      1.907e-01
  91     92    689    5.49404585e+01    4.37699196e+01     1.11705389e-07    1.7e+03     1.0e+00      1.906e-01
  92     93    695    5.46504276e+01    4.34788666e+01     1.11715610e-07    1.0e+03     1.0e+00      1.905e-01
  93     94    705    5.30991623e+01    4.25712274e+01     1.05279349e-07    3.0e+03     1.0e+00      1.889e-01
  94     95    713    5.16951674e+01    4.12875431e+01     1.04076244e-07    7.7e+02     1.0e+00      1.887e-01
  95     96    723    5.00881795e+01    4.01984253e+01     9.88975422e-08    4.2e+03     1.0e+00      1.868e-01
  96     97    728    4.90255160e+01    3.93067296e+01     9.71878643e-08    3.2e+03     1.0e+00      1.867e-01
  97     98    738    4.83940179e+01    3.88280044e+01     9.56601352e-08    9.7e+02     1.0e+00      1.864e-01
  98     99    748    4.78580689e+01    3.84165017e+01     9.44156725e-08    1.2e+03     1.0e+00      1.860e-01
  99    100    758    4.73360362e+01    3.80231674e+01     9.31286885e-08    1.0e+03     1.0e+00      1.857e-01
 100    101    768    4.68282407e+01    3.76344231e+01     9.19381766e-08    1.3e+03     1.0e+00      1.853e-01
 101    102    778    4.63326325e+01    3.72559519e+01     9.07668058e-08    1.1e+03     1.0e+00      1.850e-01
 102    103    788    4.58537678e+01    3.68979337e+01     8.95583408e-08    1.3e+03     1.0e+00      1.846e-01
 103    104    798    4.53887131e+01    3.65330557e+01     8.85565738e-08    1.2e+03     1.0e+00      1.843e-01
 104    105    808    4.49522973e+01    3.62232394e+01     8.72905799e-08    1.4e+03     1.0e+00      1.839e-01
 105    106    813    4.47450107e+01    3.60225637e+01     8.72244704e-08    1.4e+03     1.0e+00      1.839e-01
 106    107    823    4.38553029e+01    3.54675387e+01     8.38776425e-08    3.5e+03     1.0e+00      1.828e-01
 107    108    831    4.30771657e+01    3.47493328e+01     8.32783283e-08    5.8e+02     1.0e+00      1.826e-01
 108    109    841    4.16745591e+01    3.39750095e+01     7.69954960e-08    4.4e+03     1.0e+00      1.807e-01
 109    110    847    4.05213141e+01    3.28433562e+01     7.67795789e-08    1.1e+03     1.0e+00      1.806e-01
 110    111    857    4.01196321e+01    3.25172236e+01     7.60240845e-08    1.8e+03     1.0e+00      1.802e-01
 111    112    864    3.98457049e+01    3.23058794e+01     7.53982545e-08    9.4e+02     1.0e+00      1.801e-01
 112    113    874    3.93352378e+01    3.18929488e+01     7.44228908e-08    3.6e+03     1.0e+00      1.794e-01
 113    114    880    3.89169060e+01    3.15734637e+01     7.34344226e-08    7.4e+02     1.0e+00      1.793e-01
 114    115    890    3.75584564e+01    3.08073196e+01     6.75113682e-08    3.6e+03     1.0e+00      1.772e-01
 115    116    894    3.65898847e+01    2.98321505e+01     6.75773412e-08    2.9e+03     1.0e+00      1.772e-01
 116    117    904    3.62167847e+01    2.95059494e+01     6.71083529e-08    8.5e+02     1.0e+00      1.770e-01
 117    118    914    3.59251451e+01    2.93174970e+01     6.60764809e-08    1.7e+03     1.0e+00      1.767e-01
 118    119    924    3.56444559e+01    2.90575273e+01     6.58692869e-08    8.3e+02     1.0e+00      1.765e-01
 119    120    934    3.53831762e+01    2.89014000e+01     6.48177623e-08    1.6e+03     1.0e+00      1.762e-01
 120    121    944    3.51261081e+01    2.86560468e+01     6.47006132e-08    8.0e+02     1.0e+00      1.760e-01
 121    122    954    3.48736045e+01    2.85069569e+01     6.36664757e-08    1.6e+03     1.0e+00      1.757e-01
 122    123    964    3.46246214e+01    2.82678863e+01     6.35673513e-08    8.0e+02     1.0e+00      1.756e-01
 123    124    974    3.43792111e+01    2.81233684e+01     6.25584271e-08    1.6e+03     1.0e+00      1.753e-01
 124    125    980    3.42046340e+01    2.79551482e+01     6.24948575e-08    6.8e+02     1.0e+00      1.752e-01
 125    126    990    3.04720484e+01    2.55941086e+01     4.87793979e-08    6.6e+03     1.0e+00      1.685e-01
 126    127    992    2.97536860e+01    2.49140902e+01     4.83959582e-08    4.4e+03     1.0e+00      1.685e-01
 127    128    996    2.75700760e+01    2.27892619e+01     4.78081403e-08    6.9e+02     1.0e+00      1.685e-01
 128    129   1006    2.70969404e+01    2.24389592e+01     4.65798114e-08    2.5e+03     1.0e+00      1.675e-01
 129    130   1010    2.67442450e+01    2.21150259e+01     4.62921904e-08    9.5e+02     1.0e+00      1.675e-01
 130    131   1020    2.65912619e+01    2.20119433e+01     4.57931858e-08    7.4e+02     1.0e+00      1.673e-01
 131    132   1030    2.64568401e+01    2.18944245e+01     4.56241563e-08    7.3e+02     1.0e+00      1.672e-01
 132    133   1040    2.63291278e+01    2.18055041e+01     4.52362366e-08    6.8e+02     1.0e+00      1.670e-01
 133    134   1050    2.62046493e+01    2.16916968e+01     4.51295252e-08    6.1e+02     1.0e+00      1.668e-01
 134    135   1060    2.60822119e+01    2.16105689e+01     4.47164298e-08    6.4e+02     1.0e+00      1.667e-01
 135    136   1070    2.59611866e+01    2.14978632e+01     4.46332345e-08    6.0e+02     1.0e+00      1.665e-01
 136    137   1080    2.58415995e+01    2.14206858e+01     4.42091371e-08    6.3e+02     1.0e+00      1.664e-01
 137    138   1090    2.57232634e+01    2.13080295e+01     4.41523385e-08    5.8e+02     1.0e+00      1.662e-01
 138    139   1100    2.56062189e+01    2.12347741e+01     4.37144482e-08    6.1e+02     1.0e+00      1.661e-01
 139    140   1104    2.55542262e+01    2.11843429e+01     4.36988330e-08    1.1e+03     1.0e+00      1.660e-01
 140    141   1114    2.52690193e+01    2.09487494e+01     4.32026992e-08    2.3e+03     1.0e+00      1.654e-01
 141    142   1116    2.51876131e+01    2.08836148e+01     4.30399828e-08    6.6e+02     1.0e+00      1.654e-01
 142    143   1121    2.50188204e+01    2.07550724e+01     4.26374797e-08    4.2e+02     1.0e+00      1.653e-01
 143    144   1131    2.39210611e+01    2.00105408e+01     3.91052030e-08    2.7e+03     1.0e+00      1.625e-01
 144    145   1135    2.30075558e+01    1.91634253e+01     3.84413045e-08    1.2e+03     1.0e+00      1.625e-01
 145    146   1140    2.29382905e+01    1.90904352e+01     3.84785521e-08    3.2e+02     1.0e+00      1.625e-01
 146    147   1150    2.27176222e+01    1.89623294e+01     3.75529286e-08    2.1e+03     1.0e+00      1.619e-01
 147    148   1156    2.25312334e+01    1.87797122e+01     3.75152120e-08    6.4e+02     1.0e+00      1.619e-01
 148    149   1166    2.22627002e+01    1.85666702e+01     3.69602997e-08    1.6e+03     1.0e+00      1.612e-01
 149    150   1168    2.22193322e+01    1.85419710e+01     3.67736120e-08    1.0e+03     1.0e+00      1.612e-01
 150    151   1172    2.20443848e+01    1.83978340e+01     3.64655082e-08    5.3e+02     1.0e+00      1.611e-01
 151    152   1182    2.18907690e+01    1.82519401e+01     3.63882885e-08    6.2e+02     1.0e+00      1.608e-01
 152    153   1188    2.17710548e+01    1.81653732e+01     3.60568156e-08    3.3e+02     1.0e+00      1.607e-01
 153    154   1198    2.15963824e+01    1.80446552e+01     3.55172722e-08    2.4e+03     1.0e+00      1.602e-01
 154    155   1202    2.14816726e+01    1.79184322e+01     3.56324037e-08    1.2e+03     1.0e+00      1.602e-01
 155    156   1212    2.13850631e+01    1.78725904e+01     3.51247266e-08    7.7e+02     1.0e+00      1.601e-01
 156    157   1214    2.13670189e+01    1.78570034e+01     3.51001545e-08    5.8e+02     1.0e+00      1.600e-01
 157    158   1224    2.12616636e+01    1.77357211e+01     3.52594253e-08    1.0e+03     1.0e+00      1.598e-01
 158    159   1226    2.12284452e+01    1.77281748e+01     3.50027036e-08    7.6e+02     1.0e+00      1.598e-01
 159    160   1236    2.11449345e+01    1.76814474e+01     3.46348714e-08    7.9e+02     1.0e+00      1.597e-01
 160    161   1238    2.11306692e+01    1.76677422e+01     3.46292699e-08    5.9e+02     1.0e+00      1.597e-01
 161    162   1248    2.10163508e+01    1.75367953e+01     3.47955550e-08    1.4e+03     1.0e+00      1.594e-01
 162    163   1252    2.09608586e+01    1.75190284e+01     3.44183020e-08    4.3e+02     1.0e+00      1.594e-01
 163    164   1259    2.09123340e+01    1.74894364e+01     3.42289768e-08    3.0e+02     1.0e+00      1.593e-01
 164    165   1269    2.03278849e+01    1.71010295e+01     3.22685540e-08    4.7e+03     1.0e+00      1.575e-01
 165    166   1271    1.99124055e+01    1.66856507e+01     3.22675483e-08    9.6e+02     1.0e+00      1.575e-01
 166    167   1274    1.98513155e+01    1.66394700e+01     3.21184557e-08    1.1e+03     1.0e+00      1.575e-01
 167    168   1283    1.97749481e+01    1.65726234e+01     3.20232473e-08    3.0e+02     1.0e+00      1.574e-01
 168    169   1293    1.95886389e+01    1.64356948e+01     3.15294404e-08    2.0e+03     1.0e+00      1.568e-01
 169    170   1295    1.94974128e+01    1.63498141e+01     3.14759875e-08    8.4e+02     1.0e+00      1.568e-01
 170    171   1305    1.94021649e+01    1.62734493e+01     3.12871560e-08    3.4e+02     1.0e+00      1.567e-01
 171    172   1315    1.93235464e+01    1.62100917e+01     3.11345474e-08    6.0e+02     1.0e+00      1.565e-01
 172    173   1325    1.92478934e+01    1.61491663e+01     3.09872714e-08    4.3e+02     1.0e+00      1.564e-01
 173    174   1335    1.91776042e+01    1.60902559e+01     3.08734829e-08    6.0e+02     1.0e+00      1.562e-01
 174    175   1340    1.91353674e+01    1.60531625e+01     3.08220483e-08    5.8e+02     1.0e+00      1.562e-01
 175    176   1350    1.89743497e+01    1.59611318e+01     3.01321782e-08    6.6e+02     1.0e+00      1.557e-01
 176    177   1356    1.88345641e+01    1.58128595e+01     3.02170455e-08    3.3e+02     1.0e+00      1.557e-01
 177    178   1366    1.86876174e+01    1.57197682e+01     2.96784914e-08    2.0e+03     1.0e+00      1.552e-01
 178    179   1372    1.85624079e+01    1.55942082e+01     2.96819965e-08    4.2e+02     1.0e+00      1.551e-01
 179    180   1382    1.84473423e+01    1.55337562e+01     2.91358613e-08    8.1e+02     1.0e+00      1.548e-01
 180    181   1388    1.83567474e+01    1.54338845e+01     2.92286288e-08    4.3e+02     1.0e+00      1.547e-01
 181    182   1398    1.82380953e+01    1.53402044e+01     2.89789091e-08    1.8e+03     1.0e+00      1.543e-01
 182    183   1403    1.81582879e+01    1.52793554e+01     2.87893252e-08    6.1e+02     1.0e+00      1.543e-01
 183    184   1413    1.80802883e+01    1.52123998e+01     2.86788850e-08    5.5e+02     1.0e+00      1.541e-01
 184    185   1415    1.80710374e+01    1.52061069e+01     2.86493047e-08    4.1e+02     1.0e+00      1.541e-01
 185    186   1424    1.80065834e+01    1.51542474e+01     2.85233600e-08    4.0e+02     1.0e+00      1.540e-01
 186    187   1434    1.79214785e+01    1.50896681e+01     2.83181039e-08    4.1e+02     1.0e+00      1.538e-01
 187    188   1444    1.78427536e+01    1.50252666e+01     2.81748701e-08    3.6e+02     1.0e+00      1.537e-01
 188    189   1454    1.77760705e+01    1.49669828e+01     2.80908773e-08    5.0e+02     1.0e+00      1.535e-01
 189    190   1463    1.77139956e+01    1.49225509e+01     2.79144472e-08    3.1e+02     1.0e+00      1.534e-01
 190    191   1473    1.76277385e+01    1.48422085e+01     2.78553001e-08    1.1e+03     1.0e+00      1.532e-01
 191    192   1476    1.75839165e+01    1.48199685e+01     2.76394797e-08    4.5e+02     1.0e+00      1.531e-01
 192    193   1483    1.75438871e+01    1.47865358e+01     2.75735130e-08    2.4e+02     1.0e+00      1.531e-01
 193    194   1493    1.74302962e+01    1.46911055e+01     2.73919064e-08    1.2e+03     1.0e+00      1.527e-01
 194    195   1497    1.73531249e+01    1.46308275e+01     2.72229736e-08    5.0e+02     1.0e+00      1.527e-01
 195    196   1507    1.72968437e+01    1.45844168e+01     2.71242687e-08    7.4e+02     1.0e+00      1.525e-01
 196    197   1517    1.72432606e+01    1.45395507e+01     2.70370988e-08    3.2e+02     1.0e+00      1.524e-01
 197    198   1527    1.71915636e+01    1.44990523e+01     2.69251124e-08    7.8e+02     1.0e+00      1.523e-01
 198    199   1537    1.71410215e+01    1.44566888e+01     2.68433271e-08    3.3e+02     1.0e+00      1.522e-01
 199    200   1547    1.70916762e+01    1.44198200e+01     2.67185628e-08    8.1e+02     1.0e+00      1.521e-01
 200    201   1557    1.70430931e+01    1.43778259e+01     2.66526716e-08    3.3e+02     1.0e+00      1.520e-01
 201    202   1567    1.69952315e+01    1.43427342e+01     2.65249724e-08    8.1e+02     1.0e+00      1.519e-01
 202    203   1573    1.69647737e+01    1.43176343e+01     2.64713935e-08    3.6e+02     1.0e+00      1.518e-01
 203    204   1583    1.67314480e+01    1.42010524e+01     2.53039564e-08    1.9e+03     1.0e+00      1.509e-01
 204    205   1585    1.66781829e+01    1.41419286e+01     2.53625427e-08    9.2e+02     1.0e+00      1.509e-01
 205    206   1589    1.65201637e+01    1.39597153e+01     2.56044846e-08    6.6e+02     1.0e+00      1.508e-01
 206    207   1599    1.61583211e+01    1.37315157e+01     2.42680537e-08    1.5e+03     1.0e+00      1.493e-01
 207    208   1603    1.59387346e+01    1.35144072e+01     2.42432733e-08    9.3e+02     1.0e+00      1.492e-01
 208    209   1612    1.58166962e+01    1.33987569e+01     2.41793930e-08    2.6e+02     1.0e+00      1.492e-01
 209    210   1622    1.56939000e+01    1.33210100e+01     2.37288998e-08    1.4e+03     1.0e+00      1.487e-01
 210    211   1630    1.55821887e+01    1.32138098e+01     2.36837887e-08    2.6e+02     1.0e+00      1.486e-01
 211    212   1640    1.54943798e+01    1.31601585e+01     2.33422122e-08    1.2e+03     1.0e+00      1.482e-01
 212    213   1644    1.54401785e+01    1.31034396e+01     2.33673892e-08    6.6e+02     1.0e+00      1.482e-01
 213    214   1654    1.53923645e+01    1.30626453e+01     2.32971925e-08    1.4e+02     1.0e+00      1.481e-01
 214    215   1664    1.53487998e+01    1.30305511e+01     2.31824869e-08    2.3e+02     1.0e+00      1.480e-01
 215    216   1674    1.53067921e+01    1.29940025e+01     2.31278958e-08    2.4e+02     1.0e+00      1.479e-01
 216    217   1684    1.52676213e+01    1.29663893e+01     2.30123201e-08    4.3e+02     1.0e+00      1.478e-01
 217    218   1694    1.52301637e+01    1.29321055e+01     2.29805818e-08    2.7e+02     1.0e+00      1.477e-01
 218    219   1704    1.51942635e+01    1.29066297e+01     2.28763381e-08    3.9e+02     1.0e+00      1.476e-01
 219    220   1714    1.51592500e+01    1.28749415e+01     2.28430849e-08    3.0e+02     1.0e+00      1.475e-01
 220    221   1724    1.51252186e+01    1.28520501e+01     2.27316845e-08    4.2e+02     1.0e+00      1.474e-01
 221    222   1734    1.50918839e+01    1.28219466e+01     2.26993726e-08    2.8e+02     1.0e+00      1.473e-01
 222    223   1744    1.50590824e+01    1.27985821e+01     2.26050035e-08    3.8e+02     1.0e+00      1.473e-01
 223    224   1754    1.50266465e+01    1.27698023e+01     2.25684424e-08    3.0e+02     1.0e+00      1.472e-01
 224    225   1764    1.49944863e+01    1.27468823e+01     2.24760405e-08    4.0e+02     1.0e+00      1.471e-01
 225    226   1774    1.49625502e+01    1.27191996e+01     2.24335054e-08    3.0e+02     1.0e+00      1.470e-01
 226    227   1784    1.49308283e+01    1.26956567e+01     2.23517163e-08    4.0e+02     1.0e+00      1.469e-01
 227    228   1794    1.48993063e+01    1.26692395e+01     2.23006675e-08    3.0e+02     1.0e+00      1.468e-01
 228    229   1804    1.48679846e+01    1.26450772e+01     2.22290735e-08    4.1e+02     1.0e+00      1.467e-01
 229    230   1814    1.48368559e+01    1.26199972e+01     2.21685875e-08    3.0e+02     1.0e+00      1.467e-01
 230    231   1824    1.48059218e+01    1.25950970e+01     2.21082478e-08    4.2e+02     1.0e+00      1.466e-01
 231    232   1834    1.47751756e+01    1.25712356e+01     2.20394002e-08    3.0e+02     1.0e+00      1.465e-01
 232    233   1844    1.47444481e+01    1.25459137e+01     2.19853433e-08    4.8e+02     1.0e+00      1.464e-01
 233    234   1854    1.47139038e+01    1.25226678e+01     2.19123599e-08    3.0e+02     1.0e+00      1.463e-01
 234    235   1864    1.46835412e+01    1.24969197e+01     2.18662150e-08    4.8e+02     1.0e+00      1.462e-01
 235    236   1874    1.46533564e+01    1.24746578e+01     2.17869860e-08    2.9e+02     1.0e+00      1.462e-01
 236    237   1884    1.46233481e+01    1.24486072e+01     2.17474090e-08    4.8e+02     1.0e+00      1.461e-01
 237    238   1894    1.45935126e+01    1.24271455e+01     2.16636710e-08    2.9e+02     1.0e+00      1.460e-01
 238    239   1904    1.45638489e+01    1.24009423e+01     2.16290656e-08    4.8e+02     1.0e+00      1.459e-01
 239    240   1914    1.45343539e+01    1.23801210e+01     2.15423285e-08    2.9e+02     1.0e+00      1.458e-01
 240    241   1924    1.45050257e+01    1.23538949e+01     2.15113078e-08    4.8e+02     1.0e+00      1.457e-01
 241    242   1934    1.44758630e+01    1.23335830e+01     2.14228001e-08    2.9e+02     1.0e+00      1.457e-01
 242    243   1944    1.44468655e+01    1.23074327e+01     2.13943277e-08    4.8e+02     1.0e+00      1.456e-01
 243    244   1954    1.44180306e+01    1.22875366e+01     2.13049394e-08    2.8e+02     1.0e+00      1.455e-01
 244    245   1964    1.43893579e+01    1.22615367e+01     2.12782119e-08    4.8e+02     1.0e+00      1.454e-01
 245    246   1974    1.43608456e+01    1.22419835e+01     2.11886211e-08    2.8e+02     1.0e+00      1.453e-01
 246    247   1984    1.43324933e+01    1.22161876e+01     2.11630574e-08    4.8e+02     1.0e+00      1.453e-01
 247    248   1994    1.43042994e+01    1.21969245e+01     2.10737488e-08    2.8e+02     1.0e+00      1.452e-01
 248    249   2004    1.42762646e+01    1.21713702e+01     2.10489441e-08    4.8e+02     1.0e+00      1.451e-01
 249    250   2014    1.42483864e+01    1.21523612e+01     2.09602522e-08    2.8e+02     1.0e+00      1.450e-01
 250    251   2024    1.42206660e+01    1.21270757e+01     2.09359030e-08    4.8e+02     1.0e+00      1.449e-01
 251    252   2034    1.41931004e+01    1.21082928e+01     2.08480759e-08    2.8e+02     1.0e+00      1.449e-01
 252    253   2044    1.41656914e+01    1.20832953e+01     2.08239606e-08    4.8e+02     1.0e+00      1.448e-01
 253    254   2054    1.41384356e+01    1.20647178e+01     2.07371781e-08    2.8e+02     1.0e+00      1.447e-01
 254    255   2064    1.41113343e+01    1.20400233e+01     2.07131102e-08    4.8e+02     1.0e+00      1.446e-01
 255    256   2074    1.40843844e+01    1.20216321e+01     2.06275232e-08    2.8e+02     1.0e+00      1.445e-01
 256    257   2084    1.40575868e+01    1.19972519e+01     2.06033487e-08    4.8e+02     1.0e+00      1.445e-01
 257    258   2094    1.40309386e+01    1.19790304e+01     2.05190821e-08    2.8e+02     1.0e+00      1.444e-01
 258    259   2104    1.40044414e+01    1.19549717e+01     2.04946969e-08    4.8e+02     1.0e+00      1.443e-01
 259    260   2114    1.39780914e+01    1.19369078e+01     2.04118361e-08    2.8e+02     1.0e+00      1.442e-01
 260    261   2124    1.39518901e+01    1.19131772e+01     2.03871292e-08    4.8e+02     1.0e+00      1.441e-01
 261    262   2134    1.39258335e+01    1.18952570e+01     2.03057644e-08    2.8e+02     1.0e+00      1.441e-01
 262    263   2144    1.38999233e+01    1.18718589e+01     2.02806439e-08    4.8e+02     1.0e+00      1.440e-01
 263    264   2154    1.38741551e+01    1.18540702e+01     2.02008493e-08    2.8e+02     1.0e+00      1.439e-01
 264    265   2164    1.38485294e+01    1.18310095e+01     2.01751992e-08    4.8e+02     1.0e+00      1.438e-01
 265    266   2174    1.38230429e+01    1.18133364e+01     2.00970643e-08    2.8e+02     1.0e+00      1.438e-01
 266    267   2184    1.37976960e+01    1.17906153e+01     2.00708063e-08    4.8e+02     1.0e+00      1.437e-01
 267    268   2194    1.37724854e+01    1.17730467e+01     1.99943870e-08    2.8e+02     1.0e+00      1.436e-01
 268    269   2204    1.37474104e+01    1.17506673e+01     1.99674316e-08    4.8e+02     1.0e+00      1.435e-01
 269    270   2214    1.37224689e+01    1.17331901e+01     1.98927881e-08    2.8e+02     1.0e+00      1.435e-01
 270    271   2224    1.36976604e+01    1.17111513e+01     1.98650908e-08    4.8e+02     1.0e+00      1.434e-01
 271    272   2234    1.36729827e+01    1.16937584e+01     1.97922435e-08    2.8e+02     1.0e+00      1.433e-01
 272    273   2244    1.36484353e+01    1.16720580e+01     1.97637725e-08    4.8e+02     1.0e+00      1.432e-01
 273    274   2254    1.36240161e+01    1.16547432e+01     1.96927285e-08    2.8e+02     1.0e+00      1.432e-01
 274    275   2264    1.35997245e+01    1.16333780e+01     1.96634643e-08    4.8e+02     1.0e+00      1.431e-01
 275    276   2274    1.35755586e+01    1.16161368e+01     1.95942180e-08    2.8e+02     1.0e+00      1.430e-01
 276    277   2284    1.35515169e+01    1.15951029e+01     1.95641395e-08    4.8e+02     1.0e+00      1.429e-01
 277    278   2294    1.35275986e+01    1.15779301e+01     1.94966843e-08    2.8e+02     1.0e+00      1.429e-01
 278    279   2304    1.35038024e+01    1.15572214e+01     1.94658095e-08    4.8e+02     1.0e+00      1.428e-01
 279    280   2314    1.34801273e+01    1.15401167e+01     1.94001062e-08    2.8e+02     1.0e+00      1.427e-01
 280    281   2324    1.34565725e+01    1.15197259e+01     1.93684662e-08    4.8e+02     1.0e+00      1.426e-01
 281    282   2334    1.34331367e+01    1.15026903e+01     1.93044644e-08    2.8e+02     1.0e+00      1.426e-01
 282    283   2344    1.34098191e+01    1.14826099e+01     1.92720922e-08    4.8e+02     1.0e+00      1.425e-01
 283    284   2354    1.33866184e+01    1.14656444e+01     1.92097391e-08    2.8e+02     1.0e+00      1.424e-01
 284    285   2364    1.33635339e+01    1.14458661e+01     1.91766784e-08    4.7e+02     1.0e+00      1.423e-01
 285    286   2374    1.33405643e+01    1.14289731e+01     1.91159125e-08    2.7e+02     1.0e+00      1.423e-01
 286    287   2384    1.33177081e+01    1.14094892e+01     1.90821898e-08    4.7e+02     1.0e+00      1.422e-01
 287    288   2394    1.32949648e+01    1.13926685e+01     1.90229630e-08    2.7e+02     1.0e+00      1.421e-01
 288    289   2404    1.32723338e+01    1.13734691e+01     1.89886470e-08    4.7e+02     1.0e+00      1.420e-01
 289    290   2414    1.32498138e+01    1.13567260e+01     1.89308779e-08    2.7e+02     1.0e+00      1.420e-01
 290    291   2424    1.32274050e+01    1.13378015e+01     1.88960351e-08    4.7e+02     1.0e+00      1.419e-01
 291    292   2434    1.32051052e+01    1.13211407e+01     1.88396447e-08    2.7e+02     1.0e+00      1.418e-01
 292    293   2444    1.31829136e+01    1.13024831e+01     1.88043049e-08    4.7e+02     1.0e+00      1.417e-01
 293    294   2454    1.31608293e+01    1.12859049e+01     1.87492437e-08    2.7e+02     1.0e+00      1.417e-01
 294    295   2464    1.31388514e+01    1.12675051e+01     1.87134636e-08    4.7e+02     1.0e+00      1.416e-01
 295    296   2474    1.31169790e+01    1.12510129e+01     1.86596614e-08    2.7e+02     1.0e+00      1.415e-01
 296    297   2484    1.30952107e+01    1.12328626e+01     1.86234806e-08    4.7e+02     1.0e+00      1.415e-01
 297    298   2494    1.30735460e+01    1.12164579e+01     1.85708814e-08    2.7e+02     1.0e+00      1.414e-01
 298    299   2504    1.30519848e+01    1.11985472e+01     1.85343759e-08    4.7e+02     1.0e+00      1.413e-01
 299    300   2514    1.30305257e+01    1.11822361e+01     1.84828960e-08    2.7e+02     1.0e+00      1.412e-01
 300    301   2524    1.30091672e+01    1.11645577e+01     1.84460951e-08    4.6e+02     1.0e+00      1.412e-01
LMQNBC: termination 5
>> >> >> >> >> >> >> >> >> >> >> >> >> >> >> >> >> >> >> >> >> 