
                            < M A T L A B (R) >
                  Copyright 1984-2013 The MathWorks, Inc.
                    R2013a (8.1.0.604) 64-bit (glnxa64)
                             February 15, 2013

 
To get started, type one of these: helpwin, helpdesk, or demo.
For product information, visit www.mathworks.com.
 
>> >> >> >> >> >> >> >> X-ray simulation startup file...
====== Fluorescence Detector Resolution is 5
====== Angle Number  1 of 6: 0
====== Angle Number  2 of 6: 36
====== Angle Number  3 of 6: 72
====== Angle Number  4 of 6: 108
====== Angle Number  5 of 6: 144
====== Angle Number  6 of 6: 180
>> >> >> >> >> >> >> >> >> >> >> >> >> ====== With Self Absorption, Transmission Detector Resolution is 16
>> >> >> >> >> >> >> >> >> >> >> >> >> >> >> >> >> >> >> >> >> >> >> >> >> >> >> >> >>   it     nf     cg           f            |g|      alpha        error
   0      1      0    1.93015102e+06   6.1e+05     1.0e+00      9.985e-01
   1      2      2    3.13103643e+05   2.3e+05     1.0e+00      1.004e+00
   2      3      4    8.61263231e+04   8.3e+04     1.0e+00      1.341e+00
   3      4      7    5.35257771e+03   4.0e+03     1.0e+00      2.060e+00
   4      5      9    5.53207435e+02   1.2e+03     1.0e+00      2.335e+00
   5      6     12    1.37336413e+01   7.9e+01     1.0e+00      2.420e+00
   6      7     14    1.30492790e+00   2.3e+01     1.0e+00      2.435e+00
   7      8     16    4.45665706e-01   2.7e+00     1.0e+00      2.439e+00
   8      9     19    4.34189125e-01   2.6e+00     1.0e+00      2.439e+00
   9     10     21    4.28511186e-01   2.6e-01     1.0e+00      2.439e+00
  10     11     24    4.28276473e-01   4.5e-02     1.0e+00      2.439e+00
  11     12     27    4.28271971e-01   6.4e-03     1.0e+00      2.439e+00
  12     13     30    4.28271849e-01   1.4e-03     1.0e+00      2.439e+00
  13     14     33    4.28271844e-01   2.6e-04     1.0e+00      2.439e+00
  14     15     36    4.28271844e-01   4.4e-05     1.0e+00      2.439e+00
  15     16     39    4.28271844e-01   1.1e-05     1.0e+00      2.439e+00
  16     17     42    4.28271844e-01   1.8e-06     1.0e+00      2.439e+00
  17     18     45    4.28271844e-01   5.0e-07     1.0e+00      2.439e+00
LMQNBC: termination 5
>> >> >> >> >> >> >> >> >> >> >> >> >> >> >> >> >> >> >> >> >> 