
                            < M A T L A B (R) >
                  Copyright 1984-2013 The MathWorks, Inc.
                    R2013a (8.1.0.604) 64-bit (glnxa64)
                             February 15, 2013

 
To get started, type one of these: helpwin, helpdesk, or demo.
For product information, visit www.mathworks.com.
 
>> >> >> >> >> >> >> >> X-ray simulation startup file...
====== With Self Absorption, Transmission Detector Resolution is 30
====== Fluorescence Detector Resolution is 5
====== Angle Number  1 of 20: 0
====== Angle Number  2 of 20: 9.473684e+00
====== Angle Number  3 of 20: 1.894737e+01
====== Angle Number  4 of 20: 2.842105e+01
====== Angle Number  5 of 20: 3.789474e+01
====== Angle Number  6 of 20: 4.736842e+01
====== Angle Number  7 of 20: 5.684211e+01
====== Angle Number  8 of 20: 6.631579e+01
====== Angle Number  9 of 20: 7.578947e+01
====== Angle Number  10 of 20: 8.526316e+01
====== Angle Number  11 of 20: 9.473684e+01
====== Angle Number  12 of 20: 1.042105e+02
====== Angle Number  13 of 20: 1.136842e+02
====== Angle Number  14 of 20: 1.231579e+02
====== Angle Number  15 of 20: 1.326316e+02
====== Angle Number  16 of 20: 1.421053e+02
====== Angle Number  17 of 20: 1.515789e+02
====== Angle Number  18 of 20: 1.610526e+02
====== Angle Number  19 of 20: 1.705263e+02
====== Angle Number  20 of 20: 180
>> >> >> >> >> >> ===================== 20
ans =
        2640        2000
ans =
         528        2000
J1 =
        2000
J2 =
   400
J3 =
        2000
Elapsed time is 112.853325 seconds.
  it     nf     cg           f             f_xrf             f_xtm            |g|        alpha        error
   0      1      0    2.36002607e+01   4.9e+02     1.0e+00      2.570e-01
   1      2      6    4.17908533e-01    1.47292701e-01     2.70615832e-01    2.1e+01     1.0e+00      1.898e-01
   2      3     11    9.52605928e-02    4.27651153e-02     5.24954775e-02    4.4e+00     1.0e+00      1.865e-01
   3      4     18    2.25766006e-02    1.16448601e-02     1.09317406e-02    2.9e-01     1.0e+00      1.788e-01
   4      5     23    6.60989168e-03    4.56547296e-03     2.04441872e-03    2.0e-01     1.0e+00      1.730e-01
   5      6     32    2.07899041e-03    1.55727258e-03     5.21717830e-04    1.5e-01     1.0e+00      1.658e-01
   6      7     42    9.15722161e-04    7.14865091e-04     2.00857071e-04    4.7e-02     1.0e+00      1.613e-01
   7      8     52    5.41597473e-04    4.57396079e-04     8.42013944e-05    4.3e-02     1.0e+00      1.592e-01
   8      9     62    3.87209502e-04    3.27020663e-04     6.01888395e-05    1.8e-02     1.0e+00      1.574e-01
   9     10     72    3.01999721e-04    2.60207911e-04     4.17918100e-05    1.2e-02     1.0e+00      1.563e-01
  10     11     82    2.48984650e-04    2.14612510e-04     3.43721406e-05    1.2e-02     1.0e+00      1.551e-01
  11     12     92    2.12960390e-04    1.86304574e-04     2.66558169e-05    7.7e-03     1.0e+00      1.544e-01
  12     13    102    1.87373433e-04    1.63972526e-04     2.34009069e-05    7.9e-03     1.0e+00      1.535e-01
  13     14    112    1.68047800e-04    1.48813240e-04     1.92345598e-05    5.0e-03     1.0e+00      1.529e-01
  14     15    122    1.53220598e-04    1.35964262e-04     1.72563361e-05    8.0e-03     1.0e+00      1.521e-01
  15     16    132    1.41355880e-04    1.26477813e-04     1.48780673e-05    4.1e-03     1.0e+00      1.517e-01
  16     17    142    1.31556219e-04    1.17949291e-04     1.36069283e-05    6.9e-03     1.0e+00      1.510e-01
  17     18    152    1.23306735e-04    1.11368929e-04     1.19378060e-05    3.4e-03     1.0e+00      1.505e-01
  18     19    162    1.16074423e-04    1.04892048e-04     1.11823751e-05    7.1e-03     1.0e+00      1.499e-01
  19     20    172    1.09809274e-04    9.99127126e-05     9.89656163e-06    3.1e-03     1.0e+00      1.495e-01
  20     21    182    1.04339211e-04    9.49273462e-05     9.41186428e-06    6.5e-03     1.0e+00      1.490e-01
  21     22    192    9.94565190e-05    9.10589703e-05     8.39754869e-06    2.5e-03     1.0e+00      1.486e-01
  22     23    202    9.50621511e-05    8.70109120e-05     8.05123916e-06    5.5e-03     1.0e+00      1.481e-01
  23     24    212    9.10855337e-05    8.38445592e-05     7.24097450e-06    2.4e-03     1.0e+00      1.478e-01
  24     25    222    8.72841803e-05    7.99993931e-05     7.28478718e-06    7.3e-03     1.0e+00      1.472e-01
  25     26    232    8.38241576e-05    7.74758098e-05     6.34834781e-06    2.0e-03     1.0e+00      1.469e-01
  26     27    242    8.07045071e-05    7.43861792e-05     6.31832796e-06    6.5e-03     1.0e+00      1.464e-01
  27     28    252    7.78258015e-05    7.21975017e-05     5.62829984e-06    1.8e-03     1.0e+00      1.462e-01
  28     29    262    7.51763597e-05    6.95869386e-05     5.58942109e-06    4.5e-03     1.0e+00      1.457e-01
  29     30    272    7.27127700e-05    6.76124514e-05     5.10031859e-06    1.7e-03     1.0e+00      1.455e-01
  30     31    282    7.04213393e-05    6.53470808e-05     5.07425851e-06    5.0e-03     1.0e+00      1.450e-01
  31     32    292    6.82694945e-05    6.36248328e-05     4.64466163e-06    1.7e-03     1.0e+00      1.448e-01
  32     33    302    6.62472842e-05    6.16088802e-05     4.63840400e-06    4.3e-03     1.0e+00      1.444e-01
  33     34    312    6.43427130e-05    6.00623323e-05     4.28038068e-06    1.6e-03     1.0e+00      1.442e-01
  34     35    322    6.25460729e-05    5.82584577e-05     4.28761517e-06    4.2e-03     1.0e+00      1.438e-01
  35     36    332    6.08460728e-05    5.68749290e-05     3.97114385e-06    1.5e-03     1.0e+00      1.436e-01
  36     37    342    5.92367137e-05    5.52438593e-05     3.99285436e-06    4.0e-03     1.0e+00      1.432e-01
  37     38    348    5.81939629e-05    5.47108081e-05     3.48315485e-06    1.3e-03     1.0e+00      1.431e-01
  38     39    358    4.98784077e-05    4.29517785e-05     6.92662922e-06    3.6e-03     1.0e+00      1.402e-01
  39     40    364    4.37082823e-05    4.10794573e-05     2.62882496e-06    1.9e-03     1.0e+00      1.402e-01
  40     41    374    4.14368139e-05    3.74310352e-05     4.00577873e-06    2.0e-03     1.0e+00      1.391e-01
  41     42    380    3.96565479e-05    3.72873254e-05     2.36922247e-06    1.9e-03     1.0e+00      1.391e-01
  42     43    390    3.85466444e-05    3.57083234e-05     2.83832105e-06    2.2e-03     1.0e+00      1.386e-01
  43     44    397    3.77094316e-05    3.54571663e-05     2.25226527e-06    1.5e-03     1.0e+00      1.385e-01
  44     45    407    3.63296267e-05    3.33170271e-05     3.01259957e-06    2.8e-03     1.0e+00      1.378e-01
  45     46    413    3.53574462e-05    3.31511375e-05     2.20630871e-06    1.2e-03     1.0e+00      1.377e-01
  46     47    423    3.45425617e-05    3.24062568e-05     2.13630492e-06    2.9e-03     1.0e+00      1.374e-01
  47     48    433    3.38311044e-05    3.17277358e-05     2.10336858e-06    1.7e-03     1.0e+00      1.372e-01
  48     49    443    3.32428682e-05    3.11823438e-05     2.06052441e-06    3.4e-03     1.0e+00      1.370e-01
  49     50    453    3.26937906e-05    3.06530066e-05     2.04078395e-06    1.4e-03     1.0e+00      1.368e-01
  50     51    463    3.22030705e-05    3.01888099e-05     2.01426056e-06    3.2e-03     1.0e+00      1.366e-01
  51     52    473    3.17355670e-05    2.97505077e-05     1.98505939e-06    1.1e-03     1.0e+00      1.365e-01
  52     53    483    3.12959616e-05    2.93295886e-05     1.96637300e-06    3.0e-03     1.0e+00      1.363e-01
  53     54    493    3.08708565e-05    2.89329500e-05     1.93790653e-06    1.1e-03     1.0e+00      1.362e-01
  54     55    503    3.04611990e-05    2.85434876e-05     1.91771138e-06    2.9e-03     1.0e+00      1.360e-01
  55     56    513    3.00627684e-05    2.81681851e-05     1.89458336e-06    1.1e-03     1.0e+00      1.359e-01
  56     57    523    2.96756265e-05    2.78046872e-05     1.87093926e-06    2.9e-03     1.0e+00      1.357e-01
  57     58    533    2.92985267e-05    2.74454054e-05     1.85312134e-06    1.0e-03     1.0e+00      1.356e-01
  58     59    543    2.89310010e-05    2.71033961e-05     1.82760495e-06    2.8e-03     1.0e+00      1.354e-01
  59     60    553    2.85723032e-05    2.67583344e-05     1.81396879e-06    1.0e-03     1.0e+00      1.353e-01
  60     61    563    2.82221907e-05    2.64355742e-05     1.78661652e-06    2.7e-03     1.0e+00      1.351e-01
  61     62    573    2.78802151e-05    2.61037262e-05     1.77648888e-06    9.7e-04     1.0e+00      1.350e-01
  62     63    583    2.75461242e-05    2.57983336e-05     1.74779064e-06    2.7e-03     1.0e+00      1.348e-01
  63     64    593    2.72195909e-05    2.54790514e-05     1.74053946e-06    9.4e-04     1.0e+00      1.347e-01
  64     65    603    2.69003718e-05    2.51894953e-05     1.71087648e-06    2.6e-03     1.0e+00      1.346e-01
  65     66    613    2.65881996e-05    2.48821879e-05     1.70601171e-06    9.1e-04     1.0e+00      1.345e-01
  66     67    623    2.62828459e-05    2.46071761e-05     1.67566979e-06    2.6e-03     1.0e+00      1.343e-01
  67     68    633    2.59840789e-05    2.43112640e-05     1.67281485e-06    8.9e-04     1.0e+00      1.342e-01
  68     69    643    2.56916866e-05    2.40496810e-05     1.64200562e-06    2.5e-03     1.0e+00      1.340e-01
  69     70    653    2.54054622e-05    2.37645970e-05     1.64086520e-06    8.6e-04     1.0e+00      1.339e-01
  70     71    663    2.51252097e-05    2.35154638e-05     1.60974589e-06    2.5e-03     1.0e+00      1.338e-01
  71     72    673    2.48507419e-05    2.32406567e-05     1.61008517e-06    8.4e-04     1.0e+00      1.337e-01
  72     73    683    2.45818775e-05    2.30030989e-05     1.57877866e-06    2.4e-03     1.0e+00      1.335e-01
  73     74    693    2.43184463e-05    2.27380436e-05     1.58040274e-06    8.2e-04     1.0e+00      1.334e-01
  74     75    703    2.40603217e-05    2.25116014e-05     1.54872029e-06    2.4e-03     1.0e+00      1.333e-01
  75     76    713    2.38074292e-05    2.22559154e-05     1.55151380e-06    8.0e-04     1.0e+00      1.332e-01
  76     77    723    2.35596765e-05    2.20402745e-05     1.51940203e-06    2.3e-03     1.0e+00      1.330e-01
  77     78    733    2.33174256e-05    2.17942004e-05     1.52322528e-06    7.8e-04     1.0e+00      1.329e-01
  78     79    743    2.30798262e-05    2.15879203e-05     1.49190587e-06    2.3e-03     1.0e+00      1.328e-01
  79     80    753    2.28467431e-05    2.13503717e-05     1.49637136e-06    7.6e-04     1.0e+00      1.327e-01
  80     81    763    2.26180413e-05    2.11528670e-05     1.46517425e-06    2.2e-03     1.0e+00      1.326e-01
  81     82    773    2.23935997e-05    2.09232224e-05     1.47037731e-06    7.5e-04     1.0e+00      1.325e-01
  82     83    783    2.21732942e-05    2.07339689e-05     1.43932528e-06    2.2e-03     1.0e+00      1.323e-01
  83     84    793    2.19570130e-05    2.05118262e-05     1.44518688e-06    7.3e-04     1.0e+00      1.323e-01
  84     85    803    2.17446411e-05    2.03303293e-05     1.41431181e-06    2.2e-03     1.0e+00      1.321e-01
  85     86    813    2.15360750e-05    2.01153125e-05     1.42076248e-06    7.2e-04     1.0e+00      1.320e-01
  86     87    823    2.13312076e-05    1.99411234e-05     1.39008413e-06    2.1e-03     1.0e+00      1.319e-01
  87     88    833    2.11299433e-05    1.97328802e-05     1.39706318e-06    7.1e-04     1.0e+00      1.318e-01
  88     89    843    2.09321829e-05    1.95655689e-05     1.36661402e-06    2.1e-03     1.0e+00      1.317e-01
  89     90    853    2.07378372e-05    1.93637845e-05     1.37405273e-06    7.0e-04     1.0e+00      1.316e-01
  90     91    863    2.05468138e-05    1.92029611e-05     1.34385278e-06    2.1e-03     1.0e+00      1.315e-01
  91     92    873    2.03590825e-05    1.90073962e-05     1.35168639e-06    6.8e-04     1.0e+00      1.314e-01
  92     93    883    2.01745719e-05    1.88527714e-05     1.32180054e-06    2.0e-03     1.0e+00      1.313e-01
  93     94    893    1.99936308e-05    1.86651448e-05     1.32848593e-06    6.8e-04     1.0e+00      1.312e-01
  94     95    903    1.98115627e-05    1.85198037e-05     1.29175902e-06    2.6e-03     1.0e+00      1.310e-01
  95     96    911    1.96622435e-05    1.83700450e-05     1.29219847e-06    5.2e-04     1.0e+00      1.310e-01
  96     97    921    1.93262176e-05    1.78699950e-05     1.45622253e-06    1.4e-03     1.0e+00      1.307e-01
  97     98    924    1.91094606e-05    1.78178827e-05     1.29157788e-06    6.0e-04     1.0e+00      1.306e-01
  98     99    930    1.90091330e-05    1.77740111e-05     1.23512184e-06    5.9e-04     1.0e+00      1.306e-01
  99    100    940    1.52279028e-05    1.20139728e-05     3.21392999e-06    9.7e-03     1.0e+00      1.264e-01
 100    101    942    1.34599032e-05    1.20226224e-05     1.43728077e-06    1.4e-03     1.0e+00      1.264e-01
LMQNBC: termination 5

-------------
Optimization costs per grid
-------------
N:         20
-------------
NF(it):   100
NF(nf):   101
NF(cg):   942
-------------

>> >> >> 