
                            < M A T L A B (R) >
                  Copyright 1984-2013 The MathWorks, Inc.
                    R2013a (8.1.0.604) 64-bit (glnxa64)
                             February 15, 2013

 
To get started, type one of these: helpwin, helpdesk, or demo.
For product information, visit www.mathworks.com.
 
>> >> >> >> >> >> >> >> X-ray simulation startup file...
====== With Self Absorption, Transmission Detector Resolution is 72
====== Fluorescence Detector Resolution is 5
====== Angle Number  1 of 20: 0
====== Angle Number  2 of 20: 9.473684e+00
====== Angle Number  3 of 20: 1.894737e+01
====== Angle Number  4 of 20: 2.842105e+01
====== Angle Number  5 of 20: 3.789474e+01
====== Angle Number  6 of 20: 4.736842e+01
====== Angle Number  7 of 20: 5.684211e+01
====== Angle Number  8 of 20: 6.631579e+01
====== Angle Number  9 of 20: 7.578947e+01
====== Angle Number  10 of 20: 8.526316e+01
====== Angle Number  11 of 20: 9.473684e+01
====== Angle Number  12 of 20: 1.042105e+02
====== Angle Number  13 of 20: 1.136842e+02
====== Angle Number  14 of 20: 1.231579e+02
====== Angle Number  15 of 20: 1.326316e+02
====== Angle Number  16 of 20: 1.421053e+02
====== Angle Number  17 of 20: 1.515789e+02
====== Angle Number  18 of 20: 1.610526e+02
====== Angle Number  19 of 20: 1.705263e+02
====== Angle Number  20 of 20: 180
>> >> >> >> >> >> ===================== 50
  it     nf     cg           f            |g|      alpha        error
   0      1      0    2.88298476e+03   2.2e+04     1.0e+00      5.000e-01
   1      2      3    4.55003971e+02   4.1e+03     1.0e+00      4.721e-01
   2      3      7    1.15066013e+02   1.2e+03     1.0e+00      4.520e-01
   3      4     11    3.20352044e+01   3.7e+02     1.0e+00      4.338e-01
   4      5     14    7.56873460e+00   1.9e+02     1.0e+00      4.119e-01
   5      6     17    2.07715274e+00   2.0e+01     1.0e+00      3.918e-01
   6      7     22    6.24823766e-01   7.6e+00     1.0e+00      3.568e-01
   7      8     30    1.66643584e-01   3.6e+00     1.0e+00      3.144e-01
   8      9     34    1.15802707e-01   2.4e+00     1.0e+00      3.099e-01
   9     10     42    7.26339530e-02   6.8e+00     1.0e+00      2.804e-01
  10     11     45    4.18125840e-02   1.3e+00     1.0e+00      2.795e-01
  11     12     52    3.01288631e-02   6.5e-01     1.0e+00      2.689e-01
  12     13     56    2.66451324e-02   1.0e+00     1.0e+00      2.672e-01
  13     14     60    2.49941647e-02   3.0e-01     1.0e+00      2.656e-01
  14     16     70    2.47980730e-02   3.0e-01     6.0e-03      2.654e-01
  15     18     80    2.47859558e-02   3.0e-01     3.7e-04      2.654e-01
  16     20     90    2.47159018e-02   3.0e-01     2.2e-03      2.653e-01
  17     22    100    2.46277485e-02   3.0e-01     2.7e-03      2.652e-01
  18     24    110    2.46224170e-02   3.0e-01     1.7e-04      2.652e-01
  19     26    120    2.45494685e-02   3.0e-01     2.3e-03      2.651e-01
  20     28    130    2.45210741e-02   2.9e-01     8.9e-04      2.650e-01
  21     30    140    2.44125735e-02   2.9e-01     3.4e-03      2.649e-01
  22     32    150    2.42346109e-02   2.9e-01     5.6e-03      2.646e-01
  23     34    160    2.41032460e-02   2.9e-01     4.2e-03      2.645e-01
  24     36    170    2.40935093e-02   2.9e-01     3.1e-04      2.645e-01
  25     38    180    2.40865734e-02   2.9e-01     2.2e-04      2.644e-01
  26     40    190    2.40430415e-02   2.9e-01     1.4e-03      2.644e-01
  27     42    200    2.39730249e-02   2.9e-01     2.2e-03      2.643e-01
  28     44    210    2.38245626e-02   2.9e-01     4.8e-03      2.641e-01
  29     46    220    2.37555416e-02   2.9e-01     2.2e-03      2.640e-01
  30     48    230    2.37013410e-02   2.9e-01     1.8e-03      2.639e-01
  31     50    240    2.36982667e-02   2.9e-01     1.0e-04      2.639e-01
  32     52    249    2.36378341e-02   2.9e-01     2.2e-03      2.638e-01
  33     54    258    2.35137343e-02   2.8e-01     4.4e-03      2.637e-01
  34     56    268    2.35097987e-02   2.8e-01     1.3e-04      2.637e-01
  35     58    278    2.32796850e-02   2.8e-01     7.6e-03      2.634e-01
  36     60    288    2.32613714e-02   2.8e-01     6.1e-04      2.633e-01
  37     62    297    2.31861294e-02   2.8e-01     2.7e-03      2.632e-01
  38     64    307    2.31483893e-02   2.8e-01     1.3e-03      2.632e-01
  39     66    317    2.31287482e-02   2.8e-01     6.6e-04      2.631e-01
  40     68    327    2.30793187e-02   2.8e-01     1.7e-03      2.631e-01
  41     70    337    2.29285966e-02   2.8e-01     5.1e-03      2.629e-01
  42     72    347    2.28752654e-02   2.8e-01     1.8e-03      2.628e-01
  43     74    356    2.28134821e-02   2.8e-01     2.3e-03      2.627e-01
  44     76    366    2.25736667e-02   2.7e-01     8.2e-03      2.623e-01
  45     78    375    2.25438718e-02   2.7e-01     1.1e-03      2.623e-01
  46     80    384    2.25185863e-02   2.7e-01     9.3e-04      2.623e-01
  47     82    394    2.24891579e-02   2.7e-01     1.0e-03      2.622e-01
  48     84    404    2.23327139e-02   2.7e-01     5.4e-03      2.620e-01
  49     86    413    2.22219340e-02   2.7e-01     4.1e-03      2.618e-01
  50     88    423    2.18702583e-02   2.7e-01     1.2e-02      2.613e-01
  51     90    432    2.16428273e-02   2.7e-01     8.5e-03      2.610e-01
  52     92    442    2.15577989e-02   2.7e-01     3.0e-03      2.609e-01
  53     94    452    2.13773395e-02   2.6e-01     6.5e-03      2.606e-01
  54     96    461    2.12371483e-02   2.6e-01     5.2e-03      2.604e-01
  55     98    471    2.12197533e-02   2.6e-01     6.3e-04      2.603e-01
  56    100    481    2.11404485e-02   2.6e-01     2.9e-03      2.602e-01
  57    102    491    2.10014266e-02   2.6e-01     5.1e-03      2.600e-01
  58    104    500    2.10011386e-02   2.6e-01     1.1e-05      2.600e-01
  59    106    509    2.09036161e-02   2.6e-01     3.7e-03      2.599e-01
  60    108    519    2.08933186e-02   2.6e-01     3.8e-04      2.598e-01
  61    110    529    2.08517263e-02   2.6e-01     1.5e-03      2.598e-01
  62    112    538    2.06826469e-02   2.6e-01     6.4e-03      2.595e-01
  63    114    547    2.06257280e-02   2.6e-01     2.1e-03      2.594e-01
  64    116    556    2.04975356e-02   2.5e-01     4.9e-03      2.592e-01
{Error using save
Can't write file
/nfs2/wendydi/Documents/MATLAB/Tao/XRF_XTM_Simulation/xTest.mat.
Error in lmqnbc (line 142)
    save xTest xTest
Error in tnbc (line 51)
[xstar, f, g, ierror] = ...
Error in optXTM_XRF_Tensor (line 67)
% rng('default');} 
>> >> >> 