
                            < M A T L A B (R) >
                  Copyright 1984-2013 The MathWorks, Inc.
                    R2013a (8.1.0.604) 64-bit (glnxa64)
                             February 15, 2013

 
To get started, type one of these: helpwin, helpdesk, or demo.
For product information, visit www.mathworks.com.
 
>> >> >> >> >> >> >> >> X-ray simulation startup file...
====== With Self Absorption, Transmission Detector Resolution is 19
====== Fluorescence Detector Resolution is 5
====== Angle Number  1 of 7: 0
====== Angle Number  2 of 7: 30
====== Angle Number  3 of 7: 60
====== Angle Number  4 of 7: 90
====== Angle Number  5 of 7: 120
====== Angle Number  6 of 7: 150
====== Angle Number  7 of 7: 180
>> >> >> >> >> >> ===================== 10
ans =
   570   300
ans =
   114   300
J1 =
   300
J2 =
    90
J3 =
   300
Elapsed time is 24.008379 seconds.
  it     nf     cg           f             f_xrf             f_xtm            |g|        alpha        error
   0      1      0    2.97861781e+04   9.6e+04     1.0e+00      3.202e+00
   1      2      3    3.23142467e+03    1.31488855e+03     1.91653612e+03    2.7e+04     1.0e+00      3.162e+00
   2      3      6    1.33935701e+03    3.18688050e+02     1.02066896e+03    1.6e+03     1.0e+00      3.131e+00
   3      4     16    5.02523684e+02    1.74353610e+02     3.28170074e+02    9.3e+02     1.0e+00      1.979e+00
   4      5     22    1.97122399e+02    7.49883723e+01     1.22134027e+02    3.6e+02     1.0e+00      1.774e+00
   5      6     30    2.19144959e+01    1.56872465e+01     6.22724941e+00    1.3e+02     1.0e+00      1.006e+00
   6      7     39    4.99590980e+00    3.06138153e+00     1.93452827e+00    9.5e+01     1.0e+00      7.102e-01
   7      8     47    1.70246214e+00    1.13707757e+00     5.65384565e-01    1.7e+01     1.0e+00      5.809e-01
   8      9     55    4.99115524e-01    3.28650090e-01     1.70465434e-01    4.2e+00     1.0e+00      4.891e-01
   9     10     57    3.64898116e-01    2.36839631e-01     1.28058485e-01    2.5e+00     1.0e+00      4.855e-01
  10     11     65    8.57598768e-02    6.42839710e-02     2.14759058e-02    2.2e+00     1.0e+00      4.363e-01
  11     12     69    5.88037342e-02    4.79095003e-02     1.08942339e-02    1.4e+00     1.0e+00      4.328e-01
  12     13     78    2.95089426e-02    2.42882296e-02     5.22071300e-03    6.5e-01     1.0e+00      4.131e-01
  13     14     84    2.41292310e-02    1.98750272e-02     4.25420380e-03    4.3e-01     1.0e+00      4.083e-01
  14     15     94    1.93787941e-02    1.49941999e-02     4.38459414e-03    3.1e-01     1.0e+00      3.863e-01
  15     16     96    1.85759695e-02    1.43974393e-02     4.17853025e-03    2.4e-01     1.0e+00      3.860e-01
  16     17    100    1.76439010e-02    1.37461441e-02     3.89775693e-03    2.0e-01     1.0e+00      3.843e-01
  17     18    110    1.45099138e-02    1.20216036e-02     2.48831022e-03    1.5e-01     1.0e+00      3.649e-01
  18     19    120    1.25946734e-02    1.03259384e-02     2.26873496e-03    1.8e-01     1.0e+00      3.587e-01
  19     20    130    1.16035532e-02    9.34827175e-03     2.25528149e-03    1.5e-01     1.0e+00      3.523e-01
  20     21    137    1.09775071e-02    9.05628061e-03     1.92122652e-03    1.7e-01     1.0e+00      3.502e-01
  21     22    147    9.35957872e-03    7.38653979e-03     1.97303892e-03    1.6e-01     1.0e+00      3.337e-01
  22     23    151    8.44712209e-03    6.91047151e-03     1.53665058e-03    1.4e-01     1.0e+00      3.333e-01
  23     24    159    8.11598566e-03    6.71841736e-03     1.39756830e-03    1.1e-01     1.0e+00      3.316e-01
  24     25    169    7.47999705e-03    6.08867079e-03     1.39132626e-03    2.0e-01     1.0e+00      3.245e-01
  25     26    171    7.15757446e-03    5.86195399e-03     1.29562047e-03    1.0e-01     1.0e+00      3.244e-01
  26     27    177    6.98782660e-03    5.76383660e-03     1.22398999e-03    9.0e-02     1.0e+00      3.237e-01
  27     28    187    5.05932025e-03    3.95419834e-03     1.10512191e-03    2.0e-01     1.0e+00      3.046e-01
  28     29    191    4.52040299e-03    3.68688178e-03     8.33521212e-04    1.8e-01     1.0e+00      3.045e-01
  29     30    197    4.33396568e-03    3.54692127e-03     7.87044412e-04    5.6e-02     1.0e+00      3.043e-01
  30     31    207    4.14748485e-03    3.27270728e-03     8.74777572e-04    5.0e-02     1.0e+00      3.026e-01
  31     32    209    4.10122437e-03    3.25860325e-03     8.42621121e-04    9.0e-02     1.0e+00      3.026e-01
  32     33    215    4.03312428e-03    3.25599150e-03     7.77132777e-04    4.4e-02     1.0e+00      3.024e-01
  33     34    225    3.88056948e-03    3.16252662e-03     7.18042862e-04    8.1e-02     1.0e+00      3.012e-01
  34     35    227    3.82729440e-03    3.13132324e-03     6.95971159e-04    8.5e-02     1.0e+00      3.012e-01
  35     36    233    3.76813014e-03    3.07097585e-03     6.97154291e-04    5.9e-02     1.0e+00      3.011e-01
  36     37    243    3.66541898e-03    2.90360062e-03     7.61818358e-04    3.9e-02     1.0e+00      3.004e-01
  37     38    248    3.61847167e-03    2.89700192e-03     7.21469746e-04    3.9e-02     1.0e+00      3.003e-01
  38     39    258    3.53582206e-03    2.86587398e-03     6.69948077e-04    2.3e-02     1.0e+00      2.999e-01
  39     40    263    3.49645445e-03    2.84867956e-03     6.47774886e-04    2.1e-02     1.0e+00      2.999e-01
  40     41    273    3.42191494e-03    2.72565805e-03     6.96256890e-04    4.0e-02     1.0e+00      2.994e-01
  41     42    283    3.35766606e-03    2.70938275e-03     6.48283317e-04    3.1e-02     1.0e+00      2.993e-01
  42     43    293    3.31000345e-03    2.66430120e-03     6.45702246e-04    3.8e-02     1.0e+00      2.991e-01
  43     44    300    3.27714189e-03    2.64271160e-03     6.34430290e-04    3.6e-02     1.0e+00      2.991e-01
  44     45    310    3.13936841e-03    2.48935189e-03     6.50016517e-04    5.6e-02     1.0e+00      2.987e-01
  45     46    314    3.04723658e-03    2.44677418e-03     6.00462403e-04    6.0e-02     1.0e+00      2.987e-01
  46     47    320    3.02264418e-03    2.42885030e-03     5.93793888e-04    3.0e-02     1.0e+00      2.987e-01
  47     48    330    2.96948509e-03    2.36635705e-03     6.03128041e-04    4.5e-02     1.0e+00      2.987e-01
  48     49    332    2.94599115e-03    2.36248880e-03     5.83502350e-04    2.9e-02     1.0e+00      2.987e-01
  49     50    342    2.91302986e-03    2.33713028e-03     5.75899580e-04    2.0e-02     1.0e+00      2.987e-01
  50     51    352    2.88308529e-03    2.30773615e-03     5.75349131e-04    3.0e-02     1.0e+00      2.988e-01
  51     52    356    2.87068236e-03    2.30655668e-03     5.64125686e-04    1.2e-02     1.0e+00      2.988e-01
  52     53    366    2.83235818e-03    2.27485998e-03     5.57498202e-04    2.6e-02     1.0e+00      2.990e-01
  53     54    372    2.79415539e-03    2.24227910e-03     5.51876291e-04    2.0e-02     1.0e+00      2.990e-01
  54     55    382    2.76820494e-03    2.22153073e-03     5.46674216e-04    1.2e-02     1.0e+00      2.992e-01
  55     56    387    2.75746227e-03    2.21788074e-03     5.39581539e-04    2.0e-02     1.0e+00      2.992e-01
  56     57    397    2.72632162e-03    2.19417157e-03     5.32150047e-04    1.7e-02     1.0e+00      2.994e-01
  57     58    399    2.72019441e-03    2.18867780e-03     5.31516617e-04    2.3e-02     1.0e+00      2.994e-01
  58     59    405    2.70314975e-03    2.17063902e-03     5.32510729e-04    3.4e-02     1.0e+00      2.994e-01
  59     60    411    2.69652551e-03    2.17055317e-03     5.25972345e-04    6.6e-03     1.0e+00      2.995e-01
  60     61    421    2.64662264e-03    2.13578194e-03     5.10840700e-04    6.0e-02     1.0e+00      3.001e-01
  61     62    425    2.60891066e-03    2.09871632e-03     5.10194341e-04    3.5e-02     1.0e+00      3.001e-01
  62     63    435    2.59370769e-03    2.08358640e-03     5.10121294e-04    2.2e-02     1.0e+00      3.003e-01
  63     64    440    2.58472145e-03    2.08155867e-03     5.03162784e-04    2.0e-02     1.0e+00      3.003e-01
  64     65    450    2.54187777e-03    2.05835422e-03     4.83523552e-04    1.9e-02     1.0e+00      3.011e-01
  65     66    455    2.51132654e-03    2.02548981e-03     4.85836727e-04    3.8e-02     1.0e+00      3.011e-01
  66     67    465    2.49966565e-03    2.01104599e-03     4.88619657e-04    1.8e-02     1.0e+00      3.012e-01
  67     68    475    2.48906121e-03    2.00659104e-03     4.82470164e-04    4.1e-02     1.0e+00      3.013e-01
  68     69    481    2.48351148e-03    2.00371908e-03     4.79792399e-04    7.9e-03     1.0e+00      3.013e-01
  69     70    491    2.45092221e-03    1.96768035e-03     4.83241857e-04    2.0e-02     1.0e+00      3.021e-01
  70     71    496    2.42906519e-03    1.95412246e-03     4.74942726e-04    1.6e-02     1.0e+00      3.022e-01
  71     72    506    2.41877427e-03    1.95452232e-03     4.64251949e-04    3.2e-02     1.0e+00      3.023e-01
  72     73    511    2.41504584e-03    1.94857642e-03     4.66469423e-04    5.7e-03     1.0e+00      3.023e-01
  73     74    521    2.39962979e-03    1.93913632e-03     4.60493475e-04    5.8e-02     1.0e+00      3.027e-01
  74     75    526    2.38729290e-03    1.92825960e-03     4.59033299e-04    5.7e-03     1.0e+00      3.027e-01
  75     76    536    2.36330202e-03    1.90983407e-03     4.53467946e-04    2.8e-02     1.0e+00      3.036e-01
  76     77    540    2.34747060e-03    1.89782143e-03     4.49649167e-04    3.1e-02     1.0e+00      3.036e-01
  77     78    549    2.33917361e-03    1.89104571e-03     4.48127900e-04    8.6e-03     1.0e+00      3.037e-01
  78     79    559    2.33208507e-03    1.88971120e-03     4.42373867e-04    1.0e-02     1.0e+00      3.039e-01
  79     80    564    2.32759491e-03    1.88483337e-03     4.42761541e-04    5.8e-03     1.0e+00      3.039e-01
  80     81    574    2.32301296e-03    1.87827532e-03     4.44737638e-04    4.4e-03     1.0e+00      3.041e-01
  81     82    581    2.31975277e-03    1.87913113e-03     4.40621643e-04    1.3e-02     1.0e+00      3.041e-01
  82     83    591    2.31414988e-03    1.87399237e-03     4.40157513e-04    9.1e-03     1.0e+00      3.043e-01
  83     84    594    2.31096638e-03    1.86972682e-03     4.41239554e-04    5.9e-03     1.0e+00      3.043e-01
  84     85    604    2.30723836e-03    1.87271108e-03     4.34527279e-04    7.4e-03     1.0e+00      3.044e-01
  85     86    614    2.30388878e-03    1.86500701e-03     4.38881775e-04    5.2e-03     1.0e+00      3.045e-01
  86     87    623    2.30163055e-03    1.86839819e-03     4.33232362e-04    9.4e-03     1.0e+00      3.045e-01
  87     88    632    2.29963452e-03    1.86308434e-03     4.36550180e-04    5.7e-03     1.0e+00      3.046e-01
  88     89    642    2.29596529e-03    1.86621059e-03     4.29754708e-04    1.6e-02     1.0e+00      3.047e-01
  89     90    644    2.29441761e-03    1.86267463e-03     4.31742980e-04    1.1e-02     1.0e+00      3.047e-01
  90     91    652    2.29260529e-03    1.85964360e-03     4.32961689e-04    8.1e-03     1.0e+00      3.047e-01
  91     92    662    2.28730752e-03    1.85948540e-03     4.27822118e-04    2.8e-02     1.0e+00      3.050e-01
  92     93    665    2.28412656e-03    1.85562575e-03     4.28500812e-04    8.9e-03     1.0e+00      3.050e-01
  93     94    674    2.28231396e-03    1.85379851e-03     4.28515450e-04    5.5e-03     1.0e+00      3.050e-01
  94     95    684    2.27960765e-03    1.85217500e-03     4.27432650e-04    7.1e-03     1.0e+00      3.051e-01
  95     96    686    2.27873272e-03    1.85118453e-03     4.27548196e-04    1.4e-02     1.0e+00      3.051e-01
  96     97    692    2.27737721e-03    1.85140870e-03     4.25968515e-04    3.7e-03     1.0e+00      3.051e-01
  97     98    702    2.26844089e-03    1.84841164e-03     4.20029246e-04    7.9e-03     1.0e+00      3.056e-01
  98     99    707    2.26162538e-03    1.83852805e-03     4.23097328e-04    1.6e-02     1.0e+00      3.056e-01
  99    100    713    2.26073707e-03    1.84140007e-03     4.19337000e-04    2.8e-03     1.0e+00      3.056e-01
 100    101    723    2.25587269e-03    1.83892282e-03     4.16949863e-04    1.0e-02     1.0e+00      3.058e-01
LMQNBC: termination 5

-------------
Optimization costs per grid
-------------
N:         10
-------------
NF(it):   100
NF(nf):   101
NF(cg):   723
-------------

>> >> 