
                            < M A T L A B (R) >
                  Copyright 1984-2013 The MathWorks, Inc.
                    R2013a (8.1.0.604) 64-bit (glnxa64)
                             February 15, 2013

 
To get started, type one of these: helpwin, helpdesk, or demo.
For product information, visit www.mathworks.com.
 
>> >> >> >> >> >> >> >> X-ray simulation startup file...
====== Fluorescence Detector Resolution is 5
====== Angle Number  1 of 12: 0
====== Angle Number  2 of 12: 1.636364e+01
====== Angle Number  3 of 12: 3.272727e+01
====== Angle Number  4 of 12: 4.909091e+01
====== Angle Number  5 of 12: 6.545455e+01
====== Angle Number  6 of 12: 8.181818e+01
====== Angle Number  7 of 12: 9.818182e+01
====== Angle Number  8 of 12: 1.145455e+02
====== Angle Number  9 of 12: 1.309091e+02
====== Angle Number  10 of 12: 1.472727e+02
====== Angle Number  11 of 12: 1.636364e+02
====== Angle Number  12 of 12: 180
>> >> >> >> >> >> ===================== 20
====== With Self Absorption, Transmission Detector Resolution is 30
ans =
        1600        2000
ans =
         320        2000
J1 =
        1566
J2 =
   290
J3 =
        1728
  it     nf     cg           f            |g|      alpha        error
   0      1      0    3.84175889e+03   1.5e+04     1.0e+00      3.024e+01
   1      2      2    1.19847243e+03   9.2e+02     1.0e+00      3.023e+01
   2      3      6    9.19522226e+02   4.4e+02     1.0e+00      3.020e+01
   3      4      8    8.99283326e+02   3.9e+02     1.0e+00      3.019e+01
   4      5     18    4.99795259e+02   1.5e+02     1.0e+00      2.898e+01
   5      6     28    3.23153586e+02   8.8e+01     1.0e+00      2.826e+01
   6      7     32    3.01428465e+02   1.4e+02     1.0e+00      2.822e+01
   7      8     41    2.05700737e+02   4.2e+01     1.0e+00      2.748e+01
   8      9     50    1.58106619e+02   7.6e+01     1.0e+00      2.714e+01
   9     10     53    1.51052696e+02   1.2e+02     1.0e+00      2.713e+01
  10     11     56    1.47440146e+02   5.5e+01     1.0e+00      2.711e+01
  11     12     64    1.25771956e+02   2.3e+02     1.0e+00      2.684e+01
  12     13     70    1.11899002e+02   3.5e+01     1.0e+00      2.677e+01
  13     14     72    1.11051360e+02   1.1e+02     1.0e+00      2.676e+01
  14     15     80    7.18273942e+01   8.4e+01     1.0e+00      2.608e+01
  15     16     83    6.34492838e+01   8.5e+01     1.0e+00      2.607e+01
  16     17     93    4.31412292e+01   2.2e+01     1.0e+00      2.569e+01
  17     18     96    3.86250090e+01   6.5e+01     1.0e+00      2.568e+01
  18     19    106    2.53283665e+01   2.1e+01     1.0e+00      2.525e+01
  19     20    109    2.38211139e+01   2.4e+01     1.0e+00      2.524e+01
  20     21    119    2.02157932e+01   5.6e+01     1.0e+00      2.504e+01
  21     22    122    1.96862836e+01   7.6e+00     1.0e+00      2.503e+01
  22     23    132    1.68677740e+01   2.9e+01     1.0e+00      2.476e+01
  23     24    142    1.52234722e+01   1.3e+01     1.0e+00      2.465e+01
  24     25    152    1.42262898e+01   4.0e+00     1.0e+00      2.452e+01
  25     26    162    1.34482201e+01   1.4e+01     1.0e+00      2.442e+01
  26     27    172    1.28545319e+01   6.2e+00     1.0e+00      2.433e+01
  27     28    182    1.23573498e+01   1.9e+01     1.0e+00      2.425e+01
  28     29    187    1.21764379e+01   2.9e+00     1.0e+00      2.423e+01
  29     30    197    1.00434236e+01   1.7e+01     1.0e+00      2.347e+01
  30     31    205    8.47069171e+00   7.7e+00     1.0e+00      2.343e+01
  31     32    207    8.41183704e+00   5.8e+00     1.0e+00      2.343e+01
  32     33    217    7.98872747e+00   3.0e+00     1.0e+00      2.331e+01
  33     34    221    7.89748590e+00   2.9e+00     1.0e+00      2.331e+01
  34     35    225    7.85639546e+00   4.8e+00     1.0e+00      2.330e+01
  35     36    235    7.26512911e+00   2.3e+00     1.0e+00      2.308e+01
  36     37    238    7.07813064e+00   6.7e+00     1.0e+00      2.307e+01
  37     38    241    7.03763805e+00   2.1e+00     1.0e+00      2.307e+01
  38     39    251    6.75354105e+00   3.2e+00     1.0e+00      2.300e+01
  39     40    260    6.51391840e+00   4.9e+00     1.0e+00      2.293e+01
  40     41    264    6.43735490e+00   1.6e+00     1.0e+00      2.292e+01
  41     42    268    6.39667079e+00   4.0e+00     1.0e+00      2.291e+01
  42     43    272    6.37372248e+00   1.8e+00     1.0e+00      2.291e+01
  43     44    276    6.35418731e+00   3.7e+00     1.0e+00      2.290e+01
  44     45    286    5.68999130e+00   3.9e+01     1.0e+00      2.247e+01
  45     46    288    5.37490427e+00   1.2e+01     1.0e+00      2.247e+01
  46     47    295    4.86711333e+00   1.8e+00     1.0e+00      2.244e+01
  47     48    305    4.57271969e+00   1.1e+01     1.0e+00      2.230e+01
  48     49    309    4.46788479e+00   2.1e+00     1.0e+00      2.230e+01
  49     50    312    4.43042743e+00   4.4e+00     1.0e+00      2.229e+01
  50     51    321    4.28504976e+00   5.4e+00     1.0e+00      2.224e+01
  51     52    330    4.17170967e+00   3.7e+00     1.0e+00      2.220e+01
  52     53    339    4.08055740e+00   6.4e+00     1.0e+00      2.217e+01
  53     54    348    3.99683734e+00   7.8e+00     1.0e+00      2.214e+01
  54     55    357    3.91159317e+00   6.0e+00     1.0e+00      2.211e+01
  55     56    361    3.87222734e+00   2.4e+00     1.0e+00      2.210e+01
  56     57    364    3.85954136e+00   1.9e+00     1.0e+00      2.210e+01
  57     58    374    3.28927361e+00   6.0e+00     1.0e+00      2.144e+01
  58     59    381    2.36227963e+00   1.1e+00     1.0e+00      2.143e+01
  59     60    383    2.34882813e+00   2.3e+00     1.0e+00      2.143e+01
  60     61    392    2.27225218e+00   1.6e+00     1.0e+00      2.140e+01
  61     62    397    2.23832791e+00   8.9e-01     1.0e+00      2.140e+01
  62     63    401    2.22837282e+00   1.0e+00     1.0e+00      2.139e+01
  63     64    410    2.07061338e+00   8.5e-01     1.0e+00      2.127e+01
  64     65    416    1.96704443e+00   1.0e+00     1.0e+00      2.126e+01
  65     66    419    1.95881047e+00   2.5e+00     1.0e+00      2.126e+01
  66     67    429    1.82250718e+00   2.1e+00     1.0e+00      2.114e+01
  67     68    432    1.78657712e+00   1.7e+00     1.0e+00      2.114e+01
  68     69    439    1.71830197e+00   3.8e-01     1.0e+00      2.113e+01
  69     70    443    1.70786149e+00   6.1e-01     1.0e+00      2.112e+01
  70     71    453    1.50240579e+00   1.2e+00     1.0e+00      2.092e+01
  71     72    461    1.36333497e+00   5.6e-01     1.0e+00      2.091e+01
  72     73    463    1.35947421e+00   6.9e-01     1.0e+00      2.091e+01
  73     74    472    1.31977186e+00   6.8e-01     1.0e+00      2.088e+01
  74     75    476    1.30193645e+00   6.5e-01     1.0e+00      2.088e+01
  75     76    486    1.18795185e+00   9.5e+00     1.0e+00      2.075e+01
  76     77    488    1.17803376e+00   1.6e+00     1.0e+00      2.075e+01
  77     78    493    1.10982981e+00   7.1e-01     1.0e+00      2.074e+01
  78     79    503    1.08001949e+00   1.2e+00     1.0e+00      2.072e+01
  79     80    509    1.06518901e+00   6.8e-01     1.0e+00      2.071e+01
  80     81    519    1.01949800e+00   3.1e+00     1.0e+00      2.065e+01
  81     82    522    9.94988717e-01   1.3e+00     1.0e+00      2.065e+01
  82     83    525    9.87869485e-01   1.4e+00     1.0e+00      2.065e+01
  83     84    534    9.74530647e-01   7.4e-01     1.0e+00      2.064e+01
  84     85    542    9.62884084e-01   6.4e-01     1.0e+00      2.063e+01
  85     86    551    9.51248333e-01   7.7e-01     1.0e+00      2.062e+01
  86     87    560    9.39918146e-01   6.6e-01     1.0e+00      2.062e+01
  87     88    569    9.28835731e-01   7.5e-01     1.0e+00      2.061e+01
  88     89    578    9.17963605e-01   9.0e-01     1.0e+00      2.060e+01
  89     90    587    9.07311396e-01   7.3e-01     1.0e+00      2.059e+01
  90     91    596    8.96857124e-01   1.1e+00     1.0e+00      2.058e+01
  91     92    603    8.89196881e-01   6.7e-01     1.0e+00      2.058e+01
  92     93    613    6.36377761e-01   2.0e+00     1.0e+00      2.023e+01
  93     94    617    5.61061575e-01   1.9e+00     1.0e+00      2.023e+01
  94     95    620    5.36195173e-01   2.2e+00     1.0e+00      2.023e+01
  95     96    628    5.14024438e-01   2.7e-01     1.0e+00      2.023e+01
  96     97    637    5.05437929e-01   8.5e-01     1.0e+00      2.022e+01
  97     98    643    5.01966170e-01   2.4e-01     1.0e+00      2.022e+01
  98     99    648    5.00982446e-01   2.3e-01     1.0e+00      2.022e+01
  99    100    657    4.89802558e-01   5.2e-01     1.0e+00      2.019e+01
 100    101    661    4.81277971e-01   3.7e-01     1.0e+00      2.019e+01
 101    102    665    4.80443420e-01   4.4e-01     1.0e+00      2.019e+01
 102    103    674    4.71378781e-01   2.5e-01     1.0e+00      2.017e+01
 103    104    678    4.65759003e-01   7.1e-01     1.0e+00      2.017e+01
 104    105    688    4.54754788e-01   2.9e+00     1.0e+00      2.015e+01
 105    106    690    4.53625838e-01   1.5e-01     1.0e+00      2.015e+01
 106    107    695    4.47893131e-01   5.2e-01     1.0e+00      2.015e+01
 107    108    698    4.46662754e-01   8.1e-01     1.0e+00      2.014e+01
 108    109    702    4.46128531e-01   3.3e-01     1.0e+00      2.014e+01
 109    110    712    3.98705585e-01   1.1e+00     1.0e+00      2.003e+01
 110    111    715    3.87311317e-01   1.1e+00     1.0e+00      2.002e+01
 111    112    718    3.80762814e-01   8.2e-01     1.0e+00      2.002e+01
 112    113    727    3.60192758e-01   2.0e-01     1.0e+00      2.002e+01
 113    114    737    3.54522037e-01   1.8e-01     1.0e+00      2.000e+01
 114    115    742    3.51462669e-01   4.1e-01     1.0e+00      2.000e+01
 115    116    747    3.50680039e-01   3.0e-01     1.0e+00      2.000e+01
 116    117    756    3.45556241e-01   2.4e-01     1.0e+00      1.999e+01
 117    118    760    3.42275801e-01   3.1e-01     1.0e+00      1.999e+01
 118    119    765    3.41436489e-01   2.4e-01     1.0e+00      1.999e+01
 119    120    774    3.38311394e-01   4.3e-01     1.0e+00      1.998e+01
 120    121    779    3.36300605e-01   2.4e-01     1.0e+00      1.998e+01
 121    122    783    3.35909805e-01   3.8e-01     1.0e+00      1.998e+01
 122    123    792    3.30813758e-01   7.1e-01     1.0e+00      1.996e+01
 123    124    795    3.27968135e-01   9.6e-01     1.0e+00      1.996e+01
 124    125    799    3.27024640e-01   2.7e-01     1.0e+00      1.996e+01
 125    126    808    3.24128410e-01   3.5e-01     1.0e+00      1.996e+01
 126    127    813    3.22318390e-01   3.7e-01     1.0e+00      1.996e+01
 127    128    817    3.21826812e-01   1.6e-01     1.0e+00      1.996e+01
 128    129    826    3.16144319e-01   9.2e-01     1.0e+00      1.994e+01
 129    130    830    3.11264041e-01   3.4e-01     1.0e+00      1.994e+01
 130    131    835    3.10833937e-01   2.7e-01     1.0e+00      1.994e+01
 131    132    844    3.03960367e-01   6.9e-01     1.0e+00      1.991e+01
 132    133    849    2.98625392e-01   3.5e-01     1.0e+00      1.991e+01
 133    134    852    2.97991900e-01   1.8e-01     1.0e+00      1.991e+01
 134    135    861    2.94569008e-01   3.9e-01     1.0e+00      1.990e+01
 135    136    867    2.92100617e-01   4.6e-01     1.0e+00      1.990e+01
 136    137    870    2.91771285e-01   4.6e-01     1.0e+00      1.990e+01
 137    138    880    2.79384438e-01   6.3e-01     1.0e+00      1.986e+01
 138    139    885    2.71576769e-01   5.0e-01     1.0e+00      1.986e+01
 139    140    894    2.67447221e-01   1.0e+00     1.0e+00      1.986e+01
 140    141    898    2.66695259e-01   1.4e-01     1.0e+00      1.985e+01
 141    142    901    2.66355203e-01   2.4e-01     1.0e+00      1.985e+01
 142    143    910    2.57927002e-01   6.0e-01     1.0e+00      1.982e+01
 143    144    913    2.51716106e-01   7.8e-01     1.0e+00      1.982e+01
 144    145    917    2.50871934e-01   2.3e-01     1.0e+00      1.982e+01
 145    146    926    2.48938368e-01   2.1e-01     1.0e+00      1.982e+01
 146    147    935    2.47637665e-01   5.5e-01     1.0e+00      1.982e+01
 147    148    944    2.46499489e-01   2.6e-01     1.0e+00      1.981e+01
 148    149    953    2.45403605e-01   2.8e-01     1.0e+00      1.981e+01
 149    150    962    2.44310459e-01   3.9e-01     1.0e+00      1.981e+01
 150    151    971    2.43229173e-01   2.4e-01     1.0e+00      1.981e+01
 151    152    980    2.42154026e-01   4.2e-01     1.0e+00      1.980e+01
 152    153    989    2.41088656e-01   2.3e-01     1.0e+00      1.980e+01
 153    154    998    2.40030877e-01   4.5e-01     1.0e+00      1.980e+01
 154    155   1007    2.38985963e-01   2.3e-01     1.0e+00      1.980e+01
 155    156   1016    2.37948875e-01   4.6e-01     1.0e+00      1.979e+01
 156    157   1025    2.36921007e-01   2.2e-01     1.0e+00      1.979e+01
 157    158   1034    2.35899282e-01   4.8e-01     1.0e+00      1.979e+01
 158    159   1043    2.34886645e-01   2.1e-01     1.0e+00      1.979e+01
 159    160   1052    2.33883360e-01   4.8e-01     1.0e+00      1.978e+01
 160    161   1061    2.32888827e-01   2.1e-01     1.0e+00      1.978e+01
 161    162   1070    2.31904161e-01   4.7e-01     1.0e+00      1.978e+01
 162    163   1079    2.30929983e-01   2.1e-01     1.0e+00      1.978e+01
 163    164   1088    2.29967897e-01   4.6e-01     1.0e+00      1.978e+01
 164    165   1097    2.29014934e-01   2.0e-01     1.0e+00      1.977e+01
 165    166   1106    2.28072639e-01   4.8e-01     1.0e+00      1.977e+01
 166    167   1109    2.27735749e-01   3.7e-01     1.0e+00      1.977e+01
 167    168   1113    2.27545508e-01   1.7e-01     1.0e+00      1.977e+01
 168    169   1123    1.81004749e-01   7.9e-01     1.0e+00      1.956e+01
 169    170   1127    1.57748644e-01   6.7e-01     1.0e+00      1.956e+01
 170    171   1132    1.51561819e-01   2.4e-01     1.0e+00      1.956e+01
 171    172   1140    1.48289351e-01   7.4e-02     1.0e+00      1.956e+01
 172    173   1143    1.48005572e-01   1.5e-01     1.0e+00      1.956e+01
 173    174   1153    1.46146044e-01   9.8e-02     1.0e+00      1.955e+01
 174    175   1155    1.45997756e-01   3.6e-02     1.0e+00      1.955e+01
 175    176   1161    1.45272948e-01   9.0e-02     1.0e+00      1.955e+01
 176    177   1171    1.44135176e-01   1.1e+00     1.0e+00      1.955e+01
 177    178   1175    1.43523569e-01   8.9e-02     1.0e+00      1.954e+01
 178    179   1179    1.43398098e-01   2.4e-01     1.0e+00      1.954e+01
 179    180   1189    1.42024052e-01   1.2e-01     1.0e+00      1.953e+01
 180    181   1191    1.41652706e-01   1.0e-01     1.0e+00      1.953e+01
 181    182   1198    1.40809667e-01   8.6e-02     1.0e+00      1.953e+01
 182    183   1204    1.40561662e-01   1.3e-01     1.0e+00      1.953e+01
 183    184   1214    1.35093806e-01   3.3e+00     1.0e+00      1.947e+01
 184    185   1216    1.33276365e-01   6.1e-01     1.0e+00      1.947e+01
 185    186   1220    1.27933225e-01   1.5e-01     1.0e+00      1.947e+01
 186    187   1224    1.27664086e-01   9.3e-02     1.0e+00      1.947e+01
 187    188   1234    1.26907068e-01   6.9e-02     1.0e+00      1.947e+01
 188    189   1238    1.26626104e-01   6.8e-02     1.0e+00      1.946e+01
 189    190   1242    1.26540720e-01   2.6e-01     1.0e+00      1.946e+01
 190    191   1251    1.25928327e-01   1.1e-01     1.0e+00      1.946e+01
 191    192   1255    1.25671661e-01   1.8e-01     1.0e+00      1.946e+01
 192    193   1259    1.25584778e-01   1.8e-01     1.0e+00      1.946e+01
 193    194   1268    1.25122956e-01   3.7e-01     1.0e+00      1.946e+01
 194    195   1273    1.24906009e-01   1.4e-01     1.0e+00      1.946e+01
 195    196   1277    1.24848216e-01   9.6e-02     1.0e+00      1.946e+01
 196    197   1286    1.24338999e-01   3.2e-01     1.0e+00      1.945e+01
 197    198   1291    1.23955078e-01   1.2e-01     1.0e+00      1.945e+01
 198    199   1301    1.22853944e-01   4.3e-01     1.0e+00      1.944e+01
 199    200   1306    1.22013930e-01   9.5e-02     1.0e+00      1.944e+01
 200    201   1313    1.21824851e-01   3.1e-02     1.0e+00      1.944e+01
 201    202   1323    1.15919981e-01   1.5e+00     1.0e+00      1.938e+01
 202    203   1329    1.10888456e-01   5.1e-02     1.0e+00      1.938e+01
 203    204   1332    1.10816383e-01   1.9e-01     1.0e+00      1.938e+01
 204    205   1341    1.10524263e-01   2.4e-01     1.0e+00      1.937e+01
 205    206   1350    1.10296430e-01   2.0e-01     1.0e+00      1.937e+01
 206    207   1359    1.10076741e-01   3.4e-01     1.0e+00      1.937e+01
 207    208   1366    1.09900582e-01   8.4e-02     1.0e+00      1.937e+01
 208    209   1368    1.09890033e-01   7.7e-02     1.0e+00      1.937e+01
 209    210   1377    1.09637091e-01   1.8e-01     1.0e+00      1.937e+01
 210    211   1380    1.09485634e-01   4.7e-02     1.0e+00      1.937e+01
 211    212   1384    1.09441600e-01   7.1e-02     1.0e+00      1.937e+01
 212    213   1387    1.09419945e-01   4.2e-02     1.0e+00      1.937e+01
 213    214   1397    8.57158266e-02   8.0e-01     1.0e+00      1.901e+01
 214    215   1403    6.57349893e-02   3.3e-01     1.0e+00      1.901e+01
 215    216   1407    6.42780836e-02   2.2e-01     1.0e+00      1.901e+01
 216    217   1417    6.30732256e-02   9.3e-02     1.0e+00      1.900e+01
 217    218   1421    6.28275019e-02   7.8e-02     1.0e+00      1.900e+01
 218    219   1424    6.27344436e-02   1.1e-01     1.0e+00      1.900e+01
 219    220   1434    6.12067697e-02   5.0e-02     1.0e+00      1.900e+01
 220    221   1438    6.08038437e-02   1.2e-01     1.0e+00      1.900e+01
 221    222   1443    6.07441461e-02   9.1e-02     1.0e+00      1.900e+01
 222    223   1452    6.01868195e-02   1.9e-01     1.0e+00      1.899e+01
 223    224   1458    5.99958260e-02   9.8e-02     1.0e+00      1.899e+01
 224    225   1463    5.99411599e-02   1.0e-01     1.0e+00      1.899e+01
 225    226   1472    5.96248805e-02   4.1e-01     1.0e+00      1.899e+01
 226    227   1477    5.94569646e-02   3.6e-02     1.0e+00      1.899e+01
 227    228   1487    5.88327093e-02   3.4e-01     1.0e+00      1.898e+01
 228    229   1489    5.87872436e-02   4.5e-02     1.0e+00      1.898e+01
 229    230   1496    5.84328609e-02   6.2e-02     1.0e+00      1.898e+01
 230    231   1500    5.83625700e-02   2.5e-02     1.0e+00      1.898e+01
 231    232   1510    5.81520973e-02   3.2e-01     1.0e+00      1.898e+01
 232    233   1514    5.80448472e-02   9.8e-02     1.0e+00      1.898e+01
 233    234   1518    5.80153615e-02   1.0e-01     1.0e+00      1.897e+01
 234    235   1527    5.78109393e-02   9.6e-02     1.0e+00      1.897e+01
 235    236   1534    5.76363396e-02   5.5e-02     1.0e+00      1.897e+01
 236    237   1544    5.74439951e-02   6.0e-02     1.0e+00      1.897e+01
 237    238   1548    5.73106317e-02   7.9e-02     1.0e+00      1.897e+01
 238    239   1553    5.72863561e-02   4.9e-02     1.0e+00      1.897e+01
 239    240   1562    5.70839121e-02   2.0e-01     1.0e+00      1.896e+01
 240    241   1568    5.69152768e-02   6.5e-02     1.0e+00      1.896e+01
 241    242   1572    5.68992398e-02   4.6e-02     1.0e+00      1.896e+01
 242    243   1581    5.64714400e-02   2.3e-01     1.0e+00      1.896e+01
 243    244   1585    5.62031500e-02   5.0e-02     1.0e+00      1.896e+01
 244    245   1590    5.61490312e-02   9.6e-02     1.0e+00      1.896e+01
 245    246   1599    5.59936824e-02   2.4e-02     1.0e+00      1.895e+01
 246    247   1603    5.59388752e-02   6.4e-02     1.0e+00      1.895e+01
 247    248   1608    5.59086130e-02   7.4e-02     1.0e+00      1.895e+01
 248    249   1617    5.55844023e-02   1.3e-01     1.0e+00      1.895e+01
 249    250   1621    5.53512984e-02   1.2e-01     1.0e+00      1.895e+01
 250    251   1625    5.53197585e-02   8.4e-02     1.0e+00      1.895e+01
 251    252   1635    5.50705095e-02   8.3e-02     1.0e+00      1.894e+01
 252    253   1637    5.49659256e-02   1.8e-01     1.0e+00      1.894e+01
 253    254   1641    5.49209348e-02   3.0e-02     1.0e+00      1.894e+01
 254    255   1651    5.46319687e-02   6.2e-02     1.0e+00      1.894e+01
 255    256   1656    5.44447463e-02   8.1e-02     1.0e+00      1.894e+01
 256    257   1659    5.44034734e-02   6.1e-02     1.0e+00      1.894e+01
 257    258   1668    5.43014787e-02   1.5e-01     1.0e+00      1.894e+01
 258    259   1674    5.42328701e-02   4.4e-02     1.0e+00      1.894e+01
 259    260   1684    5.38977563e-02   6.3e-01     1.0e+00      1.893e+01
 260    261   1689    5.36557542e-02   9.9e-02     1.0e+00      1.893e+01
 261    262   1692    5.36174527e-02   1.3e-01     1.0e+00      1.893e+01
 262    263   1701    5.35372780e-02   4.3e-02     1.0e+00      1.893e+01
 263    264   1706    5.34916486e-02   3.5e-02     1.0e+00      1.893e+01
 264    265   1716    5.24250028e-02   7.5e-01     1.0e+00      1.890e+01
 265    266   1718    5.21749363e-02   1.3e-01     1.0e+00      1.890e+01
 266    267   1723    5.16111958e-02   1.6e-01     1.0e+00      1.890e+01
 267    268   1727    5.15203251e-02   1.2e-01     1.0e+00      1.890e+01
 268    269   1736    5.13715830e-02   1.1e-02     1.0e+00      1.890e+01
 269    270   1740    5.13338568e-02   5.3e-02     1.0e+00      1.890e+01
 270    271   1750    5.08014401e-02   4.6e-01     1.0e+00      1.889e+01
 271    272   1752    5.07042444e-02   1.5e-01     1.0e+00      1.889e+01
 272    273   1756    5.03473228e-02   2.9e-02     1.0e+00      1.889e+01
 273    274   1758    5.03276740e-02   3.3e-02     1.0e+00      1.889e+01
 274    275   1762    5.03157182e-02   4.1e-02     1.0e+00      1.889e+01
 275    276   1772    5.00210393e-02   3.3e-02     1.0e+00      1.888e+01
 276    277   1777    4.97962762e-02   5.0e-02     1.0e+00      1.888e+01
 277    278   1780    4.97761055e-02   9.4e-02     1.0e+00      1.888e+01
 278    279   1784    4.97647461e-02   2.9e-02     1.0e+00      1.888e+01
 279    280   1788    4.97565968e-02   7.2e-02     1.0e+00      1.888e+01
 280    281   1798    4.92028362e-02   3.0e-02     1.0e+00      1.887e+01
 281    282   1800    4.90255029e-02   1.6e-01     1.0e+00      1.887e+01
 282    283   1804    4.89236643e-02   4.4e-02     1.0e+00      1.887e+01
 283    284   1811    4.86533916e-02   4.2e-02     1.0e+00      1.887e+01
 284    285   1814    4.86343790e-02   1.5e-02     1.0e+00      1.887e+01
 285    286   1823    4.83730899e-02   2.2e-01     1.0e+00      1.886e+01
 286    287   1828    4.82135649e-02   4.4e-02     1.0e+00      1.886e+01
 287    288   1832    4.81813099e-02   1.2e-01     1.0e+00      1.886e+01
 288    289   1841    4.80962368e-02   1.0e-01     1.0e+00      1.886e+01
 289    290   1845    4.80628281e-02   4.5e-02     1.0e+00      1.886e+01
 290    291   1855    4.75505441e-02   5.8e-01     1.0e+00      1.885e+01
 291    292   1858    4.71711771e-02   3.2e-01     1.0e+00      1.885e+01
 292    293   1864    4.70894289e-02   2.6e-02     1.0e+00      1.885e+01
 293    294   1868    4.70748310e-02   8.1e-02     1.0e+00      1.885e+01
 294    295   1877    4.69735152e-02   5.2e-02     1.0e+00      1.885e+01
 295    296   1882    4.68944718e-02   2.9e-02     1.0e+00      1.885e+01
 296    297   1892    4.66407969e-02   3.5e-01     1.0e+00      1.884e+01
 297    298   1894    4.65980316e-02   4.7e-02     1.0e+00      1.884e+01
 298    299   1903    4.63996898e-02   4.9e-02     1.0e+00      1.884e+01
 299    300   1912    4.63186371e-02   1.6e-01     1.0e+00      1.884e+01
 300    301   1918    4.62579179e-02   1.6e-02     1.0e+00      1.884e+01
LMQNBC: termination 5

-------------
Optimization costs per grid
-------------
N:         20
-------------
NF(it):   300
NF(nf):   301
NF(cg):  1918
-------------

>> >> 