
                            < M A T L A B (R) >
                  Copyright 1984-2013 The MathWorks, Inc.
                    R2013a (8.1.0.604) 64-bit (glnxa64)
                             February 15, 2013

 
To get started, type one of these: helpwin, helpdesk, or demo.
For product information, visit www.mathworks.com.
 
>> >> >> >> >> >> >> >> X-ray simulation startup file...
====== No Self Absorption, Transmission Detector Resolution is 16
====== Fluorescence Detector Resolution is 5
====== Angle Number  1 of 4: 0
====== Angle Number  2 of 4: 60
====== Angle Number  3 of 4: 120
====== Angle Number  4 of 4: 180
>> >> >> >> >> >> ===================== 10
  it     nf     cg           f             f_xrf             f_xtm            |g|        alpha        error
   0      1      0    2.31776427e+03   1.5e+02     1.0e+00      8.020e+00
   1      2      2    4.54140817e+01    6.12723498e+00     3.92868467e+01    2.4e+01     1.0e+00      7.259e+00
   2      3      5    5.26616082e+00    3.54483306e+00     1.72132776e+00    7.6e+00     1.0e+00      7.205e+00
   3      4     13    1.00007221e+00    9.11572109e-01     8.85001013e-02    1.6e+00     1.0e+00      7.091e+00
   4      5     23    4.14109537e-01    2.72879483e-01     1.41230055e-01    3.0e+00     1.0e+00      7.051e+00
   5      6     26    2.49903687e-01    2.35492453e-01     1.44112342e-02    7.4e-01     1.0e+00      7.050e+00
   6      7     36    1.04426809e-01    8.89634703e-02     1.54633390e-02    8.1e-01     1.0e+00      7.028e+00
   7      8     40    8.23556040e-02    7.95241419e-02     2.83146210e-03    2.0e-01     1.0e+00      7.028e+00
   8      9     50    5.68159120e-02    5.22576056e-02     4.55830639e-03    3.6e-01     1.0e+00      7.013e+00
   9     10     53    5.07377956e-02    4.96673530e-02     1.07044261e-03    2.3e-01     1.0e+00      7.013e+00
  10     11     63    4.57962454e-02    4.50899399e-02     7.06305513e-04    1.4e-01     1.0e+00      7.007e+00
  11     12     69    4.39243285e-02    4.36336584e-02     2.90670057e-04    6.0e-02     1.0e+00      7.005e+00
  12     13     79    3.96345841e-02    3.89662910e-02     6.68293090e-04    8.1e-02     1.0e+00      6.989e+00
  13     14     83    3.77275125e-02    3.74981581e-02     2.29354403e-04    8.2e-02     1.0e+00      6.988e+00
  14     15     93    3.57781029e-02    3.54179379e-02     3.60164917e-04    1.4e-01     1.0e+00      6.978e+00
  15     16     97    3.45776329e-02    3.44234588e-02     1.54174092e-04    5.0e-02     1.0e+00      6.977e+00
  16     17    107    3.19429208e-02    3.17722993e-02     1.70621434e-04    4.6e-02     1.0e+00      6.962e+00
  17     18    112    3.00600184e-02    2.99150244e-02     1.44994015e-04    3.0e-02     1.0e+00      6.960e+00
  18     19    122    2.87495146e-02    2.85420645e-02     2.07450143e-04    9.5e-02     1.0e+00      6.953e+00
  19     20    128    2.78764384e-02    2.77848962e-02     9.15422180e-05    6.5e-02     1.0e+00      6.952e+00
  20     21    138    2.64715480e-02    2.61379588e-02     3.33589204e-04    7.2e-02     1.0e+00      6.942e+00
  21     22    142    2.55962595e-02    2.54689435e-02     1.27316035e-04    5.3e-02     1.0e+00      6.942e+00
  22     23    152    2.45515576e-02    2.44161839e-02     1.35373700e-04    4.8e-02     1.0e+00      6.936e+00
  23     24    158    2.39171213e-02    2.38335576e-02     8.35637044e-05    3.8e-02     1.0e+00      6.935e+00
  24     25    168    2.26141780e-02    2.21806551e-02     4.33522830e-04    1.1e-01     1.0e+00      6.926e+00
  25     26    172    2.19211335e-02    2.18218285e-02     9.93049733e-05    6.1e-02     1.0e+00      6.925e+00
  26     27    182    2.09483525e-02    2.07872646e-02     1.61087901e-04    1.1e-01     1.0e+00      6.920e+00
  27     28    189    2.02232934e-02    2.01248241e-02     9.84692581e-05    3.3e-02     1.0e+00      6.918e+00
  28     29    199    1.93925175e-02    1.92735057e-02     1.19011842e-04    2.6e-02     1.0e+00      6.912e+00
  29     30    207    1.87326876e-02    1.86675138e-02     6.51738169e-05    3.1e-02     1.0e+00      6.910e+00
  30     31    217    1.80172494e-02    1.77464499e-02     2.70799453e-04    4.2e-02     1.0e+00      6.905e+00
  31     32    221    1.76242757e-02    1.75565873e-02     6.76883814e-05    3.4e-02     1.0e+00      6.904e+00
  32     33    231    1.71444781e-02    1.70540137e-02     9.04644065e-05    3.4e-02     1.0e+00      6.901e+00
  33     34    241    1.67039707e-02    1.66306243e-02     7.33463837e-05    4.0e-02     1.0e+00      6.899e+00
  34     35    251    1.63093041e-02    1.62144684e-02     9.48357478e-05    3.4e-02     1.0e+00      6.897e+00
  35     36    261    1.59362912e-02    1.58620816e-02     7.42095725e-05    4.0e-02     1.0e+00      6.895e+00
  36     37    271    1.55838773e-02    1.54897357e-02     9.41416250e-05    3.3e-02     1.0e+00      6.892e+00
  37     38    281    1.52453356e-02    1.51727736e-02     7.25620302e-05    3.9e-02     1.0e+00      6.891e+00
  38     39    291    1.49200966e-02    1.48280386e-02     9.20580076e-05    3.3e-02     1.0e+00      6.889e+00
  39     40    301    1.46065128e-02    1.45358686e-02     7.06441898e-05    3.7e-02     1.0e+00      6.887e+00
  40     41    311    1.43041742e-02    1.42146648e-02     8.95094234e-05    3.2e-02     1.0e+00      6.885e+00
  41     42    321    1.40121982e-02    1.39434957e-02     6.87025619e-05    3.6e-02     1.0e+00      6.883e+00
  42     43    331    1.37302052e-02    1.36434510e-02     8.67541746e-05    3.2e-02     1.0e+00      6.881e+00
  43     44    341    1.34575229e-02    1.33907450e-02     6.67778435e-05    3.5e-02     1.0e+00      6.880e+00
  44     45    351    1.31937967e-02    1.31098659e-02     8.39307914e-05    3.1e-02     1.0e+00      6.878e+00
  45     46    361    1.29384764e-02    1.28735751e-02     6.49012935e-05    3.4e-02     1.0e+00      6.876e+00
  46     47    371    1.26912356e-02    1.26101048e-02     8.11308141e-05    3.0e-02     1.0e+00      6.874e+00
  47     48    381    1.24516126e-02    1.23885168e-02     6.30957750e-05    3.3e-02     1.0e+00      6.873e+00
  48     49    391    1.22193100e-02    1.21409006e-02     7.84094776e-05    2.9e-02     1.0e+00      6.871e+00
  49     50    401    1.19939336e-02    1.19325596e-02     6.13740609e-05    3.2e-02     1.0e+00      6.870e+00
  50     51    411    1.17752147e-02    1.16994175e-02     7.57971470e-05    2.8e-02     1.0e+00      6.868e+00
  51     52    421    1.15628113e-02    1.15030705e-02     5.97408530e-05    3.1e-02     1.0e+00      6.867e+00
  52     53    431    1.13564820e-02    1.12831740e-02     7.33079543e-05    2.7e-02     1.0e+00      6.865e+00
  53     54    441    1.11559265e-02    1.10977310e-02     5.81954822e-05    3.0e-02     1.0e+00      6.864e+00
