
                            < M A T L A B (R) >
                  Copyright 1984-2013 The MathWorks, Inc.
                    R2013a (8.1.0.604) 64-bit (glnxa64)
                             February 15, 2013

 
To get started, type one of these: helpwin, helpdesk, or demo.
For product information, visit www.mathworks.com.
 
>> >> >> >> >> >> >> >> X-ray simulation startup file...
====== Fluorescence Detector Resolution is 5
====== Angle Number  1 of 6: 0
====== Angle Number  2 of 6: 36
====== Angle Number  3 of 6: 72
====== Angle Number  4 of 6: 108
====== Angle Number  5 of 6: 144
====== Angle Number  6 of 6: 180
>> >> >> >> >> >> >> >> >> >> >> >> >> ====== With Self Absorption, Transmission Detector Resolution is 16
>> >> >> >> >> >> >> >> >> >> >> >> >> >> >> >> >> >> >> >> >> >> >> >> >> >> >> >> >>   it     nf     cg           f             f_xrf             f_xtm            |g|        alpha        error
   0      1      0    7.58510243e+08   4.5e+08     1.0e+00      9.985e-01
   1      2      2    2.25429629e+07    1.96956273e+07     2.84733558e-02    8.4e+07     1.0e+00      7.815e-01
   2      3      6    1.73862441e+06    7.09660692e+05     1.02896372e-02    1.4e+07     1.0e+00      6.127e-01
   3      4     14    3.02408001e+05    1.53339286e+05     1.49068715e-03    3.1e+06     1.0e+00      3.659e-01
   4      5     21    9.37836591e+04    2.62196445e+04     6.75640146e-04    7.6e+05     1.0e+00      3.081e-01
   5      6     29    1.53069812e+04    4.59271543e+03     1.07142658e-04    3.4e+05     1.0e+00      2.283e-01
   6      7     39    4.45862553e+03    1.31399361e+03     3.14463193e-05    3.5e+05     1.0e+00      1.761e-01
   7      8     43    3.47173633e+03    7.94157201e+02     2.67757913e-05    1.3e+05     1.0e+00      1.732e-01
   8      9     46    3.13555745e+03    6.34314355e+02     2.50124309e-05    7.2e+04     1.0e+00      1.720e-01
   9     10     56    1.03033693e+03    4.70916486e+02     5.59420444e-06    6.4e+04     1.0e+00      1.417e-01
  10     11     61    7.67206701e+02    2.42185882e+02     5.25020819e-06    6.0e+04     1.0e+00      1.408e-01
  11     12     71    4.04083588e+02    2.06559940e+02     1.97523649e-06    5.6e+04     1.0e+00      1.256e-01
  12     13     81    2.96819604e+02    1.38357782e+02     1.58461822e-06    1.3e+04     1.0e+00      1.231e-01
  13     14     91    2.44470608e+02    1.33902966e+02     1.10567642e-06    6.4e+04     1.0e+00      1.182e-01
  14     15     95    2.25799874e+02    1.16394246e+02     1.09405628e-06    2.2e+04     1.0e+00      1.179e-01
  15     16    105    1.59592708e+02    9.90676049e+01     6.05251030e-07    1.5e+04     1.0e+00      1.091e-01
  16     17    111    1.39611773e+02    8.48564255e+01     5.47553478e-07    7.7e+03     1.0e+00      1.086e-01
  17     18    116    1.35515039e+02    8.30419509e+01     5.24730885e-07    9.6e+03     1.0e+00      1.083e-01
  18     19    126    1.17547907e+02    7.55859495e+01     4.19619577e-07    3.0e+03     1.0e+00      1.040e-01
  19     20    130    1.08839924e+02    7.06952129e+01     3.81447111e-07    1.3e+04     1.0e+00      1.035e-01
  20     21    133    1.06662722e+02    6.86010101e+01     3.80617119e-07    9.5e+03     1.0e+00      1.034e-01
  21     22    135    1.06440320e+02    6.82910789e+01     3.81492410e-07    4.0e+03     1.0e+00      1.034e-01
  22     23    145    8.90168269e+01    5.96664092e+01     2.93504176e-07    5.0e+03     1.0e+00      9.733e-02
  23     24    149    8.42126978e+01    5.60139761e+01     2.81987217e-07    4.5e+03     1.0e+00      9.721e-02
  24     25    159    7.44606431e+01    5.00421272e+01     2.44185159e-07    2.2e+03     1.0e+00      9.542e-02
  25     26    163    7.30137661e+01    4.86486631e+01     2.43651029e-07    1.2e+03     1.0e+00      9.529e-02
  26     27    173    6.36139918e+01    4.32466761e+01     2.03673157e-07    3.9e+03     1.0e+00      9.055e-02
  27     28    175    6.19387005e+01    4.16739310e+01     2.02647695e-07    3.9e+03     1.0e+00      9.051e-02
  28     29    181    5.76632059e+01    3.90938301e+01     1.85693758e-07    5.0e+03     1.0e+00      9.002e-02
  29     30    184    5.67892375e+01    3.82382492e+01     1.85509883e-07    3.4e+03     1.0e+00      8.997e-02
  30     31    187    5.66093640e+01    3.80446852e+01     1.85646788e-07    2.5e+03     1.0e+00      8.994e-02
  31     32    197    4.79840654e+01    3.40047939e+01     1.39792714e-07    3.9e+03     1.0e+00      8.461e-02
  32     33    207    4.16134449e+01    2.87734362e+01     1.28400086e-07    1.3e+03     1.0e+00      8.396e-02
  33     34    217    3.95785571e+01    2.76055480e+01     1.19730092e-07    1.8e+03     1.0e+00      8.273e-02
  34     35    222    3.86141999e+01    2.67869291e+01     1.18272707e-07    3.7e+03     1.0e+00      8.260e-02
  35     36    232    3.56850719e+01    2.53893612e+01     1.02957107e-07    2.1e+03     1.0e+00      8.046e-02
  36     37    234    3.47722725e+01    2.44953062e+01     1.02769663e-07    1.6e+03     1.0e+00      8.043e-02
  37     38    241    3.33817134e+01    2.34146385e+01     9.96707487e-08    1.4e+03     1.0e+00      8.009e-02
  38     39    244    3.32366891e+01    2.33361445e+01     9.90054461e-08    3.1e+03     1.0e+00      8.005e-02
  39     40    254    2.80894440e+01    2.08870646e+01     7.20237937e-08    2.8e+03     1.0e+00      7.515e-02
  40     41    258    2.49229757e+01    1.80860787e+01     6.83689699e-08    5.4e+03     1.0e+00      7.502e-02
  41     42    264    2.43926020e+01    1.76479225e+01     6.74467946e-08    1.1e+03     1.0e+00      7.494e-02
  42     43    274    2.34989636e+01    1.70273600e+01     6.47160360e-08    9.1e+02     1.0e+00      7.419e-02
  43     44    279    2.28994948e+01    1.66539755e+01     6.24551926e-08    9.2e+02     1.0e+00      7.397e-02
  44     45    289    1.86559014e+01    1.43540871e+01     4.30181431e-08    2.9e+03     1.0e+00      6.857e-02
  45     46    291    1.76715955e+01    1.34720212e+01     4.19957430e-08    1.7e+03     1.0e+00      6.856e-02
  46     47    296    1.59018997e+01    1.19775702e+01     3.92432954e-08    3.6e+03     1.0e+00      6.844e-02
  47     48    299    1.57603683e+01    1.18334776e+01     3.92689068e-08    1.1e+03     1.0e+00      6.841e-02
  48     49    309    1.50671545e+01    1.13671773e+01     3.69997720e-08    3.1e+03     1.0e+00      6.741e-02
  49     50    313    1.48015770e+01    1.12194242e+01     3.58215282e-08    1.8e+03     1.0e+00      6.734e-02
  50     51    323    1.42482397e+01    1.08187314e+01     3.42950823e-08    5.3e+02     1.0e+00      6.678e-02
  51     52    325    1.41926157e+01    1.07656038e+01     3.42701196e-08    1.2e+03     1.0e+00      6.677e-02
  52     53    335    1.37797357e+01    1.04934558e+01     3.28627985e-08    7.3e+02     1.0e+00      6.630e-02
  53     54    345    1.34289783e+01    1.01960109e+01     3.23296742e-08    7.9e+02     1.0e+00      6.596e-02
  54     55    354    1.31395725e+01    1.00577356e+01     3.08183684e-08    2.0e+03     1.0e+00      6.563e-02
  55     56    362    1.28932836e+01    9.81899394e+00     3.07428965e-08    1.5e+03     1.0e+00      6.537e-02
  56     57    372    1.26160985e+01    9.68716555e+00     2.92893291e-08    7.9e+02     1.0e+00      6.499e-02
  57     58    382    1.23540078e+01    9.44291890e+00     2.91108886e-08    6.5e+02     1.0e+00      6.474e-02
  58     59    392    1.21060158e+01    9.32667509e+00     2.77934070e-08    7.9e+02     1.0e+00      6.439e-02
  59     60    402    1.18690152e+01    9.10617925e+00     2.76283593e-08    7.3e+02     1.0e+00      6.415e-02
  60     61    412    1.16439846e+01    8.99886060e+00     2.64512405e-08    8.2e+02     1.0e+00      6.382e-02
  61     62    422    1.14287814e+01    8.79967850e+00     2.62910289e-08    6.4e+02     1.0e+00      6.360e-02
  62     63    432    1.12239656e+01    8.69725332e+00     2.52671225e-08    7.1e+02     1.0e+00      6.328e-02
  63     64    437    1.11084637e+01    8.59500512e+00     2.51345858e-08    4.9e+02     1.0e+00      6.321e-02
  64     65    441    1.10718447e+01    8.55439273e+00     2.51745194e-08    5.4e+02     1.0e+00      6.318e-02
  65     66    451    8.83131633e+00    6.69138402e+00     2.13993232e-08    2.2e+03     1.0e+00      5.599e-02
  66     67    455    7.51090524e+00    5.84841498e+00     1.66249026e-08    3.3e+03     1.0e+00      5.596e-02
  67     68    459    7.04176197e+00    5.50534787e+00     1.53641410e-08    2.1e+03     1.0e+00      5.594e-02
  68     69    468    6.58462119e+00    5.29236893e+00     1.29225225e-08    5.3e+02     1.0e+00      5.584e-02
  69     70    477    6.41981982e+00    5.12653239e+00     1.29328743e-08    1.7e+03     1.0e+00      5.545e-02
  70     71    486    6.31063004e+00    5.06841327e+00     1.24221677e-08    8.7e+02     1.0e+00      5.535e-02
  71     72    496    6.15670212e+00    4.95335403e+00     1.20334809e-08    1.2e+03     1.0e+00      5.476e-02
  72     73    499    6.08730665e+00    4.89174314e+00     1.19556351e-08    7.0e+02     1.0e+00      5.476e-02
  73     74    505    6.04395154e+00    4.86612368e+00     1.17782786e-08    2.8e+02     1.0e+00      5.472e-02
  74     75    508    6.03246807e+00    4.85286814e+00     1.17959993e-08    8.0e+02     1.0e+00      5.471e-02
  75     76    518    5.68087756e+00    4.67686322e+00     1.00401434e-08    8.1e+02     1.0e+00      5.307e-02
  76     77    522    5.47851816e+00    4.46876618e+00     1.00975198e-08    2.0e+03     1.0e+00      5.305e-02
  77     78    526    5.43392475e+00    4.42705016e+00     1.00687458e-08    1.2e+03     1.0e+00      5.303e-02
  78     79    536    5.34518288e+00    4.32466263e+00     1.02052025e-08    2.4e+02     1.0e+00      5.287e-02
  79     80    541    5.31308946e+00    4.31436863e+00     9.98720833e-09    5.0e+02     1.0e+00      5.280e-02
  80     81    546    5.30085508e+00    4.30464249e+00     9.96212587e-09    6.3e+02     1.0e+00      5.279e-02
  81     82    556    4.85588226e+00    3.96726986e+00     8.88612400e-09    1.1e+03     1.0e+00      5.036e-02
  82     83    560    4.51508652e+00    3.69308520e+00     8.22001316e-09    3.4e+02     1.0e+00      5.032e-02
  83     84    565    4.49882706e+00    3.68097512e+00     8.17851939e-09    2.9e+02     1.0e+00      5.030e-02
  84     85    575    4.40678272e+00    3.62089649e+00     7.85886236e-09    3.6e+02     1.0e+00      4.992e-02
  85     86    582    4.35200177e+00    3.55254165e+00     7.99460113e-09    4.5e+02     1.0e+00      4.982e-02
  86     87    592    4.26424851e+00    3.51553134e+00     7.48717178e-09    2.8e+03     1.0e+00      4.934e-02
  87     88    596    4.21393905e+00    3.46509720e+00     7.48841849e-09    4.6e+02     1.0e+00      4.932e-02
  88     89    606    4.12347405e+00    3.36196773e+00     7.61506319e-09    7.0e+02     1.0e+00      4.882e-02
  89     90    608    4.08828894e+00    3.33060694e+00     7.57682002e-09    5.0e+02     1.0e+00      4.881e-02
  90     91    614    4.06658031e+00    3.32991346e+00     7.36666856e-09    3.5e+02     1.0e+00      4.878e-02
  91     92    620    4.05564705e+00    3.32058824e+00     7.35058812e-09    4.9e+02     1.0e+00      4.875e-02
  92     93    630    3.92441954e+00    3.25055215e+00     6.73867391e-09    2.6e+02     1.0e+00      4.789e-02
  93     94    632    3.90913934e+00    3.23490268e+00     6.74236664e-09    3.6e+02     1.0e+00      4.789e-02
  94     95    637    3.82862040e+00    3.13479695e+00     6.93823443e-09    1.6e+02     1.0e+00      4.782e-02
  95     96    647    3.76756247e+00    3.11041091e+00     6.57151552e-09    2.6e+02     1.0e+00      4.754e-02
  96     97    649    3.75870143e+00    3.09958924e+00     6.59112189e-09    2.0e+02     1.0e+00      4.754e-02
  97     98    659    3.72008882e+00    3.04195869e+00     6.78130131e-09    2.7e+02     1.0e+00      4.739e-02
  98     99    669    3.68861469e+00    3.04421788e+00     6.44396804e-09    3.0e+02     1.0e+00      4.727e-02
  99    100    677    3.66320455e+00    2.99707409e+00     6.66130460e-09    3.0e+02     1.0e+00      4.717e-02
 100    101    687    3.62705058e+00    2.99541508e+00     6.31635505e-09    3.8e+02     1.0e+00      4.696e-02
 101    102    691    3.61113556e+00    2.97970530e+00     6.31430265e-09    3.0e+02     1.0e+00      4.695e-02
 102    103    696    3.60296647e+00    2.96561515e+00     6.37351321e-09    2.6e+02     1.0e+00      4.692e-02
 103    104    706    3.51394669e+00    2.82583738e+00     6.88109308e-09    2.0e+02     1.0e+00      4.622e-02
 104    105    710    3.44390332e+00    2.82819478e+00     6.15708541e-09    5.9e+02     1.0e+00      4.619e-02
 105    106    714    3.43437124e+00    2.82036357e+00     6.14007664e-09    5.1e+02     1.0e+00      4.618e-02
 106    107    724    3.34044020e+00    2.77709514e+00     5.63345063e-09    4.0e+02     1.0e+00      4.538e-02
 107    108    726    3.31808575e+00    2.75494392e+00     5.63141829e-09    5.2e+02     1.0e+00      4.537e-02
 108    109    730    3.27628500e+00    2.71254465e+00     5.63740347e-09    4.8e+02     1.0e+00      4.535e-02
 109    110    733    3.26376809e+00    2.70073510e+00     5.63032985e-09    4.4e+02     1.0e+00      4.534e-02
 110    111    743    3.23440782e+00    2.65342397e+00     5.80983848e-09    3.1e+02     1.0e+00      4.518e-02
 111    112    753    3.20640138e+00    2.65304377e+00     5.53357610e-09    1.0e+02     1.0e+00      4.507e-02
 112    113    763    3.18347658e+00    2.60900915e+00     5.74467427e-09    1.3e+02     1.0e+00      4.495e-02
 113    114    771    3.16358041e+00    2.61596164e+00     5.47618770e-09    2.1e+02     1.0e+00      4.486e-02
 114    115    781    3.09407358e+00    2.53727018e+00     5.56803401e-09    4.8e+02     1.0e+00      4.426e-02
 115    116    783    3.05909439e+00    2.50526917e+00     5.53825221e-09    2.4e+02     1.0e+00      4.426e-02
 116    117    788    3.04222842e+00    2.49670356e+00     5.45524865e-09    1.0e+02     1.0e+00      4.424e-02
 117    118    798    2.99989942e+00    2.49053311e+00     5.09366302e-09    3.9e+02     1.0e+00      4.389e-02
 118    119    801    2.98164631e+00    2.47235756e+00     5.09288757e-09    6.3e+02     1.0e+00      4.388e-02
 119    120    811    2.95666680e+00    2.42701751e+00     5.29649286e-09    7.1e+02     1.0e+00      4.378e-02
 120    121    821    2.93364175e+00    2.43143406e+00     5.02207690e-09    8.7e+01     1.0e+00      4.363e-02
 121    122    831    2.91202022e+00    2.39015721e+00     5.21863014e-09    1.6e+02     1.0e+00      4.354e-02
 122    123    841    2.89120512e+00    2.39611823e+00     4.95086890e-09    1.6e+02     1.0e+00      4.340e-02
 123    124    851    2.87114671e+00    2.35705820e+00     5.14088511e-09    1.3e+02     1.0e+00      4.331e-02
 124    125    861    2.85154896e+00    2.36357503e+00     4.87973939e-09    1.2e+02     1.0e+00      4.318e-02
 125    126    871    2.83226261e+00    2.32533522e+00     5.06927387e-09    1.0e+02     1.0e+00      4.309e-02
 126    127    881    2.81318656e+00    2.33192577e+00     4.81260793e-09    2.7e+02     1.0e+00      4.296e-02
 127    128    891    2.79436773e+00    2.29465426e+00     4.99713462e-09    7.9e+01     1.0e+00      4.288e-02
 128    129    901    2.77574167e+00    2.30144840e+00     4.74293269e-09    3.2e+02     1.0e+00      4.274e-02
 129    130    911    2.75734201e+00    2.26458731e+00     4.92754703e-09    8.1e+01     1.0e+00      4.266e-02
 130    131    921    2.73878129e+00    2.27118431e+00     4.67596986e-09    5.8e+02     1.0e+00      4.252e-02
 131    132    931    2.72044507e+00    2.23473380e+00     4.85711265e-09    8.1e+01     1.0e+00      4.244e-02
 132    133    941    2.70226986e+00    2.24104389e+00     4.61225969e-09    6.2e+02     1.0e+00      4.231e-02
 133    134    951    2.68432421e+00    2.20565093e+00     4.78673284e-09    8.1e+01     1.0e+00      4.223e-02
 134    135    961    2.66408679e+00    2.20907276e+00     4.55014032e-09    1.4e+03     1.0e+00      4.206e-02
 135    136    969    2.64590248e+00    2.17690926e+00     4.68993221e-09    1.0e+02     1.0e+00      4.200e-02
 136    137    979    2.60741348e+00    2.16990695e+00     4.37506538e-09    9.7e+02     1.0e+00      4.159e-02
 137    138    982    2.58289346e+00    2.14177521e+00     4.41118243e-09    1.6e+02     1.0e+00      4.158e-02
 138    139    992    2.52569620e+00    2.06578658e+00     4.59909616e-09    3.1e+02     1.0e+00      4.099e-02
 139    140    995    2.49705462e+00    2.04802706e+00     4.49027561e-09    5.7e+02     1.0e+00      4.098e-02
 140    141    998    2.48862982e+00    2.04188353e+00     4.46746290e-09    2.0e+02     1.0e+00      4.098e-02
 141    142   1008    2.47034806e+00    2.04869092e+00     4.21657141e-09    2.3e+02     1.0e+00      4.086e-02
 142    143   1016    2.45625059e+00    2.01878237e+00     4.37468216e-09    4.0e+02     1.0e+00      4.079e-02
 143    144   1026    2.44080890e+00    2.02600387e+00     4.14805024e-09    4.4e+02     1.0e+00      4.066e-02
 144    145   1034    2.42748466e+00    1.99754081e+00     4.29943850e-09    8.3e+01     1.0e+00      4.060e-02
 145    146   1044    2.37013155e+00    1.97910934e+00     3.91022207e-09    1.4e+03     1.0e+00      3.991e-02
 146    147   1048    2.33081198e+00    1.93636590e+00     3.94446080e-09    2.0e+02     1.0e+00      3.989e-02
 147    148   1052    2.32267792e+00    1.92531732e+00     3.97360605e-09    2.4e+02     1.0e+00      3.988e-02
 148    149   1062    2.30854755e+00    1.89320004e+00     4.15347519e-09    8.0e+01     1.0e+00      3.976e-02
 149    150   1068    2.29790506e+00    1.90203663e+00     3.95868426e-09    9.4e+01     1.0e+00      3.972e-02
 150    151   1073    2.29534082e+00    1.89818650e+00     3.97154322e-09    1.7e+02     1.0e+00      3.970e-02
 151    152   1083    2.24497525e+00    1.80822215e+00     4.36753106e-09    1.8e+02     1.0e+00      3.904e-02
 152    153   1087    2.20997096e+00    1.81453811e+00     3.95432850e-09    5.6e+02     1.0e+00      3.902e-02
 153    154   1090    2.20215424e+00    1.80975739e+00     3.92396855e-09    3.2e+02     1.0e+00      3.901e-02
 154    155   1100    2.18936351e+00    1.81684233e+00     3.72521180e-09    1.4e+02     1.0e+00      3.892e-02
 155    156   1108    2.17798202e+00    1.79091524e+00     3.87066786e-09    3.6e+02     1.0e+00      3.884e-02
 156    157   1118    2.15722593e+00    1.79227819e+00     3.64947743e-09    2.6e+02     1.0e+00      3.861e-02
 157    158   1122    2.14508222e+00    1.77822353e+00     3.66858689e-09    1.6e+02     1.0e+00      3.860e-02
 158    159   1132    2.11784726e+00    1.73669189e+00     3.81155363e-09    3.1e+02     1.0e+00      3.826e-02
 159    160   1136    2.10138651e+00    1.72538664e+00     3.75999867e-09    1.3e+02     1.0e+00      3.825e-02
 160    161   1146    2.07490399e+00    1.72608543e+00     3.48818561e-09    2.5e+02     1.0e+00      3.795e-02
 161    162   1150    2.05999993e+00    1.70913376e+00     3.50866169e-09    1.0e+02     1.0e+00      3.794e-02
 162    163   1160    2.04178851e+00    1.67229372e+00     3.69494792e-09    2.0e+02     1.0e+00      3.774e-02
 163    164   1164    2.03356842e+00    1.67185427e+00     3.61714153e-09    3.7e+02     1.0e+00      3.773e-02
 164    165   1174    2.01488330e+00    1.67538061e+00     3.39502688e-09    3.5e+02     1.0e+00      3.752e-02
 165    166   1177    2.00788030e+00    1.66670747e+00     3.41172835e-09    3.4e+02     1.0e+00      3.752e-02
 166    167   1185    1.99812309e+00    1.64455457e+00     3.53568519e-09    1.0e+02     1.0e+00      3.746e-02
 167    168   1188    1.99634715e+00    1.64539563e+00     3.50951515e-09    3.2e+02     1.0e+00      3.745e-02
 168    169   1198    1.97867257e+00    1.64786790e+00     3.30804665e-09    2.1e+02     1.0e+00      3.722e-02
 169    170   1203    1.96478344e+00    1.62394453e+00     3.40838913e-09    1.6e+02     1.0e+00      3.719e-02
 170    171   1208    1.96243671e+00    1.62225967e+00     3.40177038e-09    1.1e+02     1.0e+00      3.718e-02
 171    172   1218    1.61785476e+00    1.26207411e+00     3.55780650e-09    5.5e+02     1.0e+00      3.165e-02
 172    173   1223    1.38832643e+00    1.13018573e+00     2.58140703e-09    3.1e+02     1.0e+00      3.163e-02
 173    174   1228    1.36861345e+00    1.12246688e+00     2.46146567e-09    7.1e+02     1.0e+00      3.162e-02
 174    175   1237    1.35604922e+00    1.12500132e+00     2.31047894e-09    2.1e+02     1.0e+00      3.159e-02
 175    176   1241    1.35381521e+00    1.12132672e+00     2.32488488e-09    2.0e+02     1.0e+00      3.155e-02
 176    177   1245    1.35218719e+00    1.11971564e+00     2.32471548e-09    1.6e+02     1.0e+00      3.155e-02
 177    178   1255    1.28707214e+00    1.08328028e+00     2.03791863e-09    3.3e+02     1.0e+00      3.014e-02
 178    179   1257    1.25337638e+00    1.05026911e+00     2.03107264e-09    2.3e+02     1.0e+00      3.014e-02
 179    180   1262    1.22844260e+00    1.02171599e+00     2.06726608e-09    4.5e+02     1.0e+00      3.012e-02
 180    181   1266    1.22678342e+00    1.01964370e+00     2.07139718e-09    1.9e+02     1.0e+00      3.012e-02
 181    182   1276    1.21913070e+00    1.00291937e+00     2.16211333e-09    2.8e+02     1.0e+00      3.000e-02
 182    183   1281    1.21350830e+00    1.00511767e+00     2.08390627e-09    3.1e+02     1.0e+00      2.997e-02
 183    184   1284    1.21274345e+00    1.00452258e+00     2.08220869e-09    1.0e+02     1.0e+00      2.997e-02
 184    185   1294    1.11868518e+00    8.96715334e-01     2.21969849e-09    4.2e+03     1.0e+00      2.779e-02
 185    186   1297    1.06641396e+00    8.48834789e-01     2.17579173e-09    6.9e+02     1.0e+00      2.779e-02
 186    187   1300    1.05536810e+00    8.49068507e-01     2.06299595e-09    4.9e+02     1.0e+00      2.778e-02
 187    188   1307    1.03236590e+00    8.54778885e-01     1.77587019e-09    5.5e+01     1.0e+00      2.776e-02
 188    189   1317    9.76661005e-01    7.81066951e-01     1.95594054e-09    2.0e+03     1.0e+00      2.624e-02
 189    190   1321    9.35178028e-01    7.55933326e-01     1.79244702e-09    4.2e+02     1.0e+00      2.623e-02
 190    191   1326    9.24081536e-01    7.53286624e-01     1.70794913e-09    3.7e+02     1.0e+00      2.623e-02
 191    192   1336    9.14974587e-01    7.57921676e-01     1.57052912e-09    5.9e+01     1.0e+00      2.620e-02
 192    193   1346    9.08427818e-01    7.42108186e-01     1.66319632e-09    1.6e+02     1.0e+00      2.605e-02
 193    194   1356    9.02063230e-01    7.46987661e-01     1.55075569e-09    6.1e+01     1.0e+00      2.602e-02
 194    195   1366    8.96738440e-01    7.36304603e-01     1.60433837e-09    1.9e+02     1.0e+00      2.590e-02
 195    196   1376    8.91514209e-01    7.37587121e-01     1.53927088e-09    4.2e+01     1.0e+00      2.587e-02
 196    197   1386    8.86673269e-01    7.30556506e-01     1.56116763e-09    2.6e+02     1.0e+00      2.576e-02
 197    198   1392    8.83623925e-01    7.29290267e-01     1.54333658e-09    2.5e+02     1.0e+00      2.575e-02
 198    199   1402    8.66166511e-01    7.22682826e-01     1.43483685e-09    3.3e+02     1.0e+00      2.530e-02
 199    200   1405    8.54256754e-01    7.10302131e-01     1.43954623e-09    7.9e+01     1.0e+00      2.530e-02
 200    201   1413    8.49469828e-01    7.01150252e-01     1.48319575e-09    8.6e+01     1.0e+00      2.527e-02
 201    202   1423    8.36421632e-01    6.97354348e-01     1.39067284e-09    1.5e+03     1.0e+00      2.492e-02
 202    203   1426    8.27688029e-01    6.87372280e-01     1.40315749e-09    6.8e+01     1.0e+00      2.492e-02
 203    204   1430    8.25463158e-01    6.83418456e-01     1.42044702e-09    7.7e+01     1.0e+00      2.491e-02
 204    205   1435    8.24444162e-01    6.82263121e-01     1.42181041e-09    9.5e+01     1.0e+00      2.491e-02
 205    206   1445    7.76236270e-01    6.37895134e-01     1.38341136e-09    3.5e+02     1.0e+00      2.354e-02
 206    207   1448    7.58477483e-01    6.21940572e-01     1.36536911e-09    2.2e+02     1.0e+00      2.354e-02
 207    208   1453    7.42711592e-01    6.13381170e-01     1.29330422e-09    1.6e+02     1.0e+00      2.352e-02
 208    209   1456    7.38706013e-01    6.09085987e-01     1.29620027e-09    4.0e+02     1.0e+00      2.352e-02
 209    210   1466    7.29692638e-01    6.03026365e-01     1.26666272e-09    5.4e+01     1.0e+00      2.346e-02
 210    211   1476    7.26390323e-01    5.98721626e-01     1.27668697e-09    4.7e+02     1.0e+00      2.340e-02
 211    212   1486    7.23364410e-01    5.97480636e-01     1.25883773e-09    5.1e+01     1.0e+00      2.337e-02
 212    213   1496    7.17867673e-01    5.91188630e-01     1.26679043e-09    1.3e+03     1.0e+00      2.323e-02
 213    214   1498    7.14807157e-01    5.88782091e-01     1.26025066e-09    2.7e+02     1.0e+00      2.323e-02
 214    215   1508    6.92358812e-01    5.77083821e-01     1.15274990e-09    2.3e+03     1.0e+00      2.256e-02
 215    216   1511    6.77449608e-01    5.62651893e-01     1.14797715e-09    9.8e+01     1.0e+00      2.256e-02
 216    217   1517    6.72431099e-01    5.55703606e-01     1.16727493e-09    1.7e+02     1.0e+00      2.255e-02
 217    218   1527    6.63779284e-01    5.41357575e-01     1.22421709e-09    4.4e+02     1.0e+00      2.231e-02
 218    219   1533    6.57107371e-01    5.42643324e-01     1.14464047e-09    4.0e+01     1.0e+00      2.229e-02
 219    220   1543    6.48590034e-01    5.33151724e-01     1.15438310e-09    1.0e+02     1.0e+00      2.207e-02
 220    221   1549    6.42552598e-01    5.29920112e-01     1.12632486e-09    1.1e+02     1.0e+00      2.204e-02
 221    222   1559    6.37017699e-01    5.25103744e-01     1.11913955e-09    7.3e+01     1.0e+00      2.192e-02
 222    223   1565    6.33951048e-01    5.22956308e-01     1.10994741e-09    5.4e+01     1.0e+00      2.191e-02
 223    224   1570    6.33062070e-01    5.22176637e-01     1.10885433e-09    1.6e+02     1.0e+00      2.190e-02
 224    225   1580    6.27159604e-01    5.17799069e-01     1.09360535e-09    1.2e+02     1.0e+00      2.173e-02
 225    226   1584    6.23075827e-01    5.13086055e-01     1.09989772e-09    1.6e+02     1.0e+00      2.172e-02
 226    227   1594    6.16815872e-01    5.09496382e-01     1.07319490e-09    6.1e+01     1.0e+00      2.157e-02
 227    228   1596    6.15706692e-01    5.08148120e-01     1.07558571e-09    1.1e+02     1.0e+00      2.157e-02
 228    229   1603    6.11502676e-01    5.04252773e-01     1.07249903e-09    6.3e+01     1.0e+00      2.152e-02
 229    230   1606    6.11096495e-01    5.03737102e-01     1.07359393e-09    7.1e+01     1.0e+00      2.152e-02
 230    231   1616    6.05262158e-01    4.97728951e-01     1.07533208e-09    1.4e+02     1.0e+00      2.136e-02
 231    232   1620    6.02862575e-01    4.96700369e-01     1.06162207e-09    8.1e+01     1.0e+00      2.135e-02
 232    233   1624    6.01683534e-01    4.95612192e-01     1.06071342e-09    2.2e+02     1.0e+00      2.134e-02
 233    234   1634    5.97594652e-01    4.93306770e-01     1.04287882e-09    3.9e+01     1.0e+00      2.127e-02
 234    235   1642    5.94088102e-01    4.88122248e-01     1.05965854e-09    9.7e+01     1.0e+00      2.122e-02
 235    236   1652    5.90917767e-01    4.88975431e-01     1.01942337e-09    2.3e+02     1.0e+00      2.115e-02
 236    237   1657    5.88925912e-01    4.84526156e-01     1.04399756e-09    7.3e+01     1.0e+00      2.113e-02
 237    238   1661    5.88427073e-01    4.84359245e-01     1.04067828e-09    7.9e+01     1.0e+00      2.113e-02
 238    239   1671    5.78904486e-01    4.82487382e-01     9.64171033e-10    1.5e+02     1.0e+00      2.082e-02
 239    240   1676    5.70408513e-01    4.70387798e-01     1.00020715e-09    1.4e+02     1.0e+00      2.080e-02
 240    241   1679    5.69936045e-01    4.70003368e-01     9.99326771e-10    1.2e+02     1.0e+00      2.080e-02
 241    242   1689    5.61698832e-01    4.59444403e-01     1.02254429e-09    2.0e+02     1.0e+00      2.054e-02
 242    243   1694    5.56063431e-01    4.58631367e-01     9.74320634e-10    1.7e+02     1.0e+00      2.052e-02
 243    244   1697    5.55027895e-01    4.57171259e-01     9.78566362e-10    1.2e+02     1.0e+00      2.052e-02
 244    245   1707    5.51099827e-01    4.54143487e-01     9.69563400e-10    4.0e+02     1.0e+00      2.043e-02
 245    246   1716    5.47426287e-01    4.51333812e-01     9.60924751e-10    8.4e+01     1.0e+00      2.038e-02
 246    247   1724    5.45290829e-01    4.48279205e-01     9.70116247e-10    1.4e+02     1.0e+00      2.034e-02
 247    248   1727    5.44924014e-01    4.48226364e-01     9.66976500e-10    6.8e+01     1.0e+00      2.034e-02
 248    249   1737    5.38541423e-01    4.45329379e-01     9.32120440e-10    1.3e+02     1.0e+00      2.014e-02
 249    250   1741    5.33647857e-01    4.39624438e-01     9.40234198e-10    1.1e+02     1.0e+00      2.013e-02
 250    251   1747    5.33006431e-01    4.38935351e-01     9.40710798e-10    1.4e+02     1.0e+00      2.013e-02
 251    252   1757    5.26660946e-01    4.32047186e-01     9.46137595e-10    6.6e+01     1.0e+00      1.992e-02
 252    253   1761    5.22263948e-01    4.29960011e-01     9.23039374e-10    1.4e+02     1.0e+00      1.991e-02
 253    254   1765    5.21351458e-01    4.29339013e-01     9.20124454e-10    4.5e+01     1.0e+00      1.990e-02
 254    255   1775    5.17359528e-01    4.25508037e-01     9.18514907e-10    4.9e+01     1.0e+00      1.980e-02
 255    256   1781    5.14067518e-01    4.23150541e-01     9.09169767e-10    1.8e+02     1.0e+00      1.977e-02
 256    257   1791    5.07537262e-01    4.16944650e-01     9.05926123e-10    1.3e+02     1.0e+00      1.956e-02
 257    258   1794    5.05104792e-01    4.14590887e-01     9.05139057e-10    1.5e+02     1.0e+00      1.956e-02
 258    259   1804    5.01065940e-01    4.12886568e-01     8.81793726e-10    3.2e+02     1.0e+00      1.952e-02
 259    260   1814    4.98559345e-01    4.09456373e-01     8.91029718e-10    6.3e+01     1.0e+00      1.946e-02
 260    261   1820    4.96838440e-01    4.08668494e-01     8.81699463e-10    8.7e+01     1.0e+00      1.944e-02
 261    262   1830    4.72580720e-01    3.90983039e-01     8.15976812e-10    3.7e+02     1.0e+00      1.854e-02
 262    263   1833    4.59097771e-01    3.78580805e-01     8.05169665e-10    5.7e+02     1.0e+00      1.853e-02
 263    264   1836    4.54232155e-01    3.73463928e-01     8.07682271e-10    1.6e+02     1.0e+00      1.853e-02
 264    265   1839    4.52351861e-01    3.71725399e-01     8.06264613e-10    8.2e+01     1.0e+00      1.853e-02
 265    266   1842    4.51526584e-01    3.71094531e-01     8.04320529e-10    1.2e+02     1.0e+00      1.852e-02
 266    267   1845    4.50974596e-01    3.70656230e-01     8.03183660e-10    3.8e+01     1.0e+00      1.852e-02
 267    268   1852    4.49177147e-01    3.69346118e-01     7.98310288e-10    7.5e+01     1.0e+00      1.850e-02
 268    269   1857    4.48182352e-01    3.68135914e-01     8.00464377e-10    1.7e+02     1.0e+00      1.848e-02
 269    270   1867    4.44554050e-01    3.66252299e-01     7.83017510e-10    1.5e+02     1.0e+00      1.836e-02
 270    271   1869    4.42740289e-01    3.64395201e-01     7.83450879e-10    5.1e+01     1.0e+00      1.836e-02
 271    272   1877    4.41040420e-01    3.62234193e-01     7.88062269e-10    3.7e+01     1.0e+00      1.834e-02
 272    273   1887    4.35740027e-01    3.58842939e-01     7.68970880e-10    9.1e+02     1.0e+00      1.815e-02
 273    274   1890    4.31905998e-01    3.55472132e-01     7.64338660e-10    2.0e+02     1.0e+00      1.814e-02
 274    275   1894    4.31195432e-01    3.54597250e-01     7.65981825e-10    2.0e+02     1.0e+00      1.814e-02
 275    276   1904    4.28032788e-01    3.51069725e-01     7.69630625e-10    7.6e+01     1.0e+00      1.803e-02
 276    277   1909    4.25435808e-01    3.49232355e-01     7.62034530e-10    5.1e+01     1.0e+00      1.802e-02
 277    278   1914    4.25046275e-01    3.49122349e-01     7.59239260e-10    9.2e+01     1.0e+00      1.801e-02
 278    279   1924    3.54973641e-01    3.04113954e-01     5.08596863e-10    5.5e+02     1.0e+00      1.511e-02
 279    280   1928    3.02196759e-01    2.50580677e-01     5.16160818e-10    2.6e+02     1.0e+00      1.510e-02
 280    281   1933    2.98282671e-01    2.45236758e-01     5.30459134e-10    2.2e+02     1.0e+00      1.510e-02
 281    282   1938    2.97226255e-01    2.43862074e-01     5.33641810e-10    5.5e+01     1.0e+00      1.509e-02
 282    283   1948    2.94720897e-01    2.40859898e-01     5.38609989e-10    5.0e+01     1.0e+00      1.503e-02
 283    284   1951    2.94145886e-01    2.40370944e-01     5.37749415e-10    1.3e+02     1.0e+00      1.502e-02
 284    285   1961    2.91181685e-01    2.38529214e-01     5.26524712e-10    4.2e+02     1.0e+00      1.492e-02
 285    286   1964    2.90232947e-01    2.37635902e-01     5.25970443e-10    7.3e+01     1.0e+00      1.492e-02
 286    287   1974    2.88019018e-01    2.35435247e-01     5.25837711e-10    6.0e+01     1.0e+00      1.487e-02
 287    288   1984    2.86193462e-01    2.34224287e-01     5.19691749e-10    1.8e+02     1.0e+00      1.482e-02
 288    289   1988    2.85770772e-01    2.33672969e-01     5.20978028e-10    6.2e+01     1.0e+00      1.481e-02
 289    290   1998    2.83075377e-01    2.31429640e-01     5.16457373e-10    5.8e+01     1.0e+00      1.471e-02
 290    291   2000    2.82574418e-01    2.30960704e-01     5.16137139e-10    4.3e+01     1.0e+00      1.471e-02
 291    292   2007    2.80625040e-01    2.29506078e-01     5.11189622e-10    2.6e+01     1.0e+00      1.468e-02
 292    293   2017    2.77729982e-01    2.27289754e-01     5.04402286e-10    4.3e+02     1.0e+00      1.457e-02
 293    294   2021    2.76246596e-01    2.25820726e-01     5.04258702e-10    5.6e+01     1.0e+00      1.456e-02
 294    295   2024    2.75948712e-01    2.25514269e-01     5.04344422e-10    9.7e+01     1.0e+00      1.456e-02
 295    296   2027    2.75807910e-01    2.25422395e-01     5.03855146e-10    5.3e+01     1.0e+00      1.456e-02
 296    297   2037    2.73234066e-01    2.23439188e-01     4.97948781e-10    5.3e+01     1.0e+00      1.446e-02
 297    298   2041    2.72114307e-01    2.22557450e-01     4.95568567e-10    4.3e+01     1.0e+00      1.446e-02
 298    299   2047    2.71676028e-01    2.22063936e-01     4.96120923e-10    9.3e+01     1.0e+00      1.445e-02
 299    300   2057    2.69692636e-01    2.20489618e-01     4.92030173e-10    4.1e+01     1.0e+00      1.438e-02
 300    301   2067    2.67827457e-01    2.18884429e-01     4.89430278e-10    1.5e+02     1.0e+00      1.435e-02
LMQNBC: termination 5
>> >> >> >> >> >> >> >> >> >> >> >> >> >> >> >> >> >> >> >> >> 