
                            < M A T L A B (R) >
                  Copyright 1984-2013 The MathWorks, Inc.
                    R2013a (8.1.0.604) 64-bit (glnxa64)
                             February 15, 2013

 
To get started, type one of these: helpwin, helpdesk, or demo.
For product information, visit www.mathworks.com.
 
>> >> >> >> >> >> >> >> X-ray simulation startup file...
====== Fluorescence Detector Resolution is 5
====== Angle Number  1 of 10: 0
====== Angle Number  2 of 10: 20
====== Angle Number  3 of 10: 40
====== Angle Number  4 of 10: 60
====== Angle Number  5 of 10: 80
====== Angle Number  6 of 10: 100
====== Angle Number  7 of 10: 120
====== Angle Number  8 of 10: 140
====== Angle Number  9 of 10: 160
====== Angle Number  10 of 10: 180
>> >> >> >> >> >> >> >> >> >> >> >> >> ====== With Self Absorption, Transmission Detector Resolution is 30
>> >> >> >> >> >> >> >> >> >> >> >> >> >> >> >> >> >> >> >> >> >> >> >> >> >> >> >> >> >> >> #######==============Beta= 1.000000, TempBeta = 0.000000 
  it     nf     cg           f             f_xrf             f_xtm            |g|        alpha        error
   0      1      0    1.62469367e+00    1.95987351e+09    1.62469367e+00    2.0e-01     1.0e+00      1.973e+00
   1      2      2    9.36428548e-02    6.25155275e+07     9.36428548e-02    5.0e-02     1.0e+00      1.499e+00
   2      3      4    2.21461825e-02    3.45133414e+07     2.21461825e-02    2.2e-02     1.0e+00      1.402e+00
   3      4      8    1.61708625e-03    1.87512666e+07     1.61708625e-03    6.7e-03     1.0e+00      9.329e-01
   4      5     12    2.44824673e-04    1.25323001e+07     2.44824673e-04    1.3e-03     1.0e+00      8.482e-01
   5      6     19    5.83889570e-05    7.63830213e+06     5.83889570e-05    6.7e-04     1.0e+00      7.657e-01
   6      7     29    9.33326194e-06    5.28981516e+06     9.33326194e-06    1.2e-04     1.0e+00      7.251e-01
   7      8     34    6.15881723e-06    5.01751990e+06     6.15881723e-06    6.4e-05     1.0e+00      7.224e-01
   8      9     42    2.43891775e-06    4.82622578e+06     2.43891775e-06    5.1e-05     1.0e+00      7.090e-01
   9     10     49    1.53605109e-06    4.75388930e+06     1.53605109e-06    3.6e-05     1.0e+00      7.067e-01
  10     11     59    7.43496248e-07    4.69596519e+06     7.43496248e-07    2.3e-05     1.0e+00      7.008e-01
  11     12     62    6.02636009e-07    4.69460441e+06     6.02636009e-07    3.4e-05     1.0e+00      7.006e-01
  12     13     72    4.60177601e-07    4.65430148e+06     4.60177601e-07    1.7e-05     1.0e+00      6.990e-01
  13     14     82    3.79403232e-07    4.65623146e+06     3.79403232e-07    1.3e-05     1.0e+00      6.979e-01
  14     15     85    3.66564614e-07    4.65779678e+06     3.66564614e-07    1.2e-05     1.0e+00      6.979e-01
  15     16     95    2.50446550e-07    4.61365241e+06     2.50446550e-07    9.2e-06     1.0e+00      6.944e-01
  16     17     99    2.22887179e-07    4.63237787e+06     2.22887179e-07    7.0e-06     1.0e+00      6.944e-01
  17     18    109    2.00768654e-07    4.62907177e+06     2.00768654e-07    1.3e-05     1.0e+00      6.936e-01
  18     19    112    1.96824270e-07    4.62879400e+06     1.96824270e-07    3.6e-06     1.0e+00      6.936e-01
  19     20    122    1.62981209e-07    4.61448943e+06     1.62981209e-07    1.5e-05     1.0e+00      6.909e-01
  20     21    129    1.44439240e-07    4.60913610e+06     1.44439240e-07    2.4e-06     1.0e+00      6.907e-01
  21     22    139    1.32444083e-07    4.60008821e+06     1.32444083e-07    1.4e-05     1.0e+00      6.895e-01
  22     23    141    1.28780205e-07    4.60006651e+06     1.28780205e-07    2.7e-06     1.0e+00      6.895e-01
  23     24    147    1.23464552e-07    4.59961205e+06     1.23464552e-07    2.4e-06     1.0e+00      6.893e-01
  24     25    157    1.11045041e-07    4.59420442e+06     1.11045041e-07    1.1e-05     1.0e+00      6.877e-01
  25     26    162    1.02634150e-07    4.59312520e+06     1.02634150e-07    1.9e-06     1.0e+00      6.876e-01
  26     27    172    9.74008527e-08    4.58471480e+06     9.74008527e-08    2.9e-06     1.0e+00      6.870e-01
  27     28    182    9.30436520e-08    4.58670480e+06     9.30436520e-08    2.4e-06     1.0e+00      6.868e-01
  28     29    192    8.91630545e-08    4.58017638e+06     8.91630545e-08    2.9e-06     1.0e+00      6.864e-01
  29     30    197    8.70316316e-08    4.57796461e+06     8.70316316e-08    2.8e-06     1.0e+00      6.863e-01
  30     31    207    8.22993050e-08    4.57826943e+06     8.22993050e-08    5.7e-06     1.0e+00      6.856e-01
  31     32    214    7.85980170e-08    4.57603638e+06     7.85980170e-08    1.6e-06     1.0e+00      6.855e-01
  32     33    224    7.34449587e-08    4.57339725e+06     7.34449587e-08    6.2e-06     1.0e+00      6.847e-01
  33     34    228    6.98305203e-08    4.56832582e+06     6.98305203e-08    1.5e-06     1.0e+00      6.847e-01
  34     35    238    6.75927248e-08    4.56496069e+06     6.75927248e-08    3.7e-06     1.0e+00      6.844e-01
  35     36    240    6.71303323e-08    4.56572080e+06     6.71303323e-08    1.6e-06     1.0e+00      6.844e-01
  36     37    250    6.45459504e-08    4.56439237e+06     6.45459504e-08    4.4e-06     1.0e+00      6.840e-01
  37     38    252    6.39295193e-08    4.56476312e+06     6.39295193e-08    1.7e-06     1.0e+00      6.840e-01
  38     39    262    6.19105804e-08    4.56048183e+06     6.19105804e-08    3.1e-06     1.0e+00      6.838e-01
  39     40    265    6.14039908e-08    4.56143215e+06     6.14039908e-08    1.8e-06     1.0e+00      6.838e-01
  40     41    275    5.37816650e-08    4.54790404e+06     5.37816650e-08    1.4e-05     1.0e+00      6.824e-01
  41     42    277    4.96175685e-08    4.54825210e+06     4.96175685e-08    1.7e-06     1.0e+00      6.824e-01
  42     43    281    4.84798057e-08    4.55126852e+06     4.84798057e-08    1.9e-06     1.0e+00      6.823e-01
  43     44    291    4.69322429e-08    4.54868970e+06     4.69322429e-08    4.3e-06     1.0e+00      6.821e-01
  44     45    294    4.64023940e-08    4.54818685e+06     4.64023940e-08    1.4e-06     1.0e+00      6.821e-01
  45     46    301    4.55815387e-08    4.54780037e+06     4.55815387e-08    1.1e-06     1.0e+00      6.820e-01
  46     47    307    4.48787073e-08    4.54640637e+06     4.48787073e-08    1.3e-06     1.0e+00      6.819e-01
  47     48    317    4.21845255e-08    4.54368077e+06     4.21845255e-08    3.8e-06     1.0e+00      6.813e-01
  48     49    324    4.00616334e-08    4.54087048e+06     4.00616334e-08    1.6e-06     1.0e+00      6.813e-01
  49     50    334    3.65014279e-08    4.52903849e+06     3.65014279e-08    5.0e-06     1.0e+00      6.804e-01
  50     51    337    3.42641728e-08    4.53195003e+06     3.42641728e-08    2.6e-06     1.0e+00      6.804e-01
  51     52    343    3.35907365e-08    4.53333854e+06     3.35907365e-08    7.2e-07     1.0e+00      6.803e-01
  52     53    353    3.17521292e-08    4.52895708e+06     3.17521292e-08    3.9e-06     1.0e+00      6.798e-01
  53     54    358    3.03496671e-08    4.52662685e+06     3.03496671e-08    1.3e-06     1.0e+00      6.798e-01
  54     55    368    2.92459608e-08    4.52477926e+06     2.92459608e-08    1.8e-06     1.0e+00      6.795e-01
  55     56    370    2.89958731e-08    4.52517905e+06     2.89958731e-08    1.7e-06     1.0e+00      6.795e-01
  56     57    375    2.84707155e-08    4.52548019e+06     2.84707155e-08    5.8e-07     1.0e+00      6.795e-01
  57     58    385    2.73175782e-08    4.52158549e+06     2.73175782e-08    3.3e-06     1.0e+00      6.792e-01
  58     59    390    2.65577730e-08    4.52050478e+06     2.65577730e-08    9.6e-07     1.0e+00      6.791e-01
  59     60    400    2.59720270e-08    4.52085480e+06     2.59720270e-08    1.3e-06     1.0e+00      6.790e-01
  60     61    410    2.54310997e-08    4.51892209e+06     2.54310997e-08    6.0e-07     1.0e+00      6.789e-01
  61     62    420    2.49272971e-08    4.51888646e+06     2.49272971e-08    1.3e-06     1.0e+00      6.788e-01
  62     63    430    2.44613877e-08    4.51785951e+06     2.44613877e-08    6.7e-07     1.0e+00      6.787e-01
  63     64    440    2.40287186e-08    4.51710494e+06     2.40287186e-08    9.3e-07     1.0e+00      6.786e-01
  64     65    450    2.36129593e-08    4.51645827e+06     2.36129593e-08    6.3e-07     1.0e+00      6.786e-01
  65     66    460    2.32153980e-08    4.51519675e+06     2.32153980e-08    8.9e-07     1.0e+00      6.785e-01
  66     67    466    2.29518582e-08    4.51449995e+06     2.29518582e-08    9.1e-07     1.0e+00      6.784e-01
  67     68    476    2.21289834e-08    4.51030273e+06     2.21289834e-08    7.5e-07     1.0e+00      6.781e-01
  68     69    480    2.15741827e-08    4.51175181e+06     2.15741827e-08    1.8e-06     1.0e+00      6.781e-01
  69     70    490    2.11219755e-08    4.51135242e+06     2.11219755e-08    2.3e-06     1.0e+00      6.780e-01
  70     71    493    2.09880535e-08    4.51070172e+06     2.09880535e-08    1.1e-06     1.0e+00      6.780e-01
  71     72    503    2.03072416e-08    4.50720148e+06     2.03072416e-08    9.9e-07     1.0e+00      6.778e-01
  72     73    510    1.98269014e-08    4.50756553e+06     1.98269014e-08    5.4e-07     1.0e+00      6.777e-01
  73     74    515    1.97510768e-08    4.50816377e+06     1.97510768e-08    6.6e-07     1.0e+00      6.777e-01
  74     75    525    1.72836066e-08    4.49763130e+06     1.72836066e-08    4.5e-06     1.0e+00      6.766e-01
  75     76    528    1.63602100e-08    4.49768482e+06     1.63602100e-08    2.8e-06     1.0e+00      6.766e-01
  76     77    534    1.55277423e-08    4.49599142e+06     1.55277423e-08    8.9e-07     1.0e+00      6.766e-01
  77     78    539    1.53931814e-08    4.49630123e+06     1.53931814e-08    5.2e-07     1.0e+00      6.766e-01
  78     79    549    1.50673726e-08    4.49469936e+06     1.50673726e-08    1.2e-06     1.0e+00      6.765e-01
  79     80    551    1.50057582e-08    4.49481631e+06     1.50057582e-08    9.3e-07     1.0e+00      6.765e-01
  80     81    557    1.48038211e-08    4.49453020e+06     1.48038211e-08    4.6e-07     1.0e+00      6.764e-01
  81     82    567    1.42158105e-08    4.49171486e+06     1.42158105e-08    2.9e-06     1.0e+00      6.761e-01
  82     83    570    1.38125519e-08    4.49053843e+06     1.38125519e-08    1.0e-06     1.0e+00      6.761e-01
  83     84    577    1.36831569e-08    4.49097277e+06     1.36831569e-08    4.4e-07     1.0e+00      6.761e-01
  84     85    587    1.31532987e-08    4.48796212e+06     1.31532987e-08    3.0e-06     1.0e+00      6.758e-01
  85     86    589    1.28587866e-08    4.48784733e+06     1.28587866e-08    6.7e-07     1.0e+00      6.757e-01
  86     87    597    1.26656792e-08    4.48767142e+06     1.26656792e-08    2.7e-07     1.0e+00      6.757e-01
  87     88    607    1.21689511e-08    4.48513971e+06     1.21689511e-08    3.3e-06     1.0e+00      6.754e-01
  88     89    609    1.18853331e-08    4.48482182e+06     1.18853331e-08    8.6e-07     1.0e+00      6.754e-01
  89     90    614    1.17563537e-08    4.48398330e+06     1.17563537e-08    2.7e-07     1.0e+00      6.754e-01
  90     91    624    1.16139737e-08    4.48308098e+06     1.16139737e-08    4.1e-07     1.0e+00      6.753e-01
  91     92    631    1.15073196e-08    4.48350743e+06     1.15073196e-08    2.3e-07     1.0e+00      6.753e-01
  92     93    641    1.13129990e-08    4.48170496e+06     1.13129990e-08    9.4e-07     1.0e+00      6.752e-01
  93     94    645    1.12338748e-08    4.48151933e+06     1.12338748e-08    8.0e-07     1.0e+00      6.752e-01
  94     95    652    1.11264228e-08    4.48192159e+06     1.11264228e-08    3.2e-07     1.0e+00      6.752e-01
  95     96    662    1.09643383e-08    4.48048188e+06     1.09643383e-08    7.5e-07     1.0e+00      6.751e-01
  96     97    668    1.08451450e-08    4.48013481e+06     1.08451450e-08    5.8e-07     1.0e+00      6.750e-01
  97     98    678    1.07278001e-08    4.47988973e+06     1.07278001e-08    9.1e-07     1.0e+00      6.750e-01
  98     99    688    1.06133258e-08    4.47916651e+06     1.06133258e-08    4.5e-07     1.0e+00      6.749e-01
  99    100    692    1.05919660e-08    4.47957846e+06     1.05919660e-08    2.8e-07     1.0e+00      6.749e-01
 100    101    702    1.03744523e-08    4.47874321e+06     1.03744523e-08    1.2e-06     1.0e+00      6.748e-01
 101    102    705    1.02920729e-08    4.47818074e+06     1.02920729e-08    1.2e-06     1.0e+00      6.748e-01
 102    103    712    1.01700964e-08    4.47786322e+06     1.01700964e-08    2.2e-07     1.0e+00      6.748e-01
 103    104    722    9.81507590e-09    4.47597266e+06     9.81507590e-09    3.0e-06     1.0e+00      6.745e-01
 104    105    725    9.58523213e-09    4.47552187e+06     9.58523213e-09    5.9e-07     1.0e+00      6.745e-01
 105    106    732    9.48651985e-09    4.47481491e+06     9.48651985e-09    2.4e-07     1.0e+00      6.745e-01
 106    107    742    9.01664232e-09    4.47044685e+06     9.01664232e-09    2.1e-06     1.0e+00      6.741e-01
 107    108    744    8.72841701e-09    4.47073306e+06     8.72841701e-09    5.2e-07     1.0e+00      6.741e-01
 108    109    747    8.64556542e-09    4.47093078e+06     8.64556542e-09    9.3e-07     1.0e+00      6.741e-01
 109    110    752    8.59335800e-09    4.47058558e+06     8.59335800e-09    1.7e-07     1.0e+00      6.741e-01
 110    111    755    8.58379044e-09    4.47089559e+06     8.58379044e-09    1.4e-07     1.0e+00      6.741e-01
 111    112    765    8.23757574e-09    4.46787559e+06     8.23757574e-09    1.1e-06     1.0e+00      6.738e-01
 112    113    771    7.94375296e-09    4.46734628e+06     7.94375296e-09    3.9e-07     1.0e+00      6.738e-01
 113    114    775    7.92130984e-09    4.46778398e+06     7.92130984e-09    4.5e-07     1.0e+00      6.738e-01
 114    115    785    7.82176380e-09    4.46692956e+06     7.82176380e-09    8.1e-07     1.0e+00      6.737e-01
 115    116    787    7.78904168e-09    4.46684887e+06     7.78904168e-09    3.6e-07     1.0e+00      6.737e-01
 116    117    795    7.72687804e-09    4.46676738e+06     7.72687804e-09    2.1e-07     1.0e+00      6.737e-01
 117    118    799    7.71610407e-09    4.46637606e+06     7.71610407e-09    2.9e-07     1.0e+00      6.737e-01
 118    119    809    7.30373757e-09    4.46224089e+06     7.30373757e-09    7.6e-07     1.0e+00      6.733e-01
 119    120    815    6.96809888e-09    4.46262727e+06     6.96809888e-09    2.7e-07     1.0e+00      6.733e-01
 120    121    820    6.93005452e-09    4.46235765e+06     6.93005452e-09    2.4e-07     1.0e+00      6.733e-01
 121    122    830    6.86161516e-09    4.46193443e+06     6.86161516e-09    6.4e-07     1.0e+00      6.732e-01
 122    123    833    6.83753306e-09    4.46193631e+06     6.83753306e-09    3.2e-07     1.0e+00      6.732e-01
 123    124    840    6.79877236e-09    4.46183180e+06     6.79877236e-09    1.7e-07     1.0e+00      6.732e-01
 124    125    846    6.78220392e-09    4.46160975e+06     6.78220392e-09    3.0e-07     1.0e+00      6.732e-01
 125    126    856    6.68835621e-09    4.46023321e+06     6.68835621e-09    1.0e-06     1.0e+00      6.731e-01
 126    127    858    6.63484962e-09    4.46035302e+06     6.63484962e-09    6.2e-07     1.0e+00      6.731e-01
 127    128    862    6.60960970e-09    4.46089307e+06     6.60960970e-09    9.9e-08     1.0e+00      6.731e-01
 128    129    872    6.31319937e-09    4.45814107e+06     6.31319937e-09    2.7e-06     1.0e+00      6.728e-01
 129    130    874    6.09072610e-09    4.45791370e+06     6.09072610e-09    3.5e-07     1.0e+00      6.728e-01
 130    131    882    6.03911607e-09    4.45767874e+06     6.03911607e-09    1.9e-07     1.0e+00      6.728e-01
 131    132    892    5.94418660e-09    4.45676162e+06     5.94418660e-09    1.6e-06     1.0e+00      6.727e-01
 132    133    894    5.88987693e-09    4.45651133e+06     5.88987693e-09    3.1e-07     1.0e+00      6.727e-01
 133    134    896    5.88370649e-09    4.45656602e+06     5.88370649e-09    3.1e-07     1.0e+00      6.727e-01
 134    135    902    5.85440826e-09    4.45643292e+06     5.85440826e-09    2.1e-07     1.0e+00      6.727e-01
 135    136    912    5.72757492e-09    4.45506539e+06     5.72757492e-09    7.2e-07     1.0e+00      6.725e-01
 136    137    916    5.64625536e-09    4.45563382e+06     5.64625536e-09    6.2e-07     1.0e+00      6.725e-01
 137    138    924    5.60217544e-09    4.45501695e+06     5.60217544e-09    1.5e-07     1.0e+00      6.725e-01
 138    139    934    5.54199791e-09    4.45476748e+06     5.54199791e-09    4.2e-07     1.0e+00      6.725e-01
 139    140    937    5.51121434e-09    4.45426231e+06     5.51121434e-09    1.6e-07     1.0e+00      6.725e-01
 140    141    947    5.46813565e-09    4.45405750e+06     5.46813565e-09    6.4e-07     1.0e+00      6.724e-01
 141    142    949    5.45749905e-09    4.45411411e+06     5.45749905e-09    1.7e-07     1.0e+00      6.724e-01
 142    143    959    5.40603307e-09    4.45360180e+06     5.40603307e-09    7.3e-07     1.0e+00      6.724e-01
 143    144    966    5.37019073e-09    4.45361642e+06     5.37019073e-09    1.1e-07     1.0e+00      6.724e-01
 144    145    976    5.11601354e-09    4.45104800e+06     5.11601354e-09    1.8e-06     1.0e+00      6.721e-01
 145    146    978    4.99947277e-09    4.45093140e+06     4.99947277e-09    4.1e-07     1.0e+00      6.721e-01
 146    147    983    4.89144755e-09    4.45034306e+06     4.89144755e-09    1.6e-07     1.0e+00      6.721e-01
 147    148    986    4.88383010e-09    4.45055693e+06     4.88383010e-09    2.0e-07     1.0e+00      6.721e-01
 148    149    996    4.79620662e-09    4.44918777e+06     4.79620662e-09    7.5e-07     1.0e+00      6.720e-01
 149    150    998    4.77919336e-09    4.44901981e+06     4.77919336e-09    4.6e-07     1.0e+00      6.720e-01
 150    151   1005    4.72138408e-09    4.44934288e+06     4.72138408e-09    2.2e-07     1.0e+00      6.720e-01
 151    152   1010    4.71019298e-09    4.44916311e+06     4.71019298e-09    1.8e-07     1.0e+00      6.720e-01
 152    153   1020    4.63683812e-09    4.44852694e+06     4.63683812e-09    5.2e-07     1.0e+00      6.719e-01
 153    154   1025    4.59029573e-09    4.44884434e+06     4.59029573e-09    3.0e-07     1.0e+00      6.719e-01
 154    155   1035    4.55103075e-09    4.44811560e+06     4.55103075e-09    2.4e-07     1.0e+00      6.719e-01
 155    156   1045    4.51794117e-09    4.44824366e+06     4.51794117e-09    3.3e-07     1.0e+00      6.719e-01
 156    157   1055    4.48780749e-09    4.44780751e+06     4.48780749e-09    2.4e-07     1.0e+00      6.718e-01
 157    158   1065    4.45977938e-09    4.44775196e+06     4.45977938e-09    3.2e-07     1.0e+00      6.718e-01
 158    159   1075    4.43254497e-09    4.44745559e+06     4.43254497e-09    1.8e-07     1.0e+00      6.718e-01
 159    160   1085    4.40571086e-09    4.44736674e+06     4.40571086e-09    3.1e-07     1.0e+00      6.718e-01
 160    161   1095    4.37926237e-09    4.44708649e+06     4.37926237e-09    1.9e-07     1.0e+00      6.718e-01
 161    162   1105    4.35308288e-09    4.44699755e+06     4.35308288e-09    3.0e-07     1.0e+00      6.718e-01
 162    163   1115    4.32717359e-09    4.44672224e+06     4.32717359e-09    2.0e-07     1.0e+00      6.717e-01
 163    164   1125    4.30151430e-09    4.44663327e+06     4.30151430e-09    2.9e-07     1.0e+00      6.717e-01
 164    165   1135    4.27610531e-09    4.44636249e+06     4.27610531e-09    2.3e-07     1.0e+00      6.717e-01
 165    166   1141    4.25981272e-09    4.44613352e+06     4.25981272e-09    1.7e-07     1.0e+00      6.717e-01
 166    167   1151    4.23041035e-09    4.44584711e+06     4.23041035e-09    5.1e-07     1.0e+00      6.717e-01
 167    168   1153    4.22094427e-09    4.44591799e+06     4.22094427e-09    1.6e-07     1.0e+00      6.717e-01
 168    169   1159    4.20521516e-09    4.44590499e+06     4.20521516e-09    1.6e-07     1.0e+00      6.717e-01
 169    170   1169    4.01784855e-09    4.44346325e+06     4.01784855e-09    5.9e-07     1.0e+00      6.714e-01
 170    171   1172    3.88019452e-09    4.44315577e+06     3.88019452e-09    4.9e-07     1.0e+00      6.714e-01
 171    172   1178    3.85233493e-09    4.44321469e+06     3.85233493e-09    2.4e-07     1.0e+00      6.714e-01
 172    173   1184    3.84378710e-09    4.44312782e+06     3.84378710e-09    2.2e-07     1.0e+00      6.714e-01
 173    174   1194    3.66166513e-09    4.44091608e+06     3.66166513e-09    3.6e-07     1.0e+00      6.712e-01
 174    175   1201    3.49704007e-09    4.44040202e+06     3.49704007e-09    3.2e-07     1.0e+00      6.712e-01
 175    176   1203    3.49450036e-09    4.44042218e+06     3.49450036e-09    6.7e-08     1.0e+00      6.712e-01
 176    177   1213    3.33307127e-09    4.43746893e+06     3.33307127e-09    8.1e-07     1.0e+00      6.709e-01
 177    178   1217    3.23809987e-09    4.43830776e+06     3.23809987e-09    6.7e-07     1.0e+00      6.709e-01
 178    179   1225    3.18193683e-09    4.43786414e+06     3.18193683e-09    1.8e-07     1.0e+00      6.709e-01
 179    180   1235    3.06343033e-09    4.43483423e+06     3.06343033e-09    7.4e-07     1.0e+00      6.708e-01
 180    181   1238    2.97930242e-09    4.43586036e+06     2.97930242e-09    3.2e-07     1.0e+00      6.708e-01
 181    182   1245    2.95297624e-09    4.43584840e+06     2.95297624e-09    1.7e-07     1.0e+00      6.708e-01
 182    183   1255    2.92458974e-09    4.43561480e+06     2.92458974e-09    4.8e-07     1.0e+00      6.707e-01
 183    184   1259    2.90326278e-09    4.43535309e+06     2.90326278e-09    1.5e-07     1.0e+00      6.707e-01
 184    185   1269    2.88757590e-09    4.43507294e+06     2.88757590e-09    2.7e-07     1.0e+00      6.707e-01
 185    186   1271    2.88454997e-09    4.43514502e+06     2.88454997e-09    2.1e-07     1.0e+00      6.707e-01
 186    187   1277    2.87560714e-09    4.43521330e+06     2.87560714e-09    9.7e-08     1.0e+00      6.707e-01
 187    188   1287    2.85760299e-09    4.43503189e+06     2.85760299e-09    3.6e-07     1.0e+00      6.707e-01
 188    189   1291    2.84588472e-09    4.43475805e+06     2.84588472e-09    2.3e-07     1.0e+00      6.707e-01
 189    190   1301    2.83411229e-09    4.43467887e+06     2.83411229e-09    2.8e-07     1.0e+00      6.707e-01
 190    191   1303    2.83172190e-09    4.43474386e+06     2.83172190e-09    1.9e-07     1.0e+00      6.707e-01
 191    192   1313    2.81526748e-09    4.43441711e+06     2.81526748e-09    6.3e-07     1.0e+00      6.706e-01
 192    193   1315    2.80829358e-09    4.43441485e+06     2.80829358e-09    2.0e-07     1.0e+00      6.706e-01
 193    194   1325    2.79514477e-09    4.43431245e+06     2.79514477e-09    4.0e-07     1.0e+00      6.706e-01
 194    195   1327    2.79120159e-09    4.43439218e+06     2.79120159e-09    1.8e-07     1.0e+00      6.706e-01
 195    196   1337    2.77282191e-09    4.43398541e+06     2.77282191e-09    5.3e-07     1.0e+00      6.706e-01
 196    197   1339    2.76528838e-09    4.43407830e+06     2.76528838e-09    3.2e-07     1.0e+00      6.706e-01
 197    198   1349    2.75354046e-09    4.43397275e+06     2.75354046e-09    2.0e-07     1.0e+00      6.706e-01
 198    199   1359    2.74230545e-09    4.43382137e+06     2.74230545e-09    2.4e-07     1.0e+00      6.706e-01
 199    200   1362    2.73958833e-09    4.43393333e+06     2.73958833e-09    1.6e-07     1.0e+00      6.706e-01
 200    201   1372    2.66922194e-09    4.43282101e+06     2.66922194e-09    5.2e-07     1.0e+00      6.705e-01
 201    202   1378    2.60770446e-09    4.43264965e+06     2.60770446e-09    1.2e-07     1.0e+00      6.705e-01
 202    203   1388    2.57098796e-09    4.43191636e+06     2.57098796e-09    5.1e-07     1.0e+00      6.704e-01
 203    204   1390    2.55624158e-09    4.43193444e+06     2.55624158e-09    1.8e-07     1.0e+00      6.704e-01
 204    205   1396    2.53858082e-09    4.43206750e+06     2.53858082e-09    1.4e-07     1.0e+00      6.704e-01
 205    206   1406    2.51557054e-09    4.43166374e+06     2.51557054e-09    3.1e-07     1.0e+00      6.704e-01
 206    207   1410    2.50093810e-09    4.43145218e+06     2.50093810e-09    2.7e-07     1.0e+00      6.704e-01
 207    208   1420    2.49022066e-09    4.43146923e+06     2.49022066e-09    1.3e-07     1.0e+00      6.704e-01
 208    209   1430    2.48032102e-09    4.43130989e+06     2.48032102e-09    2.0e-07     1.0e+00      6.704e-01
 209    210   1434    2.47596593e-09    4.43145087e+06     2.47596593e-09    2.0e-07     1.0e+00      6.704e-01
 210    211   1444    2.46126339e-09    4.43127765e+06     2.46126339e-09    4.1e-07     1.0e+00      6.703e-01
 211    212   1446    2.45783723e-09    4.43127320e+06     2.45783723e-09    1.5e-07     1.0e+00      6.703e-01
 212    213   1453    2.44789606e-09    4.43113864e+06     2.44789606e-09    7.8e-08     1.0e+00      6.703e-01
 213    214   1463    2.40807882e-09    4.43048643e+06     2.40807882e-09    9.5e-07     1.0e+00      6.703e-01
 214    215   1465    2.38227675e-09    4.43045423e+06     2.38227675e-09    1.5e-07     1.0e+00      6.703e-01
 215    216   1473    2.36943851e-09    4.43034891e+06     2.36943851e-09    7.7e-08     1.0e+00      6.703e-01
 216    217   1483    2.34636458e-09    4.43002673e+06     2.34636458e-09    5.6e-07     1.0e+00      6.702e-01
 217    218   1488    2.32906146e-09    4.42974771e+06     2.32906146e-09    3.1e-07     1.0e+00      6.702e-01
 218    219   1498    2.32008757e-09    4.42977431e+06     2.32008757e-09    1.7e-07     1.0e+00      6.702e-01
 219    220   1508    2.31159421e-09    4.42960045e+06     2.31159421e-09    1.4e-07     1.0e+00      6.702e-01
 220    221   1518    2.30320812e-09    4.42960139e+06     2.30320812e-09    1.6e-07     1.0e+00      6.702e-01
 221    222   1528    2.29492749e-09    4.42942789e+06     2.29492749e-09    1.3e-07     1.0e+00      6.702e-01
 222    223   1538    2.28680359e-09    4.42942888e+06     2.28680359e-09    1.3e-07     1.0e+00      6.702e-01
 223    224   1548    2.27875562e-09    4.42925823e+06     2.27875562e-09    1.3e-07     1.0e+00      6.702e-01
 224    225   1558    2.27078469e-09    4.42926206e+06     2.27078469e-09    1.4e-07     1.0e+00      6.702e-01
 225    226   1568    2.26287072e-09    4.42909183e+06     2.26287072e-09    1.3e-07     1.0e+00      6.702e-01
 226    227   1578    2.25501567e-09    4.42909585e+06     2.25501567e-09    1.5e-07     1.0e+00      6.702e-01
 227    228   1588    2.24721518e-09    4.42892756e+06     2.24721518e-09    1.3e-07     1.0e+00      6.702e-01
 228    229   1598    2.23947070e-09    4.42893103e+06     2.23947070e-09    1.5e-07     1.0e+00      6.702e-01
 229    230   1608    2.23177801e-09    4.42876527e+06     2.23177801e-09    1.3e-07     1.0e+00      6.701e-01
 230    231   1618    2.22413811e-09    4.42876762e+06     2.22413811e-09    1.5e-07     1.0e+00      6.701e-01
 231    232   1628    2.21654711e-09    4.42860476e+06     2.21654711e-09    1.3e-07     1.0e+00      6.701e-01
 232    233   1638    2.20900573e-09    4.42860564e+06     2.20900573e-09    1.5e-07     1.0e+00      6.701e-01
 233    234   1648    2.20151054e-09    4.42844584e+06     2.20151054e-09    1.3e-07     1.0e+00      6.701e-01
 234    235   1658    2.19406207e-09    4.42844502e+06     2.19406207e-09    1.5e-07     1.0e+00      6.701e-01
 235    236   1668    2.18665743e-09    4.42828832e+06     2.18665743e-09    1.3e-07     1.0e+00      6.701e-01
 236    237   1678    2.17929700e-09    4.42828577e+06     2.17929700e-09    1.5e-07     1.0e+00      6.701e-01
 237    238   1688    2.17197842e-09    4.42813205e+06     2.17197842e-09    1.3e-07     1.0e+00      6.701e-01
 238    239   1698    2.16470201e-09    4.42812782e+06     2.16470201e-09    1.5e-07     1.0e+00      6.701e-01
 239    240   1708    2.15746581e-09    4.42797692e+06     2.15746581e-09    1.3e-07     1.0e+00      6.701e-01
 240    241   1718    2.15027011e-09    4.42797114e+06     2.15027011e-09    1.5e-07     1.0e+00      6.701e-01
 241    242   1728    2.14311329e-09    4.42782285e+06     2.14311329e-09    1.3e-07     1.0e+00      6.701e-01
 242    243   1738    2.13599560e-09    4.42781566e+06     2.13599560e-09    1.5e-07     1.0e+00      6.701e-01
 243    244   1748    2.12891571e-09    4.42766977e+06     2.12891571e-09    1.3e-07     1.0e+00      6.700e-01
 244    245   1758    2.12187383e-09    4.42766134e+06     2.12187383e-09    1.5e-07     1.0e+00      6.700e-01
 245    246   1764    2.11773549e-09    4.42771482e+06     2.11773549e-09    1.2e-07     1.0e+00      6.700e-01
 246    247   1774    2.09963127e-09    4.42738929e+06     2.09963127e-09    5.6e-07     1.0e+00      6.700e-01
 247    248   1777    2.09065219e-09    4.42731233e+06     2.09065219e-09    3.1e-07     1.0e+00      6.700e-01
 248    249   1783    2.08235745e-09    4.42728894e+06     2.08235745e-09    6.6e-08     1.0e+00      6.700e-01
 249    250   1789    2.07664852e-09    4.42711970e+06     2.07664852e-09    1.5e-07     1.0e+00      6.700e-01
 250    251   1797    2.07024607e-09    4.42712458e+06     2.07024607e-09    7.8e-08     1.0e+00      6.700e-01
 251    252   1807    2.05723402e-09    4.42667883e+06     2.05723402e-09    2.5e-07     1.0e+00      6.700e-01
 252    253   1810    2.04881124e-09    4.42691121e+06     2.04881124e-09    1.4e-07     1.0e+00      6.700e-01
 253    254   1817    2.04442810e-09    4.42681818e+06     2.04442810e-09    7.2e-08     1.0e+00      6.700e-01
 254    255   1827    1.76559747e-09    4.42060338e+06     1.76559747e-09    3.2e-06     1.0e+00      6.695e-01
 255    256   1829    1.56328252e-09    4.42069831e+06     1.56328252e-09    3.6e-07     1.0e+00      6.695e-01
 256    257   1834    1.54558831e-09    4.42075811e+06     1.54558831e-09    7.8e-08     1.0e+00      6.695e-01
 257    258   1844    1.52775769e-09    4.42033447e+06     1.52775769e-09    6.5e-07     1.0e+00      6.694e-01
 258    259   1848    1.51298909e-09    4.42018588e+06     1.51298909e-09    1.6e-07     1.0e+00      6.694e-01
 259    260   1852    1.51137158e-09    4.42024566e+06     1.51137158e-09    5.5e-08     1.0e+00      6.694e-01
 260    261   1862    1.48660804e-09    4.41926899e+06     1.48660804e-09    5.2e-07     1.0e+00      6.694e-01
 261    262   1865    1.46854363e-09    4.41967129e+06     1.46854363e-09    2.8e-07     1.0e+00      6.694e-01
 262    263   1870    1.46304520e-09    4.41962017e+06     1.46304520e-09    4.5e-08     1.0e+00      6.694e-01
 263    264   1880    1.44963303e-09    4.41942059e+06     1.44963303e-09    2.2e-07     1.0e+00      6.694e-01
 264    265   1885    1.43821586e-09    4.41919101e+06     1.43821586e-09    2.1e-07     1.0e+00      6.693e-01
 265    266   1895    1.43226660e-09    4.41909250e+06     1.43226660e-09    2.5e-07     1.0e+00      6.693e-01
 266    267   1897    1.43070365e-09    4.41907824e+06     1.43070365e-09    1.3e-07     1.0e+00      6.693e-01
 267    268   1903    1.42758997e-09    4.41913950e+06     1.42758997e-09    4.7e-08     1.0e+00      6.693e-01
 268    269   1913    1.35831979e-09    4.41730433e+06     1.35831979e-09    1.0e-06     1.0e+00      6.692e-01
 269    270   1915    1.31483436e-09    4.41726967e+06     1.31483436e-09    1.5e-07     1.0e+00      6.692e-01
 270    271   1920    1.29536420e-09    4.41716033e+06     1.29536420e-09    7.9e-08     1.0e+00      6.692e-01
 271    272   1930    1.28978719e-09    4.41707591e+06     1.28978719e-09    1.9e-07     1.0e+00      6.692e-01
 272    273   1937    1.28498146e-09    4.41709575e+06     1.28498146e-09    5.9e-08     1.0e+00      6.692e-01
 273    274   1947    1.27239882e-09    4.41687987e+06     1.27239882e-09    3.8e-07     1.0e+00      6.691e-01
 274    275   1951    1.26217229e-09    4.41671341e+06     1.26217229e-09    1.8e-07     1.0e+00      6.691e-01
 275    276   1961    1.25884731e-09    4.41662898e+06     1.25884731e-09    6.7e-08     1.0e+00      6.691e-01
 276    277   1971    1.25578366e-09    4.41658265e+06     1.25578366e-09    1.1e-07     1.0e+00      6.691e-01
 277    278   1976    1.25423866e-09    4.41665340e+06     1.25423866e-09    7.1e-08     1.0e+00      6.691e-01
 278    279   1986    1.23176068e-09    4.41600881e+06     1.23176068e-09    2.8e-07     1.0e+00      6.691e-01
 279    280   1991    1.21091105e-09    4.41592400e+06     1.21091105e-09    8.0e-08     1.0e+00      6.691e-01
 280    281   2001    1.20597465e-09    4.41580182e+06     1.20597465e-09    1.4e-07     1.0e+00      6.691e-01
 281    282   2006    1.20187588e-09    4.41588184e+06     1.20187588e-09    6.2e-08     1.0e+00      6.691e-01
 282    283   2016    1.18978734e-09    4.41549381e+06     1.18978734e-09    2.2e-07     1.0e+00      6.690e-01
 283    284   2022    1.17851200e-09    4.41543970e+06     1.17851200e-09    5.1e-08     1.0e+00      6.690e-01
 284    285   2032    1.17115872e-09    4.41522836e+06     1.17115872e-09    3.6e-07     1.0e+00      6.690e-01
 285    286   2037    1.16505302e-09    4.41530524e+06     1.16505302e-09    9.6e-08     1.0e+00      6.690e-01
 286    287   2047    1.15982825e-09    4.41515440e+06     1.15982825e-09    2.3e-07     1.0e+00      6.690e-01
 287    288   2049    1.15848694e-09    4.41513174e+06     1.15848694e-09    7.9e-08     1.0e+00      6.690e-01
 288    289   2053    1.15567602e-09    4.41508039e+06     1.15567602e-09    5.6e-08     1.0e+00      6.690e-01
 289    290   2063    1.13637951e-09    4.41452438e+06     1.13637951e-09    6.1e-07     1.0e+00      6.690e-01
 290    291   2065    1.12670706e-09    4.41454273e+06     1.12670706e-09    2.3e-07     1.0e+00      6.690e-01
 291    292   2071    1.11825881e-09    4.41452841e+06     1.11825881e-09    4.5e-08     1.0e+00      6.689e-01
 292    293   2081    1.11210446e-09    4.41451736e+06     1.11210446e-09    2.0e-07     1.0e+00      6.689e-01
 293    294   2083    1.10984442e-09    4.41446332e+06     1.10984442e-09    9.3e-08     1.0e+00      6.689e-01
 294    295   2092    1.10603996e-09    4.41435843e+06     1.10603996e-09    4.0e-08     1.0e+00      6.689e-01
 295    296   2102    1.10206354e-09    4.41432448e+06     1.10206354e-09    1.8e-07     1.0e+00      6.689e-01
 296    297   2112    1.09818261e-09    4.41424061e+06     1.09818261e-09    4.5e-08     1.0e+00      6.689e-01
 297    298   2122    1.09459481e-09    4.41419769e+06     1.09459481e-09    1.8e-07     1.0e+00      6.689e-01
 298    299   2129    1.09168730e-09    4.41407749e+06     1.09168730e-09    3.5e-08     1.0e+00      6.689e-01
 299    300   2139    1.08168362e-09    4.41378236e+06     1.08168362e-09    4.0e-07     1.0e+00      6.689e-01
 300    301   2141    1.07581282e-09    4.41384485e+06     1.07581282e-09    1.7e-07     1.0e+00      6.689e-01
LMQNBC: termination 5
>> >> >> >> >> >> >> >> >> >> >> >> >> >> >> >> >> >> >> >> >> 