
                            < M A T L A B (R) >
                  Copyright 1984-2013 The MathWorks, Inc.
                    R2013a (8.1.0.604) 64-bit (glnxa64)
                             February 15, 2013

 
To get started, type one of these: helpwin, helpdesk, or demo.
For product information, visit www.mathworks.com.
 
>> >> >> >> >> >> >> >> X-ray simulation startup file...
====== Fluorescence Detector Resolution is 5
====== Angle Number  1 of 4: 0
====== Angle Number  2 of 4: 60
====== Angle Number  3 of 4: 120
====== Angle Number  4 of 4: 180
>> >> >> >> >> >> >> >> >> >> >> >> >> ====== With Self Absorption, Transmission Detector Resolution is 6
>> >> >> >> >> >> >> >> >> >> >> >> >> >> >> >> >> >> >> >> >> >> >> >> >> >> >> >> >> >> >> #######==============Beta= 0.000000, TempBeta = 1.000000 
  it     nf     cg           f             f_xrf             f_xtm            |g|        alpha        error
   0      1      0    4.65845180e+08    4.65845180e+08    2.18335796e-01    1.9e+09     1.0e+00      4.976e-01
   1      2      2    6.70972486e+06    6.70972486e+06     5.95638311e-03    1.9e+08     1.0e+00      4.406e-01
   2      3      5    4.90955796e+05    4.90955796e+05     4.36463830e-03    1.2e+07     1.0e+00      4.222e-01
   3      4      9    3.59599307e+04    3.59599307e+04     4.48615625e-03    7.3e+05     1.0e+00      4.110e-01
   4      5     15    1.64889032e+03    1.64889032e+03     5.39550523e-03    2.0e+05     1.0e+00      3.930e-01
   5      6     19    3.64327011e+02    3.64327011e+02     5.45164093e-03    3.2e+04     1.0e+00      3.926e-01
   6      7     23    2.04926712e+02    2.04926712e+02     5.50877809e-03    2.8e+04     1.0e+00      3.922e-01
   7      8     31    1.11475889e+02    1.11475889e+02     5.54431902e-03    8.3e+03     1.0e+00      3.917e-01
   8      9     33    1.06994406e+02    1.06994406e+02     5.54093410e-03    1.5e+04     1.0e+00      3.917e-01
   9     10     43    5.08500670e+01    5.08500670e+01     5.49154028e-03    8.4e+03     1.0e+00      3.913e-01
  10     11     46    4.61468454e+01    4.61468454e+01     5.49446013e-03    5.0e+03     1.0e+00      3.913e-01
  11     12     50    4.49098004e+01    4.49098004e+01     5.49564479e-03    3.3e+03     1.0e+00      3.913e-01
  12     13     57    4.17334477e+01    4.17334477e+01     5.50039491e-03    2.0e+03     1.0e+00      3.911e-01
  13     14     61    4.06954446e+01    4.06954446e+01     5.49807504e-03    1.6e+03     1.0e+00      3.911e-01
  14     15     71    3.71585281e+01    3.71585281e+01     5.48959842e-03    3.8e+03     1.0e+00      3.902e-01
  15     16     79    3.46160420e+01    3.46160420e+01     5.48781512e-03    1.5e+03     1.0e+00      3.897e-01
  16     17     89    3.29614468e+01    3.29614468e+01     5.48472173e-03    1.7e+03     1.0e+00      3.891e-01
  17     18     92    3.27245365e+01    3.27245365e+01     5.48182956e-03    1.5e+03     1.0e+00      3.891e-01
  18     19    101    3.17155539e+01    3.17155539e+01     5.47612467e-03    1.5e+03     1.0e+00      3.887e-01
  19     20    103    3.16595198e+01    3.16595198e+01     5.47604783e-03    1.8e+03     1.0e+00      3.887e-01
  20     21    108    3.12411930e+01    3.12411930e+01     5.47437523e-03    1.1e+03     1.0e+00      3.886e-01
  21     22    114    3.10966281e+01    3.10966281e+01     5.47615639e-03    1.4e+03     1.0e+00      3.886e-01
  22     23    124    2.87748777e+01    2.87748777e+01     5.44193010e-03    1.1e+04     1.0e+00      3.866e-01
  23     24    126    2.82818614e+01    2.82818614e+01     5.44286759e-03    1.6e+03     1.0e+00      3.866e-01
  24     25    135    2.76012599e+01    2.76012599e+01     5.44803069e-03    9.3e+02     1.0e+00      3.864e-01
  25     26    139    2.75481783e+01    2.75481783e+01     5.44738901e-03    6.4e+02     1.0e+00      3.864e-01
  26     27    149    2.72382667e+01    2.72382667e+01     5.43364309e-03    8.9e+02     1.0e+00      3.858e-01
  27     28    153    2.71526884e+01    2.71526884e+01     5.43510617e-03    6.4e+02     1.0e+00      3.858e-01
  28     29    163    2.68783852e+01    2.68783852e+01     5.42473479e-03    1.2e+03     1.0e+00      3.853e-01
  29     30    168    2.68117991e+01    2.68117991e+01     5.42310368e-03    5.1e+02     1.0e+00      3.852e-01
  30     31    172    2.67750035e+01    2.67750035e+01     5.42230148e-03    3.0e+02     1.0e+00      3.852e-01
  31     32    178    2.67434730e+01    2.67434730e+01     5.42053181e-03    4.6e+02     1.0e+00      3.851e-01
  32     33    188    2.63738013e+01    2.63738013e+01     5.38903236e-03    1.6e+03     1.0e+00      3.837e-01
  33     34    190    2.63407387e+01    2.63407387e+01     5.38908789e-03    4.0e+02     1.0e+00      3.837e-01
  34     35    200    2.61156453e+01    2.61156453e+01     5.38410725e-03    5.0e+02     1.0e+00      3.834e-01
  35     36    210    2.60655579e+01    2.60655579e+01     5.37863854e-03    5.5e+02     1.0e+00      3.832e-01
  36     37    214    2.60541154e+01    2.60541154e+01     5.37839022e-03    4.2e+02     1.0e+00      3.832e-01
  37     38    224    2.59500759e+01    2.59500759e+01     5.36355503e-03    3.5e+02     1.0e+00      3.825e-01
  38     39    228    2.58981012e+01    2.58981012e+01     5.36154320e-03    2.1e+02     1.0e+00      3.825e-01
  39     40    233    2.58802671e+01    2.58802671e+01     5.36093625e-03    3.1e+02     1.0e+00      3.825e-01
  40     41    243    2.57922723e+01    2.57922723e+01     5.34530990e-03    4.1e+02     1.0e+00      3.818e-01
  41     42    247    2.57512347e+01    2.57512347e+01     5.34310785e-03    2.2e+02     1.0e+00      3.818e-01
  42     43    252    2.57344459e+01    2.57344459e+01     5.34334856e-03    3.2e+02     1.0e+00      3.817e-01
  43     44    262    2.56887707e+01    2.56887707e+01     5.33518972e-03    1.4e+03     1.0e+00      3.814e-01
  44     45    264    2.56786124e+01    2.56786124e+01     5.33519322e-03    5.3e+02     1.0e+00      3.814e-01
  45     46    274    2.56386053e+01    2.56386053e+01     5.32988121e-03    4.6e+02     1.0e+00      3.812e-01
  46     47    277    2.56325455e+01    2.56325455e+01     5.32960526e-03    1.8e+02     1.0e+00      3.812e-01
  47     48    287    2.55679953e+01    2.55679953e+01     5.31770631e-03    8.4e+02     1.0e+00      3.807e-01
  48     49    296    2.55085947e+01    2.55085947e+01     5.31205783e-03    3.2e+02     1.0e+00      3.805e-01
  49     50    304    2.54795242e+01    2.54795242e+01     5.30651835e-03    2.8e+02     1.0e+00      3.803e-01
  50     51    309    2.54648166e+01    2.54648166e+01     5.30627228e-03    1.4e+02     1.0e+00      3.802e-01
  51     52    313    2.54598106e+01    2.54598106e+01     5.30531494e-03    3.8e+02     1.0e+00      3.802e-01
  52     53    317    2.54568202e+01    2.54568202e+01     5.30506858e-03    1.5e+02     1.0e+00      3.802e-01
  53     54    327    2.52797264e+01    2.52797264e+01     5.25095968e-03    1.9e+03     1.0e+00      3.782e-01
  54     55    330    2.52220764e+01    2.52220764e+01     5.25107587e-03    7.5e+02     1.0e+00      3.782e-01
  55     56    337    2.51360144e+01    2.51360144e+01     5.25227938e-03    2.8e+02     1.0e+00      3.781e-01
  56     57    341    2.51224180e+01    2.51224180e+01     5.25099879e-03    2.4e+02     1.0e+00      3.781e-01
  57     58    351    2.50877061e+01    2.50877061e+01     5.24354191e-03    2.6e+02     1.0e+00      3.778e-01
  58     59    356    2.50679747e+01    2.50679747e+01     5.24209352e-03    3.9e+02     1.0e+00      3.777e-01
  59     60    362    2.50595223e+01    2.50595223e+01     5.24080717e-03    1.6e+02     1.0e+00      3.777e-01
  60     61    372    2.49244574e+01    2.49244574e+01     5.19568669e-03    2.4e+03     1.0e+00      3.760e-01
  61     62    377    2.48289524e+01    2.48289524e+01     5.19327626e-03    5.8e+02     1.0e+00      3.759e-01
  62     63    381    2.48116657e+01    2.48116657e+01     5.19372190e-03    5.1e+02     1.0e+00      3.759e-01
  63     64    390    2.47793594e+01    2.47793594e+01     5.19044478e-03    1.8e+02     1.0e+00      3.757e-01
  64     65    397    2.47553902e+01    2.47553902e+01     5.18402574e-03    2.8e+02     1.0e+00      3.756e-01
  65     66    401    2.47501912e+01    2.47501912e+01     5.18408578e-03    3.1e+02     1.0e+00      3.755e-01
  66     67    405    2.47471964e+01    2.47471964e+01     5.18395111e-03    1.8e+02     1.0e+00      3.755e-01
  67     68    414    2.47022501e+01    2.47022501e+01     5.17168298e-03    2.1e+02     1.0e+00      3.750e-01
  68     69    424    2.46574663e+01    2.46574663e+01     5.16720299e-03    2.5e+02     1.0e+00      3.749e-01
  69     70    433    2.46161054e+01    2.46161054e+01     5.15629377e-03    4.9e+02     1.0e+00      3.744e-01
  70     71    439    2.45836086e+01    2.45836086e+01     5.15410235e-03    1.4e+02     1.0e+00      3.743e-01
  71     72    443    2.45778316e+01    2.45778316e+01     5.15301129e-03    2.6e+02     1.0e+00      3.743e-01
  72     73    453    2.34166841e+01    2.34166841e+01     4.47579373e-03    6.5e+03     1.0e+00      3.478e-01
  73     74    458    2.17873240e+01    2.17873240e+01     4.48380666e-03    1.9e+03     1.0e+00      3.477e-01
  74     75    467    2.12750193e+01    2.12750193e+01     4.47719597e-03    2.3e+02     1.0e+00      3.476e-01
  75     76    471    2.12672602e+01    2.12672602e+01     4.47729323e-03    1.3e+02     1.0e+00      3.476e-01
  76     77    481    2.08150559e+01    2.08150559e+01     4.29551292e-03    2.7e+03     1.0e+00      3.405e-01
  77     78    486    2.04619213e+01    2.04619213e+01     4.29584608e-03    3.9e+02     1.0e+00      3.404e-01
  78     79    491    2.04453732e+01    2.04453732e+01     4.29546816e-03    4.1e+02     1.0e+00      3.404e-01
  79     80    501    2.04084979e+01    2.04084979e+01     4.29353749e-03    9.0e+01     1.0e+00      3.403e-01
  80     81    511    2.03636242e+01    2.03636242e+01     4.27898728e-03    1.3e+03     1.0e+00      3.397e-01
  81     82    521    2.03205903e+01    2.03205903e+01     4.27732328e-03    1.1e+02     1.0e+00      3.396e-01
  82     83    531    2.02926403e+01    2.02926403e+01     4.26794177e-03    4.4e+02     1.0e+00      3.393e-01
  83     84    538    2.02749593e+01    2.02749593e+01     4.26772713e-03    1.5e+02     1.0e+00      3.392e-01
  84     85    543    2.02709334e+01    2.02709334e+01     4.26725740e-03    2.5e+02     1.0e+00      3.392e-01
  85     86    553    2.02380997e+01    2.02380997e+01     4.25824005e-03    4.4e+02     1.0e+00      3.388e-01
  86     87    557    2.02148383e+01    2.02148383e+01     4.25629589e-03    5.1e+02     1.0e+00      3.387e-01
  87     88    562    2.02088460e+01    2.02088460e+01     4.25574196e-03    1.3e+02     1.0e+00      3.387e-01
  88     89    572    2.01205561e+01    2.01205561e+01     4.22127644e-03    2.2e+03     1.0e+00      3.373e-01
  89     90    576    2.00507527e+01    2.00507527e+01     4.22156566e-03    3.9e+02     1.0e+00      3.373e-01
  90     91    586    2.00142834e+01    2.00142834e+01     4.21552947e-03    2.8e+02     1.0e+00      3.370e-01
  91     92    591    2.00027748e+01    2.00027748e+01     4.21411800e-03    1.4e+02     1.0e+00      3.369e-01
  92     93    594    1.99982339e+01    1.99982339e+01     4.21367936e-03    4.2e+02     1.0e+00      3.369e-01
  93     94    604    1.99620476e+01    1.99620476e+01     4.20003353e-03    6.1e+02     1.0e+00      3.364e-01
  94     95    609    1.99427381e+01    1.99427381e+01     4.20019623e-03    2.9e+02     1.0e+00      3.364e-01
  95     96    619    1.99141770e+01    1.99141770e+01     4.19518908e-03    2.8e+02     1.0e+00      3.361e-01
  96     97    621    1.99117585e+01    1.99117585e+01     4.19515937e-03    1.1e+02     1.0e+00      3.361e-01
  97     98    631    1.98867312e+01    1.98867312e+01     4.18884035e-03    2.3e+02     1.0e+00      3.359e-01
  98     99    638    1.98724445e+01    1.98724445e+01     4.18787838e-03    1.7e+02     1.0e+00      3.358e-01
  99    100    643    1.98674241e+01    1.98674241e+01     4.18699231e-03    1.8e+02     1.0e+00      3.358e-01
 100    101    653    1.82116058e+01    1.82116058e+01     3.61758402e-03    3.8e+03     1.0e+00      3.106e-01
 101    102    659    1.72452520e+01    1.72452520e+01     3.61262911e-03    5.0e+02     1.0e+00      3.106e-01
 102    103    663    1.71984654e+01    1.71984654e+01     3.61328626e-03    1.1e+03     1.0e+00      3.106e-01
 103    104    667    1.71707545e+01    1.71707545e+01     3.61324872e-03    4.5e+02     1.0e+00      3.106e-01
 104    105    675    1.70945730e+01    1.70945730e+01     3.61259598e-03    9.7e+01     1.0e+00      3.105e-01
 105    106    685    1.69404889e+01    1.69404889e+01     3.55883865e-03    3.9e+02     1.0e+00      3.082e-01
 106    107    689    1.68481353e+01    1.68481353e+01     3.55736922e-03    3.7e+02     1.0e+00      3.081e-01
 107    108    693    1.68260395e+01    1.68260395e+01     3.55786197e-03    5.2e+02     1.0e+00      3.081e-01
 108    109    697    1.68199800e+01    1.68199800e+01     3.55780019e-03    1.7e+02     1.0e+00      3.081e-01
 109    110    706    1.67961659e+01    1.67961659e+01     3.55463459e-03    1.2e+02     1.0e+00      3.079e-01
 110    111    710    1.67896132e+01    1.67896132e+01     3.55402385e-03    1.3e+02     1.0e+00      3.079e-01
 111    112    720    1.67671039e+01    1.67671039e+01     3.54593888e-03    4.1e+02     1.0e+00      3.076e-01
 112    113    724    1.67540186e+01    1.67540186e+01     3.54585386e-03    2.8e+02     1.0e+00      3.076e-01
 113    114    729    1.67512571e+01    1.67512571e+01     3.54573646e-03    2.1e+02     1.0e+00      3.075e-01
 114    115    739    1.67193124e+01    1.67193124e+01     3.53596061e-03    4.6e+02     1.0e+00      3.071e-01
 115    116    746    1.66896162e+01    1.66896162e+01     3.53354982e-03    9.0e+01     1.0e+00      3.070e-01
 116    117    756    1.66268180e+01    1.66268180e+01     3.51190281e-03    9.2e+02     1.0e+00      3.059e-01
 117    118    760    1.65981641e+01    1.65981641e+01     3.51049560e-03    3.3e+02     1.0e+00      3.059e-01
 118    119    764    1.65848761e+01    1.65848761e+01     3.51031791e-03    3.0e+02     1.0e+00      3.059e-01
 119    120    774    1.65590759e+01    1.65590759e+01     3.50630129e-03    3.4e+02     1.0e+00      3.057e-01
 120    121    781    1.65422116e+01    1.65422116e+01     3.50299359e-03    2.2e+02     1.0e+00      3.055e-01
 121    122    786    1.65363811e+01    1.65363811e+01     3.50229371e-03    1.2e+02     1.0e+00      3.055e-01
 122    123    796    1.65150086e+01    1.65150086e+01     3.49607510e-03    2.4e+02     1.0e+00      3.053e-01
 123    124    800    1.65032750e+01    1.65032750e+01     3.49504521e-03    4.2e+02     1.0e+00      3.052e-01
 124    125    803    1.64990216e+01    1.64990216e+01     3.49495470e-03    1.0e+02     1.0e+00      3.052e-01
 125    126    813    1.63805663e+01    1.63805663e+01     3.44999250e-03    2.5e+03     1.0e+00      3.030e-01
 126    127    817    1.62953227e+01    1.62953227e+01     3.44850142e-03    3.6e+02     1.0e+00      3.030e-01
 127    128    827    1.62537397e+01    1.62537397e+01     3.44472283e-03    1.1e+02     1.0e+00      3.029e-01
 128    129    837    1.62239287e+01    1.62239287e+01     3.43605056e-03    3.4e+02     1.0e+00      3.024e-01
 129    130    847    1.61964144e+01    1.61964144e+01     3.43336566e-03    4.2e+02     1.0e+00      3.023e-01
 130    131    857    1.61717205e+01    1.61717205e+01     3.42566288e-03    4.2e+02     1.0e+00      3.020e-01
 131    132    864    1.61559660e+01    1.61559660e+01     3.42528071e-03    1.0e+02     1.0e+00      3.019e-01
 132    133    869    1.61522066e+01    1.61522066e+01     3.42466573e-03    2.0e+02     1.0e+00      3.019e-01
 133    134    879    1.61244256e+01    1.61244256e+01     3.41550483e-03    3.9e+02     1.0e+00      3.015e-01
 134    135    883    1.61050475e+01    1.61050475e+01     3.41409754e-03    4.0e+02     1.0e+00      3.014e-01
 135    136    889    1.60996399e+01    1.60996399e+01     3.41413020e-03    2.0e+02     1.0e+00      3.014e-01
 136    137    899    1.59875059e+01    1.59875059e+01     3.37271248e-03    1.0e+03     1.0e+00      2.994e-01
 137    138    903    1.59131395e+01    1.59131395e+01     3.37037924e-03    2.6e+02     1.0e+00      2.993e-01
 138    139    908    1.58942638e+01    1.58942638e+01     3.37046025e-03    5.7e+02     1.0e+00      2.993e-01
 139    140    918    1.58700899e+01    1.58700899e+01     3.36753947e-03    1.6e+02     1.0e+00      2.992e-01
 140    141    922    1.58649917e+01    1.58649917e+01     3.36649624e-03    1.9e+02     1.0e+00      2.992e-01
 141    142    927    1.58616742e+01    1.58616742e+01     3.36622804e-03    1.6e+02     1.0e+00      2.991e-01
 142    143    937    1.57443981e+01    1.57443981e+01     3.32118055e-03    5.2e+02     1.0e+00      2.970e-01
 143    144    941    1.56521672e+01    1.56521672e+01     3.32053337e-03    3.9e+02     1.0e+00      2.969e-01
 144    145    951    1.56218268e+01    1.56218268e+01     3.31760049e-03    1.7e+02     1.0e+00      2.968e-01
 145    146    953    1.56209579e+01    1.56209579e+01     3.31757231e-03    9.4e+01     1.0e+00      2.968e-01
 146    147    963    1.55909480e+01    1.55909480e+01     3.30798861e-03    6.8e+02     1.0e+00      2.963e-01
 147    148    967    1.55807873e+01    1.55807873e+01     3.30778760e-03    3.2e+02     1.0e+00      2.963e-01
 148    149    974    1.55623105e+01    1.55623105e+01     3.30561902e-03    9.6e+01     1.0e+00      2.962e-01
 149    150    977    1.55576495e+01    1.55576495e+01     3.30503602e-03    1.7e+02     1.0e+00      2.962e-01
 150    151    987    1.53439611e+01    1.53439611e+01     3.22288192e-03    1.3e+03     1.0e+00      2.922e-01
 151    152    990    1.51948749e+01    1.51948749e+01     3.22221660e-03    4.9e+02     1.0e+00      2.922e-01
 152    153    995    1.51525638e+01    1.51525638e+01     3.22095774e-03    5.0e+02     1.0e+00      2.921e-01
 153    154    998    1.51430640e+01    1.51430640e+01     3.22077287e-03    2.3e+02     1.0e+00      2.921e-01
 154    155   1008    1.51226504e+01    1.51226504e+01     3.21666969e-03    6.5e+02     1.0e+00      2.919e-01
 155    156   1011    1.51201094e+01    1.51201094e+01     3.21664787e-03    8.6e+01     1.0e+00      2.919e-01
 156    157   1021    1.50907008e+01    1.50907008e+01     3.20849438e-03    5.3e+02     1.0e+00      2.915e-01
 157    158   1023    1.50860899e+01    1.50860899e+01     3.20843320e-03    3.2e+02     1.0e+00      2.915e-01
 158    159   1029    1.50729847e+01    1.50729847e+01     3.20710678e-03    1.3e+02     1.0e+00      2.915e-01
 159    160   1035    1.50670287e+01    1.50670287e+01     3.20661765e-03    1.6e+02     1.0e+00      2.914e-01
 160    161   1045    1.50164603e+01    1.50164603e+01     3.18826821e-03    4.9e+02     1.0e+00      2.905e-01
 161    162   1050    1.49872855e+01    1.49872855e+01     3.18699750e-03    4.9e+02     1.0e+00      2.905e-01
 162    163   1056    1.49763007e+01    1.49763007e+01     3.18712499e-03    4.1e+02     1.0e+00      2.905e-01
 163    164   1066    1.49577593e+01    1.49577593e+01     3.18399983e-03    1.4e+02     1.0e+00      2.903e-01
 164    165   1073    1.49471815e+01    1.49471815e+01     3.18235314e-03    1.9e+02     1.0e+00      2.902e-01
 165    166   1078    1.49429915e+01    1.49429915e+01     3.18171226e-03    9.5e+01     1.0e+00      2.902e-01
 166    167   1088    1.47666962e+01    1.47666962e+01     3.11581735e-03    4.3e+02     1.0e+00      2.869e-01
 167    168   1093    1.46399914e+01    1.46399914e+01     3.11286644e-03    5.2e+02     1.0e+00      2.868e-01
 168    169   1098    1.46090380e+01    1.46090380e+01     3.11311492e-03    5.3e+02     1.0e+00      2.868e-01
 169    170   1108    1.45879860e+01    1.45879860e+01     3.11007509e-03    2.1e+02     1.0e+00      2.867e-01
 170    171   1118    1.45725848e+01    1.45725848e+01     3.10666577e-03    3.4e+02     1.0e+00      2.865e-01
 171    172   1123    1.45647313e+01    1.45647313e+01     3.10593586e-03    9.3e+01     1.0e+00      2.865e-01
 172    173   1133    1.45345379e+01    1.45345379e+01     3.09604745e-03    4.3e+02     1.0e+00      2.860e-01
 173    174   1135    1.45302397e+01    1.45302397e+01     3.09596424e-03    3.9e+02     1.0e+00      2.860e-01
 174    175   1140    1.45131576e+01    1.45131576e+01     3.09456144e-03    3.0e+02     1.0e+00      2.859e-01
 175    176   1144    1.45076412e+01    1.45076412e+01     3.09470579e-03    1.2e+02     1.0e+00      2.859e-01
 176    177   1154    1.44035578e+01    1.44035578e+01     3.05618342e-03    3.0e+02     1.0e+00      2.839e-01
 177    178   1158    1.43603807e+01    1.43603807e+01     3.05552194e-03    5.2e+02     1.0e+00      2.839e-01
 178    179   1162    1.43370567e+01    1.43370567e+01     3.05504353e-03    4.0e+02     1.0e+00      2.839e-01
 179    180   1172    1.42975445e+01    1.42975445e+01     3.05257534e-03    7.3e+01     1.0e+00      2.838e-01
 180    181   1182    1.42588647e+01    1.42588647e+01     3.03953018e-03    2.5e+02     1.0e+00      2.831e-01
 181    182   1192    1.42204725e+01    1.42204725e+01     3.03726347e-03    6.1e+01     1.0e+00      2.830e-01
 182    183   1202    1.41882842e+01    1.41882842e+01     3.02590297e-03    3.7e+02     1.0e+00      2.825e-01
 183    184   1206    1.41745474e+01    1.41745474e+01     3.02595531e-03    3.3e+02     1.0e+00      2.824e-01
 184    185   1211    1.41690757e+01    1.41690757e+01     3.02572276e-03    3.7e+02     1.0e+00      2.824e-01
 185    186   1215    1.41658941e+01    1.41658941e+01     3.02558801e-03    1.4e+02     1.0e+00      2.824e-01
 186    187   1222    1.41508800e+01    1.41508800e+01     3.02295274e-03    7.7e+01     1.0e+00      2.823e-01
 187    188   1225    1.41437479e+01    1.41437479e+01     3.02121183e-03    1.9e+02     1.0e+00      2.822e-01
 188    189   1230    1.41402291e+01    1.41402291e+01     3.02121354e-03    1.9e+02     1.0e+00      2.822e-01
 189    190   1240    1.38137852e+01    1.38137852e+01     2.88874274e-03    3.3e+03     1.0e+00      2.756e-01
 190    191   1242    1.37735850e+01    1.37735850e+01     2.88875188e-03    6.7e+02     1.0e+00      2.756e-01
 191    192   1247    1.35656178e+01    1.35656178e+01     2.89076459e-03    7.1e+02     1.0e+00      2.755e-01
 192    193   1253    1.35045394e+01    1.35045394e+01     2.88926574e-03    4.7e+02     1.0e+00      2.755e-01
 193    194   1263    1.34716854e+01    1.34716854e+01     2.88798537e-03    3.6e+02     1.0e+00      2.754e-01
 194    195   1265    1.34709598e+01    1.34709598e+01     2.88796957e-03    1.3e+02     1.0e+00      2.754e-01
 195    196   1271    1.34552235e+01    1.34552235e+01     2.88308224e-03    3.6e+02     1.0e+00      2.752e-01
 196    197   1275    1.34491674e+01    1.34491674e+01     2.88259533e-03    2.7e+02     1.0e+00      2.751e-01
 197    198   1284    1.34333206e+01    1.34333206e+01     2.87984709e-03    2.6e+02     1.0e+00      2.750e-01
 198    199   1291    1.34228235e+01    1.34228235e+01     2.87806993e-03    9.8e+01     1.0e+00      2.749e-01
 199    200   1301    1.33633557e+01    1.33633557e+01     2.85785676e-03    1.2e+03     1.0e+00      2.738e-01
 200    201   1304    1.33445052e+01    1.33445052e+01     2.85770812e-03    2.4e+02     1.0e+00      2.738e-01
 201    202   1309    1.33205649e+01    1.33205649e+01     2.85624518e-03    1.5e+02     1.0e+00      2.738e-01
 202    203   1313    1.33123009e+01    1.33123009e+01     2.85605305e-03    2.5e+02     1.0e+00      2.737e-01
 203    204   1323    1.32975759e+01    1.32975759e+01     2.85230527e-03    2.7e+02     1.0e+00      2.736e-01
 204    205   1327    1.32932550e+01    1.32932550e+01     2.85229224e-03    1.8e+02     1.0e+00      2.736e-01
 205    206   1331    1.32907351e+01    1.32907351e+01     2.85188822e-03    1.9e+02     1.0e+00      2.735e-01
 206    207   1341    1.32540084e+01    1.32540084e+01     2.83955570e-03    2.3e+02     1.0e+00      2.729e-01
 207    208   1345    1.32321862e+01    1.32321862e+01     2.83935876e-03    2.6e+02     1.0e+00      2.729e-01
 208    209   1350    1.32241797e+01    1.32241797e+01     2.83840417e-03    2.6e+02     1.0e+00      2.728e-01
 209    210   1359    1.32087583e+01    1.32087583e+01     2.83491898e-03    2.8e+02     1.0e+00      2.727e-01
 210    211   1369    1.31927975e+01    1.31927975e+01     2.83200792e-03    2.6e+02     1.0e+00      2.725e-01
 211    212   1379    1.31757933e+01    1.31757933e+01     2.82818389e-03    3.1e+02     1.0e+00      2.723e-01
 212    213   1384    1.31691997e+01    1.31691997e+01     2.82730766e-03    1.3e+02     1.0e+00      2.723e-01
 213    214   1394    1.31345724e+01    1.31345724e+01     2.81697103e-03    4.4e+02     1.0e+00      2.717e-01
 214    215   1399    1.31082863e+01    1.31082863e+01     2.81577721e-03    2.3e+02     1.0e+00      2.716e-01
 215    216   1404    1.31033780e+01    1.31033780e+01     2.81487556e-03    1.8e+02     1.0e+00      2.716e-01
 216    217   1414    1.27646177e+01    1.27646177e+01     2.68129854e-03    2.3e+03     1.0e+00      2.646e-01
 217    218   1417    1.25819010e+01    1.25819010e+01     2.68127367e-03    7.3e+02     1.0e+00      2.646e-01
 218    219   1420    1.25627814e+01    1.25627814e+01     2.68122628e-03    8.1e+02     1.0e+00      2.646e-01
 219    220   1426    1.24542703e+01    1.24542703e+01     2.68048905e-03    5.4e+02     1.0e+00      2.645e-01
 220    221   1430    1.24357427e+01    1.24357427e+01     2.68060483e-03    2.0e+02     1.0e+00      2.645e-01
 221    222   1440    1.24198024e+01    1.24198024e+01     2.67915153e-03    3.4e+02     1.0e+00      2.644e-01
 222    223   1444    1.24165415e+01    1.24165415e+01     2.67882710e-03    8.4e+01     1.0e+00      2.644e-01
 223    224   1454    1.23803082e+01    1.23803082e+01     2.66544412e-03    4.8e+02     1.0e+00      2.637e-01
 224    225   1456    1.23751701e+01    1.23751701e+01     2.66542370e-03    2.4e+02     1.0e+00      2.637e-01
 225    226   1463    1.23498845e+01    1.23498845e+01     2.66492075e-03    2.1e+02     1.0e+00      2.636e-01
 226    227   1467    1.23463696e+01    1.23463696e+01     2.66467174e-03    1.9e+02     1.0e+00      2.636e-01
 227    228   1471    1.23448471e+01    1.23448471e+01     2.66452816e-03    1.4e+02     1.0e+00      2.636e-01
 228    229   1481    1.22217241e+01    1.22217241e+01     2.61874979e-03    1.6e+03     1.0e+00      2.611e-01
 229    230   1486    1.21664734e+01    1.21664734e+01     2.61848665e-03    6.8e+02     1.0e+00      2.611e-01
 230    231   1490    1.21395254e+01    1.21395254e+01     2.61782328e-03    2.7e+02     1.0e+00      2.611e-01
 231    232   1494    1.21243407e+01    1.21243407e+01     2.61758188e-03    2.2e+02     1.0e+00      2.610e-01
 232    233   1499    1.21146300e+01    1.21146300e+01     2.61706985e-03    3.0e+02     1.0e+00      2.610e-01
 233    234   1504    1.21083827e+01    1.21083827e+01     2.61682367e-03    1.4e+02     1.0e+00      2.610e-01
 234    235   1509    1.21041334e+01    1.21041334e+01     2.61638001e-03    2.1e+02     1.0e+00      2.610e-01
 235    236   1514    1.21010833e+01    1.21010833e+01     2.61613815e-03    1.1e+02     1.0e+00      2.610e-01
 236    237   1519    1.20987877e+01    1.20987877e+01     2.61574880e-03    1.7e+02     1.0e+00      2.610e-01
 237    238   1524    1.20970639e+01    1.20970639e+01     2.61554450e-03    1.4e+02     1.0e+00      2.610e-01
 238    239   1534    1.15550982e+01    1.15550982e+01     2.38333234e-03    1.3e+04     1.0e+00      2.481e-01
 239    240   1536    1.10121386e+01    1.10121386e+01     2.38325299e-03    3.2e+03     1.0e+00      2.481e-01
 240    241   1539    1.09450132e+01    1.09450132e+01     2.38323109e-03    2.1e+02     1.0e+00      2.480e-01
 241    242   1544    1.09299165e+01    1.09299165e+01     2.38364794e-03    1.6e+02     1.0e+00      2.480e-01
 242    243   1551    1.09207475e+01    1.09207475e+01     2.38263493e-03    1.4e+02     1.0e+00      2.480e-01
 243    244   1555    1.09172217e+01    1.09172217e+01     2.38266007e-03    1.3e+02     1.0e+00      2.480e-01
 244    245   1565    1.09000296e+01    1.09000296e+01     2.37705734e-03    2.6e+02     1.0e+00      2.477e-01
 245    246   1569    1.08910135e+01    1.08910135e+01     2.37698691e-03    2.7e+02     1.0e+00      2.476e-01
 246    247   1579    1.08756963e+01    1.08756963e+01     2.37343834e-03    2.0e+02     1.0e+00      2.475e-01
 247    248   1581    1.08741993e+01    1.08741993e+01     2.37341909e-03    1.5e+02     1.0e+00      2.475e-01
 248    249   1588    1.08634444e+01    1.08634444e+01     2.37202673e-03    1.1e+02     1.0e+00      2.473e-01
 249    250   1592    1.08609786e+01    1.08609786e+01     2.37151135e-03    9.7e+01     1.0e+00      2.473e-01
 250    251   1602    1.08383652e+01    1.08383652e+01     2.36401085e-03    8.0e+02     1.0e+00      2.469e-01
 251    252   1606    1.08204398e+01    1.08204398e+01     2.36312609e-03    2.5e+02     1.0e+00      2.469e-01
 252    253   1610    1.08176493e+01    1.08176493e+01     2.36303859e-03    2.1e+02     1.0e+00      2.469e-01
 253    254   1620    1.07257089e+01    1.07257089e+01     2.32877135e-03    1.0e+03     1.0e+00      2.448e-01
 254    255   1624    1.06436639e+01    1.06436639e+01     2.32814494e-03    2.4e+02     1.0e+00      2.448e-01
 255    256   1629    1.06367169e+01    1.06367169e+01     2.32734104e-03    2.5e+02     1.0e+00      2.448e-01
 256    257   1639    1.06033965e+01    1.06033965e+01     2.31536501e-03    1.9e+02     1.0e+00      2.441e-01
 257    258   1643    1.05815613e+01    1.05815613e+01     2.31447977e-03    5.1e+02     1.0e+00      2.441e-01
 258    259   1648    1.05751373e+01    1.05751373e+01     2.31453652e-03    3.2e+02     1.0e+00      2.441e-01
 259    260   1658    1.05610325e+01    1.05610325e+01     2.31172118e-03    4.7e+02     1.0e+00      2.439e-01
 260    261   1668    1.05470527e+01    1.05470527e+01     2.30896226e-03    1.5e+02     1.0e+00      2.437e-01
 261    262   1678    1.05343743e+01    1.05343743e+01     2.30666177e-03    3.2e+02     1.0e+00      2.436e-01
 262    263   1682    1.05298806e+01    1.05298806e+01     2.30601802e-03    1.9e+02     1.0e+00      2.436e-01
 263    264   1692    1.05128191e+01    1.05128191e+01     2.30100489e-03    4.6e+02     1.0e+00      2.433e-01
 264    265   1694    1.05101114e+01    1.05101114e+01     2.30098152e-03    1.6e+02     1.0e+00      2.433e-01
 265    266   1701    1.04978526e+01    1.04978526e+01     2.29964679e-03    2.0e+02     1.0e+00      2.432e-01
 266    267   1711    1.04663856e+01    1.04663856e+01     2.28870539e-03    5.4e+02     1.0e+00      2.426e-01
 267    268   1715    1.04392838e+01    1.04392838e+01     2.28830520e-03    2.4e+02     1.0e+00      2.425e-01
 268    269   1720    1.04370711e+01    1.04370711e+01     2.28802617e-03    1.4e+02     1.0e+00      2.425e-01
 269    270   1730    1.03659023e+01    1.03659023e+01     2.25878558e-03    5.7e+02     1.0e+00      2.409e-01
 270    271   1734    1.03067235e+01    1.03067235e+01     2.25977690e-03    3.4e+02     1.0e+00      2.409e-01
 271    272   1740    1.02975677e+01    1.02975677e+01     2.25972412e-03    3.1e+02     1.0e+00      2.409e-01
 272    273   1750    1.02823325e+01    1.02823325e+01     2.25648110e-03    4.9e+02     1.0e+00      2.407e-01
 273    274   1755    1.02728890e+01    1.02728890e+01     2.25524096e-03    1.6e+02     1.0e+00      2.406e-01
 274    275   1759    1.02703214e+01    1.02703214e+01     2.25507208e-03    8.8e+01     1.0e+00      2.406e-01
 275    276   1769    9.80540268e+00    9.80540268e+00     2.07523955e-03    4.0e+03     1.0e+00      2.297e-01
 276    277   1774    9.55485433e+00    9.55485433e+00     2.07421370e-03    1.3e+03     1.0e+00      2.297e-01
 277    278   1778    9.46201965e+00    9.46201965e+00     2.07409716e-03    4.7e+02     1.0e+00      2.297e-01
 278    279   1787    9.34090896e+00    9.34090896e+00     2.07184495e-03    8.0e+01     1.0e+00      2.296e-01
 279    280   1797    9.20258103e+00    9.20258103e+00     2.01982683e-03    1.3e+03     1.0e+00      2.263e-01
 280    281   1799    9.17960487e+00    9.17960487e+00     2.01976051e-03    3.4e+02     1.0e+00      2.263e-01
 281    282   1808    9.06878816e+00    9.06878816e+00     2.01785768e-03    1.0e+02     1.0e+00      2.263e-01
 282    283   1812    9.06552443e+00    9.06552443e+00     2.01735932e-03    1.5e+02     1.0e+00      2.263e-01
 283    284   1822    9.03160368e+00    9.03160368e+00     2.00469017e-03    7.8e+02     1.0e+00      2.255e-01
 284    285   1824    9.01548421e+00    9.01548421e+00     2.00464531e-03    6.4e+02     1.0e+00      2.255e-01
 285    286   1831    8.99927306e+00    8.99927306e+00     2.00420739e-03    1.8e+02     1.0e+00      2.254e-01
 286    287   1841    8.85656251e+00    8.85656251e+00     1.95125180e-03    1.8e+03     1.0e+00      2.221e-01
 287    288   1843    8.81487371e+00    8.81487371e+00     1.95120989e-03    3.0e+02     1.0e+00      2.221e-01
 288    289   1847    8.77911020e+00    8.77911020e+00     1.95016392e-03    2.0e+02     1.0e+00      2.220e-01
 289    290   1852    8.76201382e+00    8.76201382e+00     1.95017689e-03    2.8e+02     1.0e+00      2.220e-01
 290    291   1862    8.72470525e+00    8.72470525e+00     1.94758423e-03    2.8e+02     1.0e+00      2.219e-01
 291    292   1866    8.71539808e+00    8.71539808e+00     1.94774805e-03    1.2e+02     1.0e+00      2.219e-01
 292    293   1876    8.69014124e+00    8.69014124e+00     1.94005548e-03    2.2e+02     1.0e+00      2.214e-01
 293    294   1881    8.68064227e+00    8.68064227e+00     1.93993520e-03    2.2e+02     1.0e+00      2.214e-01
 294    295   1891    8.66033636e+00    8.66033636e+00     1.93607501e-03    3.9e+02     1.0e+00      2.212e-01
 295    296   1894    8.65838529e+00    8.65838529e+00     1.93606227e-03    6.3e+01     1.0e+00      2.212e-01
 296    297   1900    8.65012465e+00    8.65012465e+00     1.93474075e-03    1.2e+02     1.0e+00      2.211e-01
 297    298   1904    8.64803027e+00    8.64803027e+00     1.93462496e-03    2.4e+02     1.0e+00      2.211e-01
 298    299   1914    8.62106223e+00    8.62106223e+00     1.92505404e-03    5.0e+02     1.0e+00      2.205e-01
 299    300   1921    8.59658745e+00    8.59658745e+00     1.92453159e-03    6.7e+01     1.0e+00      2.204e-01
 300    301   1931    8.56556363e+00    8.56556363e+00     1.91343782e-03    3.0e+02     1.0e+00      2.197e-01
LMQNBC: termination 5
#######==============Beta= 100000000.000000, TempBeta = 1.000000 
  it     nf     cg           f             f_xrf             f_xtm            |g|        alpha        error
   0      1      0    4.87678760e+08    4.65845180e+08    2.18335796e-01    2.0e+09     1.0e+00      4.976e-01
   1      2      2    7.34080913e+06    6.74870772e+06     5.92101404e-03    2.0e+08     1.0e+00      4.405e-01
   2      3      5    9.10255192e+05    4.97470095e+05     4.12785096e-03    1.1e+07     1.0e+00      4.182e-01
   3      4      9    3.69060860e+05    5.54562653e+04     3.13604595e-03    2.0e+06     1.0e+00      3.711e-01
   4      5     14    5.70451378e+04    1.01463760e+04     4.68987618e-04    1.4e+06     1.0e+00      1.866e-01
   5      6     22    2.82703073e+03    1.24837740e+03     1.57865334e-05    3.0e+05     1.0e+00      2.812e-02
   6      7     28    6.15923409e+02    1.02485214e+02     5.13438195e-06    7.2e+04     1.0e+00      1.893e-02
   7      8     30    4.79105584e+02    2.88693262e+01     4.50236258e-06    8.2e+04     1.0e+00      1.764e-02
   8      9     38    7.55035972e+00    5.96034584e+00     1.59001388e-08    2.3e+04     1.0e+00      1.083e-03
   9     10     40    1.72695280e+00    2.45559067e-01     1.48139373e-08    3.4e+03     1.0e+00      1.010e-03
  10     11     45    3.86294512e-01    1.42088076e-01     2.44206435e-09    3.6e+03     1.0e+00      4.166e-04
  11     12     50    9.55988167e-02    2.29243698e-02     7.26744469e-10    1.4e+03     1.0e+00      2.302e-04
  12     13     58    7.47077962e-03    4.65679804e-03     2.81398158e-11    2.9e+02     1.0e+00      4.722e-05
  13     14     62    1.22111644e-03    2.90644269e-04     9.30472175e-12    1.4e+02     1.0e+00      2.555e-05
  14     15     69    4.42986385e-05    2.99269321e-05     1.43717064e-13    1.8e+01     1.0e+00      3.058e-06
  15     16     72    3.07768901e-06    6.55317393e-07     2.42237161e-14    8.5e+00     1.0e+00      1.332e-06
  16     17     80    7.08916400e-08    5.31275413e-08     1.77640986e-16    1.1e+00     1.0e+00      1.224e-07
  17     18     84    6.30465804e-09    2.65219889e-09     3.65245915e-17    2.7e-01     1.0e+00      3.883e-08
  18     19     89    1.50403324e-09    8.48857567e-10     6.55175676e-18    2.3e-01     1.0e+00      1.819e-08
  19     20     94    4.08862829e-10    1.52770467e-10     2.56092362e-18    7.5e-02     1.0e+00      1.044e-08
  20     21    101    1.23574154e-13    1.21799324e-13     1.77482936e-23    1.4e-03     1.0e+00      1.351e-10
  21     22    104    2.93494153e-15    2.88511151e-15     4.98300253e-25    7.2e-04     1.0e+00      9.393e-12
  22     23    107    1.26056531e-16    9.89005510e-17     2.71559796e-25    6.1e-05     1.0e+00      5.180e-12
  23     24    112    1.13096627e-17    5.37503956e-18     5.93462312e-26    1.2e-05     1.0e+00      1.579e-12
LMQNBC: termination 5
#######==============Beta= 1.000000, TempBeta = 0.000000 
  it     nf     cg           f             f_xrf             f_xtm            |g|        alpha        error
   0      1      0    2.18335796e-01    4.65845180e+08    2.18335796e-01    9.3e-01     1.0e+00      4.976e-01
   1      2      2    5.27729235e-03    1.58431433e+07     5.27729235e-03    1.5e-01     1.0e+00      4.422e-01
   2      3      4    1.19305087e-03    1.21391970e+07     1.19305087e-03    2.3e-02     1.0e+00      4.371e-01
   3      4      7    5.39274392e-05    1.48849144e+07     5.39274392e-05    3.4e-03     1.0e+00      4.167e-01
   4      5     12    6.64346512e-06    1.46058512e+07     6.64346512e-06    1.8e-03     1.0e+00      4.129e-01
   5      6     19    9.51242269e-07    1.28061811e+07     9.51242269e-07    2.4e-04     1.0e+00      4.067e-01
   6      7     23    3.81453081e-07    1.24155068e+07     3.81453081e-07    4.2e-05     1.0e+00      4.055e-01
   7      8     26    2.56437948e-07    1.22593912e+07     2.56437948e-07    8.7e-05     1.0e+00      4.054e-01
   8      9     34    1.55028762e-09    1.15610893e+07     1.55028762e-09    2.5e-06     1.0e+00      4.045e-01
   9     10     37    3.76428005e-11    1.15639320e+07     3.76428005e-11    7.0e-07     1.0e+00      4.045e-01
  10     11     40    1.45309916e-11    1.15627280e+07     1.45309916e-11    5.6e-07     1.0e+00      4.045e-01
  11     12     48    4.71830760e-13    1.15585625e+07     4.71830760e-13    4.3e-08     1.0e+00      4.045e-01
  12     13     51    4.77198214e-14    1.15584465e+07     4.77198214e-14    1.2e-08     1.0e+00      4.045e-01
  13     14     54    2.60437720e-14    1.15584180e+07     2.60437720e-14    1.7e-08     1.0e+00      4.045e-01
  14     15     60    4.19899146e-15    1.15582659e+07     4.19899146e-15    7.6e-09     1.0e+00      4.045e-01
  15     16     64    8.80508232e-16    1.15582579e+07     8.80508232e-16    1.7e-09     1.0e+00      4.045e-01
  16     17     68    5.76363260e-16    1.15582498e+07     5.76363260e-16    7.1e-09     1.0e+00      4.045e-01
  17     18     76    3.98817670e-19    1.15582183e+07     3.98817670e-19    4.7e-11     1.0e+00      4.045e-01
LMQNBC: termination 5
>> >> >> >> >> >> >> >> >> >> >> >> >> >> >> >> >> >> >> >> >> 