
                            < M A T L A B (R) >
                  Copyright 1984-2013 The MathWorks, Inc.
                    R2013a (8.1.0.604) 64-bit (glnxa64)
                             February 15, 2013

 
To get started, type one of these: helpwin, helpdesk, or demo.
For product information, visit www.mathworks.com.
 
>> >> >> >> >> >> >> >> X-ray simulation startup file...
====== Fluorescence Detector Resolution is 5
====== Angle Number  1 of 12: 0
====== Angle Number  2 of 12: 1.636364e+01
====== Angle Number  3 of 12: 3.272727e+01
====== Angle Number  4 of 12: 4.909091e+01
====== Angle Number  5 of 12: 6.545455e+01
====== Angle Number  6 of 12: 8.181818e+01
====== Angle Number  7 of 12: 9.818182e+01
====== Angle Number  8 of 12: 1.145455e+02
====== Angle Number  9 of 12: 1.309091e+02
====== Angle Number  10 of 12: 1.472727e+02
====== Angle Number  11 of 12: 1.636364e+02
====== Angle Number  12 of 12: 180
>> >> >> >> >> >> >> >> >> >> >> >> >> ====== No Self Absorption, Transmission Detector Resolution is 30
>> >> >> >> >> >> >> >> >> >> >> Elapsed time is 4.055054 seconds.
>> >> >> >> >> >> >> >> >> >> >> >> >> >> >> >> >> >>   it     nf     cg           f             f_xrf             f_xtm            |g|        alpha        error
   0      1      0    2.66520530e+10   7.6e+08     1.0e+00      2.570e+00
   1      2      2    4.00995656e+09    2.95933354e+09     1.05062303e+01    2.2e+08     1.0e+00      5.511e+00
   2      3      5    1.34552667e+09    1.19314281e+09     1.52383852e+00    7.5e+07     1.0e+00      8.024e+00
   3      4     10    7.74303795e+08    7.24794875e+08     4.95089201e-01    2.7e+07     1.0e+00      9.870e+00
   4      5     17    7.05259510e+08    6.78491302e+08     2.67682086e-01    1.0e+07     1.0e+00      1.057e+01
   5      7     27    7.05240476e+08    6.78478375e+08     2.67621011e-01    1.0e+07     3.5e-04      1.057e+01
   6      9     37    7.04580239e+08    6.78028932e+08     2.65513068e-01    1.0e+07     1.2e-02      1.058e+01
   7     11     47    7.04172061e+08    6.77752116e+08     2.64199448e-01    1.0e+07     7.8e-03      1.058e+01
   8     12     57    6.98689128e+08    6.77425138e+08     2.12639893e-01    4.1e+07     1.0e+00      1.117e+01
   9     13     60    6.83894694e+08    6.66458443e+08     1.74362505e-01    7.6e+06     1.0e+00      1.115e+01
  10     14     70    6.76705696e+08    6.63894080e+08     1.28116161e-01    6.1e+06     1.0e+00      1.143e+01
  11     15     80    6.72820340e+08    6.61772716e+08     1.10476241e-01    3.9e+06     1.0e+00      1.168e+01
  12     16     90    6.69932356e+08    6.60288654e+08     9.64370160e-02    2.8e+06     1.0e+00      1.192e+01
  13     17    100    6.67719588e+08    6.58673336e+08     9.04625121e-02    3.7e+06     1.0e+00      1.216e+01
  14     18    110    6.65920988e+08    6.57420293e+08     8.50069475e-02    2.5e+06     1.0e+00      1.238e+01
  15     19    120    6.64512228e+08    6.56260524e+08     8.25170382e-02    3.2e+06     1.0e+00      1.258e+01
  16     20    130    6.63327527e+08    6.55302413e+08     8.02511416e-02    2.6e+06     1.0e+00      1.279e+01
  17     21    140    6.62275709e+08    6.54342663e+08     7.93304568e-02    2.6e+06     1.0e+00      1.296e+01
  18     22    150    6.61310636e+08    6.53456138e+08     7.85449847e-02    2.4e+06     1.0e+00      1.317e+01
  19     23    160    6.60424332e+08    6.52530861e+08     7.89347116e-02    2.4e+06     1.0e+00      1.334e+01
  20     24    170    6.59606334e+08    6.51670499e+08     7.93583487e-02    2.3e+06     1.0e+00      1.353e+01
  21     25    180    6.58844185e+08    6.50810102e+08     8.03408218e-02    2.2e+06     1.0e+00      1.370e+01
  22     26    190    6.58134011e+08    6.50043121e+08     8.09089019e-02    2.2e+06     1.0e+00      1.389e+01
  23     27    200    6.57519420e+08    6.49391676e+08     8.12774397e-02    1.8e+06     1.0e+00      1.403e+01
  24     28    210    6.56933610e+08    6.48795700e+08     8.13790994e-02    2.1e+06     1.0e+00      1.421e+01
  25     29    220    6.56369881e+08    6.48149038e+08     8.22084372e-02    1.7e+06     1.0e+00      1.435e+01
  26     30    230    6.55825712e+08    6.47571657e+08     8.25405426e-02    2.0e+06     1.0e+00      1.453e+01
  27     31    240    6.55297612e+08    6.46924992e+08     8.37262051e-02    2.0e+06     1.0e+00      1.468e+01
  28     32    250    6.54777493e+08    6.46397021e+08     8.38047229e-02    2.0e+06     1.0e+00      1.486e+01
  29     33    260    6.54284623e+08    6.45815202e+08     8.46942017e-02    1.7e+06     1.0e+00      1.500e+01
  30     34    270    6.53810230e+08    6.45291680e+08     8.51854954e-02    1.9e+06     1.0e+00      1.517e+01
  31     35    280    6.53348169e+08    6.44740549e+08     8.60762021e-02    1.7e+06     1.0e+00      1.531e+01
  32     36    290    6.52908083e+08    6.44224478e+08     8.68360473e-02    1.9e+06     1.0e+00      1.548e+01
  33     37    300    6.52483921e+08    6.43730377e+08     8.75354412e-02    1.8e+06     1.0e+00      1.562e+01
  34     38    310    6.52081166e+08    6.43303337e+08     8.77782871e-02    1.8e+06     1.0e+00      1.577e+01
  35     39    320    6.51695971e+08    6.42868726e+08     8.82724517e-02    1.7e+06     1.0e+00      1.591e+01
  36     40    330    6.51320085e+08    6.42429021e+08     8.89106416e-02    1.6e+06     1.0e+00      1.606e+01
  37     41    340    6.50954693e+08    6.42024339e+08     8.93035399e-02    1.6e+06     1.0e+00      1.620e+01
  38     42    350    6.50595485e+08    6.41628263e+08     8.96722242e-02    1.6e+06     1.0e+00      1.635e+01
  39     43    360    6.50243483e+08    6.41210979e+08     9.03250417e-02    1.6e+06     1.0e+00      1.649e+01
  40     44    370    6.49905562e+08    6.40810974e+08     9.09458832e-02    1.5e+06     1.0e+00      1.663e+01
  41     45    380    6.49576656e+08    6.40446311e+08     9.13034539e-02    1.5e+06     1.0e+00      1.676e+01
  42     46    390    6.49253669e+08    6.40072184e+08     9.18148527e-02    1.5e+06     1.0e+00      1.690e+01
  43     47    400    6.48936782e+08    6.39693866e+08     9.24291597e-02    1.5e+06     1.0e+00      1.704e+01
  44     48    410    6.48629718e+08    6.39369510e+08     9.26020770e-02    1.5e+06     1.0e+00      1.718e+01
  45     49    420    6.48331366e+08    6.39010175e+08     9.32119014e-02    1.4e+06     1.0e+00      1.731e+01
  46     50    430    6.48038200e+08    6.38698544e+08     9.33965598e-02    1.5e+06     1.0e+00      1.745e+01
  47     51    440    6.47746296e+08    6.38337801e+08     9.40849590e-02    1.5e+06     1.0e+00      1.758e+01
  48     52    450    6.47456754e+08    6.38026064e+08     9.43069046e-02    1.5e+06     1.0e+00      1.772e+01
  49     53    460    6.47175307e+08    6.37645570e+08     9.52973699e-02    1.4e+06     1.0e+00      1.785e+01
  50     54    470    6.46903210e+08    6.37380288e+08     9.52292141e-02    1.4e+06     1.0e+00      1.799e+01
  51     55    480    6.46629562e+08    6.37031910e+08     9.59765184e-02    1.5e+06     1.0e+00      1.813e+01
  52     56    490    6.46361055e+08    6.36758942e+08     9.60211264e-02    1.4e+06     1.0e+00      1.826e+01
  53     57    500    6.46097247e+08    6.36403637e+08     9.69361014e-02    1.4e+06     1.0e+00      1.840e+01
  54     58    510    6.45837611e+08    6.36142073e+08     9.69553849e-02    1.3e+06     1.0e+00      1.853e+01
  55     59    520    6.45582454e+08    6.35797526e+08     9.78492845e-02    1.4e+06     1.0e+00      1.867e+01
  56     60    530    6.45333862e+08    6.35558420e+08     9.77544230e-02    1.2e+06     1.0e+00      1.879e+01
  57     61    540    6.45095277e+08    6.35245646e+08     9.84963067e-02    1.3e+06     1.0e+00      1.893e+01
  58     62    550    6.44868194e+08    6.35021623e+08     9.84657107e-02    1.1e+06     1.0e+00      1.904e+01
  59     63    560    6.44649201e+08    6.34725656e+08     9.92354506e-02    1.2e+06     1.0e+00      1.918e+01
  60     64    570    6.44436793e+08    6.34521459e+08     9.91533355e-02    9.4e+05     1.0e+00      1.928e+01
  61     65    580    6.44229692e+08    6.34238248e+08     9.99144404e-02    1.2e+06     1.0e+00      1.942e+01
  62     66    590    6.44031681e+08    6.34067932e+08     9.96374871e-02    9.5e+05     1.0e+00      1.952e+01
  63     67    600    6.43842125e+08    6.33798191e+08     1.00439341e-01    1.1e+06     1.0e+00      1.964e+01
  64     68    610    6.43657607e+08    6.33635496e+08     1.00221113e-01    9.0e+05     1.0e+00      1.974e+01
  65     69    620    6.43476548e+08    6.33385253e+08     1.00912952e-01    1.1e+06     1.0e+00      1.987e+01
  66     70    630    6.43298506e+08    6.33225629e+08     1.00728772e-01    1.0e+06     1.0e+00      1.996e+01
  67     71    640    6.43123335e+08    6.32982716e+08     1.01406189e-01    1.1e+06     1.0e+00      2.009e+01
  68     72    650    6.42949337e+08    6.32824277e+08     1.01250593e-01    1.2e+06     1.0e+00      2.018e+01
  69     73    660    6.42779553e+08    6.32597059e+08     1.01824935e-01    1.1e+06     1.0e+00      2.030e+01
  70     74    670    6.42607985e+08    6.32431289e+08     1.01766960e-01    1.5e+06     1.0e+00      2.040e+01
  71     75    680    6.42436927e+08    6.32214794e+08     1.02221329e-01    1.1e+06     1.0e+00      2.052e+01
  72     76    690    6.42270792e+08    6.32066291e+08     1.02045006e-01    1.1e+06     1.0e+00      2.062e+01
  73     77    700    6.42107342e+08    6.31841028e+08     1.02663147e-01    1.1e+06     1.0e+00      2.074e+01
  74     78    710    6.41951830e+08    6.31749879e+08     1.02019506e-01    7.5e+05     1.0e+00      2.083e+01
  75     79    720    6.41801986e+08    6.31530820e+08     1.02711653e-01    1.0e+06     1.0e+00      2.094e+01
  76     80    730    6.41656037e+08    6.31430585e+08     1.02254520e-01    7.1e+05     1.0e+00      2.103e+01
  77     81    740    6.41511538e+08    6.31212917e+08     1.02986205e-01    1.0e+06     1.0e+00      2.113e+01
  78     82    750    6.41368474e+08    6.31116704e+08     1.02517706e-01    6.9e+05     1.0e+00      2.122e+01
  79     83    760    6.41230358e+08    6.30901149e+08     1.03292096e-01    1.0e+06     1.0e+00      2.133e+01
  80     84    770    6.41095322e+08    6.30809876e+08     1.02854457e-01    6.9e+05     1.0e+00      2.141e+01
  81     85    780    6.40961159e+08    6.30601390e+08     1.03597696e-01    9.9e+05     1.0e+00      2.152e+01
  82     86    790    6.40828677e+08    6.30508615e+08     1.03200614e-01    6.9e+05     1.0e+00      2.161e+01
  83     87    800    6.40697899e+08    6.30306454e+08     1.03914449e-01    9.9e+05     1.0e+00      2.171e+01
  84     88    810    6.40569409e+08    6.30220730e+08     1.03486782e-01    7.1e+05     1.0e+00      2.179e+01
  85     89    820    6.40439567e+08    6.30018316e+08     1.04212511e-01    1.2e+06     1.0e+00      2.190e+01
  86     90    830    6.40310466e+08    6.29937673e+08     1.03727930e-01    6.6e+05     1.0e+00      2.199e+01
  87     91    840    6.40188446e+08    6.29745928e+08     1.04425178e-01    1.2e+06     1.0e+00      2.209e+01
  88     92    850    6.40064843e+08    6.29669068e+08     1.03957755e-01    6.4e+05     1.0e+00      2.217e+01
  89     93    860    6.39923429e+08    6.29453754e+08     1.04696743e-01    1.7e+06     1.0e+00      2.231e+01
  90     94    870    6.39783930e+08    6.29360826e+08     1.04231036e-01    5.9e+05     1.0e+00      2.239e+01
  91     95    880    6.39651072e+08    6.29157513e+08     1.04935594e-01    1.7e+06     1.0e+00      2.252e+01
  92     96    885    6.39573604e+08    6.29044987e+08     1.05286164e-01    8.8e+05     1.0e+00      2.254e+01
  93     97    895    6.39159989e+08    6.28588166e+08     1.05718225e-01    2.2e+06     1.0e+00      2.340e+01
  94     98    901    6.38562628e+08    6.27880976e+08     1.06816513e-01    7.4e+05     1.0e+00      2.340e+01
  95     99    906    6.38517450e+08    6.27944769e+08     1.05726808e-01    4.6e+05     1.0e+00      2.342e+01
  96    100    916    6.38247125e+08    6.27424913e+08     1.08222123e-01    8.8e+05     1.0e+00      2.377e+01
  97    101    924    6.38046176e+08    6.27336234e+08     1.07099418e-01    4.4e+05     1.0e+00      2.383e+01
  98    102    934    6.37915624e+08    6.27111874e+08     1.08037504e-01    1.1e+06     1.0e+00      2.397e+01
  99    103    938    6.37859587e+08    6.27170985e+08     1.06886017e-01    5.7e+05     1.0e+00      2.398e+01
 100    104    948    6.37732740e+08    6.27054639e+08     1.06781016e-01    1.0e+06     1.0e+00      2.415e+01
 101    105    958    6.37613475e+08    6.26901491e+08     1.07119836e-01    4.6e+05     1.0e+00      2.420e+01
 102    106    968    6.37508962e+08    6.26816015e+08     1.06929470e-01    7.6e+05     1.0e+00      2.434e+01
 103    107    978    6.37405916e+08    6.26668285e+08     1.07376311e-01    4.1e+05     1.0e+00      2.439e+01
 104    108    988    6.37306774e+08    6.26606868e+08     1.06999064e-01    8.3e+05     1.0e+00      2.452e+01
 105    109    998    6.37208646e+08    6.26458361e+08     1.07502847e-01    4.2e+05     1.0e+00      2.457e+01
 106    110   1008    6.37113064e+08    6.26397511e+08     1.07155535e-01    1.0e+06     1.0e+00      2.469e+01
 107    111   1018    6.37018274e+08    6.26262070e+08     1.07562035e-01    4.3e+05     1.0e+00      2.474e+01
 108    112   1028    6.36925313e+08    6.26199504e+08     1.07258090e-01    1.2e+06     1.0e+00      2.486e+01
 109    113   1035    6.36849573e+08    6.26076549e+08     1.07730241e-01    5.4e+05     1.0e+00      2.489e+01
 110    114   1045    6.36566600e+08    6.25799238e+08     1.07673615e-01    1.8e+06     1.0e+00      2.540e+01
 111    115   1048    6.36396447e+08    6.25619423e+08     1.07770244e-01    1.4e+06     1.0e+00      2.541e+01
 112    116   1054    6.36285843e+08    6.25481843e+08     1.08040001e-01    3.1e+05     1.0e+00      2.543e+01
 113    117   1064    6.35978367e+08    6.25208560e+08     1.07698071e-01    2.4e+06     1.0e+00      2.612e+01
 114    118   1068    6.35690437e+08    6.24880614e+08     1.08098233e-01    9.3e+05     1.0e+00      2.612e+01
 115    119   1075    6.35583541e+08    6.24744694e+08     1.08388465e-01    5.7e+05     1.0e+00      2.614e+01
 116    120   1085    6.35438869e+08    6.24519096e+08     1.09197729e-01    1.4e+06     1.0e+00      2.637e+01
 117    121   1094    6.35316727e+08    6.24444430e+08     1.08722977e-01    4.3e+05     1.0e+00      2.641e+01
 118    122   1104    6.35218757e+08    6.24375474e+08     1.08432835e-01    1.3e+06     1.0e+00      2.656e+01
 119    123   1109    6.35158754e+08    6.24242483e+08     1.09162711e-01    6.2e+05     1.0e+00      2.657e+01
 120    124   1119    6.35026567e+08    6.23983441e+08     1.10431261e-01    9.1e+05     1.0e+00      2.679e+01
 121    125   1125    6.34924754e+08    6.23991748e+08     1.09330060e-01    4.5e+05     1.0e+00      2.682e+01
 122    126   1135    6.34803745e+08    6.23829357e+08     1.09743887e-01    8.7e+05     1.0e+00      2.701e+01
 123    127   1145    6.34694758e+08    6.23763709e+08     1.09310486e-01    5.8e+05     1.0e+00      2.706e+01
 124    128   1155    6.34630274e+08    6.23636852e+08     1.09934212e-01    6.9e+05     1.0e+00      2.714e+01
 125    129   1162    6.34584330e+08    6.23612135e+08     1.09721948e-01    3.9e+05     1.0e+00      2.717e+01
 126    130   1172    6.34347301e+08    6.23275352e+08     1.10719484e-01    3.6e+06     1.0e+00      2.765e+01
 127    131   1174    6.34200305e+08    6.23136736e+08     1.10635688e-01    8.6e+05     1.0e+00      2.765e+01
 128    132   1180    6.34124808e+08    6.23109957e+08     1.10148503e-01    4.3e+05     1.0e+00      2.766e+01
 129    133   1190    6.33924662e+08    6.22732613e+08     1.11920497e-01    1.7e+06     1.0e+00      2.811e+01
 130    134   1193    6.33807944e+08    6.22637292e+08     1.11706521e-01    1.1e+06     1.0e+00      2.811e+01
 131    135   1199    6.33718839e+08    6.22616473e+08     1.11023662e-01    3.9e+05     1.0e+00      2.813e+01
 132    136   1209    6.33628782e+08    6.22518556e+08     1.11102259e-01    6.1e+05     1.0e+00      2.825e+01
 133    137   1219    6.33554642e+08    6.22461861e+08     1.10927808e-01    5.6e+05     1.0e+00      2.831e+01
 134    138   1229    6.33494283e+08    6.22382482e+08     1.11118006e-01    8.5e+05     1.0e+00      2.839e+01
 135    139   1239    6.33436764e+08    6.22342802e+08     1.10939618e-01    6.3e+05     1.0e+00      2.844e+01
 136    140   1249    6.33383107e+08    6.22264720e+08     1.11183867e-01    6.9e+05     1.0e+00      2.851e+01
 137    141   1259    6.33330461e+08    6.22231650e+08     1.10988110e-01    6.2e+05     1.0e+00      2.856e+01
 138    142   1269    6.33282288e+08    6.22160484e+08     1.11218041e-01    6.0e+05     1.0e+00      2.863e+01
 139    143   1279    6.33233675e+08    6.22130466e+08     1.11032089e-01    5.7e+05     1.0e+00      2.867e+01
 140    144   1289    6.33186010e+08    6.22064572e+08     1.11214375e-01    6.0e+05     1.0e+00      2.874e+01
 141    145   1299    6.33139304e+08    6.22037244e+08     1.11020603e-01    5.3e+05     1.0e+00      2.878e+01
 142    146   1309    6.33093242e+08    6.21969944e+08     1.11232982e-01    6.0e+05     1.0e+00      2.885e+01
 143    147   1319    6.33047386e+08    6.21944555e+08     1.11028302e-01    5.2e+05     1.0e+00      2.889e+01
 144    148   1329    6.33002189e+08    6.21889925e+08     1.11122640e-01    5.9e+05     1.0e+00      2.896e+01
 145    149   1339    6.32957860e+08    6.21879407e+08     1.10784529e-01    5.0e+05     1.0e+00      2.899e+01
 146    150   1349    6.32914720e+08    6.21835588e+08     1.10791320e-01    5.7e+05     1.0e+00      2.906e+01
 147    151   1359    6.32872396e+08    6.21821257e+08     1.10511389e-01    4.8e+05     1.0e+00      2.910e+01
 148    152   1369    6.32831416e+08    6.21778952e+08     1.10524636e-01    5.6e+05     1.0e+00      2.916e+01
 149    153   1379    6.32790820e+08    6.21761728e+08     1.10290928e-01    4.5e+05     1.0e+00      2.920e+01
 150    154   1389    6.32750788e+08    6.21711325e+08     1.10394636e-01    5.5e+05     1.0e+00      2.926e+01
 151    155   1399    6.32711215e+08    6.21695881e+08     1.10153338e-01    4.4e+05     1.0e+00      2.930e+01
 152    156   1409    6.32672031e+08    6.21643310e+08     1.10287204e-01    5.4e+05     1.0e+00      2.936e+01
 153    157   1419    6.32633258e+08    6.21627458e+08     1.10057997e-01    4.3e+05     1.0e+00      2.940e+01
 154    158   1429    6.32595518e+08    6.21573571e+08     1.10219470e-01    5.4e+05     1.0e+00      2.946e+01
 155    159   1439    6.32558056e+08    6.21557196e+08     1.10008604e-01    4.2e+05     1.0e+00      2.949e+01
 156    160   1449    6.32520875e+08    6.21504206e+08     1.10166691e-01    5.4e+05     1.0e+00      2.955e+01
 157    161   1459    6.32484079e+08    6.21487678e+08     1.09964015e-01    4.0e+05     1.0e+00      2.959e+01
 158    162   1469    6.32447487e+08    6.21439943e+08     1.10075444e-01    5.3e+05     1.0e+00      2.965e+01
 159    163   1479    6.32411750e+08    6.21420786e+08     1.09909640e-01    3.6e+05     1.0e+00      2.968e+01
 160    164   1489    6.32377258e+08    6.21378283e+08     1.09989746e-01    5.3e+05     1.0e+00      2.974e+01
 161    165   1499    6.32342818e+08    6.21358225e+08     1.09845927e-01    3.5e+05     1.0e+00      2.977e+01
 162    166   1509    6.32308670e+08    6.21313428e+08     1.09952421e-01    5.2e+05     1.0e+00      2.983e+01
 163    167   1519    6.32274927e+08    6.21291967e+08     1.09829597e-01    3.5e+05     1.0e+00      2.986e+01
 164    168   1529    6.32241359e+08    6.21246241e+08     1.09951185e-01    5.2e+05     1.0e+00      2.992e+01
 165    169   1539    6.32207939e+08    6.21225382e+08     1.09825570e-01    3.4e+05     1.0e+00      2.995e+01
 166    170   1549    6.32174648e+08    6.21180074e+08     1.09945743e-01    5.1e+05     1.0e+00      3.001e+01
 167    171   1559    6.32141551e+08    6.21160095e+08     1.09814560e-01    3.4e+05     1.0e+00      3.004e+01
 168    172   1569    6.32108281e+08    6.21111465e+08     1.09968166e-01    5.8e+05     1.0e+00      3.010e+01
 169    173   1579    6.32075147e+08    6.21093105e+08     1.09820424e-01    3.4e+05     1.0e+00      3.013e+01
 170    174   1589    6.32042067e+08    6.21042674e+08     1.09993935e-01    5.9e+05     1.0e+00      3.019e+01
 171    175   1595    6.32019723e+08    6.21015478e+08     1.10042455e-01    3.3e+05     1.0e+00      3.020e+01
 172    177   1605    6.32011872e+08    6.21007264e+08     1.10046079e-01    3.3e+05     8.0e-03      3.021e+01
 173    179   1615    6.31966213e+08    6.20960033e+08     1.10061794e-01    3.4e+05     1.3e-02      3.027e+01
 174    180   1625    6.31706706e+08    6.20385167e+08     1.13215387e-01    1.2e+06     1.0e+00      3.121e+01
 175    181   1631    6.31337875e+08    6.20291842e+08     1.10460326e-01    6.1e+05     1.0e+00      3.120e+01
 176    182   1641    6.31287184e+08    6.20241491e+08     1.10456928e-01    3.1e+05     1.0e+00      3.124e+01
 177    183   1651    6.31253956e+08    6.20223390e+08     1.10305659e-01    5.0e+05     1.0e+00      3.129e+01
 178    184   1661    6.31223552e+08    6.20184893e+08     1.10386593e-01    3.2e+05     1.0e+00      3.133e+01
 179    185   1671    6.31196776e+08    6.20180368e+08     1.10164082e-01    4.7e+05     1.0e+00      3.137e+01
 180    186   1681    6.31170509e+08    6.20136129e+08     1.10343800e-01    3.2e+05     1.0e+00      3.141e+01
 181    187   1691    6.31144676e+08    6.20134947e+08     1.10097285e-01    4.7e+05     1.0e+00      3.145e+01
 182    188   1701    6.31119182e+08    6.20086203e+08     1.10329785e-01    3.1e+05     1.0e+00      3.148e+01
 183    189   1711    6.31093941e+08    6.20087797e+08     1.10061431e-01    4.6e+05     1.0e+00      3.153e+01
 184    190   1721    6.31068862e+08    6.20036658e+08     1.10322042e-01    3.1e+05     1.0e+00      3.156e+01
 185    191   1731    6.31044061e+08    6.20039582e+08     1.10044786e-01    4.6e+05     1.0e+00      3.161e+01
 186    192   1741    6.31019442e+08    6.19988164e+08     1.10312779e-01    3.0e+05     1.0e+00      3.164e+01
 187    193   1751    6.30994970e+08    6.19989945e+08     1.10050252e-01    4.8e+05     1.0e+00      3.168e+01
 188    194   1761    6.30970598e+08    6.19938655e+08     1.10319435e-01    3.1e+05     1.0e+00      3.171e+01
 189    195   1771    6.30946341e+08    6.19939239e+08     1.10071019e-01    4.9e+05     1.0e+00      3.176e+01
 190    196   1781    6.30922166e+08    6.19889081e+08     1.10330854e-01    3.1e+05     1.0e+00      3.179e+01
 191    197   1791    6.30898102e+08    6.19888326e+08     1.10097760e-01    5.0e+05     1.0e+00      3.183e+01
 192    198   1801    6.30874151e+08    6.19839617e+08     1.10345344e-01    3.1e+05     1.0e+00      3.186e+01
 193    199   1811    6.30850443e+08    6.19837313e+08     1.10131299e-01    5.0e+05     1.0e+00      3.191e+01
 194    200   1821    6.30826796e+08    6.19790243e+08     1.10365526e-01    3.2e+05     1.0e+00      3.194e+01
 195    201   1831    6.30803221e+08    6.19786524e+08     1.10166968e-01    5.1e+05     1.0e+00      3.198e+01
 196    202   1841    6.30779696e+08    6.19740803e+08     1.10388928e-01    3.2e+05     1.0e+00      3.201e+01
 197    203   1851    6.30756544e+08    6.19737151e+08     1.10193938e-01    5.0e+05     1.0e+00      3.206e+01
 198    204   1861    6.30733397e+08    6.19691265e+08     1.10421317e-01    3.1e+05     1.0e+00      3.209e+01
 199    205   1871    6.30710502e+08    6.19686217e+08     1.10242848e-01    4.9e+05     1.0e+00      3.213e+01
 200    206   1881    6.30687748e+08    6.19641391e+08     1.10463565e-01    3.1e+05     1.0e+00      3.216e+01
 201    207   1891    6.30665088e+08    6.19636584e+08     1.10285043e-01    4.9e+05     1.0e+00      3.220e+01
 202    208   1901    6.30642520e+08    6.19593044e+08     1.10494753e-01    3.1e+05     1.0e+00      3.223e+01
 203    209   1911    6.30620055e+08    6.19588018e+08     1.10320363e-01    4.8e+05     1.0e+00      3.227e+01
 204    210   1921    6.30597895e+08    6.19546654e+08     1.10512413e-01    3.1e+05     1.0e+00      3.230e+01
 205    211   1931    6.30576212e+08    6.19540501e+08     1.10357111e-01    4.5e+05     1.0e+00      3.234e+01
 206    212   1941    6.30554572e+08    6.19500621e+08     1.10539508e-01    3.1e+05     1.0e+00      3.237e+01
 207    213   1951    6.30532976e+08    6.19493957e+08     1.10390188e-01    4.5e+05     1.0e+00      3.241e+01
 208    214   1961    6.30511414e+08    6.19455014e+08     1.10564004e-01    3.0e+05     1.0e+00      3.244e+01
 209    215   1971    6.30489891e+08    6.19447552e+08     1.10423393e-01    4.4e+05     1.0e+00      3.248e+01
 210    216   1981    6.30468396e+08    6.19409410e+08     1.10589855e-01    3.1e+05     1.0e+00      3.251e+01
 211    217   1991    6.30446935e+08    6.19401315e+08     1.10456204e-01    4.4e+05     1.0e+00      3.255e+01
 212    218   2001    6.30425499e+08    6.19363887e+08     1.10616116e-01    3.1e+05     1.0e+00      3.258e+01
 213    219   2011    6.30404146e+08    6.19354496e+08     1.10496497e-01    4.4e+05     1.0e+00      3.262e+01
 214    220   2021    6.30382915e+08    6.19318004e+08     1.10649103e-01    3.0e+05     1.0e+00      3.265e+01
 215    221   2031    6.30362118e+08    6.19309195e+08     1.10529234e-01    4.3e+05     1.0e+00      3.269e+01
 216    222   2041    6.30341561e+08    6.19273786e+08     1.10677745e-01    2.9e+05     1.0e+00      3.271e+01
 217    223   2051    6.30321047e+08    6.19264362e+08     1.10566854e-01    4.3e+05     1.0e+00      3.276e+01
 218    224   2061    6.30300565e+08    6.19229704e+08     1.10708614e-01    2.9e+05     1.0e+00      3.278e+01
 219    225   2071    6.30280144e+08    6.19218592e+08     1.10615521e-01    4.3e+05     1.0e+00      3.282e+01
 220    226   2081    6.30259733e+08    6.19186086e+08     1.10736474e-01    2.9e+05     1.0e+00      3.285e+01
 221    227   2091    6.30239354e+08    6.19174806e+08     1.10645475e-01    4.3e+05     1.0e+00      3.289e+01
 222    228   2101    6.30218998e+08    6.19143272e+08     1.10757259e-01    2.9e+05     1.0e+00      3.292e+01
 223    229   2111    6.30198792e+08    6.19131525e+08     1.10672670e-01    4.2e+05     1.0e+00      3.296e+01
 224    230   2121    6.30178664e+08    6.19100634e+08     1.10780294e-01    2.9e+05     1.0e+00      3.299e+01
 225    231   2131    6.30158590e+08    6.19089079e+08     1.10695112e-01    4.2e+05     1.0e+00      3.303e+01
 226    232   2141    6.30138557e+08    6.19059059e+08     1.10794975e-01    2.9e+05     1.0e+00      3.305e+01
 227    233   2151    6.30118563e+08    6.19047021e+08     1.10715419e-01    4.2e+05     1.0e+00      3.310e+01
 228    234   2161    6.30098598e+08    6.19017596e+08     1.10810017e-01    2.9e+05     1.0e+00      3.312e+01
 229    235   2171    6.30078963e+08    6.19004965e+08     1.10739984e-01    4.1e+05     1.0e+00      3.316e+01
 230    236   2181    6.30059522e+08    6.18976081e+08     1.10834414e-01    2.8e+05     1.0e+00      3.319e+01
 231    237   2191    6.30040102e+08    6.18962355e+08     1.10777466e-01    4.1e+05     1.0e+00      3.323e+01
 232    238   2201    6.30020789e+08    6.18934236e+08     1.10865524e-01    2.8e+05     1.0e+00      3.325e+01
 233    239   2211    6.30002003e+08    6.18921376e+08     1.10806270e-01    4.1e+05     1.0e+00      3.330e+01
 234    240   2221    6.29983064e+08    6.18894273e+08     1.10887906e-01    2.7e+05     1.0e+00      3.332e+01
 235    241   2231    6.29964188e+08    6.18881797e+08     1.10823910e-01    4.0e+05     1.0e+00      3.336e+01
 236    242   2241    6.29945357e+08    6.18855464e+08     1.10898935e-01    2.7e+05     1.0e+00      3.338e+01
 237    243   2251    6.29926697e+08    6.18840318e+08     1.10863796e-01    4.0e+05     1.0e+00      3.343e+01
 238    244   2261    6.29907986e+08    6.18817137e+08     1.10908492e-01    2.6e+05     1.0e+00      3.345e+01
 239    245   2271    6.29888595e+08    6.18814428e+08     1.10741674e-01    5.8e+05     1.0e+00      3.349e+01
 240    246   2281    6.29869205e+08    6.18780133e+08     1.10890718e-01    2.6e+05     1.0e+00      3.352e+01
 241    247   2291    6.29850796e+08    6.18769375e+08     1.10814217e-01    4.0e+05     1.0e+00      3.356e+01
 242    248   2301    6.29832428e+08    6.18745727e+08     1.10867013e-01    2.6e+05     1.0e+00      3.358e+01
 243    249   2311    6.29814104e+08    6.18735239e+08     1.10788646e-01    4.0e+05     1.0e+00      3.362e+01
 244    250   2321    6.29795823e+08    6.18711524e+08     1.10842991e-01    2.5e+05     1.0e+00      3.365e+01
 245    251   2331    6.29777715e+08    6.18700844e+08     1.10768717e-01    3.8e+05     1.0e+00      3.369e+01
 246    252   2335    6.29769449e+08    6.18705897e+08     1.10635521e-01    3.0e+05     1.0e+00      3.369e+01
 247    253   2345    6.29674854e+08    6.18525704e+08     1.11491500e-01    1.3e+06     1.0e+00      3.406e+01
 248    254   2347    6.29580904e+08    6.18438934e+08     1.11419706e-01    5.0e+05     1.0e+00      3.405e+01
 249    255   2355    6.29556582e+08    6.18500182e+08     1.10563997e-01    2.4e+05     1.0e+00      3.407e+01
 250    256   2365    6.29500321e+08    6.18366909e+08     1.11334120e-01    7.3e+05     1.0e+00      3.424e+01
 251    257   2368    6.29464526e+08    6.18395805e+08     1.10687213e-01    3.5e+05     1.0e+00      3.425e+01
 252    258   2378    6.29436475e+08    6.18373794e+08     1.10626816e-01    4.1e+05     1.0e+00      3.429e+01
 253    259   2384    6.29425089e+08    6.18365114e+08     1.10599750e-01    2.2e+05     1.0e+00      3.430e+01
 254    260   2394    6.29361874e+08    6.18287529e+08     1.10743446e-01    8.3e+05     1.0e+00      3.452e+01
 255    261   2398    6.29324196e+08    6.18292287e+08     1.10319089e-01    4.3e+05     1.0e+00      3.452e+01
 256    262   2408    6.29293617e+08    6.18223730e+08     1.10698867e-01    2.8e+05     1.0e+00      3.455e+01
 257    263   2418    6.29270710e+08    6.18224889e+08     1.10458203e-01    4.5e+05     1.0e+00      3.461e+01
 258    264   2428    6.29249206e+08    6.18196187e+08     1.10530194e-01    2.6e+05     1.0e+00      3.463e+01
 259    265   2438    6.29231858e+08    6.18186457e+08     1.10454012e-01    4.9e+05     1.0e+00      3.468e+01
 260    266   2448    6.29214822e+08    6.18173368e+08     1.10414541e-01    2.5e+05     1.0e+00      3.470e+01
 261    267   2458    6.29198625e+08    6.18160346e+08     1.10382787e-01    4.5e+05     1.0e+00      3.474e+01
 262    268   2468    6.29182594e+08    6.18148392e+08     1.10342019e-01    2.4e+05     1.0e+00      3.476e+01
 263    269   2478    6.29166858e+08    6.18136946e+08     1.10299123e-01    4.1e+05     1.0e+00      3.480e+01
 264    270   2488    6.29151228e+08    6.18123221e+08     1.10280070e-01    2.3e+05     1.0e+00      3.482e+01
 265    271   2498    6.29135824e+08    6.18113520e+08     1.10223035e-01    3.7e+05     1.0e+00      3.486e+01
 266    272   2508    6.29120539e+08    6.18097598e+08     1.10229413e-01    2.2e+05     1.0e+00      3.488e+01
 267    273   2518    6.29105416e+08    6.18088961e+08     1.10164554e-01    3.6e+05     1.0e+00      3.492e+01
 268    274   2528    6.29090378e+08    6.18071952e+08     1.10184256e-01    2.0e+05     1.0e+00      3.494e+01
 269    275   2538    6.29075442e+08    6.18065238e+08     1.10102044e-01    3.7e+05     1.0e+00      3.498e+01
 270    276   2548    6.29060571e+08    6.18046889e+08     1.10136823e-01    1.9e+05     1.0e+00      3.499e+01
 271    277   2558    6.29045775e+08    6.18041148e+08     1.10046270e-01    3.8e+05     1.0e+00      3.503e+01
 272    278   2568    6.29031033e+08    6.18021578e+08     1.10094555e-01    1.8e+05     1.0e+00      3.505e+01
 273    279   2578    6.29016374e+08    6.18016980e+08     1.09993937e-01    3.9e+05     1.0e+00      3.509e+01
 274    280   2588    6.29001769e+08    6.17997264e+08     1.10045047e-01    1.7e+05     1.0e+00      3.511e+01
 275    281   2598    6.28987223e+08    6.17992274e+08     1.09949491e-01    3.9e+05     1.0e+00      3.515e+01
 276    282   2608    6.28972723e+08    6.17972498e+08     1.10002252e-01    1.7e+05     1.0e+00      3.516e+01
 277    283   2618    6.28958272e+08    6.17967326e+08     1.09909460e-01    3.9e+05     1.0e+00      3.520e+01
 278    284   2628    6.28943861e+08    6.17947418e+08     1.09964436e-01    1.7e+05     1.0e+00      3.522e+01
 279    285   2638    6.28929825e+08    6.17943336e+08     1.09864894e-01    3.9e+05     1.0e+00      3.526e+01
 280    286   2648    6.28915456e+08    6.17924009e+08     1.09914463e-01    2.0e+05     1.0e+00      3.528e+01
 281    287   2658    6.28901198e+08    6.17919408e+08     1.09817896e-01    3.6e+05     1.0e+00      3.531e+01
 282    288   2664    6.28891073e+08    6.17906642e+08     1.09844305e-01    2.3e+05     1.0e+00      3.532e+01
 283    289   2674    6.28771987e+08    6.17781308e+08     1.09906787e-01    6.3e+05     1.0e+00      3.580e+01
 284    290   2679    6.28663861e+08    6.17695591e+08     1.09682695e-01    5.6e+05     1.0e+00      3.580e+01
 285    291   2683    6.28657286e+08    6.17702115e+08     1.09551713e-01    1.2e+05     1.0e+00      3.580e+01
 286    292   2693    6.28624985e+08    6.17610594e+08     1.10143915e-01    7.9e+05     1.0e+00      3.592e+01
 287    293   2697    6.28604373e+08    6.17623819e+08     1.09805535e-01    3.9e+05     1.0e+00      3.592e+01
 288    294   2707    6.28588961e+08    6.17639109e+08     1.09498522e-01    2.9e+05     1.0e+00      3.595e+01
 289    295   2717    6.28576037e+08    6.17606730e+08     1.09693077e-01    2.9e+05     1.0e+00      3.598e+01
 290    296   2727    6.28563584e+08    6.17616634e+08     1.09469493e-01    3.1e+05     1.0e+00      3.600e+01
 291    297   2737    6.28551332e+08    6.17582870e+08     1.09684623e-01    2.6e+05     1.0e+00      3.603e+01
 292    298   2747    6.28539188e+08    6.17593175e+08     1.09460127e-01    3.0e+05     1.0e+00      3.605e+01
 293    299   2757    6.28527099e+08    6.17557807e+08     1.09692922e-01    2.6e+05     1.0e+00      3.608e+01
 294    300   2767    6.28515045e+08    6.17568673e+08     1.09463724e-01    3.0e+05     1.0e+00      3.610e+01
 295    301   2777    6.28503053e+08    6.17533056e+08     1.09699973e-01    2.5e+05     1.0e+00      3.613e+01
 296    302   2787    6.28491091e+08    6.17544742e+08     1.09463493e-01    3.1e+05     1.0e+00      3.615e+01
 297    303   2797    6.28479158e+08    6.17508586e+08     1.09705720e-01    2.6e+05     1.0e+00      3.618e+01
 298    304   2807    6.28467266e+08    6.17520650e+08     1.09466162e-01    3.1e+05     1.0e+00      3.620e+01
 299    305   2817    6.28455498e+08    6.17483516e+08     1.09719819e-01    2.5e+05     1.0e+00      3.623e+01
 300    306   2827    6.28443752e+08    6.17495210e+08     1.09485418e-01    3.4e+05     1.0e+00      3.625e+01
 301    307   2837    6.28432258e+08    6.17458750e+08     1.09735082e-01    2.5e+05     1.0e+00      3.628e+01
 302    308   2847    6.28420808e+08    6.17470753e+08     1.09500550e-01    3.3e+05     1.0e+00      3.630e+01
 303    309   2857    6.28409523e+08    6.17437153e+08     1.09723698e-01    2.5e+05     1.0e+00      3.633e+01
 304    310   2867    6.28398416e+08    6.17452205e+08     1.09462104e-01    3.3e+05     1.0e+00      3.635e+01
 305    311   2877    6.28387357e+08    6.17419275e+08     1.09680826e-01    2.5e+05     1.0e+00      3.638e+01
 306    312   2887    6.28376341e+08    6.17434808e+08     1.09415332e-01    3.2e+05     1.0e+00      3.640e+01
 307    313   2897    6.28365365e+08    6.17401856e+08     1.09635092e-01    2.6e+05     1.0e+00      3.642e+01
 308    314   2907    6.28354428e+08    6.17417133e+08     1.09372955e-01    3.2e+05     1.0e+00      3.645e+01
 309    315   2917    6.28343525e+08    6.17383362e+08     1.09601630e-01    2.5e+05     1.0e+00      3.647e+01
 310    316   2927    6.28332658e+08    6.17399328e+08     1.09333299e-01    3.2e+05     1.0e+00      3.649e+01
 311    317   2937    6.28321824e+08    6.17365160e+08     1.09566635e-01    2.5e+05     1.0e+00      3.652e+01
 312    318   2947    6.28311020e+08    6.17381098e+08     1.09299218e-01    3.2e+05     1.0e+00      3.654e+01
 313    319   2957    6.28300368e+08    6.17347638e+08     1.09527295e-01    2.5e+05     1.0e+00      3.656e+01
 314    320   2967    6.28289748e+08    6.17363300e+08     1.09264475e-01    3.1e+05     1.0e+00      3.659e+01
 315    321   2977    6.28279342e+08    6.17331107e+08     1.09482350e-01    2.5e+05     1.0e+00      3.661e+01
 316    322   2987    6.28268899e+08    6.17347047e+08     1.09218515e-01    3.0e+05     1.0e+00      3.663e+01
 317    323   2997    6.28258511e+08    6.17313598e+08     1.09449137e-01    2.5e+05     1.0e+00      3.666e+01
 318    324   3007    6.28248241e+08    6.17329680e+08     1.09185615e-01    2.9e+05     1.0e+00      3.668e+01
 319    325   3017    6.28238000e+08    6.17296055e+08     1.09419449e-01    2.6e+05     1.0e+00      3.670e+01
 320    326   3027    6.28227786e+08    6.17312224e+08     1.09155620e-01    2.9e+05     1.0e+00      3.672e+01
 321    327   3037    6.28217594e+08    6.17277154e+08     1.09404399e-01    2.8e+05     1.0e+00      3.675e+01
 322    328   3047    6.28207429e+08    6.17294571e+08     1.09128580e-01    2.9e+05     1.0e+00      3.677e+01
 323    329   3057    6.28197335e+08    6.17259480e+08     1.09378551e-01    2.5e+05     1.0e+00      3.679e+01
 324    330   3067    6.28187265e+08    6.17276453e+08     1.09108121e-01    2.9e+05     1.0e+00      3.681e+01
 325    331   3077    6.28177225e+08    6.17241372e+08     1.09358529e-01    2.5e+05     1.0e+00      3.684e+01
 326    332   3087    6.28167225e+08    6.17258366e+08     1.09088584e-01    2.9e+05     1.0e+00      3.686e+01
 327    333   3097    6.28157246e+08    6.17223260e+08     1.09339858e-01    2.5e+05     1.0e+00      3.688e+01
 328    334   3107    6.28147288e+08    6.17240360e+08     1.09069274e-01    2.9e+05     1.0e+00      3.690e+01
 329    335   3117    6.28137350e+08    6.17205083e+08     1.09322661e-01    2.5e+05     1.0e+00      3.693e+01
 330    336   3127    6.28127431e+08    6.17222238e+08     1.09051931e-01    2.8e+05     1.0e+00      3.695e+01
 331    337   3137    6.28117531e+08    6.17186801e+08     1.09307297e-01    2.5e+05     1.0e+00      3.697e+01
 332    338   3147    6.28107650e+08    6.17204003e+08     1.09036463e-01    2.8e+05     1.0e+00      3.699e+01
 333    339   3157    6.28097786e+08    6.17168425e+08     1.09293611e-01    2.6e+05     1.0e+00      3.701e+01
 334    340   3167    6.28087940e+08    6.17185670e+08     1.09022704e-01    2.8e+05     1.0e+00      3.703e+01
 335    341   3177    6.28078111e+08    6.17149964e+08     1.09281468e-01    2.6e+05     1.0e+00      3.706e+01
 336    342   3187    6.28068299e+08    6.17167247e+08     1.09010516e-01    2.8e+05     1.0e+00      3.708e+01
 337    343   3197    6.28058533e+08    6.17131904e+08     1.09266289e-01    2.6e+05     1.0e+00      3.710e+01
 338    344   3207    6.28048804e+08    6.17149346e+08     1.08994582e-01    2.8e+05     1.0e+00      3.712e+01
 339    345   3217    6.28039091e+08    6.17113769e+08     1.09253223e-01    2.6e+05     1.0e+00      3.715e+01
 340    346   3227    6.28029429e+08    6.17131018e+08     1.08984112e-01    2.7e+05     1.0e+00      3.717e+01
 341    347   3237    6.28019812e+08    6.17095457e+08     1.09243543e-01    2.6e+05     1.0e+00      3.719e+01
 342    348   3247    6.28010227e+08    6.17112478e+08     1.08977496e-01    2.7e+05     1.0e+00      3.721e+01
 343    349   3257    6.28000670e+08    6.17076736e+08     1.09239338e-01    2.6e+05     1.0e+00      3.724e+01
 344    350   3267    6.27991137e+08    6.17093706e+08     1.08974314e-01    2.7e+05     1.0e+00      3.726e+01
 345    351   3277    6.27981626e+08    6.17057906e+08     1.09237196e-01    2.6e+05     1.0e+00      3.728e+01
 346    352   3287    6.27972135e+08    6.17074886e+08     1.08972485e-01    2.7e+05     1.0e+00      3.730e+01
 347    353   3297    6.27962662e+08    6.17039045e+08     1.09236170e-01    2.6e+05     1.0e+00      3.732e+01
 348    354   3307    6.27953208e+08    6.17056061e+08     1.08971465e-01    2.7e+05     1.0e+00      3.734e+01
 349    355   3317    6.27943882e+08    6.17017906e+08     1.09259763e-01    2.6e+05     1.0e+00      3.737e+01
 350    356   3327    6.27934549e+08    6.17036339e+08     1.08982096e-01    2.7e+05     1.0e+00      3.739e+01
 351    357   3337    6.27925233e+08    6.16999267e+08     1.09259659e-01    2.6e+05     1.0e+00      3.741e+01
 352    358   3347    6.27915933e+08    6.17017365e+08     1.08985682e-01    2.7e+05     1.0e+00      3.743e+01
 353    359   3357    6.27907004e+08    6.16981855e+08     1.09251491e-01    2.6e+05     1.0e+00      3.745e+01
 354    360   3367    6.27897995e+08    6.16997919e+08     1.09000754e-01    2.5e+05     1.0e+00      3.747e+01
 355    361   3377    6.27889030e+08    6.16964652e+08     1.09243780e-01    2.6e+05     1.0e+00      3.750e+01
 356    362   3387    6.27880095e+08    6.16981891e+08     1.08982041e-01    2.5e+05     1.0e+00      3.751e+01
 357    363   3397    6.27871210e+08    6.16947248e+08     1.09239618e-01    2.7e+05     1.0e+00      3.754e+01
 358    364   3407    6.27862353e+08    6.16964870e+08     1.08974836e-01    2.5e+05     1.0e+00      3.756e+01
 359    365   3417    6.27853521e+08    6.16929831e+08     1.09236903e-01    2.7e+05     1.0e+00      3.758e+01
 360    366   3427    6.27844711e+08    6.16947666e+08     1.08970450e-01    2.5e+05     1.0e+00      3.760e+01
 361    367   3437    6.27835903e+08    6.16912261e+08     1.09236424e-01    2.7e+05     1.0e+00      3.762e+01
 362    368   3447    6.27827143e+08    6.16929981e+08     1.08971617e-01    2.5e+05     1.0e+00      3.764e+01
 363    369   3457    6.27818406e+08    6.16895017e+08     1.09233889e-01    2.7e+05     1.0e+00      3.766e+01
 364    370   3467    6.27809687e+08    6.16912564e+08     1.08971226e-01    2.5e+05     1.0e+00      3.768e+01
 365    371   3477    6.27800985e+08    6.16877291e+08     1.09236934e-01    2.7e+05     1.0e+00      3.771e+01
 366    372   3487    6.27792299e+08    6.16894984e+08     1.08973150e-01    2.5e+05     1.0e+00      3.772e+01
 367    373   3497    6.27783631e+08    6.16859671e+08     1.09239604e-01    2.7e+05     1.0e+00      3.775e+01
 368    374   3507    6.27774988e+08    6.16877356e+08     1.08976314e-01    2.5e+05     1.0e+00      3.777e+01
 369    375   3517    6.27766368e+08    6.16841798e+08     1.09245703e-01    2.7e+05     1.0e+00      3.779e+01
 370    376   3527    6.27757768e+08    6.16859473e+08     1.08982953e-01    2.4e+05     1.0e+00      3.781e+01
 371    377   3537    6.27749186e+08    6.16823767e+08     1.09254191e-01    2.7e+05     1.0e+00      3.783e+01
 372    378   3547    6.27740621e+08    6.16841362e+08     1.08992585e-01    2.4e+05     1.0e+00      3.785e+01
 373    379   3557    6.27732071e+08    6.16805502e+08     1.09265692e-01    2.7e+05     1.0e+00      3.787e+01
 374    380   3567    6.27723537e+08    6.16823076e+08     1.09004609e-01    2.4e+05     1.0e+00      3.789e+01
 375    381   3577    6.27715016e+08    6.16787112e+08     1.09279046e-01    2.7e+05     1.0e+00      3.791e+01
 376    382   3587    6.27706510e+08    6.16804683e+08     1.09018267e-01    2.4e+05     1.0e+00      3.793e+01
 377    383   3597    6.27697995e+08    6.16769652e+08     1.09283436e-01    2.7e+05     1.0e+00      3.796e+01
 378    384   3607    6.27689494e+08    6.16786173e+08     1.09033204e-01    2.4e+05     1.0e+00      3.797e+01
 379    385   3617    6.27681026e+08    6.16749864e+08     1.09311624e-01    2.7e+05     1.0e+00      3.800e+01
 380    386   3627    6.27672571e+08    6.16767670e+08     1.09049011e-01    2.4e+05     1.0e+00      3.801e+01
 381    387   3637    6.27664128e+08    6.16731248e+08     1.09328798e-01    2.7e+05     1.0e+00      3.804e+01
 382    388   3647    6.27655696e+08    6.16749140e+08     1.09065559e-01    2.4e+05     1.0e+00      3.806e+01
 383    389   3657    6.27647318e+08    6.16713025e+08     1.09342925e-01    2.7e+05     1.0e+00      3.808e+01
 384    390   3667    6.27638917e+08    6.16730817e+08     1.09081006e-01    2.4e+05     1.0e+00      3.810e+01
 385    391   3677    6.27630527e+08    6.16692155e+08     1.09383721e-01    2.8e+05     1.0e+00      3.812e+01
 386    392   3687    6.27622151e+08    6.16712249e+08     1.09099017e-01    2.4e+05     1.0e+00      3.814e+01
 387    393   3697    6.27613789e+08    6.16674137e+08     1.09396515e-01    2.8e+05     1.0e+00      3.816e+01
 388    394   3704    6.27607681e+08    6.16680220e+08     1.09274609e-01    1.8e+05     1.0e+00      3.817e+01
 389    395   3714    6.27591101e+08    6.16602490e+08     1.09886114e-01    6.0e+05     1.0e+00      3.824e+01
 390    396   3718    6.27579494e+08    6.16637640e+08     1.09418538e-01    3.4e+05     1.0e+00      3.824e+01
 391    397   3728    6.27567027e+08    6.16656284e+08     1.09107431e-01    6.1e+05     1.0e+00      3.829e+01
 392    398   3730    6.27561456e+08    6.16636807e+08     1.09246488e-01    1.5e+05     1.0e+00      3.829e+01
 393    399   3740    6.27544372e+08    6.16618138e+08     1.09262336e-01    9.8e+05     1.0e+00      3.836e+01
 394    400   3743    6.27532770e+08    6.16590615e+08     1.09421551e-01    1.3e+05     1.0e+00      3.836e+01
 395    401   3753    6.27513815e+08    6.16601136e+08     1.09126788e-01    8.2e+05     1.0e+00      3.844e+01
 396    402   3755    6.27502739e+08    6.16578364e+08     1.09243750e-01    2.0e+05     1.0e+00      3.844e+01
 397    403   3765    6.27492205e+08    6.16547440e+08     1.09447657e-01    3.9e+05     1.0e+00      3.846e+01
 398    404   3775    6.27482942e+08    6.16546817e+08     1.09361250e-01    2.3e+05     1.0e+00      3.848e+01
 399    405   3785    6.27474501e+08    6.16521279e+08     1.09532225e-01    4.2e+05     1.0e+00      3.850e+01
 400    406   3795    6.27466266e+08    6.16523503e+08     1.09427633e-01    2.1e+05     1.0e+00      3.853e+01
 401    407   3805    6.27458356e+08    6.16499617e+08     1.09587387e-01    2.9e+05     1.0e+00      3.854e+01
 402    408   3815    6.27450530e+08    6.16502555e+08     1.09479757e-01    2.1e+05     1.0e+00      3.856e+01
 403    409   3825    6.27442767e+08    6.16477729e+08     1.09650376e-01    2.9e+05     1.0e+00      3.858e+01
 404    410   3835    6.27435022e+08    6.16483368e+08     1.09516535e-01    2.1e+05     1.0e+00      3.860e+01
 405    411   3845    6.27427294e+08    6.16457948e+08     1.09693466e-01    2.9e+05     1.0e+00      3.862e+01
 406    412   3855    6.27419578e+08    6.16465003e+08     1.09545753e-01    2.2e+05     1.0e+00      3.864e+01
 407    413   3865    6.27411874e+08    6.16439128e+08     1.09727459e-01    3.0e+05     1.0e+00      3.866e+01
 408    414   3875    6.27404178e+08    6.16447027e+08     1.09571513e-01    2.2e+05     1.0e+00      3.868e+01
 409    415   3885    6.27396491e+08    6.16420780e+08     1.09757114e-01    3.0e+05     1.0e+00      3.870e+01
 410    416   3895    6.27388813e+08    6.16429246e+08     1.09595672e-01    2.2e+05     1.0e+00      3.872e+01
 411    417   3905    6.27381142e+08    6.16402689e+08     1.09784529e-01    3.0e+05     1.0e+00      3.874e+01
 412    418   3915    6.27373479e+08    6.16411570e+08     1.09619090e-01    2.2e+05     1.0e+00      3.876e+01
 413    419   3925    6.27365823e+08    6.16384751e+08     1.09810721e-01    3.0e+05     1.0e+00      3.878e+01
 414    420   3935    6.27358174e+08    6.16393939e+08     1.09642349e-01    2.3e+05     1.0e+00      3.880e+01
 415    421   3945    6.27350528e+08    6.16366621e+08     1.09839067e-01    3.1e+05     1.0e+00      3.882e+01
 416    422   3955    6.27342889e+08    6.16376497e+08     1.09663918e-01    2.3e+05     1.0e+00      3.884e+01
 417    423   3965    6.27335280e+08    6.16349119e+08     1.09861605e-01    3.1e+05     1.0e+00      3.886e+01
 418    424   3975    6.27327746e+08    6.16359180e+08     1.09685663e-01    2.3e+05     1.0e+00      3.888e+01
 419    425   3985    6.27320222e+08    6.16331415e+08     1.09888080e-01    3.1e+05     1.0e+00      3.889e+01
 420    426   3995    6.27312706e+08    6.16341480e+08     1.09712259e-01    2.3e+05     1.0e+00      3.891e+01
 421    427   4005    6.27305197e+08    6.16313549e+08     1.09916479e-01    3.1e+05     1.0e+00      3.893e+01
 422    428   4015    6.27297732e+08    6.16323714e+08     1.09740183e-01    2.3e+05     1.0e+00      3.895e+01
