
                            < M A T L A B (R) >
                  Copyright 1984-2013 The MathWorks, Inc.
                    R2013a (8.1.0.604) 64-bit (glnxa64)
                             February 15, 2013

 
To get started, type one of these: helpwin, helpdesk, or demo.
For product information, visit www.mathworks.com.
 
>> >> >> >> >> >> >> >> X-ray simulation startup file...
====== Fluorescence Detector Resolution is 500
====== Angle Number  1 of 12: 0
====== Angle Number  2 of 12: 1.636364e+01
====== Angle Number  3 of 12: 3.272727e+01
====== Angle Number  4 of 12: 4.909091e+01
====== Angle Number  5 of 12: 6.545455e+01
====== Angle Number  6 of 12: 8.181818e+01
====== Angle Number  7 of 12: 9.818182e+01
====== Angle Number  8 of 12: 1.145455e+02
====== Angle Number  9 of 12: 1.309091e+02
====== Angle Number  10 of 12: 1.472727e+02
====== Angle Number  11 of 12: 1.636364e+02
====== Angle Number  12 of 12: 180
>> >> >> >> >> >> >> >> >> >> >> >> >> ====== With Self Absorption, Transmission Detector Resolution is 30
>> >> >> >> >> >> >> >> >> >> >> >> >> >> >> >> >> >> >> >> >> >> >> >> >> >> #######==============Beta= 0.000000, TempBeta = 1.000000 
  it     nf     cg           f             f_xrf             f_xtm            |g|        alpha        error
   0      1      0    5.14711901e+13    5.14711901e+13    7.46971741e+01    2.0e+12     1.0e+00      3.024e+01
   1      2      2    1.43105262e+13    1.43105262e+13     3.79787173e+01    6.1e+11     1.0e+00      2.937e+01
   2      3      5    3.53590067e+12    3.53590067e+12     1.69445763e+01    1.5e+11     1.0e+00      2.788e+01
   3      4      9    9.45305070e+11    9.45305070e+11     7.68930167e+00    7.6e+10     1.0e+00      2.647e+01
   4      5     14    2.46320472e+11    2.46320472e+11     3.91201505e+00    2.7e+10     1.0e+00      2.541e+01
   5      6     22    9.98548018e+10    9.98548018e+10     2.50649145e+00    1.1e+10     1.0e+00      2.475e+01
   6      7     32    4.30499206e+10    4.30499206e+10     1.57100253e+00    1.3e+10     1.0e+00      2.462e+01
   7      8     42    3.01349827e+10    3.01349827e+10     1.31910482e+00    5.0e+09     1.0e+00      2.464e+01
   8      9     52    2.53075391e+10    2.53075391e+10     1.19503064e+00    3.6e+09     1.0e+00      2.471e+01
   9     10     62    2.29557936e+10    2.29557936e+10     1.09054604e+00    2.2e+09     1.0e+00      2.473e+01
  10     11     72    2.14359168e+10    2.14359168e+10     1.03738825e+00    2.4e+09     1.0e+00      2.478e+01
  11     12     82    2.02979206e+10    2.02979206e+10     9.90149231e-01    1.9e+09     1.0e+00      2.480e+01
  12     13     92    1.93972944e+10    1.93972944e+10     9.61952926e-01    1.6e+09     1.0e+00      2.484e+01
  13     14    102    1.86532571e+10    1.86532571e+10     9.31733492e-01    1.8e+09     1.0e+00      2.487e+01
  14     15    112    1.80101129e+10    1.80101129e+10     9.10667200e-01    1.5e+09     1.0e+00      2.490e+01
  15     16    122    1.74469201e+10    1.74469201e+10     8.88573227e-01    1.6e+09     1.0e+00      2.493e+01
  16     17    132    1.69430134e+10    1.69430134e+10     8.71627800e-01    1.4e+09     1.0e+00      2.497e+01
  17     18    142    1.64927832e+10    1.64927832e+10     8.53667698e-01    1.4e+09     1.0e+00      2.501e+01
  18     19    152    1.60871751e+10    1.60871751e+10     8.39549767e-01    1.3e+09     1.0e+00      2.504e+01
  19     20    162    1.57194893e+10    1.57194893e+10     8.23609207e-01    1.2e+09     1.0e+00      2.508e+01
  20     21    172    1.53815801e+10    1.53815801e+10     8.10680662e-01    1.2e+09     1.0e+00      2.512e+01
  21     22    182    1.50800982e+10    1.50800982e+10     7.96588318e-01    1.2e+09     1.0e+00      2.515e+01
  22     23    192    1.48049763e+10    1.48049763e+10     7.85673827e-01    1.0e+09     1.0e+00      2.519e+01
  23     24    202    1.45504558e+10    1.45504558e+10     7.73535000e-01    1.1e+09     1.0e+00      2.523e+01
  24     25    212    1.43156621e+10    1.43156621e+10     7.64076476e-01    9.4e+08     1.0e+00      2.526e+01
  25     26    222    1.40966198e+10    1.40966198e+10     7.52736379e-01    1.0e+09     1.0e+00      2.530e+01
  26     27    232    1.38925912e+10    1.38925912e+10     7.44336976e-01    8.8e+08     1.0e+00      2.534e+01
  27     28    242    1.37017415e+10    1.37017415e+10     7.34124401e-01    9.7e+08     1.0e+00      2.537e+01
  28     29    252    1.35257057e+10    1.35257057e+10     7.26362520e-01    8.0e+08     1.0e+00      2.541e+01
  29     30    262    1.33641409e+10    1.33641409e+10     7.16200381e-01    9.5e+08     1.0e+00      2.544e+01
  30     31    272    1.32147431e+10    1.32147431e+10     7.08878188e-01    7.2e+08     1.0e+00      2.547e+01
  31     32    282    1.30713396e+10    1.30713396e+10     6.99659034e-01    9.2e+08     1.0e+00      2.550e+01
  32     33    292    1.29352202e+10    1.29352202e+10     6.93424105e-01    6.5e+08     1.0e+00      2.554e+01
  33     34    302    1.28053393e+10    1.28053393e+10     6.85169279e-01    8.8e+08     1.0e+00      2.557e+01
  34     35    312    1.26810945e+10    1.26810945e+10     6.79504956e-01    6.0e+08     1.0e+00      2.560e+01
  35     36    322    1.25641388e+10    1.25641388e+10     6.71797373e-01    8.5e+08     1.0e+00      2.563e+01
  36     37    332    1.24535108e+10    1.24535108e+10     6.66250800e-01    5.5e+08     1.0e+00      2.566e+01
  37     38    342    1.23477839e+10    1.23477839e+10     6.58919842e-01    8.0e+08     1.0e+00      2.569e+01
  38     39    352    1.22478242e+10    1.22478242e+10     6.53650516e-01    4.9e+08     1.0e+00      2.572e+01
  39     40    362    1.21522489e+10    1.21522489e+10     6.47061897e-01    7.5e+08     1.0e+00      2.575e+01
  40     41    372    1.20635708e+10    1.20635708e+10     6.42176130e-01    4.6e+08     1.0e+00      2.578e+01
  41     42    382    1.19796747e+10    1.19796747e+10     6.35693649e-01    6.8e+08     1.0e+00      2.581e+01
  42     43    392    1.18988735e+10    1.18988735e+10     6.31136123e-01    4.3e+08     1.0e+00      2.584e+01
  43     44    402    1.18209360e+10    1.18209360e+10     6.25355342e-01    6.4e+08     1.0e+00      2.587e+01
  44     45    412    1.17458903e+10    1.17458903e+10     6.21265820e-01    4.1e+08     1.0e+00      2.589e+01
  45     46    422    1.16735053e+10    1.16735053e+10     6.15833122e-01    6.1e+08     1.0e+00      2.592e+01
  46     47    432    1.16035511e+10    1.16035511e+10     6.12036766e-01    3.9e+08     1.0e+00      2.595e+01
  47     48    442    1.15359174e+10    1.15359174e+10     6.06892328e-01    5.9e+08     1.0e+00      2.597e+01
  48     49    452    1.14705689e+10    1.14705689e+10     6.03306385e-01    3.8e+08     1.0e+00      2.600e+01
  49     50    462    1.14075844e+10    1.14075844e+10     5.98347349e-01    5.6e+08     1.0e+00      2.603e+01
  50     51    472    1.13467331e+10    1.13467331e+10     5.94948325e-01    3.6e+08     1.0e+00      2.605e+01
  51     52    482    1.12886885e+10    1.12886885e+10     5.90150809e-01    5.3e+08     1.0e+00      2.608e+01
  52     53    492    1.12327367e+10    1.12327367e+10     5.86868573e-01    3.5e+08     1.0e+00      2.611e+01
  53     54    502    1.11784605e+10    1.11784605e+10     5.82506268e-01    5.0e+08     1.0e+00      2.613e+01
  54     55    512    1.11256871e+10    1.11256871e+10     5.79505601e-01    3.3e+08     1.0e+00      2.615e+01
  55     56    522    1.10743803e+10    1.10743803e+10     5.75405447e-01    4.9e+08     1.0e+00      2.618e+01
  56     57    532    1.10244547e+10    1.10244547e+10     5.72579706e-01    3.2e+08     1.0e+00      2.620e+01
  57     58    542    1.09758659e+10    1.09758659e+10     5.68665467e-01    4.7e+08     1.0e+00      2.623e+01
  58     59    552    1.09285320e+10    1.09285320e+10     5.65975934e-01    3.1e+08     1.0e+00      2.625e+01
  59     60    562    1.08824234e+10    1.08824234e+10     5.62222233e-01    4.5e+08     1.0e+00      2.627e+01
  60     61    572    1.08374689e+10    1.08374689e+10     5.59650904e-01    3.0e+08     1.0e+00      2.630e+01
  61     62    582    1.07936428e+10    1.07936428e+10     5.56043310e-01    4.4e+08     1.0e+00      2.632e+01
  62     63    592    1.07509457e+10    1.07509457e+10     5.53568196e-01    2.9e+08     1.0e+00      2.635e+01
  63     64    602    1.07098376e+10    1.07098376e+10     5.50010567e-01    4.3e+08     1.0e+00      2.637e+01
  64     65    612    1.06698801e+10    1.06698801e+10     5.47430140e-01    2.8e+08     1.0e+00      2.639e+01
  65     66    622    1.06310416e+10    1.06310416e+10     5.43998474e-01    4.2e+08     1.0e+00      2.641e+01
  66     67    632    1.05933509e+10    1.05933509e+10     5.41466322e-01    2.7e+08     1.0e+00      2.644e+01
  67     68    642    1.05565389e+10    1.05565389e+10     5.38123005e-01    4.1e+08     1.0e+00      2.646e+01
  68     69    652    1.05210613e+10    1.05210613e+10     5.35754483e-01    2.6e+08     1.0e+00      2.648e+01
  69     70    662    1.04867562e+10    1.04867562e+10     5.32443078e-01    3.9e+08     1.0e+00      2.650e+01
  70     71    672    1.04532830e+10    1.04532830e+10     5.30201408e-01    2.5e+08     1.0e+00      2.652e+01
  71     72    682    1.04207264e+10    1.04207264e+10     5.27063231e-01    3.8e+08     1.0e+00      2.654e+01
  72     73    692    1.03888172e+10    1.03888172e+10     5.24902573e-01    2.4e+08     1.0e+00      2.657e+01
  73     74    702    1.03575401e+10    1.03575401e+10     5.21967672e-01    3.7e+08     1.0e+00      2.659e+01
  74     75    712    1.03268587e+10    1.03268587e+10     5.19927678e-01    2.3e+08     1.0e+00      2.661e+01
  75     76    722    1.02968643e+10    1.02968643e+10     5.17094664e-01    3.6e+08     1.0e+00      2.663e+01
  76     77    732    1.02674543e+10    1.02674543e+10     5.15129234e-01    2.3e+08     1.0e+00      2.665e+01
  77     78    742    1.02385944e+10    1.02385944e+10     5.12398022e-01    3.5e+08     1.0e+00      2.667e+01
  78     79    752    1.02102449e+10    1.02102449e+10     5.10496032e-01    2.2e+08     1.0e+00      2.669e+01
  79     80    762    1.01824524e+10    1.01824524e+10     5.07868864e-01    3.4e+08     1.0e+00      2.671e+01
  80     81    772    1.01551568e+10    1.01551568e+10     5.06005312e-01    2.2e+08     1.0e+00      2.673e+01
  81     82    782    1.01283795e+10    1.01283795e+10     5.03368066e-01    3.3e+08     1.0e+00      2.674e+01
  82     83    792    1.01021093e+10    1.01021093e+10     5.01681865e-01    2.2e+08     1.0e+00      2.677e+01
  83     84    802    1.00763190e+10    1.00763190e+10     4.99172324e-01    3.2e+08     1.0e+00      2.678e+01
  84     85    812    1.00510366e+10    1.00510366e+10     4.97468425e-01    2.1e+08     1.0e+00      2.680e+01
  85     86    822    1.00261910e+10    1.00261910e+10     4.95025899e-01    3.2e+08     1.0e+00      2.682e+01
  86     87    832    1.00017559e+10    1.00017559e+10     4.93395655e-01    2.1e+08     1.0e+00      2.684e+01
  87     88    842    9.97770495e+09    9.97770495e+09     4.91030061e-01    3.1e+08     1.0e+00      2.686e+01
  88     89    852    9.95407244e+09    9.95407244e+09     4.89433781e-01    2.0e+08     1.0e+00      2.688e+01
  89     90    862    9.93083360e+09    9.93083360e+09     4.87181726e-01    3.0e+08     1.0e+00      2.690e+01
  90     91    872    9.90796412e+09    9.90796412e+09     4.85593808e-01    2.0e+08     1.0e+00      2.692e+01
  91     92    882    9.88577242e+09    9.88577242e+09     4.83384099e-01    3.0e+08     1.0e+00      2.693e+01
  92     93    892    9.86393715e+09    9.86393715e+09     4.81726169e-01    2.0e+08     1.0e+00      2.695e+01
  93     94    902    9.84243677e+09    9.84243677e+09     4.79609382e-01    3.0e+08     1.0e+00      2.697e+01
  94     95    912    9.82125420e+09    9.82125420e+09     4.78051092e-01    2.0e+08     1.0e+00      2.699e+01
  95     96    922    9.80038474e+09    9.80038474e+09     4.76001550e-01    2.9e+08     1.0e+00      2.700e+01
  96     97    932    9.77981314e+09    9.77981314e+09     4.74492738e-01    1.9e+08     1.0e+00      2.702e+01
  97     98    942    9.75953744e+09    9.75953744e+09     4.72500672e-01    2.9e+08     1.0e+00      2.704e+01
  98     99    952    9.73954330e+09    9.73954330e+09     4.71033117e-01    1.9e+08     1.0e+00      2.706e+01
  99    100    962    9.71982915e+09    9.71982915e+09     4.69092004e-01    2.9e+08     1.0e+00      2.707e+01
 100    101    972    9.70038198e+09    9.70038198e+09     4.67662699e-01    1.9e+08     1.0e+00      2.709e+01
 101    102    982    9.68120075e+09    9.68120075e+09     4.65768460e-01    2.9e+08     1.0e+00      2.711e+01
 102    103    992    9.66227333e+09    9.66227333e+09     4.64375346e-01    1.9e+08     1.0e+00      2.713e+01
 103    104   1002    9.64360146e+09    9.64360146e+09     4.62522618e-01    2.8e+08     1.0e+00      2.714e+01
 104    105   1012    9.62517200e+09    9.62517200e+09     4.61154817e-01    1.9e+08     1.0e+00      2.716e+01
 105    106   1022    9.60698305e+09    9.60698305e+09     4.59345494e-01    2.8e+08     1.0e+00      2.718e+01
 106    107   1032    9.58902520e+09    9.58902520e+09     4.58016169e-01    1.9e+08     1.0e+00      2.719e+01
 107    108   1042    9.57130110e+09    9.57130110e+09     4.56246947e-01    2.8e+08     1.0e+00      2.721e+01
 108    109   1052    9.55379824e+09    9.55379824e+09     4.54950374e-01    1.8e+08     1.0e+00      2.723e+01
 109    110   1062    9.53652118e+09    9.53652118e+09     4.53218083e-01    2.8e+08     1.0e+00      2.724e+01
 110    111   1072    9.51947200e+09    9.51947200e+09     4.51928176e-01    1.8e+08     1.0e+00      2.726e+01
 111    112   1082    9.50263139e+09    9.50263139e+09     4.50222448e-01    2.7e+08     1.0e+00      2.728e+01
 112    113   1092    9.48598941e+09    9.48598941e+09     4.48989382e-01    1.8e+08     1.0e+00      2.729e+01
 113    114   1102    9.46954944e+09    9.46954944e+09     4.47333573e-01    2.7e+08     1.0e+00      2.731e+01
 114    115   1112    9.45330392e+09    9.45330392e+09     4.46138619e-01    1.8e+08     1.0e+00      2.733e+01
 115    116   1122    9.43724948e+09    9.43724948e+09     4.44523429e-01    2.7e+08     1.0e+00      2.734e+01
 116    117   1132    9.42137821e+09    9.42137821e+09     4.43361878e-01    1.8e+08     1.0e+00      2.736e+01
 117    118   1142    9.40587594e+09    9.40587594e+09     4.41767584e-01    2.6e+08     1.0e+00      2.737e+01
 118    119   1152    9.39103282e+09    9.39103282e+09     4.40546782e-01    1.7e+08     1.0e+00      2.739e+01
 119    120   1162    9.37638690e+09    9.37638690e+09     4.38986605e-01    2.6e+08     1.0e+00      2.740e+01
 120    121   1172    9.36228073e+09    9.36228073e+09     4.37877149e-01    1.6e+08     1.0e+00      2.742e+01
 121    122   1182    9.34842286e+09    9.34842286e+09     4.36239196e-01    2.4e+08     1.0e+00      2.743e+01
 122    123   1192    9.33478056e+09    9.33478056e+09     4.35144231e-01    1.6e+08     1.0e+00      2.745e+01
 123    124   1202    9.32130387e+09    9.32130387e+09     4.33611521e-01    2.4e+08     1.0e+00      2.746e+01
 124    125   1212    9.30798312e+09    9.30798312e+09     4.32587008e-01    1.6e+08     1.0e+00      2.748e+01
 125    126   1222    9.29481794e+09    9.29481794e+09     4.31116876e-01    2.4e+08     1.0e+00      2.749e+01
 126    127   1232    9.28187009e+09    9.28187009e+09     4.30129334e-01    1.6e+08     1.0e+00      2.751e+01
 127    128   1242    9.26928538e+09    9.26928538e+09     4.28655848e-01    2.3e+08     1.0e+00      2.752e+01
 128    129   1252    9.25683838e+09    9.25683838e+09     4.27703935e-01    1.6e+08     1.0e+00      2.753e+01
 129    130   1262    9.24452581e+09    9.24452581e+09     4.26344222e-01    2.3e+08     1.0e+00      2.755e+01
 130    131   1272    9.23234000e+09    9.23234000e+09     4.25453764e-01    1.6e+08     1.0e+00      2.756e+01
 131    132   1282    9.22028100e+09    9.22028100e+09     4.24143941e-01    2.3e+08     1.0e+00      2.757e+01
 132    133   1292    9.20834267e+09    9.20834267e+09     4.23286906e-01    1.5e+08     1.0e+00      2.759e+01
 133    134   1302    9.19652563e+09    9.19652563e+09     4.22010156e-01    2.3e+08     1.0e+00      2.760e+01
 134    135   1312    9.18482850e+09    9.18482850e+09     4.21175679e-01    1.5e+08     1.0e+00      2.761e+01
 135    136   1322    9.17326846e+09    9.17326846e+09     4.19907779e-01    2.2e+08     1.0e+00      2.763e+01
 136    137   1332    9.16182154e+09    9.16182154e+09     4.19089885e-01    1.5e+08     1.0e+00      2.764e+01
 137    138   1342    9.15048639e+09    9.15048639e+09     4.17862070e-01    2.2e+08     1.0e+00      2.765e+01
 138    139   1352    9.13928030e+09    9.13928030e+09     4.17062833e-01    1.5e+08     1.0e+00      2.767e+01
 139    140   1362    9.12829492e+09    9.12829492e+09     4.15793100e-01    2.2e+08     1.0e+00      2.768e+01
 140    141   1372    9.11741517e+09    9.11741517e+09     4.14957031e-01    1.5e+08     1.0e+00      2.769e+01
 141    142   1382    9.10664098e+09    9.10664098e+09     4.13736679e-01    2.2e+08     1.0e+00      2.771e+01
 142    143   1392    9.09596643e+09    9.09596643e+09     4.12935502e-01    1.5e+08     1.0e+00      2.772e+01
 143    144   1402    9.08539249e+09    9.08539249e+09     4.11749322e-01    2.1e+08     1.0e+00      2.773e+01
 144    145   1412    9.07491552e+09    9.07491552e+09     4.10973446e-01    1.5e+08     1.0e+00      2.774e+01
 145    146   1422    9.06453659e+09    9.06453659e+09     4.09807964e-01    2.1e+08     1.0e+00      2.776e+01
 146    147   1432    9.05425016e+09    9.05425016e+09     4.09052271e-01    1.5e+08     1.0e+00      2.777e+01
 147    148   1442    9.04405742e+09    9.04405742e+09     4.07913617e-01    2.1e+08     1.0e+00      2.778e+01
 148    149   1452    9.03395411e+09    9.03395411e+09     4.07176951e-01    1.4e+08     1.0e+00      2.780e+01
 149    150   1462    9.02394145e+09    9.02394145e+09     4.06059699e-01    2.1e+08     1.0e+00      2.781e+01
 150    151   1472    9.01404792e+09    9.01404792e+09     4.05334628e-01    1.4e+08     1.0e+00      2.782e+01
 151    152   1482    9.00430240e+09    9.00430240e+09     4.04180593e-01    2.1e+08     1.0e+00      2.783e+01
 152    153   1492    8.99464440e+09    8.99464440e+09     4.03455274e-01    1.4e+08     1.0e+00      2.785e+01
 153    154   1502    8.98507367e+09    8.98507367e+09     4.02357714e-01    2.0e+08     1.0e+00      2.786e+01
 154    155   1512    8.97558566e+09    8.97558566e+09     4.01659736e-01    1.4e+08     1.0e+00      2.787e+01
 155    156   1522    8.96620137e+09    8.96620137e+09     4.00584434e-01    2.0e+08     1.0e+00      2.788e+01
 156    157   1532    8.95697873e+09    8.95697873e+09     3.99861007e-01    1.4e+08     1.0e+00      2.789e+01
 157    158   1542    8.94783877e+09    8.94783877e+09     3.98789177e-01    2.0e+08     1.0e+00      2.791e+01
 158    159   1552    8.93877488e+09    8.93877488e+09     3.98113615e-01    1.4e+08     1.0e+00      2.792e+01
 159    160   1562    8.92976242e+09    8.92976242e+09     3.97063531e-01    2.1e+08     1.0e+00      2.793e+01
 160    161   1572    8.92080001e+09    8.92080001e+09     3.96377061e-01    1.4e+08     1.0e+00      2.794e+01
 161    162   1582    8.91192772e+09    8.91192772e+09     3.95374311e-01    2.0e+08     1.0e+00      2.795e+01
 162    163   1592    8.90313289e+09    8.90313289e+09     3.94725090e-01    1.4e+08     1.0e+00      2.797e+01
 163    164   1602    8.89441352e+09    8.89441352e+09     3.93732996e-01    2.0e+08     1.0e+00      2.798e+01
 164    165   1612    8.88576567e+09    8.88576567e+09     3.93104148e-01    1.4e+08     1.0e+00      2.799e+01
 165    166   1622    8.87719117e+09    8.87719117e+09     3.92123524e-01    2.0e+08     1.0e+00      2.800e+01
 166    167   1632    8.86868198e+09    8.86868198e+09     3.91509546e-01    1.3e+08     1.0e+00      2.801e+01
 167    168   1642    8.86023942e+09    8.86023942e+09     3.90504795e-01    2.0e+08     1.0e+00      2.803e+01
 168    169   1652    8.85187446e+09    8.85187446e+09     3.89960157e-01    1.3e+08     1.0e+00      2.804e+01
 169    170   1662    8.84357956e+09    8.84357956e+09     3.88969951e-01    2.0e+08     1.0e+00      2.805e+01
 170    171   1672    8.83535035e+09    8.83535035e+09     3.88428618e-01    1.3e+08     1.0e+00      2.806e+01
 171    172   1682    8.82718742e+09    8.82718742e+09     3.87452755e-01    2.0e+08     1.0e+00      2.807e+01
 172    173   1692    8.81908757e+09    8.81908757e+09     3.86921751e-01    1.3e+08     1.0e+00      2.809e+01
 173    174   1702    8.81107052e+09    8.81107052e+09     3.85952163e-01    2.0e+08     1.0e+00      2.810e+01
 174    175   1712    8.80285667e+09    8.80285667e+09     3.85503491e-01    1.9e+08     1.0e+00      2.811e+01
 175    176   1722    8.79472390e+09    8.79472390e+09     3.84383397e-01    1.9e+08     1.0e+00      2.812e+01
 176    177   1732    8.78655890e+09    8.78655890e+09     3.83971475e-01    2.1e+08     1.0e+00      2.813e+01
 177    178   1742    8.77846177e+09    8.77846177e+09     3.82869319e-01    1.9e+08     1.0e+00      2.814e+01
 178    179   1752    8.77021335e+09    8.77021335e+09     3.82481263e-01    2.3e+08     1.0e+00      2.816e+01
 179    180   1762    8.76203506e+09    8.76203506e+09     3.81358798e-01    1.9e+08     1.0e+00      2.817e+01
 180    181   1772    8.75134993e+09    8.75134993e+09     3.80773400e-01    4.8e+08     1.0e+00      2.819e+01
 181    182   1774    8.74697267e+09    8.74697267e+09     3.79890627e-01    7.5e+07     1.0e+00      2.819e+01
 182    183   1784    8.73202935e+09    8.73202935e+09     3.77865979e-01    3.7e+08     1.0e+00      2.823e+01
 183    184   1786    8.72285894e+09    8.72285894e+09     3.77687437e-01    1.1e+08     1.0e+00      2.823e+01
 184    185   1796    8.70913710e+09    8.70913710e+09     3.75766726e-01    8.9e+08     1.0e+00      2.826e+01
 185    186   1798    8.70106491e+09    8.70106491e+09     3.75580771e-01    1.3e+08     1.0e+00      2.826e+01
 186    187   1808    8.69051291e+09    8.69051291e+09     3.74232168e-01    3.5e+08     1.0e+00      2.829e+01
 187    188   1811    8.68468611e+09    8.68468611e+09     3.74143992e-01    1.3e+08     1.0e+00      2.829e+01
 188    189   1818    8.68036729e+09    8.68036729e+09     3.73727712e-01    7.9e+07     1.0e+00      2.829e+01
 189    190   1824    8.67651564e+09    8.67651564e+09     3.73615594e-01    1.2e+08     1.0e+00      2.830e+01
 190    191   1834    8.66230669e+09    8.66230669e+09     3.71828452e-01    2.9e+08     1.0e+00      2.834e+01
 191    192   1838    8.65233097e+09    8.65233097e+09     3.71611383e-01    1.2e+08     1.0e+00      2.834e+01
 192    193   1848    8.64378753e+09    8.64378753e+09     3.70369893e-01    3.9e+08     1.0e+00      2.836e+01
 193    194   1853    8.63873066e+09    8.63873066e+09     3.69849096e-01    1.0e+08     1.0e+00      2.836e+01
 194    195   1863    8.62597257e+09    8.62597257e+09     3.67814175e-01    2.1e+08     1.0e+00      2.840e+01
 195    196   1869    8.61424321e+09    8.61424321e+09     3.67420666e-01    9.2e+07     1.0e+00      2.840e+01
 196    197   1879    8.53667784e+09    8.53667784e+09     3.56456658e-01    3.7e+08     1.0e+00      2.867e+01
 197    198   1884    8.47646220e+09    8.47646220e+09     3.53946053e-01    3.5e+08     1.0e+00      2.867e+01
 198    199   1894    8.46540992e+09    8.46540992e+09     3.53448452e-01    1.1e+08     1.0e+00      2.868e+01
 199    200   1904    8.45776507e+09    8.45776507e+09     3.52071232e-01    1.6e+08     1.0e+00      2.870e+01
 200    201   1914    8.45058086e+09    8.45058086e+09     3.51579969e-01    1.2e+08     1.0e+00      2.871e+01
 201    202   1924    8.44374439e+09    8.44374439e+09     3.50730815e-01    1.4e+08     1.0e+00      2.873e+01
 202    203   1934    8.43698364e+09    8.43698364e+09     3.50343365e-01    1.2e+08     1.0e+00      2.873e+01
 203    204   1944    8.43034764e+09    8.43034764e+09     3.49460058e-01    1.4e+08     1.0e+00      2.875e+01
 204    205   1954    8.42377111e+09    8.42377111e+09     3.49110901e-01    1.2e+08     1.0e+00      2.876e+01
 205    206   1964    8.41761536e+09    8.41761536e+09     3.48183051e-01    1.4e+08     1.0e+00      2.878e+01
 206    207   1974    8.41133908e+09    8.41133908e+09     3.47756204e-01    1.1e+08     1.0e+00      2.878e+01
 207    208   1984    8.40514368e+09    8.40514368e+09     3.46823009e-01    1.5e+08     1.0e+00      2.880e+01
 208    209   1990    8.40071856e+09    8.40071856e+09     3.46855177e-01    1.5e+08     1.0e+00      2.881e+01
 209    210   2000    8.38130468e+09    8.38130468e+09     3.42596432e-01    1.6e+08     1.0e+00      2.888e+01
 210    211   2005    8.36379083e+09    8.36379083e+09     3.42775510e-01    1.6e+08     1.0e+00      2.888e+01
 211    212   2015    8.34459045e+09    8.34459045e+09     3.39974272e-01    7.2e+08     1.0e+00      2.896e+01
 212    213   2018    8.33497452e+09    8.33497452e+09     3.39650046e-01    2.5e+08     1.0e+00      2.896e+01
 213    214   2024    8.32693151e+09    8.32693151e+09     3.39407663e-01    7.9e+07     1.0e+00      2.896e+01
 214    215   2034    8.31405089e+09    8.31405089e+09     3.37569253e-01    3.0e+08     1.0e+00      2.901e+01
 215    216   2037    8.30696199e+09    8.30696199e+09     3.36098428e-01    1.8e+08     1.0e+00      2.901e+01
 216    217   2044    8.30158353e+09    8.30158353e+09     3.36285242e-01    4.6e+07     1.0e+00      2.902e+01
 217    218   2054    8.28949870e+09    8.28949870e+09     3.34849862e-01    2.1e+08     1.0e+00      2.906e+01
 218    219   2058    8.28244340e+09    8.28244340e+09     3.34881620e-01    9.3e+07     1.0e+00      2.906e+01
 219    220   2068    8.27573191e+09    8.27573191e+09     3.33676752e-01    2.1e+08     1.0e+00      2.908e+01
 220    221   2070    8.27440027e+09    8.27440027e+09     3.33690239e-01    6.0e+07     1.0e+00      2.908e+01
 221    222   2080    8.26619403e+09    8.26619403e+09     3.32857648e-01    2.5e+08     1.0e+00      2.911e+01
 222    223   2083    8.26272125e+09    8.26272125e+09     3.32265544e-01    1.0e+08     1.0e+00      2.911e+01
 223    224   2093    8.25666061e+09    8.25666061e+09     3.31850566e-01    1.2e+08     1.0e+00      2.912e+01
 224    225   2103    8.25130794e+09    8.25130794e+09     3.31500313e-01    1.0e+08     1.0e+00      2.913e+01
 225    226   2110    8.24824395e+09    8.24824395e+09     3.30812020e-01    1.2e+08     1.0e+00      2.914e+01
 226    227   2120    8.24177020e+09    8.24177020e+09     3.30307532e-01    1.7e+08     1.0e+00      2.916e+01
 227    228   2127    8.23641333e+09    8.23641333e+09     3.29973788e-01    6.6e+07     1.0e+00      2.917e+01
 228    229   2137    8.21397431e+09    8.21397431e+09     3.26476843e-01    2.8e+08     1.0e+00      2.927e+01
 229    230   2141    8.19691563e+09    8.19691563e+09     3.25844652e-01    2.3e+08     1.0e+00      2.927e+01
 230    231   2151    8.19086156e+09    8.19086156e+09     3.25357153e-01    1.0e+08     1.0e+00      2.928e+01
 231    232   2161    8.18647591e+09    8.18647591e+09     3.24577183e-01    1.1e+08     1.0e+00      2.929e+01
 232    233   2171    8.18231874e+09    8.18231874e+09     3.24427382e-01    1.2e+08     1.0e+00      2.930e+01
 233    234   2181    8.17837365e+09    8.17837365e+09     3.23848270e-01    1.1e+08     1.0e+00      2.931e+01
 234    235   2185    8.17645216e+09    8.17645216e+09     3.24053344e-01    7.8e+07     1.0e+00      2.931e+01
 235    236   2195    8.17070192e+09    8.17070192e+09     3.22953185e-01    2.8e+08     1.0e+00      2.934e+01
 236    237   2202    8.16572732e+09    8.16572732e+09     3.22791326e-01    6.3e+07     1.0e+00      2.934e+01
 237    238   2212    8.15563963e+09    8.15563963e+09     3.20827712e-01    1.9e+08     1.0e+00      2.939e+01
 238    239   2216    8.14796117e+09    8.14796117e+09     3.20477949e-01    1.7e+08     1.0e+00      2.939e+01
 239    240   2226    8.14344245e+09    8.14344245e+09     3.20314909e-01    1.4e+08     1.0e+00      2.940e+01
 240    241   2233    8.14054733e+09    8.14054733e+09     3.20182638e-01    9.0e+07     1.0e+00      2.941e+01
 241    242   2243    8.13476857e+09    8.13476857e+09     3.19359786e-01    2.2e+08     1.0e+00      2.943e+01
 242    243   2249    8.12995467e+09    8.12995467e+09     3.19268690e-01    7.9e+07     1.0e+00      2.943e+01
 243    244   2259    8.09766038e+09    8.09766038e+09     3.12424669e-01    4.2e+08     1.0e+00      2.960e+01
 244    245   2263    8.07136903e+09    8.07136903e+09     3.12909715e-01    2.3e+08     1.0e+00      2.961e+01
 245    246   2267    8.06863950e+09    8.06863950e+09     3.12825931e-01    9.2e+07     1.0e+00      2.961e+01
 246    247   2274    8.06563778e+09    8.06563778e+09     3.12612119e-01    4.7e+07     1.0e+00      2.961e+01
 247    248   2284    8.06023161e+09    8.06023161e+09     3.11440680e-01    2.3e+08     1.0e+00      2.964e+01
 248    249   2287    8.05789391e+09    8.05789391e+09     3.11694949e-01    6.0e+07     1.0e+00      2.964e+01
 249    250   2294    8.05519703e+09    8.05519703e+09     3.11592084e-01    7.9e+07     1.0e+00      2.964e+01
 250    251   2304    8.05050271e+09    8.05050271e+09     3.10695346e-01    2.1e+08     1.0e+00      2.966e+01
 251    252   2314    8.04602349e+09    8.04602349e+09     3.10652631e-01    8.5e+07     1.0e+00      2.967e+01
 252    253   2324    8.04220164e+09    8.04220164e+09     3.10032877e-01    1.7e+08     1.0e+00      2.969e+01
 253    254   2330    8.03952357e+09    8.03952357e+09     3.10179102e-01    8.3e+07     1.0e+00      2.969e+01
 254    255   2340    8.02415478e+09    8.02415478e+09     3.07857720e-01    2.9e+08     1.0e+00      2.977e+01
 255    256   2346    8.01069874e+09    8.01069874e+09     3.06573630e-01    1.4e+08     1.0e+00      2.978e+01
 256    257   2349    8.00996864e+09    8.00996864e+09     3.07096810e-01    6.3e+07     1.0e+00      2.978e+01
 257    258   2359    8.00520217e+09    8.00520217e+09     3.06321116e-01    1.8e+08     1.0e+00      2.980e+01
 258    259   2363    8.00288785e+09    8.00288785e+09     3.06455774e-01    1.2e+08     1.0e+00      2.980e+01
 259    260   2373    7.99952096e+09    7.99952096e+09     3.05998594e-01    7.3e+07     1.0e+00      2.981e+01
 260    261   2383    7.99633922e+09    7.99633922e+09     3.05566448e-01    6.8e+07     1.0e+00      2.982e+01
 261    262   2393    7.99327879e+09    7.99327879e+09     3.05302611e-01    7.1e+07     1.0e+00      2.983e+01
 262    263   2403    7.99032817e+09    7.99032817e+09     3.04962296e-01    5.8e+07     1.0e+00      2.984e+01
 263    264   2413    7.98747147e+09    7.98747147e+09     3.04731712e-01    1.1e+08     1.0e+00      2.985e+01
 264    265   2423    7.98468723e+09    7.98468723e+09     3.04416754e-01    6.0e+07     1.0e+00      2.986e+01
 265    266   2433    7.98195636e+09    7.98195636e+09     3.04170597e-01    1.0e+08     1.0e+00      2.987e+01
 266    267   2443    7.97926245e+09    7.97926245e+09     3.03892168e-01    6.0e+07     1.0e+00      2.987e+01
 267    268   2453    7.97659777e+09    7.97659777e+09     3.03652232e-01    1.0e+08     1.0e+00      2.988e+01
 268    269   2463    7.97395351e+09    7.97395351e+09     3.03378062e-01    6.1e+07     1.0e+00      2.989e+01
 269    270   2473    7.97132944e+09    7.97132944e+09     3.03141163e-01    9.6e+07     1.0e+00      2.990e+01
 270    271   2483    7.96871978e+09    7.96871978e+09     3.02874752e-01    6.0e+07     1.0e+00      2.991e+01
 271    272   2493    7.96612464e+09    7.96612464e+09     3.02639611e-01    8.6e+07     1.0e+00      2.992e+01
 272    273   2503    7.96354162e+09    7.96354162e+09     3.02375381e-01    6.0e+07     1.0e+00      2.992e+01
 273    274   2513    7.96097036e+09    7.96097036e+09     3.02140798e-01    7.7e+07     1.0e+00      2.993e+01
 274    275   2523    7.95841045e+09    7.95841045e+09     3.01880765e-01    6.0e+07     1.0e+00      2.994e+01
 275    276   2533    7.95586148e+09    7.95586148e+09     3.01646224e-01    7.8e+07     1.0e+00      2.995e+01
 276    277   2543    7.95332356e+09    7.95332356e+09     3.01389592e-01    6.0e+07     1.0e+00      2.996e+01
 277    278   2553    7.95079631e+09    7.95079631e+09     3.01154946e-01    8.1e+07     1.0e+00      2.997e+01
 278    279   2563    7.94827997e+09    7.94827997e+09     3.00902364e-01    5.9e+07     1.0e+00      2.997e+01
 279    280   2573    7.94577412e+09    7.94577412e+09     3.00667391e-01    8.4e+07     1.0e+00      2.998e+01
 280    281   2583    7.94327906e+09    7.94327906e+09     3.00418427e-01    5.8e+07     1.0e+00      2.999e+01
 281    282   2593    7.94079430e+09    7.94079430e+09     3.00182919e-01    8.7e+07     1.0e+00      3.000e+01
 282    283   2603    7.93832017e+09    7.93832017e+09     2.99937645e-01    5.7e+07     1.0e+00      3.001e+01
 283    284   2613    7.93585600e+09    7.93585600e+09     2.99701225e-01    8.9e+07     1.0e+00      3.001e+01
 284    285   2623    7.93340227e+09    7.93340227e+09     2.99459528e-01    5.7e+07     1.0e+00      3.002e+01
 285    286   2633    7.93095784e+09    7.93095784e+09     2.99221394e-01    9.0e+07     1.0e+00      3.003e+01
 286    287   2643    7.92852362e+09    7.92852362e+09     2.98983764e-01    5.9e+07     1.0e+00      3.004e+01
 287    288   2653    7.92609713e+09    7.92609713e+09     2.98741651e-01    9.0e+07     1.0e+00      3.005e+01
 288    289   2663    7.92368053e+09    7.92368053e+09     2.98509781e-01    6.0e+07     1.0e+00      3.006e+01
 289    290   2673    7.92126419e+09    7.92126419e+09     2.98254114e-01    8.6e+07     1.0e+00      3.006e+01
 290    291   2683    7.91885735e+09    7.91885735e+09     2.98035408e-01    6.2e+07     1.0e+00      3.007e+01
 291    292   2693    7.91399714e+09    7.91399714e+09     2.96829910e-01    4.2e+08     1.0e+00      3.010e+01
 292    293   2696    7.91103804e+09    7.91103804e+09     2.97190010e-01    5.7e+07     1.0e+00      3.010e+01
 293    294   2706    7.90419638e+09    7.90419638e+09     2.96706372e-01    1.6e+08     1.0e+00      3.014e+01
 294    295   2709    7.89901874e+09    7.89901874e+09     2.95906618e-01    8.9e+07     1.0e+00      3.014e+01
 295    296   2719    7.89477406e+09    7.89477406e+09     2.94998028e-01    2.5e+08     1.0e+00      3.016e+01
 296    297   2721    7.89242295e+09    7.89242295e+09     2.95244375e-01    7.0e+07     1.0e+00      3.016e+01
 297    298   2729    7.89064187e+09    7.89064187e+09     2.95081060e-01    3.9e+07     1.0e+00      3.017e+01
 298    299   2739    7.86895269e+09    7.86895269e+09     2.91070912e-01    6.4e+08     1.0e+00      3.032e+01
 299    300   2742    7.85080989e+09    7.85080989e+09     2.90175858e-01    1.8e+08     1.0e+00      3.032e+01
 300    301   2748    7.84835461e+09    7.84835461e+09     2.90798067e-01    5.6e+07     1.0e+00      3.032e+01
LMQNBC: termination 5
#######==============Beta= 100000000.000000, TempBeta = 1.000000 
  it     nf     cg           f             f_xrf             f_xtm            |g|        alpha        error
   0      1      0    5.14786598e+13    5.14711901e+13    7.46971741e+01    2.0e+12     1.0e+00      3.024e+01
   1      2      2    1.43135094e+13    1.43097117e+13     3.79771198e+01    6.1e+11     1.0e+00      2.937e+01
   2      3      5    3.53714011e+12    3.53544591e+12     1.69420941e+01    1.5e+11     1.0e+00      2.788e+01
   3      4      9    9.45873609e+11    9.45104973e+11     7.68636520e+00    7.6e+10     1.0e+00      2.647e+01
   4      5     14    2.46652266e+11    2.46261399e+11     3.90867181e+00    2.7e+10     1.0e+00      2.541e+01
   5      6     22    1.00043343e+11    9.97931000e+10     2.50242703e+00    1.1e+10     1.0e+00      2.475e+01
   6      7     32    4.31580645e+10    4.30013738e+10     1.56690641e+00    1.3e+10     1.0e+00      2.462e+01
   7      8     42    3.02333114e+10    3.01018050e+10     1.31506337e+00    5.0e+09     1.0e+00      2.464e+01
   8      9     52    2.53998356e+10    2.52807070e+10     1.19128557e+00    3.6e+09     1.0e+00      2.471e+01
   9     10     62    2.30442042e+10    2.29355190e+10     1.08685285e+00    2.2e+09     1.0e+00      2.473e+01
  10     11     72    2.15208393e+10    2.14174625e+10     1.03376837e+00    2.4e+09     1.0e+00      2.478e+01
  11     12     82    2.03798850e+10    2.02812344e+10     9.86506814e-01    1.9e+09     1.0e+00      2.480e+01
  12     13     92    1.94759343e+10    1.93800464e+10     9.58879259e-01    1.6e+09     1.0e+00      2.484e+01
  13     14    102    1.87295585e+10    1.86367643e+10     9.27941875e-01    1.8e+09     1.0e+00      2.487e+01
  14     15    112    1.80845039e+10    1.79937798e+10     9.07240921e-01    1.5e+09     1.0e+00      2.490e+01
  15     16    122    1.75195470e+10    1.74310910e+10     8.84560330e-01    1.6e+09     1.0e+00      2.494e+01
  16     17    132    1.70136142e+10    1.69268084e+10     8.68058089e-01    1.4e+09     1.0e+00      2.497e+01
  17     18    142    1.65615425e+10    1.64765777e+10     8.49648542e-01    1.4e+09     1.0e+00      2.501e+01
  18     19    152    1.61543248e+10    1.60707436e+10     8.35812406e-01    1.0e+09     1.0e+00      2.505e+01
  19     20    162    1.57782453e+10    1.56963590e+10     8.18863162e-01    1.6e+09     1.0e+00      2.508e+01
  20     21    172    1.54387497e+10    1.53580771e+10     8.06726614e-01    1.0e+09     1.0e+00      2.512e+01
  21     22    182    1.51364525e+10    1.50572632e+10     7.91892128e-01    1.5e+09     1.0e+00      2.516e+01
  22     23    192    1.48587096e+10    1.47805416e+10     7.81680287e-01    8.9e+08     1.0e+00      2.519e+01
  23     24    202    1.46021522e+10    1.45252702e+10     7.68820053e-01    1.4e+09     1.0e+00      2.523e+01
  24     25    212    1.43652547e+10    1.42892632e+10     7.59914408e-01    7.9e+08     1.0e+00      2.527e+01
  25     26    222    1.41222200e+10    1.40474533e+10     7.47666529e-01    1.8e+09     1.0e+00      2.531e+01
  26     27    232    1.38980540e+10    1.38242757e+10     7.37783208e-01    6.9e+08     1.0e+00      2.535e+01
  27     28    242    1.37084941e+10    1.36357655e+10     7.27285765e-01    1.1e+09     1.0e+00      2.538e+01
  28     29    252    1.35343169e+10    1.34623322e+10     7.19846310e-01    6.1e+08     1.0e+00      2.542e+01
  29     30    262    1.33756115e+10    1.33046805e+10     7.09310329e-01    1.1e+09     1.0e+00      2.545e+01
  30     31    272    1.32259523e+10    1.31556897e+10     7.02625904e-01    5.9e+08     1.0e+00      2.548e+01
  31     32    282    1.30819903e+10    1.30126953e+10     6.92949115e-01    1.1e+09     1.0e+00      2.552e+01
  32     33    292    1.29453165e+10    1.28766240e+10     6.86925119e-01    5.1e+08     1.0e+00      2.555e+01
  33     34    302    1.28149664e+10    1.27471106e+10     6.78558849e-01    1.0e+09     1.0e+00      2.558e+01
  34     35    312    1.26903312e+10    1.26230320e+10     6.72991483e-01    4.8e+08     1.0e+00      2.561e+01
  35     36    322    1.25740667e+10    1.25075525e+10     6.65142182e-01    1.0e+09     1.0e+00      2.565e+01
  36     37    332    1.24631465e+10    1.23971836e+10     6.59628958e-01    4.4e+08     1.0e+00      2.568e+01
  37     38    342    1.23578444e+10    1.22926275e+10     6.52168463e-01    9.5e+08     1.0e+00      2.571e+01
  38     39    352    1.22576665e+10    1.21929711e+10     6.46954060e-01    4.1e+08     1.0e+00      2.574e+01
  39     40    362    1.21634095e+10    1.20993785e+10     6.40309963e-01    8.9e+08     1.0e+00      2.577e+01
  40     41    372    1.20752860e+10    1.20117430e+10     6.35430595e-01    3.8e+08     1.0e+00      2.580e+01
  41     42    382    1.19907436e+10    1.19278610e+10     6.28825193e-01    8.4e+08     1.0e+00      2.583e+01
  42     43    392    1.19093235e+10    1.18468671e+10     6.24564514e-01    3.6e+08     1.0e+00      2.586e+01
  43     44    402    1.18308415e+10    1.17689928e+10     6.18486556e-01    8.0e+08     1.0e+00      2.589e+01
  44     45    412    1.17552596e+10    1.16937917e+10     6.14678731e-01    3.5e+08     1.0e+00      2.591e+01
  45     46    422    1.16823549e+10    1.16214544e+10     6.09005369e-01    7.6e+08     1.0e+00      2.594e+01
  46     47    432    1.16119352e+10    1.15513939e+10     6.05413595e-01    3.4e+08     1.0e+00      2.597e+01
  47     48    442    1.15439597e+10    1.14839574e+10     6.00023173e-01    7.3e+08     1.0e+00      2.600e+01
  48     49    452    1.14784521e+10    1.14187946e+10     5.96575064e-01    3.3e+08     1.0e+00      2.602e+01
  49     50    462    1.14149874e+10    1.13558431e+10     5.91443465e-01    7.0e+08     1.0e+00      2.605e+01
  50     51    472    1.13545529e+10    1.12957404e+10     5.88125838e-01    3.1e+08     1.0e+00      2.607e+01
  51     52    482    1.12964439e+10    1.12381359e+10     5.83079402e-01    6.7e+08     1.0e+00      2.610e+01
  52     53    492    1.12399837e+10    1.11819686e+10     5.80151171e-01    3.0e+08     1.0e+00      2.613e+01
  53     54    502    1.11851350e+10    1.11275839e+10     5.75510909e-01    6.5e+08     1.0e+00      2.615e+01
  54     55    512    1.11318476e+10    1.10745687e+10     5.72789796e-01    2.9e+08     1.0e+00      2.618e+01
  55     56    522    1.10800362e+10    1.10231965e+10     5.68396963e-01    6.3e+08     1.0e+00      2.620e+01
  56     57    532    1.10296501e+10    1.09730689e+10     5.65811789e-01    2.8e+08     1.0e+00      2.623e+01
  57     58    542    1.09806027e+10    1.09244408e+10     5.61618294e-01    6.1e+08     1.0e+00      2.625e+01
  58     59    552    1.09328563e+10    1.08769415e+10     5.59147975e-01    2.7e+08     1.0e+00      2.628e+01
  59     60    562    1.08863383e+10    1.08308251e+10     5.55131828e-01    5.9e+08     1.0e+00      2.630e+01
  60     61    572    1.08410161e+10    1.07857398e+10     5.52763855e-01    2.7e+08     1.0e+00      2.633e+01
  61     62    582    1.07968242e+10    1.07419331e+10     5.48911010e-01    5.7e+08     1.0e+00      2.635e+01
  62     63    592    1.07540712e+10    1.06994114e+10     5.46597256e-01    2.5e+08     1.0e+00      2.637e+01
  63     64    602    1.07128448e+10    1.06585742e+10     5.42705643e-01    5.5e+08     1.0e+00      2.640e+01
  64     65    612    1.06726172e+10    1.06185730e+10     5.40441921e-01    2.4e+08     1.0e+00      2.642e+01
  65     66    622    1.06337534e+10    1.05800816e+10     5.36717779e-01    5.4e+08     1.0e+00      2.645e+01
  66     67    632    1.05959141e+10    1.05424785e+10     5.34355726e-01    2.3e+08     1.0e+00      2.647e+01
  67     68    642    1.05597197e+10    1.05066438e+10     5.30759230e-01    5.1e+08     1.0e+00      2.649e+01
  68     69    652    1.05243965e+10    1.04715370e+10     5.28594627e-01    2.3e+08     1.0e+00      2.651e+01
  69     70    662    1.04899073e+10    1.04373818e+10     5.25255060e-01    4.9e+08     1.0e+00      2.654e+01
  70     71    672    1.04563523e+10    1.04040322e+10     5.23200899e-01    2.2e+08     1.0e+00      2.655e+01
  71     72    682    1.04236488e+10    1.03716571e+10     5.19917130e-01    4.8e+08     1.0e+00      2.658e+01
  72     73    692    1.03916049e+10    1.03398106e+10     5.17942969e-01    2.2e+08     1.0e+00      2.660e+01
  73     74    702    1.03602612e+10    1.03087758e+10     5.14853591e-01    4.6e+08     1.0e+00      2.662e+01
  74     75    712    1.03295640e+10    1.02782685e+10     5.12955118e-01    2.1e+08     1.0e+00      2.664e+01
  75     76    722    1.02994535e+10    1.02484550e+10     5.09985276e-01    4.5e+08     1.0e+00      2.666e+01
  76     77    732    1.02699112e+10    1.02190949e+10     5.08163218e-01    2.1e+08     1.0e+00      2.668e+01
  77     78    742    1.02410027e+10    1.01904741e+10     5.05285703e-01    4.6e+08     1.0e+00      2.670e+01
  78     79    752    1.02124998e+10    1.01621539e+10     5.03458356e-01    2.0e+08     1.0e+00      2.672e+01
  79     80    762    1.01845506e+10    1.01344757e+10     5.00748586e-01    4.4e+08     1.0e+00      2.674e+01
  80     81    772    1.01571703e+10    1.01072694e+10     4.99008955e-01    2.0e+08     1.0e+00      2.676e+01
  81     82    782    1.01302969e+10    1.00806561e+10     4.96407952e-01    4.3e+08     1.0e+00      2.678e+01
  82     83    792    1.01039759e+10    1.00545085e+10     4.94674068e-01    1.9e+08     1.0e+00      2.680e+01
  83     84    802    1.00781364e+10    1.00289272e+10     4.92092207e-01    4.2e+08     1.0e+00      2.682e+01
  84     85    812    1.00527465e+10    1.00037016e+10     4.90449339e-01    1.9e+08     1.0e+00      2.684e+01
  85     86    822    1.00277833e+10    9.97898483e+09     4.87985054e-01    4.1e+08     1.0e+00      2.686e+01
  86     87    832    1.00032572e+10    9.95461986e+09     4.86373714e-01    1.9e+08     1.0e+00      2.688e+01
  87     88    842    9.97912588e+09    9.93072506e+09     4.84008286e-01    4.0e+08     1.0e+00      2.690e+01
  88     89    852    9.95540506e+09    9.90716253e+09     4.82425306e-01    1.8e+08     1.0e+00      2.691e+01
  89     90    862    9.93219210e+09    9.88417925e+09     4.80128479e-01    4.0e+08     1.0e+00      2.694e+01
  90     91    872    9.90951679e+09    9.86166772e+09     4.78490610e-01    1.7e+08     1.0e+00      2.695e+01
  91     92    882    9.88719387e+09    9.83957145e+09     4.76224228e-01    3.9e+08     1.0e+00      2.697e+01
  92     93    892    9.86521475e+09    9.81774706e+09     4.74676893e-01    1.7e+08     1.0e+00      2.699e+01
  93     94    902    9.84356470e+09    9.79631365e+09     4.72510450e-01    3.8e+08     1.0e+00      2.701e+01
  94     95    912    9.82223759e+09    9.77513671e+09     4.71008879e-01    1.7e+08     1.0e+00      2.703e+01
  95     96    922    9.80122100e+09    9.75432958e+09     4.68914284e-01    3.7e+08     1.0e+00      2.705e+01
  96     97    932    9.78051121e+09    9.73376635e+09     4.67448622e-01    1.7e+08     1.0e+00      2.706e+01
  97     98    942    9.76009510e+09    9.71355368e+09     4.65414231e-01    3.7e+08     1.0e+00      2.708e+01
  98     99    952    9.73996782e+09    9.69356959e+09     4.63982223e-01    1.6e+08     1.0e+00      2.710e+01
  99    100    962    9.72011877e+09    9.67391835e+09     4.62004266e-01    3.6e+08     1.0e+00      2.712e+01
 100    101    972    9.70054380e+09    9.65448339e+09     4.60604095e-01    1.6e+08     1.0e+00      2.713e+01
 101    102    982    9.68123320e+09    9.63536528e+09     4.58679161e-01    3.5e+08     1.0e+00      2.715e+01
 102    103    992    9.66218350e+09    9.61645255e+09     4.57309542e-01    1.6e+08     1.0e+00      2.717e+01
 103    104   1002    9.64338570e+09    9.59784219e+09     4.55435010e-01    3.5e+08     1.0e+00      2.719e+01
 104    105   1012    9.62483681e+09    9.57942731e+09     4.54094963e-01    1.5e+08     1.0e+00      2.720e+01
 105    106   1022    9.60653270e+09    9.56130582e+09     4.52268813e-01    3.4e+08     1.0e+00      2.722e+01
 106    107   1032    9.58847397e+09    9.54337869e+09     4.50952862e-01    1.5e+08     1.0e+00      2.724e+01
 107    108   1042    9.57066446e+09    9.52575092e+09     4.49135375e-01    3.4e+08     1.0e+00      2.726e+01
 108    109   1052    9.55307919e+09    9.50829389e+09     4.47852998e-01    1.5e+08     1.0e+00      2.727e+01
 109    110   1062    9.53571061e+09    9.49109964e+09     4.46109648e-01    3.3e+08     1.0e+00      2.729e+01
 110    111   1072    9.51855799e+09    9.47407155e+09     4.44864377e-01    1.5e+08     1.0e+00      2.731e+01
 111    112   1082    9.50161850e+09    9.45730116e+09     4.43173329e-01    3.3e+08     1.0e+00      2.732e+01
 112    113   1092    9.48488383e+09    9.44068800e+09     4.41958371e-01    1.4e+08     1.0e+00      2.734e+01
 113    114   1102    9.46843075e+09    9.42440002e+09     4.40307299e-01    3.2e+08     1.0e+00      2.736e+01
 114    115   1112    9.45269621e+09    9.40879250e+09     4.39037115e-01    1.4e+08     1.0e+00      2.737e+01
 115    116   1122    9.43718030e+09    9.39344283e+09     4.37374654e-01    3.2e+08     1.0e+00      2.739e+01
 116    117   1132    9.42186956e+09    9.37824356e+09     4.36259981e-01    1.3e+08     1.0e+00      2.740e+01
 117    118   1142    9.40674923e+09    9.36327587e+09     4.34733537e-01    3.1e+08     1.0e+00      2.742e+01
 118    119   1152    9.39191120e+09    9.34854492e+09     4.33662746e-01    1.3e+08     1.0e+00      2.743e+01
 119    120   1162    9.37764421e+09    9.33444026e+09     4.32039482e-01    3.0e+08     1.0e+00      2.745e+01
 120    121   1172    9.36355935e+09    9.32046453e+09     4.30948125e-01    1.3e+08     1.0e+00      2.747e+01
 121    122   1182    9.34964440e+09    9.30669681e+09     4.29475986e-01    2.9e+08     1.0e+00      2.748e+01
 122    123   1192    9.33591371e+09    9.29307054e+09     4.28431719e-01    1.3e+08     1.0e+00      2.749e+01
 123    124   1202    9.32264334e+09    9.27994909e+09     4.26942443e-01    2.9e+08     1.0e+00      2.751e+01
 124    125   1212    9.30953615e+09    9.26695032e+09     4.25858303e-01    1.2e+08     1.0e+00      2.752e+01
 125    126   1222    9.29657676e+09    9.25413086e+09     4.24459057e-01    2.9e+08     1.0e+00      2.754e+01
 126    127   1232    9.28376064e+09    9.24141390e+09     4.23467439e-01    1.2e+08     1.0e+00      2.755e+01
 127    128   1242    9.27108273e+09    9.22886876e+09     4.22139749e-01    2.9e+08     1.0e+00      2.757e+01
 128    129   1252    9.25853970e+09    9.21642132e+09     4.21183829e-01    1.2e+08     1.0e+00      2.758e+01
 129    130   1262    9.24612641e+09    9.20413604e+09     4.19903680e-01    2.8e+08     1.0e+00      2.760e+01
 130    131   1272    9.23384209e+09    9.19194482e+09     4.18972743e-01    1.2e+08     1.0e+00      2.761e+01
 131    132   1282    9.22168215e+09    9.17990936e+09     4.17727916e-01    2.8e+08     1.0e+00      2.762e+01
 132    133   1292    9.20966721e+09    9.16798606e+09     4.16811583e-01    1.2e+08     1.0e+00      2.764e+01
 133    134   1302    9.19778453e+09    9.15622648e+09     4.15580509e-01    2.8e+08     1.0e+00      2.765e+01
 134    135   1312    9.18602073e+09    9.14455187e+09     4.14688591e-01    1.2e+08     1.0e+00      2.766e+01
 135    136   1322    9.17438660e+09    9.13303699e+09     4.13496108e-01    2.7e+08     1.0e+00      2.768e+01
 136    137   1332    9.16297014e+09    9.12171356e+09     4.12565831e-01    1.2e+08     1.0e+00      2.769e+01
 137    138   1342    9.15166701e+09    9.11053393e+09     4.11330844e-01    2.7e+08     1.0e+00      2.771e+01
 138    139   1352    9.14047570e+09    9.09943178e+09     4.10439238e-01    1.2e+08     1.0e+00      2.772e+01
 139    140   1362    9.12939171e+09    9.08846651e+09     4.09252010e-01    2.7e+08     1.0e+00      2.773e+01
 140    141   1372    9.11841471e+09    9.07757607e+09     4.08386474e-01    1.1e+08     1.0e+00      2.774e+01
 141    142   1382    9.10754165e+09    9.06681811e+09     4.07235369e-01    2.6e+08     1.0e+00      2.776e+01
 142    143   1392    9.09677133e+09    9.05613236e+09     4.06389754e-01    1.1e+08     1.0e+00      2.777e+01
 143    144   1402    9.08610045e+09    9.04557362e+09     4.05268379e-01    2.6e+08     1.0e+00      2.778e+01
 144    145   1412    9.07552895e+09    9.03508501e+09     4.04439428e-01    1.1e+08     1.0e+00      2.780e+01
 145    146   1422    9.06505350e+09    9.02471907e+09     4.03344268e-01    2.6e+08     1.0e+00      2.781e+01
 146    147   1432    9.05467478e+09    9.01442182e+09     4.02529662e-01    1.1e+08     1.0e+00      2.782e+01
 147    148   1442    9.04448743e+09    9.00434355e+09     4.01438769e-01    2.6e+08     1.0e+00      2.784e+01
 148    149   1452    9.03437378e+09    8.99431595e+09     4.00578253e-01    1.1e+08     1.0e+00      2.785e+01
 149    150   1462    9.02435398e+09    8.98440228e+09     3.99517005e-01    2.6e+08     1.0e+00      2.786e+01
 150    151   1472    9.01442677e+09    8.97455569e+09     3.98710790e-01    1.1e+08     1.0e+00      2.787e+01
 151    152   1482    9.00462351e+09    8.96485654e+09     3.97669728e-01    2.6e+08     1.0e+00      2.789e+01
 152    153   1492    8.99495583e+09    8.95527496e+09     3.96808699e-01    1.1e+08     1.0e+00      2.790e+01
 153    154   1502    8.98533872e+09    8.94575926e+09     3.95794622e-01    2.6e+08     1.0e+00      2.791e+01
 154    155   1512    8.97581402e+09    8.93631605e+09     3.94979719e-01    1.1e+08     1.0e+00      2.792e+01
 155    156   1522    8.96636699e+09    8.92696600e+09     3.94009940e-01    2.6e+08     1.0e+00      2.794e+01
 156    157   1526    8.96222990e+09    8.92285674e+09     3.93731542e-01    1.8e+08     1.0e+00      2.794e+01
 157    158   1536    8.92948089e+09    8.89071645e+09     3.87644333e-01    8.3e+08     1.0e+00      2.802e+01
 158    159   1538    8.90823708e+09    8.86941303e+09     3.88240470e-01    1.7e+08     1.0e+00      2.802e+01
 159    160   1546    8.89835266e+09    8.85961096e+09     3.87416951e-01    8.5e+07     1.0e+00      2.803e+01
 160    161   1556    8.86503719e+09    8.82683110e+09     3.82060905e-01    9.3e+08     1.0e+00      2.812e+01
 161    162   1558    8.84327569e+09    8.80505472e+09     3.82209729e-01    3.8e+08     1.0e+00      2.812e+01
 162    163   1566    8.83303416e+09    8.79489069e+09     3.81434666e-01    5.5e+07     1.0e+00      2.812e+01
 163    164   1576    8.80938466e+09    8.77173334e+09     3.76513255e-01    5.8e+08     1.0e+00      2.819e+01
 164    165   1579    8.79382017e+09    8.75610767e+09     3.77125047e-01    1.6e+08     1.0e+00      2.819e+01
 165    166   1586    8.78715512e+09    8.74944948e+09     3.77056365e-01    6.3e+07     1.0e+00      2.819e+01
 166    167   1596    8.76061553e+09    8.72327442e+09     3.73411121e-01    4.1e+08     1.0e+00      2.826e+01
 167    168   1600    8.74341191e+09    8.70606217e+09     3.73497386e-01    1.7e+08     1.0e+00      2.827e+01
 168    169   1610    8.73048981e+09    8.69331518e+09     3.71746308e-01    2.6e+08     1.0e+00      2.828e+01
 169    170   1613    8.72774025e+09    8.69053752e+09     3.72027321e-01    1.6e+08     1.0e+00      2.829e+01
 170    171   1623    8.71343011e+09    8.67649054e+09     3.69395644e-01    2.3e+08     1.0e+00      2.832e+01
 171    172   1626    8.70799414e+09    8.67108188e+09     3.69122643e-01    1.8e+08     1.0e+00      2.832e+01
 172    173   1636    8.69706309e+09    8.66020816e+09     3.68549328e-01    1.4e+08     1.0e+00      2.834e+01
 173    174   1640    8.69397083e+09    8.65705617e+09     3.69146595e-01    1.2e+08     1.0e+00      2.834e+01
 174    175   1650    8.68022367e+09    8.64356483e+09     3.66588339e-01    2.6e+08     1.0e+00      2.837e+01
 175    176   1660    8.66761398e+09    8.63095942e+09     3.66545555e-01    1.2e+08     1.0e+00      2.838e+01
 176    177   1670    8.65973268e+09    8.62320620e+09     3.65264835e-01    2.3e+08     1.0e+00      2.840e+01
 177    178   1680    8.65194017e+09    8.61545278e+09     3.64873908e-01    1.4e+08     1.0e+00      2.841e+01
 178    179   1690    8.64446129e+09    8.60808519e+09     3.63761008e-01    2.0e+08     1.0e+00      2.843e+01
 179    180   1696    8.63919641e+09    8.60283058e+09     3.63658297e-01    1.0e+08     1.0e+00      2.843e+01
 180    181   1706    8.53695973e+09    8.50240270e+09     3.45570300e-01    7.1e+08     1.0e+00      2.879e+01
 181    182   1712    8.45114293e+09    8.41664802e+09     3.44949073e-01    1.3e+08     1.0e+00      2.879e+01
 182    183   1722    8.44449503e+09    8.41005982e+09     3.44352066e-01    1.1e+08     1.0e+00      2.880e+01
 183    184   1732    8.43873606e+09    8.40431934e+09     3.44167207e-01    9.6e+07     1.0e+00      2.882e+01
 184    185   1742    8.43337169e+09    8.39904939e+09     3.43223018e-01    1.1e+08     1.0e+00      2.883e+01
 185    186   1752    8.42822400e+09    8.39390836e+09     3.43156360e-01    1.0e+08     1.0e+00      2.884e+01
 186    187   1762    8.42323134e+09    8.38900618e+09     3.42251542e-01    1.2e+08     1.0e+00      2.885e+01
 187    188   1772    8.41832992e+09    8.38410881e+09     3.42211161e-01    1.1e+08     1.0e+00      2.886e+01
 188    189   1782    8.41349847e+09    8.37936641e+09     3.41320688e-01    1.2e+08     1.0e+00      2.887e+01
 189    190   1792    8.40871798e+09    8.37458873e+09     3.41292509e-01    1.1e+08     1.0e+00      2.888e+01
 190    191   1802    8.40398179e+09    8.36994114e+09     3.40406502e-01    1.2e+08     1.0e+00      2.888e+01
 191    192   1812    8.39930408e+09    8.36526566e+09     3.40384247e-01    1.1e+08     1.0e+00      2.889e+01
 192    193   1822    8.39466842e+09    8.36072183e+09     3.39465905e-01    1.2e+08     1.0e+00      2.890e+01
 193    194   1832    8.39006659e+09    8.35612093e+09     3.39456609e-01    1.1e+08     1.0e+00      2.891e+01
 194    195   1842    8.38549613e+09    8.35164167e+09     3.38544662e-01    1.2e+08     1.0e+00      2.892e+01
 195    196   1852    8.38095658e+09    8.34710114e+09     3.38554428e-01    1.1e+08     1.0e+00      2.893e+01
 196    197   1862    8.37644600e+09    8.34268192e+09     3.37640765e-01    1.2e+08     1.0e+00      2.894e+01
 197    198   1872    8.37196473e+09    8.33819793e+09     3.37667997e-01    1.1e+08     1.0e+00      2.895e+01
 198    199   1882    8.36751135e+09    8.33383622e+09     3.36751285e-01    1.2e+08     1.0e+00      2.896e+01
 199    200   1892    8.36308530e+09    8.32940595e+09     3.36793540e-01    1.1e+08     1.0e+00      2.897e+01
 200    201   1902    8.35868535e+09    8.32509791e+09     3.35874375e-01    1.2e+08     1.0e+00      2.898e+01
 201    202   1912    8.35431106e+09    8.32071815e+09     3.35929135e-01    1.1e+08     1.0e+00      2.899e+01
 202    203   1922    8.34997588e+09    8.31647528e+09     3.35005980e-01    1.2e+08     1.0e+00      2.900e+01
 203    204   1932    8.34572572e+09    8.31222060e+09     3.35051147e-01    1.1e+08     1.0e+00      2.901e+01
 204    205   1942    8.34150044e+09    8.30808989e+09     3.34105441e-01    1.2e+08     1.0e+00      2.902e+01
 205    206   1952    8.33730021e+09    8.30388254e+09     3.34176707e-01    1.1e+08     1.0e+00      2.902e+01
 206    207   1962    8.33312359e+09    8.29979963e+09     3.33239542e-01    1.2e+08     1.0e+00      2.903e+01
 207    208   1972    8.32897057e+09    8.29563803e+09     3.33325339e-01    1.1e+08     1.0e+00      2.904e+01
 208    209   1982    8.32484062e+09    8.29160122e+09     3.32394020e-01    1.1e+08     1.0e+00      2.905e+01
 209    210   1992    8.32073252e+09    8.28748366e+09     3.32488522e-01    1.1e+08     1.0e+00      2.906e+01
 210    211   2002    8.31664732e+09    8.28349098e+09     3.31563468e-01    1.1e+08     1.0e+00      2.907e+01
 211    212   2012    8.31257924e+09    8.27941348e+09     3.31657602e-01    1.2e+08     1.0e+00      2.908e+01
 212    213   2022    8.30854859e+09    8.27547462e+09     3.30739750e-01    1.1e+08     1.0e+00      2.909e+01
 213    214   2032    8.30455681e+09    8.27147145e+09     3.30853556e-01    1.0e+08     1.0e+00      2.910e+01
 214    215   2042    8.30058688e+09    8.26759480e+09     3.29920806e-01    1.1e+08     1.0e+00      2.911e+01
 215    216   2052    8.29663983e+09    8.26363420e+09     3.30056275e-01    1.0e+08     1.0e+00      2.912e+01
 216    217   2062    8.29271367e+09    8.25980084e+09     3.29128207e-01    1.1e+08     1.0e+00      2.912e+01
 217    218   2072    8.28880964e+09    8.25588209e+09     3.29275459e-01    1.0e+08     1.0e+00      2.913e+01
 218    219   2082    8.28492588e+09    8.25209085e+09     3.28350297e-01    1.1e+08     1.0e+00      2.914e+01
 219    220   2092    8.28106365e+09    8.24821303e+09     3.28506274e-01    9.9e+07     1.0e+00      2.915e+01
 220    221   2102    8.27722116e+09    8.24446281e+09     3.27583554e-01    1.1e+08     1.0e+00      2.916e+01
 221    222   2112    8.27339966e+09    8.24062500e+09     3.27746597e-01    9.9e+07     1.0e+00      2.917e+01
 222    223   2122    8.26959744e+09    8.23691481e+09     3.26826363e-01    1.1e+08     1.0e+00      2.918e+01
 223    224   2132    8.26581599e+09    8.23311647e+09     3.26995207e-01    9.8e+07     1.0e+00      2.919e+01
 224    225   2142    8.26205331e+09    8.22944554e+09     3.26077686e-01    1.1e+08     1.0e+00      2.920e+01
 225    226   2152    8.25831060e+09    8.22568544e+09     3.26251574e-01    9.8e+07     1.0e+00      2.920e+01
 226    227   2162    8.25458624e+09    8.22205250e+09     3.25337349e-01    1.1e+08     1.0e+00      2.921e+01
 227    228   2172    8.25088134e+09    8.21832981e+09     3.25515370e-01    9.8e+07     1.0e+00      2.922e+01
 228    229   2182    8.24719439e+09    8.21473390e+09     3.24604871e-01    1.1e+08     1.0e+00      2.923e+01
 229    230   2192    8.24352638e+09    8.21104777e+09     3.24786145e-01    9.8e+07     1.0e+00      2.924e+01
 230    231   2202    8.23987593e+09    8.20748793e+09     3.23879932e-01    1.1e+08     1.0e+00      2.925e+01
 231    232   2212    8.23624383e+09    8.20383749e+09     3.24063441e-01    9.9e+07     1.0e+00      2.926e+01
 232    233   2222    8.23262891e+09    8.20031269e+09     3.23162254e-01    1.1e+08     1.0e+00      2.927e+01
 233    234   2232    8.22903156e+09    8.19669690e+09     3.23346575e-01    1.0e+08     1.0e+00      2.927e+01
 234    235   2242    8.22545103e+09    8.19320587e+09     3.22451544e-01    1.1e+08     1.0e+00      2.928e+01
 235    236   2252    8.22188655e+09    8.18962314e+09     3.22634117e-01    1.0e+08     1.0e+00      2.929e+01
 236    237   2262    8.21833857e+09    8.18616383e+09     3.21747386e-01    1.1e+08     1.0e+00      2.930e+01
 237    238   2272    8.21480156e+09    8.18260944e+09     3.21921242e-01    1.1e+08     1.0e+00      2.931e+01
 238    239   2282    8.21128076e+09    8.17917590e+09     3.21048640e-01    1.1e+08     1.0e+00      2.932e+01
 239    240   2292    8.20770763e+09    8.17559143e+09     3.21161919e-01    1.4e+08     1.0e+00      2.933e+01
 240    241   2302    8.20415932e+09    8.17212706e+09     3.20322559e-01    1.1e+08     1.0e+00      2.934e+01
 241    242   2312    8.20063595e+09    8.16857757e+09     3.20583838e-01    1.7e+08     1.0e+00      2.935e+01
 242    243   2322    8.19712911e+09    8.16516787e+09     3.19612398e-01    1.1e+08     1.0e+00      2.935e+01
 243    244   2332    8.19370113e+09    8.16171581e+09     3.19853214e-01    1.3e+08     1.0e+00      2.936e+01
 244    245   2342    8.19028850e+09    8.15839529e+09     3.18932095e-01    1.0e+08     1.0e+00      2.937e+01
 245    246   2352    8.18689986e+09    8.15498312e+09     3.19167367e-01    1.2e+08     1.0e+00      2.938e+01
 246    247   2362    8.18352611e+09    8.15169983e+09     3.18262840e-01    1.0e+08     1.0e+00      2.939e+01
 247    248   2372    8.18016818e+09    8.14831894e+09     3.18492421e-01    1.1e+08     1.0e+00      2.940e+01
 248    249   2382    8.17682531e+09    8.14506537e+09     3.17599413e-01    1.0e+08     1.0e+00      2.941e+01
 249    250   2392    8.17350001e+09    8.14171649e+09     3.17835270e-01    1.1e+08     1.0e+00      2.941e+01
 250    251   2402    8.17018918e+09    8.13849474e+09     3.16944450e-01    1.0e+08     1.0e+00      2.942e+01
 251    252   2412    8.16689460e+09    8.13517629e+09     3.17183145e-01    1.1e+08     1.0e+00      2.943e+01
 252    253   2422    8.16361418e+09    8.13198460e+09     3.16295870e-01    1.0e+08     1.0e+00      2.944e+01
 253    254   2432    8.16034934e+09    8.12869566e+09     3.16536840e-01    1.0e+08     1.0e+00      2.945e+01
 254    255   2442    8.15709840e+09    8.12553309e+09     3.15653128e-01    1.0e+08     1.0e+00      2.946e+01
 255    256   2452    8.15386259e+09    8.12227298e+09     3.15896086e-01    1.0e+08     1.0e+00      2.947e+01
 256    257   2462    8.15064043e+09    8.11913883e+09     3.15015999e-01    1.0e+08     1.0e+00      2.947e+01
 257    258   2472    8.14743305e+09    8.11590697e+09     3.15260742e-01    1.0e+08     1.0e+00      2.948e+01
 258    259   2482    8.14423908e+09    8.11280065e+09     3.14384341e-01    1.0e+08     1.0e+00      2.949e+01
 259    260   2492    8.14105960e+09    8.10959653e+09     3.14630699e-01    9.9e+07     1.0e+00      2.950e+01
 260    261   2502    8.13789330e+09    8.10651749e+09     3.13758049e-01    1.0e+08     1.0e+00      2.951e+01
 261    262   2512    8.13474120e+09    8.10334061e+09     3.14005872e-01    9.8e+07     1.0e+00      2.952e+01
 262    263   2522    8.13160208e+09    8.10028837e+09     3.13137034e-01    1.0e+08     1.0e+00      2.952e+01
 263    264   2532    8.12847690e+09    8.09713828e+09     3.13386188e-01    9.7e+07     1.0e+00      2.953e+01
 264    265   2542    8.12536449e+09    8.09411236e+09     3.12521214e-01    1.0e+08     1.0e+00      2.954e+01
 265    266   2552    8.12226578e+09    8.09098862e+09     3.12771577e-01    9.6e+07     1.0e+00      2.955e+01
 266    267   2562    8.11917962e+09    8.08798857e+09     3.11910511e-01    9.9e+07     1.0e+00      2.956e+01
 267    268   2572    8.11610695e+09    8.08489075e+09     3.12161974e-01    9.5e+07     1.0e+00      2.957e+01
 268    269   2582    8.11304704e+09    8.08191656e+09     3.11304788e-01    9.9e+07     1.0e+00      2.958e+01
 269    270   2592    8.11000046e+09    8.07884477e+09     3.11556969e-01    9.5e+07     1.0e+00      2.958e+01
 270    271   2602    8.10696605e+09    8.07589567e+09     3.10703867e-01    9.8e+07     1.0e+00      2.959e+01
 271    272   2612    8.10394469e+09    8.07284898e+09     3.10957062e-01    9.4e+07     1.0e+00      2.960e+01
 272    273   2622    8.10093530e+09    8.06992450e+09     3.10107981e-01    9.8e+07     1.0e+00      2.961e+01
 273    274   2632    8.09793875e+09    8.06690254e+09     3.10362027e-01    9.3e+07     1.0e+00      2.962e+01
 274    275   2642    8.09495451e+09    8.06400281e+09     3.09516943e-01    9.7e+07     1.0e+00      2.963e+01
 275    276   2652    8.09198489e+09    8.06100777e+09     3.09771161e-01    9.3e+07     1.0e+00      2.964e+01
 276    277   2662    8.08902688e+09    8.05813386e+09     3.08930190e-01    9.7e+07     1.0e+00      2.964e+01
 277    278   2672    8.08608131e+09    8.05516276e+09     3.09185462e-01    9.2e+07     1.0e+00      2.965e+01
 278    279   2682    8.08314716e+09    8.05231229e+09     3.08348703e-01    9.6e+07     1.0e+00      2.966e+01
 279    280   2692    8.08022527e+09    8.04936480e+09     3.08604688e-01    9.1e+07     1.0e+00      2.967e+01
 280    281   2702    8.07731464e+09    8.04653744e+09     3.07772016e-01    9.6e+07     1.0e+00      2.968e+01
 281    282   2712    8.07441608e+09    8.04361322e+09     3.08028573e-01    9.1e+07     1.0e+00      2.969e+01
 282    283   2722    8.07152860e+09    8.04080861e+09     3.07199944e-01    9.6e+07     1.0e+00      2.969e+01
 283    284   2732    8.06865428e+09    8.03790860e+09     3.07456897e-01    9.0e+07     1.0e+00      2.970e+01
 284    285   2742    8.06579085e+09    8.03512765e+09     3.06631965e-01    9.5e+07     1.0e+00      2.971e+01
 285    286   2752    8.06294712e+09    8.03225858e+09     3.06885336e-01    9.0e+07     1.0e+00      2.972e+01
 286    287   2762    8.06011894e+09    8.02951359e+09     3.06053508e-01    9.4e+07     1.0e+00      2.973e+01
 287    288   2772    8.05730251e+09    8.02667161e+09     3.06309014e-01    9.0e+07     1.0e+00      2.974e+01
 288    289   2782    8.05449681e+09    8.02394769e+09     3.05491133e-01    9.4e+07     1.0e+00      2.974e+01
 289    290   2792    8.05170253e+09    8.02112746e+09     3.05750714e-01    8.9e+07     1.0e+00      2.975e+01
 290    291   2802    8.04891877e+09    8.01842476e+09     3.04940173e-01    9.3e+07     1.0e+00      2.976e+01
 291    292   2812    8.04614624e+09    8.01562607e+09     3.05201751e-01    8.8e+07     1.0e+00      2.977e+01
 292    293   2822    8.04338406e+09    8.01294438e+09     3.04396802e-01    9.3e+07     1.0e+00      2.978e+01
 293    294   2832    8.04063291e+09    8.01016697e+09     3.04659447e-01    8.8e+07     1.0e+00      2.979e+01
 294    295   2842    8.03789196e+09    8.00750602e+09     3.03859361e-01    9.3e+07     1.0e+00      2.979e+01
 295    296   2852    8.03516188e+09    8.00474961e+09     3.04122640e-01    8.7e+07     1.0e+00      2.980e+01
 296    297   2862    8.03244183e+09    8.00210912e+09     3.03327046e-01    9.2e+07     1.0e+00      2.981e+01
 297    298   2872    8.02973249e+09    7.99937341e+09     3.03590731e-01    8.7e+07     1.0e+00      2.982e+01
 298    299   2882    8.02703303e+09    7.99675309e+09     3.02799414e-01    9.2e+07     1.0e+00      2.983e+01
 299    300   2892    8.02434413e+09    7.99403779e+09     3.03063365e-01    8.7e+07     1.0e+00      2.983e+01
 300    301   2902    8.02166497e+09    7.99143735e+09     3.02276184e-01    9.1e+07     1.0e+00      2.984e+01
LMQNBC: termination 5
#######==============Beta= 1.000000, TempBeta = 0.000000 
  it     nf     cg           f             f_xrf             f_xtm            |g|        alpha        error
   0      1      0    7.46971741e+01    5.14711901e+13    7.46971741e+01    1.5e+00     1.0e+00      3.024e+01
   1      2      2    1.85481991e+00    2.60427270e+13     1.85481991e+00    1.9e-01     1.0e+00      2.857e+01
   2      3      5    2.37669853e-01    2.46246697e+13     2.37669853e-01    7.0e-02     1.0e+00      2.835e+01
   3      4      9    4.35878719e-02    2.42401096e+13     4.35878719e-02    3.1e-02     1.0e+00      2.828e+01
   4      5     13    9.59583012e-03    2.37998625e+13     9.59583012e-03    1.1e-02     1.0e+00      2.826e+01
   5      6     20    4.11052735e-03    2.40400891e+13     4.11052735e-03    8.8e-03     1.0e+00      2.824e+01
   6      7     23    1.75529985e-03    2.38654380e+13     1.75529985e-03    2.5e-03     1.0e+00      2.824e+01
   7      8     27    1.11482138e-03    2.38497876e+13     1.11482138e-03    1.8e-03     1.0e+00      2.823e+01
   8      9     37    3.84830110e-04    2.38350790e+13     3.84830110e-04    5.7e-04     1.0e+00      2.822e+01
   9     10     47    2.40027263e-04    2.37287539e+13     2.40027263e-04    4.4e-04     1.0e+00      2.822e+01
  10     11     57    1.81727713e-04    2.36785258e+13     1.81727713e-04    2.4e-04     1.0e+00      2.822e+01
  11     12     67    1.49663985e-04    2.36257822e+13     1.49663985e-04    3.0e-04     1.0e+00      2.821e+01
  12     13     77    1.28925623e-04    2.35946897e+13     1.28925623e-04    1.9e-04     1.0e+00      2.821e+01
  13     14     87    1.13801626e-04    2.35640225e+13     1.13801626e-04    2.1e-04     1.0e+00      2.821e+01
  14     15     90    1.10359480e-04    2.35602323e+13     1.10359480e-04    1.7e-04     1.0e+00      2.821e+01
  15     16    100    8.92028282e-05    2.34867321e+13     8.92028282e-05    3.5e-04     1.0e+00      2.821e+01
  16     17    104    8.01433616e-05    2.34850475e+13     8.01433616e-05    1.1e-04     1.0e+00      2.821e+01
  17     18    114    7.28484118e-05    2.34675695e+13     7.28484118e-05    1.4e-04     1.0e+00      2.821e+01
  18     19    124    6.73506807e-05    2.34546378e+13     6.73506807e-05    1.0e-04     1.0e+00      2.821e+01
  19     20    134    6.28426850e-05    2.34423171e+13     6.28426850e-05    1.1e-04     1.0e+00      2.821e+01
  20     21    144    5.90731826e-05    2.34300455e+13     5.90731826e-05    9.1e-05     1.0e+00      2.820e+01
  21     22    150    5.69726573e-05    2.34256274e+13     5.69726573e-05    7.9e-05     1.0e+00      2.820e+01
  22     23    160    5.19091743e-05    2.33912047e+13     5.19091743e-05    2.2e-04     1.0e+00      2.820e+01
  23     24    167    4.67952249e-05    2.33880908e+13     4.67952249e-05    5.8e-05     1.0e+00      2.820e+01
  24     25    177    4.27097696e-05    2.33556503e+13     4.27097696e-05    1.6e-04     1.0e+00      2.820e+01
  25     26    185    3.96690161e-05    2.33525515e+13     3.96690161e-05    4.5e-05     1.0e+00      2.820e+01
  26     27    195    3.68866392e-05    2.33263946e+13     3.68866392e-05    1.4e-04     1.0e+00      2.820e+01
  27     28    198    3.57674571e-05    2.33255813e+13     3.57674571e-05    5.2e-05     1.0e+00      2.820e+01
  28     29    205    3.47471321e-05    2.33238579e+13     3.47471321e-05    3.3e-05     1.0e+00      2.820e+01
  29     30    215    3.24599957e-05    2.32983933e+13     3.24599957e-05    1.1e-04     1.0e+00      2.820e+01
  30     31    220    3.11199991e-05    2.32975192e+13     3.11199991e-05    5.1e-05     1.0e+00      2.820e+01
  31     32    230    3.00679688e-05    2.32884408e+13     3.00679688e-05    4.7e-05     1.0e+00      2.820e+01
  32     33    240    2.92254370e-05    2.32832068e+13     2.92254370e-05    4.1e-05     1.0e+00      2.820e+01
  33     34    250    2.84952211e-05    2.32766810e+13     2.84952211e-05    4.2e-05     1.0e+00      2.820e+01
  34     35    260    2.78182298e-05    2.32714834e+13     2.78182298e-05    3.8e-05     1.0e+00      2.820e+01
  35     36    270    2.71833090e-05    2.32658488e+13     2.71833090e-05    4.1e-05     1.0e+00      2.820e+01
  36     37    275    2.68658970e-05    2.32638632e+13     2.68658970e-05    3.3e-05     1.0e+00      2.820e+01
  37     38    285    2.25807243e-05    2.31808930e+13     2.25807243e-05    2.0e-04     1.0e+00      2.819e+01
  38     39    292    1.93873685e-05    2.31792100e+13     1.93873685e-05    4.6e-05     1.0e+00      2.819e+01
  39     40    299    1.90844920e-05    2.31778242e+13     1.90844920e-05    3.0e-05     1.0e+00      2.819e+01
  40     41    309    1.84940726e-05    2.31658744e+13     1.84940726e-05    5.0e-05     1.0e+00      2.819e+01
  41     42    319    1.79963890e-05    2.31632856e+13     1.79963890e-05    2.3e-05     1.0e+00      2.819e+01
  42     43    329    1.76757246e-05    2.31562332e+13     1.76757246e-05    3.8e-05     1.0e+00      2.819e+01
  43     44    333    1.74720971e-05    2.31556796e+13     1.74720971e-05    2.3e-05     1.0e+00      2.819e+01
  44     45    343    1.65627521e-05    2.31320586e+13     1.65627521e-05    8.4e-05     1.0e+00      2.819e+01
  45     46    345    1.62236279e-05    2.31325067e+13     1.62236279e-05    4.3e-05     1.0e+00      2.819e+01
  46     47    351    1.58369869e-05    2.31309677e+13     1.58369869e-05    2.0e-05     1.0e+00      2.819e+01
  47     48    361    1.55343217e-05    2.31236809e+13     1.55343217e-05    3.8e-05     1.0e+00      2.819e+01
  48     49    366    1.53883868e-05    2.31230042e+13     1.53883868e-05    2.0e-05     1.0e+00      2.819e+01
  49     50    376    1.50604302e-05    2.31156535e+13     1.50604302e-05    2.6e-05     1.0e+00      2.819e+01
  50     51    386    1.47643244e-05    2.31133785e+13     1.47643244e-05    1.5e-05     1.0e+00      2.819e+01
  51     52    396    1.45061240e-05    2.31062356e+13     1.45061240e-05    2.5e-05     1.0e+00      2.819e+01
  52     53    406    1.42589129e-05    2.31043783e+13     1.42589129e-05    1.5e-05     1.0e+00      2.819e+01
  53     54    416    1.40269482e-05    2.30980207e+13     1.40269482e-05    2.5e-05     1.0e+00      2.819e+01
  54     55    426    1.38034528e-05    2.30962317e+13     1.38034528e-05    1.6e-05     1.0e+00      2.819e+01
  55     56    436    1.35961530e-05    2.30903486e+13     1.35961530e-05    2.8e-05     1.0e+00      2.819e+01
  56     57    443    1.34413087e-05    2.30896443e+13     1.34413087e-05    1.3e-05     1.0e+00      2.819e+01
  57     58    453    1.31342020e-05    2.30795051e+13     1.31342020e-05    4.5e-05     1.0e+00      2.819e+01
  58     59    457    1.29325639e-05    2.30796469e+13     1.29325639e-05    1.7e-05     1.0e+00      2.819e+01
  59     60    467    1.27838362e-05    2.30764888e+13     1.27838362e-05    1.9e-05     1.0e+00      2.819e+01
  60     61    471    1.27312707e-05    2.30763126e+13     1.27312707e-05    1.4e-05     1.0e+00      2.819e+01
  61     62    481    1.24751635e-05    2.30678992e+13     1.24751635e-05    4.0e-05     1.0e+00      2.819e+01
  62     63    483    1.24044472e-05    2.30683231e+13     1.24044472e-05    2.3e-05     1.0e+00      2.819e+01
  63     64    491    1.22376045e-05    2.30662086e+13     1.22376045e-05    8.6e-06     1.0e+00      2.819e+01
