   1      2      2    1.32269706e+07    1.32269706e+07     2.20881248e-02    1.2e+08     1.0e+00      6.151e-01
   2      3      5    1.75293981e+06    1.75293981e+06     6.19779336e-03    2.9e+07     1.0e+00      5.733e-01
   3      4      7    4.47216836e+05    4.47216836e+05     2.74876610e-03    4.0e+06     1.0e+00      5.674e-01
   4      5     10    1.53671337e+05    1.53671337e+05     1.71735220e-03    1.4e+06     1.0e+00      5.579e-01
   5      6     15    6.89051192e+04    6.89051192e+04     1.20979010e-03    1.6e+06     1.0e+00      5.411e-01
   6      7     23    1.72937639e+04    1.72937639e+04     3.20562230e-04    1.4e+06     1.0e+00      5.030e-01
   7      8     26    1.28606093e+04    1.28606093e+04     3.25676776e-04    3.4e+05     1.0e+00      5.016e-01
   8      9     35    1.61522039e+03    1.61522039e+03     8.30394598e-05    1.4e+05     1.0e+00      4.875e-01
   9     10     40    1.12477481e+03    1.12477481e+03     7.77034701e-05    3.6e+04     1.0e+00      4.871e-01
  10     11     45    9.56002182e+02    9.56002182e+02     7.40085553e-05    5.5e+04     1.0e+00      4.862e-01
  11     12     48    9.00280667e+02    9.00280667e+02     7.25281013e-05    2.3e+04     1.0e+00      4.861e-01
  12     13     51    8.80806207e+02    8.80806207e+02     7.28862420e-05    3.0e+04     1.0e+00      4.860e-01
  13     14     59    5.27574572e+02    5.27574572e+02     5.11429380e-05    1.4e+05     1.0e+00      4.816e-01
  14     15     61    5.13213190e+02    5.13213190e+02     5.01672660e-05    3.2e+04     1.0e+00      4.816e-01
  15     16     68    3.95992379e+02    3.95992379e+02     4.25556030e-05    1.4e+04     1.0e+00      4.803e-01
  16     17     71    3.89781498e+02    3.89781498e+02     4.23306309e-05    1.1e+04     1.0e+00      4.802e-01
  17     18     79    2.97900513e+02    2.97900513e+02     4.04982342e-05    3.8e+04     1.0e+00      4.776e-01
  18     19     82    2.80426122e+02    2.80426122e+02     4.03217285e-05    1.2e+04     1.0e+00      4.775e-01
  19     20     85    2.72737440e+02    2.72737440e+02     3.99645582e-05    2.2e+04     1.0e+00      4.775e-01
  20     21     88    2.67605108e+02    2.67605108e+02     3.94765379e-05    1.2e+04     1.0e+00      4.774e-01
  21     22     92    2.63434084e+02    2.63434084e+02     3.91817821e-05    5.3e+03     1.0e+00      4.774e-01
  22     23     96    2.60009966e+02    2.60009966e+02     3.86383424e-05    9.9e+03     1.0e+00      4.773e-01
  23     24    100    2.57128250e+02    2.57128250e+02     3.84195157e-05    4.6e+03     1.0e+00      4.772e-01
  24     25    108    1.39250037e+02    1.39250037e+02     2.42638581e-05    7.9e+03     1.0e+00      4.710e-01
  25     26    112    1.29483898e+02    1.29483898e+02     2.50868751e-05    8.0e+03     1.0e+00      4.709e-01
  26     27    116    1.27341688e+02    1.27341688e+02     2.51213365e-05    1.0e+04     1.0e+00      4.709e-01
  27     28    124    1.05742231e+02    1.05742231e+02     2.63031522e-05    3.8e+04     1.0e+00      4.694e-01
  28     29    126    1.04655547e+02    1.04655547e+02     2.61560503e-05    3.9e+03     1.0e+00      4.694e-01
  29     30    131    9.90149500e+01    9.90149500e+01     2.53202245e-05    5.6e+03     1.0e+00      4.692e-01
  30     31    134    9.76668282e+01    9.76668282e+01     2.54961251e-05    1.5e+04     1.0e+00      4.691e-01
  31     32    142    9.13976506e+01    9.13976506e+01     2.60908660e-05    2.4e+03     1.0e+00      4.682e-01
  32     33    145    8.86534202e+01    8.86534202e+01     2.52995714e-05    6.6e+03     1.0e+00      4.682e-01
  33     34    148    8.81108302e+01    8.81108302e+01     2.52553573e-05    3.3e+03     1.0e+00      4.681e-01
  34     35    158    7.40317160e+01    7.40317160e+01     2.25587249e-05    3.9e+04     1.0e+00      4.655e-01
  35     36    161    6.97096740e+01    6.97096740e+01     2.31164985e-05    6.9e+03     1.0e+00      4.654e-01
  36     37    165    6.84705938e+01    6.84705938e+01     2.29754444e-05    9.8e+03     1.0e+00      4.654e-01
  37     38    174    6.43242355e+01    6.43242355e+01     2.27350865e-05    6.5e+02     1.0e+00      4.650e-01
  38     39    177    6.38806060e+01    6.38806060e+01     2.26644681e-05    5.9e+03     1.0e+00      4.649e-01
  39     40    180    6.36564050e+01    6.36564050e+01     2.26690214e-05    1.5e+03     1.0e+00      4.649e-01
  40     41    183    6.35424369e+01    6.35424369e+01     2.26078991e-05    3.9e+03     1.0e+00      4.648e-01
  41     42    186    6.34540126e+01    6.34540126e+01     2.26093633e-05    1.4e+03     1.0e+00      4.648e-01
  42     43    191    6.10208660e+01    6.10208660e+01     2.14729289e-05    5.0e+03     1.0e+00      4.641e-01
  43     44    194    5.98504405e+01    5.98504405e+01     2.17313650e-05    2.0e+03     1.0e+00      4.640e-01
  44     45    203    5.78813863e+01    5.78813863e+01     2.20286295e-05    1.1e+03     1.0e+00      4.636e-01
  45     46    211    5.65557903e+01    5.65557903e+01     2.12605771e-05    3.9e+03     1.0e+00      4.634e-01
  46     47    214    5.63855690e+01    5.63855690e+01     2.12784990e-05    1.9e+03     1.0e+00      4.633e-01
  47     48    224    5.43149506e+01    5.43149506e+01     2.14510519e-05    2.5e+03     1.0e+00      4.626e-01
  48     49    227    5.33816354e+01    5.33816354e+01     2.12644559e-05    1.6e+03     1.0e+00      4.626e-01
  49     50    230    5.31216659e+01    5.31216659e+01     2.11982052e-05    1.4e+03     1.0e+00      4.625e-01
  50     51    238    5.23520761e+01    5.23520761e+01     2.05696117e-05    6.9e+03     1.0e+00      4.623e-01
  51     52    246    5.16483509e+01    5.16483509e+01     2.06353026e-05    1.2e+04     1.0e+00      4.622e-01
  52     53    248    5.14946544e+01    5.14946544e+01     2.06951947e-05    3.1e+03     1.0e+00      4.622e-01
  53     54    258    4.73867292e+01    4.73867292e+01     1.88599434e-05    3.3e+03     1.0e+00      4.601e-01
  54     55    261    4.44137749e+01    4.44137749e+01     1.91562732e-05    1.6e+03     1.0e+00      4.601e-01
  55     56    264    4.43382012e+01    4.43382012e+01     1.91500014e-05    2.5e+03     1.0e+00      4.601e-01
  56     57    274    4.10814089e+01    4.10814089e+01     1.87692307e-05    2.4e+03     1.0e+00      4.581e-01
  57     58    277    3.91267879e+01    3.91267879e+01     1.84803797e-05    1.1e+03     1.0e+00      4.581e-01
  58     59    280    3.89540582e+01    3.89540582e+01     1.83967532e-05    1.3e+03     1.0e+00      4.581e-01
  59     60    288    3.82639046e+01    3.82639046e+01     1.77417769e-05    5.9e+03     1.0e+00      4.579e-01
  60     61    290    3.82451457e+01    3.82451457e+01     1.77539435e-05    9.1e+02     1.0e+00      4.579e-01
  61     62    300    3.68164127e+01    3.68164127e+01     1.80337695e-05    8.5e+02     1.0e+00      4.569e-01
  62     63    303    3.60947531e+01    3.60947531e+01     1.76339692e-05    1.3e+03     1.0e+00      4.569e-01
  63     64    306    3.59431988e+01    3.59431988e+01     1.76016225e-05    3.8e+03     1.0e+00      4.569e-01
  64     65    316    3.53854192e+01    3.53854192e+01     1.70019522e-05    5.2e+02     1.0e+00      4.567e-01
  65     66    321    3.51644519e+01    3.51644519e+01     1.72531723e-05    7.7e+02     1.0e+00      4.566e-01
  66     67    325    3.50678080e+01    3.50678080e+01     1.71773865e-05    7.0e+02     1.0e+00      4.566e-01
  67     68    328    3.50468862e+01    3.50468862e+01     1.71658322e-05    1.4e+03     1.0e+00      4.566e-01
  68     69    331    3.50337870e+01    3.50337870e+01     1.71704457e-05    3.5e+02     1.0e+00      4.566e-01
  69     70    339    3.25102717e+01    3.25102717e+01     1.53930991e-05    2.8e+03     1.0e+00      4.545e-01
  70     71    342    3.13716353e+01    3.13716353e+01     1.56897435e-05    1.0e+04     1.0e+00      4.544e-01
  71     72    345    3.08842153e+01    3.08842153e+01     1.57427552e-05    2.2e+03     1.0e+00      4.544e-01
  72     73    352    3.03206102e+01    3.03206102e+01     1.60098445e-05    2.8e+02     1.0e+00      4.544e-01
  73     74    356    3.02596496e+01    3.02596496e+01     1.59456079e-05    1.7e+03     1.0e+00      4.543e-01
  74     75    366    2.39648786e+01    2.39648786e+01     1.19787642e-05    1.4e+03     1.0e+00      4.484e-01
  75     76    369    2.11127103e+01    2.11127103e+01     1.24824405e-05    2.1e+03     1.0e+00      4.483e-01
  76     77    375    2.03976139e+01    2.03976139e+01     1.27268581e-05    6.5e+02     1.0e+00      4.483e-01
  77     78    379    2.02501513e+01    2.02501513e+01     1.27298987e-05    1.1e+03     1.0e+00      4.483e-01
  78     79    383    2.02104387e+01    2.02104387e+01     1.27466689e-05    8.3e+02     1.0e+00      4.483e-01
  79     80    386    2.01948402e+01    2.01948402e+01     1.27596874e-05    6.9e+02     1.0e+00      4.483e-01
  80     81    394    2.00143434e+01    2.00143434e+01     1.28822992e-05    6.3e+02     1.0e+00      4.481e-01
  81     82    402    1.98333446e+01    1.98333446e+01     1.26704284e-05    1.3e+03     1.0e+00      4.480e-01
  82     83    412    1.96448976e+01    1.96448976e+01     1.27745944e-05    4.9e+02     1.0e+00      4.478e-01
  83     84    421    1.94617171e+01    1.94617171e+01     1.25843246e-05    2.5e+02     1.0e+00      4.477e-01
  84     85    429    1.93002607e+01    1.93002607e+01     1.26603954e-05    4.4e+02     1.0e+00      4.476e-01
  85     86    437    1.91514892e+01    1.91514892e+01     1.25384779e-05    8.0e+02     1.0e+00      4.475e-01
  86     87    447    1.87183108e+01    1.87183108e+01     1.25633238e-05    7.0e+02     1.0e+00      4.469e-01
  87     88    450    1.85017509e+01    1.85017509e+01     1.24892854e-05    3.8e+03     1.0e+00      4.469e-01
  88     89    454    1.84380454e+01    1.84380454e+01     1.24713435e-05    4.5e+02     1.0e+00      4.469e-01
  89     90    464    1.81301917e+01    1.81301917e+01     1.22493512e-05    1.1e+04     1.0e+00      4.465e-01
  90     91    466    1.80016869e+01    1.80016869e+01     1.22018916e-05    3.1e+03     1.0e+00      4.465e-01
  91     92    474    1.78407920e+01    1.78407920e+01     1.22727981e-05    1.1e+03     1.0e+00      4.464e-01
  92     93    482    1.77048545e+01    1.77048545e+01     1.21554468e-05    2.5e+02     1.0e+00      4.462e-01
  93     94    485    1.76898820e+01    1.76898820e+01     1.21505800e-05    1.3e+03     1.0e+00      4.462e-01
  94     95    488    1.76787075e+01    1.76787075e+01     1.21470508e-05    2.8e+02     1.0e+00      4.462e-01
  95     96    498    1.73474183e+01    1.73474183e+01     1.22522791e-05    1.5e+03     1.0e+00      4.458e-01
  96     97    505    1.70614432e+01    1.70614432e+01     1.19586059e-05    1.2e+03     1.0e+00      4.457e-01
  97     98    515    1.68231037e+01    1.68231037e+01     1.20825840e-05    5.7e+02     1.0e+00      4.453e-01
  98     99    520    1.66361551e+01    1.66361551e+01     1.19343834e-05    6.6e+02     1.0e+00      4.453e-01
  99    100    523    1.66209151e+01    1.66209151e+01     1.19165525e-05    7.7e+02     1.0e+00      4.453e-01
 100    101    526    1.66137700e+01    1.66137700e+01     1.19166798e-05    2.8e+02     1.0e+00      4.453e-01
 101    102    536    1.61638727e+01    1.61638727e+01     1.13207505e-05    6.9e+03     1.0e+00      4.446e-01
 102    103    540    1.59257126e+01    1.59257126e+01     1.14837987e-05    1.3e+03     1.0e+00      4.446e-01
 103    104    543    1.58581493e+01    1.58581493e+01     1.15003822e-05    4.8e+02     1.0e+00      4.445e-01
 104    105    546    1.58305880e+01    1.58305880e+01     1.15224314e-05    4.9e+02     1.0e+00      4.445e-01
 105    106    556    1.56812461e+01    1.56812461e+01     1.16461162e-05    6.5e+02     1.0e+00      4.444e-01
 106    107    564    1.55498855e+01    1.55498855e+01     1.14701266e-05    2.2e+03     1.0e+00      4.443e-01
 107    108    566    1.55458278e+01    1.55458278e+01     1.14650604e-05    1.1e+03     1.0e+00      4.443e-01
 108    109    574    1.54461677e+01    1.54461677e+01     1.15840640e-05    5.3e+02     1.0e+00      4.442e-01
 109    110    582    1.53857613e+01    1.53857613e+01     1.14928058e-05    2.0e+03     1.0e+00      4.442e-01
 110    111    585    1.53702849e+01    1.53702849e+01     1.15018272e-05    5.8e+02     1.0e+00      4.442e-01
 111    112    595    1.49734346e+01    1.49734346e+01     1.16243229e-05    1.7e+03     1.0e+00      4.435e-01
 112    113    600    1.46445137e+01    1.46445137e+01     1.13462119e-05    8.1e+02     1.0e+00      4.434e-01
 113    114    603    1.46208476e+01    1.46208476e+01     1.13276635e-05    2.8e+02     1.0e+00      4.434e-01
 114    115    606    1.46145523e+01    1.46145523e+01     1.13259006e-05    5.1e+02     1.0e+00      4.434e-01
 115    116    609    1.46115089e+01    1.46115089e+01     1.13268520e-05    2.5e+02     1.0e+00      4.434e-01
 116    117    617    1.44743415e+01    1.44743415e+01     1.11377265e-05    1.0e+03     1.0e+00      4.432e-01
 117    118    623    1.43692449e+01    1.43692449e+01     1.11832810e-05    6.9e+02     1.0e+00      4.432e-01
 118    119    628    1.43432474e+01    1.43432474e+01     1.12047896e-05    9.1e+02     1.0e+00      4.432e-01
 119    120    637    1.39807046e+01    1.39807046e+01     1.12364912e-05    5.1e+02     1.0e+00      4.425e-01
 120    121    643    1.36558740e+01    1.36558740e+01     1.10227086e-05    4.6e+02     1.0e+00      4.424e-01
 121    122    652    1.35669503e+01    1.35669503e+01     1.09744977e-05    3.9e+02     1.0e+00      4.423e-01
 122    123    655    1.35106784e+01    1.35106784e+01     1.09520570e-05    1.2e+03     1.0e+00      4.423e-01
 123    124    659    1.35038572e+01    1.35038572e+01     1.09590456e-05    5.8e+02     1.0e+00      4.423e-01
 124    125    667    1.33037702e+01    1.33037702e+01     1.09804951e-05    1.3e+03     1.0e+00      4.419e-01
 125    126    670    1.31679778e+01    1.31679778e+01     1.09504892e-05    2.7e+03     1.0e+00      4.419e-01
 126    127    673    1.31309445e+01    1.31309445e+01     1.08952425e-05    1.0e+03     1.0e+00      4.419e-01
 127    128    682    1.30618339e+01    1.30618339e+01     1.07481551e-05    2.6e+02     1.0e+00      4.418e-01
 128    129    686    1.30272339e+01    1.30272339e+01     1.08131693e-05    4.2e+02     1.0e+00      4.418e-01
 129    130    690    1.30157707e+01    1.30157707e+01     1.08075497e-05    1.1e+03     1.0e+00      4.418e-01
 130    131    694    1.30096055e+01    1.30096055e+01     1.08112497e-05    3.4e+02     1.0e+00      4.418e-01
 131    132    698    1.30040291e+01    1.30040291e+01     1.08099580e-05    7.4e+02     1.0e+00      4.418e-01
 132    133    702    1.30001374e+01    1.30001374e+01     1.08133252e-05    4.1e+02     1.0e+00      4.418e-01
 133    134    712    7.78057726e+00    7.78057726e+00     8.39427405e-06    2.8e+03     1.0e+00      4.324e-01
 134    135    715    7.04258721e+00    7.04258721e+00     8.36311070e-06    2.2e+03     1.0e+00      4.324e-01
 135    136    719    6.84903394e+00    6.84903394e+00     8.37174066e-06    2.6e+03     1.0e+00      4.324e-01
 136    137    727    6.45852379e+00    6.45852379e+00     8.18899866e-06    1.6e+03     1.0e+00      4.324e-01
 137    138    730    6.44586461e+00    6.44586461e+00     8.18678917e-06    1.7e+02     1.0e+00      4.324e-01
 138    139    739    6.42676097e+00    6.42676097e+00     8.13031961e-06    2.5e+02     1.0e+00      4.323e-01
 139    140    743    6.41774194e+00    6.41774194e+00     8.15363985e-06    1.3e+02     1.0e+00      4.323e-01
 140    141    746    6.41504098e+00    6.41504098e+00     8.15737179e-06    1.4e+02     1.0e+00      4.323e-01
 141    142    749    6.41427009e+00    6.41427009e+00     8.15746959e-06    2.1e+02     1.0e+00      4.323e-01
 142    143    752    6.41377507e+00    6.41377507e+00     8.15848580e-06    1.3e+02     1.0e+00      4.323e-01
 143    144    762    6.37393679e+00    6.37393679e+00     8.22157385e-06    1.7e+03     1.0e+00      4.321e-01
 144    145    765    6.35734302e+00    6.35734302e+00     8.21211510e-06    9.1e+02     1.0e+00      4.321e-01
 145    146    769    6.35295294e+00    6.35295294e+00     8.20557352e-06    5.9e+02     1.0e+00      4.321e-01
 146    147    777    6.33253514e+00    6.33253514e+00     8.15877515e-06    2.9e+02     1.0e+00      4.321e-01
 147    148    780    6.33127421e+00    6.33127421e+00     8.15997167e-06    3.1e+02     1.0e+00      4.321e-01
 148    149    788    6.31076625e+00    6.31076625e+00     8.20733593e-06    1.1e+02     1.0e+00      4.320e-01
 149    150    792    6.30221414e+00    6.30221414e+00     8.19718152e-06    4.2e+02     1.0e+00      4.320e-01
 150    151    800    6.28600739e+00    6.28600739e+00     8.15502542e-06    4.0e+02     1.0e+00      4.319e-01
 151    152    803    6.28215806e+00    6.28215806e+00     8.16529236e-06    2.3e+02     1.0e+00      4.319e-01
 152    153    807    6.27948490e+00    6.27948490e+00     8.16585611e-06    1.4e+02     1.0e+00      4.319e-01
 153    154    811    6.27772128e+00    6.27772128e+00     8.17141477e-06    2.0e+02     1.0e+00      4.319e-01
 154    155    814    6.27628026e+00    6.27628026e+00     8.17074601e-06    2.5e+02     1.0e+00      4.319e-01
 155    156    822    6.21793711e+00    6.21793711e+00     8.23478895e-06    7.4e+02     1.0e+00      4.316e-01
 156    157    825    6.20304249e+00    6.20304249e+00     8.23512025e-06    2.0e+02     1.0e+00      4.316e-01
 157    158    828    6.19356232e+00    6.19356232e+00     8.22438643e-06    6.6e+02     1.0e+00      4.316e-01
 158    159    831    6.18791260e+00    6.18791260e+00     8.22459961e-06    3.3e+02     1.0e+00      4.316e-01
 159    160    838    6.15843784e+00    6.15843784e+00     8.16990202e-06    5.9e+01     1.0e+00      4.315e-01
 160    161    841    6.15747750e+00    6.15747750e+00     8.17000231e-06    3.3e+02     1.0e+00      4.315e-01
 161    162    844    6.15659850e+00    6.15659850e+00     8.17098585e-06    6.9e+01     1.0e+00      4.315e-01
 162    163    854    6.01443065e+00    6.01443065e+00     8.29179649e-06    2.3e+03     1.0e+00      4.307e-01
 163    164    860    5.88106391e+00    5.88106391e+00     8.17298299e-06    2.1e+02     1.0e+00      4.306e-01
 164    165    862    5.88015274e+00    5.88015274e+00     8.17214865e-06    1.1e+02     1.0e+00      4.306e-01
 165    166    872    5.67813646e+00    5.67813646e+00     8.28596746e-06    6.3e+02     1.0e+00      4.294e-01
 166    167    875    5.59519752e+00    5.59519752e+00     8.27380842e-06    3.3e+02     1.0e+00      4.293e-01
 167    168    878    5.56116707e+00    5.56116707e+00     8.24856858e-06    1.6e+03     1.0e+00      4.293e-01
 168    169    881    5.54754930e+00    5.54754930e+00     8.24276868e-06    2.0e+02     1.0e+00      4.293e-01
 169    170    889    5.48775846e+00    5.48775846e+00     8.16648784e-06    2.7e+02     1.0e+00      4.293e-01
 170    171    892    5.48702432e+00    5.48702432e+00     8.16640158e-06    4.8e+01     1.0e+00      4.293e-01
 171    172    901    5.38144203e+00    5.38144203e+00     8.22870199e-06    3.6e+02     1.0e+00      4.286e-01
 172    173    904    5.33921463e+00    5.33921463e+00     8.20176456e-06    1.9e+02     1.0e+00      4.286e-01
 173    174    907    5.32080401e+00    5.32080401e+00     8.20050032e-06    7.4e+02     1.0e+00      4.286e-01
 174    175    910    5.31405039e+00    5.31405039e+00     8.19779305e-06    1.9e+02     1.0e+00      4.286e-01
 175    176    918    5.28102283e+00    5.28102283e+00     8.15499828e-06    3.2e+02     1.0e+00      4.286e-01
 176    177    928    5.23803668e+00    5.23803668e+00     8.21351136e-06    1.3e+03     1.0e+00      4.283e-01
 177    178    931    5.21733219e+00    5.21733219e+00     8.15210395e-06    7.8e+01     1.0e+00      4.283e-01
 178    179    935    5.20990105e+00    5.20990105e+00     8.17334602e-06    4.7e+02     1.0e+00      4.283e-01
 179    180    943    5.19468173e+00    5.19468173e+00     8.12852360e-06    2.0e+02     1.0e+00      4.283e-01
 180    181    947    5.18857170e+00    5.18857170e+00     8.15256775e-06    1.9e+02     1.0e+00      4.283e-01
 181    182    957    5.07191557e+00    5.07191557e+00     8.25216263e-06    5.7e+02     1.0e+00      4.275e-01
 182    183    960    5.01587018e+00    5.01587018e+00     8.14797515e-06    6.7e+02     1.0e+00      4.275e-01
 183    184    964    4.99889917e+00    4.99889917e+00     8.17092780e-06    3.3e+02     1.0e+00      4.275e-01
 184    185    973    4.96039575e+00    4.96039575e+00     8.16855951e-06    8.9e+01     1.0e+00      4.274e-01
 185    186    976    4.95651073e+00    4.95651073e+00     8.15028505e-06    1.7e+02     1.0e+00      4.274e-01
 186    187    979    4.95512686e+00    4.95512686e+00     8.15097662e-06    6.1e+01     1.0e+00      4.274e-01
 187    188    988    4.93256966e+00    4.93256966e+00     8.10869604e-06    1.7e+02     1.0e+00      4.273e-01
 188    189    991    4.92098315e+00    4.92098315e+00     8.13101378e-06    3.3e+02     1.0e+00      4.273e-01
 189    190    994    4.91725813e+00    4.91725813e+00     8.13138061e-06    1.3e+02     1.0e+00      4.273e-01
 190    191    997    4.91563423e+00    4.91563423e+00     8.13432648e-06    4.3e+02     1.0e+00      4.273e-01
 191    192   1000    4.91478714e+00    4.91478714e+00     8.13616854e-06    1.8e+02     1.0e+00      4.273e-01
 192    193   1010    4.89004926e+00    4.89004926e+00     8.14336285e-06    8.3e+02     1.0e+00      4.271e-01
 193    194   1014    4.87573373e+00    4.87573373e+00     8.13528108e-06    1.6e+02     1.0e+00      4.271e-01
 194    195   1017    4.87373354e+00    4.87373354e+00     8.13949247e-06    4.0e+02     1.0e+00      4.271e-01
 195    196   1024    4.86290260e+00    4.86290260e+00     8.15081342e-06    4.3e+02     1.0e+00      4.271e-01
 196    197   1032    4.85348220e+00    4.85348220e+00     8.14089909e-06    5.4e+02     1.0e+00      4.270e-01
 197    198   1042    4.82279796e+00    4.82279796e+00     8.19476864e-06    2.5e+03     1.0e+00      4.268e-01
 198    199   1045    4.80268739e+00    4.80268739e+00     8.14706452e-06    9.6e+01     1.0e+00      4.268e-01
 199    200   1050    4.79779651e+00    4.79779651e+00     8.14916540e-06    8.3e+01     1.0e+00      4.268e-01
 200    201   1054    4.79636881e+00    4.79636881e+00     8.14692271e-06    2.7e+02     1.0e+00      4.268e-01
 201    202   1058    4.79562745e+00    4.79562745e+00     8.14404320e-06    2.1e+02     1.0e+00      4.268e-01
 202    203   1066    4.76973902e+00    4.76973902e+00     8.10036476e-06    3.2e+02     1.0e+00      4.266e-01
 203    204   1069    4.76083783e+00    4.76083783e+00     8.10191420e-06    1.0e+03     1.0e+00      4.266e-01
 204    205   1072    4.75648271e+00    4.75648271e+00     8.11358969e-06    2.7e+02     1.0e+00      4.266e-01
 205    206   1076    4.75351114e+00    4.75351114e+00     8.11567365e-06    4.1e+02     1.0e+00      4.266e-01
 206    207   1080    4.75146383e+00    4.75146383e+00     8.11913895e-06    2.7e+02     1.0e+00      4.266e-01
 207    208   1088    4.74108861e+00    4.74108861e+00     8.14798313e-06    7.1e+02     1.0e+00      4.266e-01
 208    209   1094    4.73203094e+00    4.73203094e+00     8.12003991e-06    7.4e+01     1.0e+00      4.266e-01
 209    210   1097    4.73098492e+00    4.73098492e+00     8.12173046e-06    1.8e+02     1.0e+00      4.266e-01
 210    211   1105    4.72224479e+00    4.72224479e+00     8.14481559e-06    9.9e+01     1.0e+00      4.265e-01
 211    212   1109    4.71601022e+00    4.71601022e+00     8.13343843e-06    2.4e+02     1.0e+00      4.265e-01
 212    213   1112    4.71487873e+00    4.71487873e+00     8.13457797e-06    1.5e+02     1.0e+00      4.265e-01
 213    214   1122    4.63185158e+00    4.63185158e+00     8.21879426e-06    3.6e+03     1.0e+00      4.259e-01
 214    215   1128    4.55577233e+00    4.55577233e+00     8.12460424e-06    2.8e+02     1.0e+00      4.259e-01
 215    216   1137    4.54416085e+00    4.54416085e+00     8.13190996e-06    1.4e+02     1.0e+00      4.258e-01
 216    217   1140    4.53877260e+00    4.53877260e+00     8.13429307e-06    5.1e+01     1.0e+00      4.258e-01
 217    218   1143    4.53701233e+00    4.53701233e+00     8.12716128e-06    1.2e+02     1.0e+00      4.258e-01
 218    219   1146    4.53625624e+00    4.53625624e+00     8.12828137e-06    1.8e+02     1.0e+00      4.258e-01
 219    220   1154    4.52586718e+00    4.52586718e+00     8.12470068e-06    1.4e+02     1.0e+00      4.258e-01
 220    221   1160    4.51655729e+00    4.51655729e+00     8.13923579e-06    6.8e+01     1.0e+00      4.258e-01
 221    222   1163    4.51609711e+00    4.51609711e+00     8.13807384e-06    2.0e+02     1.0e+00      4.258e-01
 222    223   1171    4.50448532e+00    4.50448532e+00     8.09017253e-06    1.2e+02     1.0e+00      4.257e-01
 223    224   1175    4.49619997e+00    4.49619997e+00     8.11740613e-06    1.7e+02     1.0e+00      4.257e-01
 224    225   1180    4.49450413e+00    4.49450413e+00     8.12031662e-06    1.1e+02     1.0e+00      4.257e-01
 225    226   1188    4.48552246e+00    4.48552246e+00     8.16079654e-06    2.5e+02     1.0e+00      4.256e-01
 226    227   1192    4.47862742e+00    4.47862742e+00     8.13143348e-06    2.2e+02     1.0e+00      4.256e-01
 227    228   1196    4.47736453e+00    4.47736453e+00     8.12982977e-06    2.3e+02     1.0e+00      4.256e-01
 228    229   1204    4.45704877e+00    4.45704877e+00     8.11395404e-06    3.0e+02     1.0e+00      4.255e-01
 229    230   1208    4.44487729e+00    4.44487729e+00     8.10654090e-06    4.3e+02     1.0e+00      4.255e-01
 230    231   1212    4.44045284e+00    4.44045284e+00     8.11428987e-06    2.1e+02     1.0e+00      4.255e-01
 231    232   1217    4.43835634e+00    4.43835634e+00     8.11654727e-06    2.1e+02     1.0e+00      4.255e-01
 232    233   1222    4.43685838e+00    4.43685838e+00     8.11882298e-06    2.9e+02     1.0e+00      4.255e-01
 233    234   1226    4.43585947e+00    4.43585947e+00     8.12021288e-06    2.2e+02     1.0e+00      4.255e-01
 234    235   1231    4.43485748e+00    4.43485748e+00     8.12254535e-06    1.4e+02     1.0e+00      4.255e-01
 235    236   1236    4.43391188e+00    4.43391188e+00     8.12245518e-06    2.1e+02     1.0e+00      4.254e-01
 236    237   1241    4.43298987e+00    4.43298987e+00     8.12443803e-06    1.3e+02     1.0e+00      4.254e-01
 237    238   1246    4.43208313e+00    4.43208313e+00     8.12371611e-06    2.2e+02     1.0e+00      4.254e-01
 238    239   1251    4.43119136e+00    4.43119136e+00     8.12475678e-06    1.3e+02     1.0e+00      4.254e-01
 239    240   1256    4.43030489e+00    4.43030489e+00     8.12437290e-06    2.2e+02     1.0e+00      4.254e-01
 240    241   1261    4.42942282e+00    4.42942282e+00     8.12522991e-06    1.1e+02     1.0e+00      4.254e-01
 241    242   1266    4.42854426e+00    4.42854426e+00     8.12472482e-06    2.3e+02     1.0e+00      4.254e-01
 242    243   1271    4.42767431e+00    4.42767431e+00     8.12555931e-06    1.2e+02     1.0e+00      4.254e-01
 243    244   1276    4.42681067e+00    4.42681067e+00     8.12485442e-06    2.5e+02     1.0e+00      4.254e-01
 244    245   1281    4.42595435e+00    4.42595435e+00     8.12569157e-06    1.0e+02     1.0e+00      4.254e-01
 245    246   1286    4.42510420e+00    4.42510420e+00     8.12493107e-06    2.6e+02     1.0e+00      4.254e-01
 246    247   1291    4.42426050e+00    4.42426050e+00     8.12580940e-06    1.1e+02     1.0e+00      4.254e-01
 247    248   1296    4.42341914e+00    4.42341914e+00     8.12491824e-06    2.7e+02     1.0e+00      4.254e-01
 248    249   1301    4.42258330e+00    4.42258330e+00     8.12590659e-06    1.1e+02     1.0e+00      4.254e-01
 249    250   1306    4.42175010e+00    4.42175010e+00     8.12491680e-06    2.7e+02     1.0e+00      4.254e-01
 250    251   1311    4.42091849e+00    4.42091849e+00     8.12593057e-06    1.1e+02     1.0e+00      4.254e-01
 251    252   1316    4.42008942e+00    4.42008942e+00     8.12488871e-06    2.7e+02     1.0e+00      4.254e-01
 252    253   1324    9.39059144e-01    9.39059144e-01     7.99182533e-06    2.8e+02     1.0e+00      4.087e-01
 253    254   1331    9.08572374e-01    9.08572374e-01     7.93119023e-06    5.9e+01     1.0e+00      4.087e-01
 254    255   1334    9.08123601e-01    9.08123601e-01     7.93203661e-06    2.1e+02     1.0e+00      4.087e-01
 255    256   1337    9.07776594e-01    9.07776594e-01     7.93318833e-06    6.9e+01     1.0e+00      4.087e-01
 256    257   1341    9.07449127e-01    9.07449127e-01     7.93317545e-06    1.1e+02     1.0e+00      4.087e-01
 257    258   1345    9.07189404e-01    9.07189404e-01     7.93361942e-06    5.7e+01     1.0e+00      4.087e-01
 258    259   1353    8.27337548e-01    8.27337548e-01     8.08253027e-06    4.4e+02     1.0e+00      4.085e-01
 259    260   1356    7.76804256e-01    7.76804256e-01     7.98597562e-06    7.9e+02     1.0e+00      4.085e-01
 260    261   1360    7.69288745e-01    7.69288745e-01     7.98946598e-06    1.3e+02     1.0e+00      4.085e-01
 261    262   1364    7.65881542e-01    7.65881542e-01     7.98784146e-06    4.0e+02     1.0e+00      4.085e-01
 262    263   1368    7.63948428e-01    7.63948428e-01     7.98825611e-06    7.7e+01     1.0e+00      4.085e-01
 263    264   1373    7.62401064e-01    7.62401064e-01     7.98477468e-06    1.4e+02     1.0e+00      4.085e-01
 264    265   1378    7.61256454e-01    7.61256454e-01     7.98554051e-06    5.9e+01     1.0e+00      4.085e-01
 265    266   1383    7.60340035e-01    7.60340035e-01     7.98287964e-06    1.2e+02     1.0e+00      4.085e-01
 266    267   1388    7.59579814e-01    7.59579814e-01     7.98375735e-06    5.0e+01     1.0e+00      4.085e-01
 267    268   1396    7.52850030e-01    7.52850030e-01     7.97602973e-06    2.2e+02     1.0e+00      4.085e-01
 268    269   1400    7.47871266e-01    7.47871266e-01     7.99791514e-06    2.7e+02     1.0e+00      4.085e-01
 269    270   1404    7.47502177e-01    7.47502177e-01     7.99834147e-06    1.7e+02     1.0e+00      4.085e-01
 270    271   1414    5.84816923e-01    5.84816923e-01     8.21243510e-06    8.6e+03     1.0e+00      4.081e-01
 271    272   1416    5.27836426e-01    5.27836426e-01     8.22558174e-06    2.8e+02     1.0e+00      4.081e-01
 272    273   1420    5.09585136e-01    5.09585136e-01     8.23995797e-06    9.2e+01     1.0e+00      4.081e-01
 273    274   1423    5.05781661e-01    5.05781661e-01     8.24396628e-06    4.5e+02     1.0e+00      4.081e-01
 274    275   1426    5.03817489e-01    5.03817489e-01     8.24334538e-06    8.3e+01     1.0e+00      4.081e-01
 275    276   1434    4.86771724e-01    4.86771724e-01     8.23109208e-06    9.7e+02     1.0e+00      4.081e-01
 276    277   1436    4.86048603e-01    4.86048603e-01     8.22904982e-06    2.8e+02     1.0e+00      4.081e-01
 277    278   1444    4.82236681e-01    4.82236681e-01     8.20531143e-06    6.0e+02     1.0e+00      4.081e-01
 278    279   1447    4.81535110e-01    4.81535110e-01     8.20820274e-06    3.4e+01     1.0e+00      4.081e-01
 279    280   1457    4.72481593e-01    4.72481593e-01     8.20784355e-06    1.1e+02     1.0e+00      4.081e-01
 280    281   1464    4.68825712e-01    4.68825712e-01     8.18430154e-06    1.6e+02     1.0e+00      4.081e-01
 281    282   1467    4.68689330e-01    4.68689330e-01     8.18512186e-06    8.2e+01     1.0e+00      4.081e-01
 282    283   1477    4.64135842e-01    4.64135842e-01     8.21564131e-06    3.4e+02     1.0e+00      4.081e-01
 283    284   1483    4.61295501e-01    4.61295501e-01     8.20739516e-06    1.0e+02     1.0e+00      4.081e-01
 284    285   1487    4.60902141e-01    4.60902141e-01     8.20581997e-06    3.2e+01     1.0e+00      4.081e-01
 285    286   1490    4.60769616e-01    4.60769616e-01     8.20543031e-06    3.5e+01     1.0e+00      4.081e-01
 286    287   1498    4.57784448e-01    4.57784448e-01     8.19201631e-06    1.7e+02     1.0e+00      4.081e-01
 287    288   1506    4.55238367e-01    4.55238367e-01     8.21125815e-06    9.2e+01     1.0e+00      4.081e-01
 288    289   1510    4.55072876e-01    4.55072876e-01     8.21081420e-06    9.1e+01     1.0e+00      4.081e-01
 289    290   1514    4.54969439e-01    4.54969439e-01     8.21063754e-06    8.1e+01     1.0e+00      4.081e-01
 290    291   1518    4.54880848e-01    4.54880848e-01     8.21013393e-06    8.5e+01     1.0e+00      4.081e-01
 291    292   1522    4.54800991e-01    4.54800991e-01     8.20999707e-06    7.9e+01     1.0e+00      4.081e-01
 292    293   1526    4.54726666e-01    4.54726666e-01     8.20964124e-06    8.6e+01     1.0e+00      4.081e-01
 293    294   1534    4.40662526e-01    4.40662526e-01     8.18435515e-06    1.1e+02     1.0e+00      4.080e-01
 294    295   1537    4.32462994e-01    4.32462994e-01     8.21175761e-06    6.1e+01     1.0e+00      4.080e-01
 295    296   1540    4.30563914e-01    4.30563914e-01     8.22063822e-06    2.5e+02     1.0e+00      4.080e-01
 296    297   1549    4.27077081e-01    4.27077081e-01     8.24492607e-06    5.5e+01     1.0e+00      4.080e-01
 297    298   1554    4.26276406e-01    4.26276406e-01     8.23680591e-06    5.2e+01     1.0e+00      4.080e-01
 298    299   1557    4.26108551e-01    4.26108551e-01     8.23798419e-06    1.1e+02     1.0e+00      4.080e-01
 299    300   1567    4.17813853e-01    4.17813853e-01     8.23231242e-06    9.6e+02     1.0e+00      4.080e-01
 300    301   1573    4.10458169e-01    4.10458169e-01     8.25716580e-06    6.9e+01     1.0e+00      4.080e-01
LMQNBC: termination 5
#######==============Beta= 100000000.000000, TempBeta = 1.000000 
  it     nf     cg           f             f_xrf             f_xtm            |g|        alpha        error
   0      1      0    1.38483025e+08    1.25021502e+08    1.34615229e-01    4.0e+08     1.0e+00      6.712e-01
   1      2      2    1.44697759e+07    1.24509210e+07     2.01885493e-02    1.2e+08     1.0e+00      6.125e-01
   2      3      5    2.10876992e+06    1.55434787e+06     5.54422046e-03    3.0e+07     1.0e+00      5.677e-01
   3      4      7    6.36305018e+05    4.14959625e+05     2.21345393e-03    5.9e+06     1.0e+00      5.603e-01
   4      5     10    2.68741485e+05    1.42091647e+05     1.26649838e-03    1.4e+06     1.0e+00      5.453e-01
   5      6     14    1.04125296e+05    4.38105477e+04     6.03147485e-04    1.6e+06     1.0e+00      5.138e-01
   6      7     20    1.15137123e+04    8.64681502e+03     2.86689727e-05    3.1e+05     1.0e+00      4.761e-01
   7      8     22    8.41226411e+03    5.78495960e+03     2.62730451e-05    1.8e+05     1.0e+00      4.751e-01
   8      9     30    1.59945546e+03    1.21293946e+03     3.86516002e-06    7.1e+04     1.0e+00      4.680e-01
   9     10     35    1.15439992e+03    7.31185721e+02     4.23214201e-06    3.0e+04     1.0e+00      4.660e-01
  10     11     38    1.10023082e+03    7.20571079e+02     3.79659738e-06    2.6e+04     1.0e+00      4.657e-01
  11     12     42    1.06094318e+03    6.94612618e+02     3.66330557e-06    4.7e+04     1.0e+00      4.655e-01
  12     13     46    1.03046596e+03    6.89962738e+02     3.40503225e-06    2.4e+04     1.0e+00      4.653e-01
  13     14     54    6.35040489e+02    5.06894827e+02     1.28145662e-06    1.1e+04     1.0e+00      4.592e-01
  14     15     58    5.86612009e+02    4.44936873e+02     1.41675136e-06    4.0e+04     1.0e+00      4.584e-01
  15     16     63    5.58774185e+02    4.18016550e+02     1.40757635e-06    1.0e+04     1.0e+00      4.577e-01
  16     17     68    5.40983428e+02    4.17379266e+02     1.23604162e-06    6.8e+03     1.0e+00      4.573e-01
  17     18     73    5.27666463e+02    3.92165193e+02     1.35501270e-06    7.6e+03     1.0e+00      4.568e-01
  18     19     77    5.16971502e+02    3.96781104e+02     1.20190398e-06    2.4e+04     1.0e+00      4.565e-01
  19     20     87    3.10459539e+02    2.10919285e+02     9.95402542e-07    2.9e+04     1.0e+00      4.434e-01
  20     21     94    2.35486722e+02    1.88904733e+02     4.65819890e-07    7.1e+03     1.0e+00      4.420e-01
  21     22    102    2.06878418e+02    1.51618163e+02     5.52602547e-07    3.1e+04     1.0e+00      4.404e-01
  22     23    105    2.01871267e+02    1.46644617e+02     5.52266499e-07    2.3e+04     1.0e+00      4.402e-01
  23     24    114    1.79618440e+02    1.37794024e+02     4.18244157e-07    2.4e+03     1.0e+00      4.385e-01
  24     25    119    1.66879987e+02    1.19800985e+02     4.70790026e-07    6.3e+03     1.0e+00      4.379e-01
  25     26    124    1.64096152e+02    1.18149455e+02     4.59466976e-07    5.0e+03     1.0e+00      4.378e-01
  26     27    127    1.63612111e+02    1.17901754e+02     4.57103570e-07    2.0e+03     1.0e+00      4.378e-01
  27     28    130    1.63290918e+02    1.17593203e+02     4.56977150e-07    4.3e+03     1.0e+00      4.377e-01
  28     29    140    1.26070383e+02    9.49496107e+01     3.11207724e-07    8.3e+03     1.0e+00      4.326e-01
  29     30    149    1.03914854e+02    6.75391787e+01     3.63756750e-07    4.1e+03     1.0e+00      4.323e-01
  30     31    157    9.90350097e+01    7.20487834e+01     2.69862263e-07    7.0e+03     1.0e+00      4.313e-01
  31     32    165    9.49024381e+01    6.14162391e+01     3.34861990e-07    4.5e+03     1.0e+00      4.310e-01
  32     33    173    9.16505112e+01    6.52712137e+01     2.63792974e-07    4.4e+03     1.0e+00      4.303e-01
  33     34    177    8.99476994e+01    6.30778919e+01     2.68698075e-07    9.1e+03     1.0e+00      4.302e-01
  34     35    181    8.95549566e+01    6.16217606e+01     2.79331960e-07    4.9e+03     1.0e+00      4.302e-01
  35     36    189    8.42431912e+01    5.14560054e+01     3.27871858e-07    5.7e+03     1.0e+00      4.286e-01
  36     37    193    8.06693622e+01    5.19853224e+01     2.86840399e-07    2.5e+03     1.0e+00      4.285e-01
  37     38    198    8.00625228e+01    5.26289309e+01     2.74335919e-07    6.1e+03     1.0e+00      4.285e-01
  38     39    203    7.96244839e+01    5.25351696e+01     2.70893143e-07    1.7e+03     1.0e+00      4.284e-01
  39     40    211    6.79450741e+01    4.85402402e+01     1.94048339e-07    2.0e+04     1.0e+00      4.238e-01
  40     41    214    6.52733950e+01    4.61338927e+01     1.91395022e-07    2.0e+04     1.0e+00      4.238e-01
  41     42    217    6.38005200e+01    4.40416973e+01     1.97588227e-07    4.6e+03     1.0e+00      4.238e-01
  42     43    221    6.29853560e+01    4.33108958e+01     1.96744603e-07    6.0e+03     1.0e+00      4.237e-01
  43     44    225    6.24782979e+01    4.21945090e+01     2.02837889e-07    3.3e+03     1.0e+00      4.237e-01
  44     45    233    6.14346957e+01    3.96299307e+01     2.18047649e-07    3.8e+03     1.0e+00      4.235e-01
  45     46    243    5.06525646e+01    3.06486332e+01     2.00039314e-07    1.5e+03     1.0e+00      4.140e-01
  46     47    246    4.80608091e+01    2.95743305e+01     1.84864785e-07    3.7e+03     1.0e+00      4.139e-01
  47     48    249    4.77681611e+01    2.95336182e+01     1.82345429e-07    5.7e+03     1.0e+00      4.139e-01
  48     49    257    4.68539238e+01    3.10311856e+01     1.58227382e-07    1.1e+03     1.0e+00      4.137e-01
  49     50    260    4.67724673e+01    3.08729424e+01     1.58995249e-07    3.1e+03     1.0e+00      4.137e-01
  50     51    263    4.67439389e+01    3.07880026e+01     1.59559363e-07    5.2e+02     1.0e+00      4.136e-01
  51     52    273    4.34876478e+01    2.75466116e+01     1.59410362e-07    3.7e+04     1.0e+00      4.089e-01
  52     53    275    4.23167075e+01    2.70773656e+01     1.52393419e-07    6.6e+03     1.0e+00      4.089e-01
  53     54    282    4.10223257e+01    2.68068868e+01     1.42154389e-07    9.4e+02     1.0e+00      4.086e-01
  54     55    286    4.08661077e+01    2.63654054e+01     1.45007023e-07    4.1e+02     1.0e+00      4.086e-01
  55     56    291    4.07994263e+01    2.67115128e+01     1.40879135e-07    9.3e+02     1.0e+00      4.085e-01
  56     57    299    3.88643582e+01    2.61258965e+01     1.27384617e-07    1.8e+03     1.0e+00      4.054e-01
  57     58    307    3.78806186e+01    2.55888791e+01     1.22917395e-07    3.4e+03     1.0e+00      4.052e-01
  58     59    315    3.74652876e+01    2.43897359e+01     1.30755518e-07    2.3e+03     1.0e+00      4.050e-01
  59     60    319    3.73204497e+01    2.47018359e+01     1.26186138e-07    6.8e+02     1.0e+00      4.050e-01
  60     61    322    3.72765450e+01    2.46419357e+01     1.26346093e-07    7.1e+02     1.0e+00      4.050e-01
  61     62    331    3.62665358e+01    2.45103046e+01     1.17562312e-07    4.1e+02     1.0e+00      4.037e-01
  62     63    334    3.60608135e+01    2.37151915e+01     1.23456220e-07    1.5e+03     1.0e+00      4.036e-01
  63     64    337    3.59994304e+01    2.37136954e+01     1.22857350e-07    7.2e+02     1.0e+00      4.036e-01
  64     65    347    3.52366291e+01    2.36596120e+01     1.15770171e-07    6.2e+03     1.0e+00      4.028e-01
  65     66    350    3.50621105e+01    2.32830070e+01     1.17791035e-07    4.3e+02     1.0e+00      4.028e-01
  66     67    354    3.50160341e+01    2.31795078e+01     1.18365262e-07    2.2e+03     1.0e+00      4.027e-01
  67     68    364    3.43947545e+01    2.27258030e+01     1.16689515e-07    8.9e+02     1.0e+00      4.018e-01
  68     69    372    3.40312084e+01    2.26929877e+01     1.13382207e-07    1.1e+03     1.0e+00      4.017e-01
  69     70    375    3.40151478e+01    2.26483776e+01     1.13667702e-07    4.5e+02     1.0e+00      4.017e-01
  70     71    378    3.40024520e+01    2.26338385e+01     1.13686135e-07    1.1e+03     1.0e+00      4.017e-01
  71     72    381    3.39920574e+01    2.26188566e+01     1.13732009e-07    7.7e+02     1.0e+00      4.017e-01
  72     73    389    3.33668128e+01    2.25691344e+01     1.07976783e-07    6.5e+03     1.0e+00      4.007e-01
  73     74    395    3.29257827e+01    2.18147625e+01     1.11110202e-07    7.1e+02     1.0e+00      4.006e-01
  74     75    403    3.26154980e+01    2.20014751e+01     1.06140229e-07    7.1e+02     1.0e+00      4.001e-01
  75     76    407    3.24608843e+01    2.18602379e+01     1.06006464e-07    6.8e+02     1.0e+00      4.001e-01
  76     77    417    3.03800627e+01    1.95000279e+01     1.08800348e-07    2.2e+04     1.0e+00      3.960e-01
  77     78    419    3.00038772e+01    1.94511763e+01     1.05527009e-07    1.3e+03     1.0e+00      3.960e-01
  78     79    423    2.92522257e+01    1.91126631e+01     1.01395625e-07    6.4e+02     1.0e+00      3.959e-01
  79     80    426    2.89402531e+01    1.92626633e+01     9.67758971e-08    1.2e+03     1.0e+00      3.959e-01
  80     81    434    2.85935712e+01    1.90146107e+01     9.57896050e-08    3.8e+03     1.0e+00      3.958e-01
  81     82    437    2.85312025e+01    1.90391738e+01     9.49202875e-08    2.7e+02     1.0e+00      3.958e-01
  82     83    446    2.81133298e+01    1.92752550e+01     8.83807476e-08    4.6e+02     1.0e+00      3.951e-01
  83     84    449    2.80296035e+01    1.91900858e+01     8.83951774e-08    4.6e+02     1.0e+00      3.950e-01
  84     85    458    2.76961786e+01    1.85924757e+01     9.10370296e-08    1.9e+02     1.0e+00      3.948e-01
  85     86    461    2.76430385e+01    1.85627361e+01     9.08030238e-08    1.7e+03     1.0e+00      3.947e-01
  86     87    464    2.76090698e+01    1.85456617e+01     9.06340812e-08    7.8e+02     1.0e+00      3.947e-01
  87     88    468    2.75994510e+01    1.85711457e+01     9.02830531e-08    3.0e+02     1.0e+00      3.947e-01
  88     89    472    2.75922556e+01    1.85642794e+01     9.02797628e-08    7.4e+02     1.0e+00      3.947e-01
  89     90    480    2.68352056e+01    1.92450986e+01     7.59010698e-08    8.8e+02     1.0e+00      3.931e-01
  90     91    484    2.64459072e+01    1.82815212e+01     8.16438599e-08    2.8e+03     1.0e+00      3.930e-01
  91     92    489    2.63189116e+01    1.81890415e+01     8.12987017e-08    9.9e+02     1.0e+00      3.930e-01
  92     93    497    2.61030007e+01    1.79031171e+01     8.19988367e-08    3.8e+03     1.0e+00      3.929e-01
  93     94    501    2.60454770e+01    1.77789138e+01     8.26656321e-08    3.1e+02     1.0e+00      3.929e-01
  94     95    510    2.54795749e+01    1.67284284e+01     8.75114648e-08    2.1e+03     1.0e+00      3.916e-01
  95     96    513    2.50697595e+01    1.67842967e+01     8.28546289e-08    1.7e+03     1.0e+00      3.916e-01
  96     97    516    2.49998472e+01    1.68996091e+01     8.10023807e-08    2.3e+03     1.0e+00      3.916e-01
  97     98    519    2.49776645e+01    1.68909485e+01     8.08671604e-08    1.6e+03     1.0e+00      3.916e-01
  98     99    523    2.49635656e+01    1.69357244e+01     8.02784121e-08    5.8e+02     1.0e+00      3.915e-01
  99    100    531    2.46133820e+01    1.72154903e+01     7.39789173e-08    2.3e+03     1.0e+00      3.908e-01
 100    101    534    2.44930004e+01    1.71337242e+01     7.35927620e-08    1.0e+03     1.0e+00      3.908e-01
 101    102    537    2.44380907e+01    1.69573851e+01     7.48070557e-08    1.7e+03     1.0e+00      3.908e-01
 102    103    546    2.41880005e+01    1.64147135e+01     7.77328699e-08    2.5e+02     1.0e+00      3.905e-01
 103    104    554    2.40079771e+01    1.65373281e+01     7.47064901e-08    7.9e+02     1.0e+00      3.903e-01
 104    105    558    2.39688621e+01    1.65620953e+01     7.40676674e-08    1.3e+03     1.0e+00      3.903e-01
 105    106    568    2.34413523e+01    1.51773037e+01     8.26404868e-08    1.0e+04     1.0e+00      3.892e-01
 106    107    571    2.31344224e+01    1.57056231e+01     7.42879929e-08    1.5e+03     1.0e+00      3.891e-01
 107    108    575    2.30499172e+01    1.55562500e+01     7.49366713e-08    6.9e+02     1.0e+00      3.891e-01
 108    109    579    2.30246755e+01    1.56194067e+01     7.40526873e-08    5.6e+02     1.0e+00      3.891e-01
 109    110    587    2.28690958e+01    1.62539632e+01     6.61513259e-08    3.0e+03     1.0e+00      3.888e-01
 110    111    590    2.28190668e+01    1.59676525e+01     6.85141427e-08    1.1e+03     1.0e+00      3.888e-01
 111    112    594    2.27975637e+01    1.59525221e+01     6.84504161e-08    3.5e+02     1.0e+00      3.888e-01
 112    113    599    2.27810490e+01    1.58800760e+01     6.90097298e-08    5.3e+02     1.0e+00      3.888e-01
 113    114    604    2.27658374e+01    1.58790489e+01     6.88678842e-08    3.4e+02     1.0e+00      3.888e-01
 114    115    609    2.27515140e+01    1.58205235e+01     6.93099051e-08    4.6e+02     1.0e+00      3.888e-01
 115    116    614    2.27377636e+01    1.58230431e+01     6.91472048e-08    3.3e+02     1.0e+00      3.887e-01
 116    117    619    2.27243864e+01    1.57747255e+01     6.94966092e-08    4.3e+02     1.0e+00      3.887e-01
 117    118    624    2.27112824e+01    1.57804252e+01     6.93085720e-08    3.3e+02     1.0e+00      3.887e-01
 118    119    629    2.26983565e+01    1.57386808e+01     6.95967575e-08    4.2e+02     1.0e+00      3.887e-01
 119    120    634    2.26855669e+01    1.57467994e+01     6.93876757e-08    3.3e+02     1.0e+00      3.887e-01
 120    121    639    2.26728689e+01    1.57093296e+01     6.96353930e-08    4.2e+02     1.0e+00      3.887e-01
 121    122    644    2.26602428e+01    1.57191617e+01     6.94108111e-08    3.2e+02     1.0e+00      3.886e-01
 122    123    649    2.26476689e+01    1.56845380e+01     6.96313087e-08    4.1e+02     1.0e+00      3.886e-01
 123    124    654    2.26351359e+01    1.56955370e+01     6.93959894e-08    3.2e+02     1.0e+00      3.886e-01
 124    125    659    2.26226339e+01    1.56628163e+01     6.95981758e-08    4.1e+02     1.0e+00      3.886e-01
 125    126    664    2.26101577e+01    1.56746202e+01     6.93553752e-08    3.2e+02     1.0e+00      3.886e-01
 126    127    669    2.25977037e+01    1.56432129e+01     6.95449080e-08    4.1e+02     1.0e+00      3.886e-01
 127    128    674    2.25852680e+01    1.56555502e+01     6.92971781e-08    3.2e+02     1.0e+00      3.885e-01
 128    129    679    2.25728492e+01    1.56250536e+01     6.94779560e-08    4.1e+02     1.0e+00      3.885e-01
 129    130    684    2.25604447e+01    1.56377497e+01     6.92269498e-08    3.2e+02     1.0e+00      3.885e-01
 130    131    689    2.25480543e+01    1.56078936e+01     6.94016070e-08    4.1e+02     1.0e+00      3.885e-01
 131    132    694    2.25356762e+01    1.56208301e+01     6.91484615e-08    3.2e+02     1.0e+00      3.885e-01
 132    133    699    2.25233110e+01    1.55914369e+01     6.93187409e-08    4.1e+02     1.0e+00      3.885e-01
 133    134    704    2.25109570e+01    1.56045283e+01     6.90642876e-08    3.2e+02     1.0e+00      3.884e-01
 134    135    709    2.24986150e+01    1.55754740e+01     6.92314103e-08    4.1e+02     1.0e+00      3.884e-01
 135    136    714    2.24862837e+01    1.55886642e+01     6.89761948e-08    3.2e+02     1.0e+00      3.884e-01
 136    137    719    2.24739637e+01    1.55598620e+01     6.91410175e-08    4.1e+02     1.0e+00      3.884e-01
 137    138    724    2.24616541e+01    1.55731141e+01     6.88853999e-08    3.2e+02     1.0e+00      3.884e-01
 138    139    729    2.24493558e+01    1.55445100e+01     6.90484583e-08    4.1e+02     1.0e+00      3.884e-01
 139    140    734    2.24370678e+01    1.55577927e+01     6.87927505e-08    3.2e+02     1.0e+00      3.884e-01
 140    141    739    2.24247904e+01    1.55293393e+01     6.89545110e-08    4.1e+02     1.0e+00      3.883e-01
 141    142    744    2.24125231e+01    1.55426399e+01     6.86988318e-08    3.2e+02     1.0e+00      3.883e-01
 142    143    749    2.24002665e+01    1.55143108e+01     6.88595566e-08    4.1e+02     1.0e+00      3.883e-01
 143    144    754    2.23880200e+01    1.55276142e+01     6.86040583e-08    3.2e+02     1.0e+00      3.883e-01
 144    145    761    7.39995894e+00    6.60614939e+00     7.93809548e-09    5.4e+02     1.0e+00      3.611e-01
 145    146    764    7.39398057e+00    6.59981267e+00     7.94167904e-09    4.8e+02     1.0e+00      3.611e-01
 146    147    767    7.39001512e+00    6.59973230e+00     7.90282820e-09    6.0e+02     1.0e+00      3.611e-01
 147    148    774    7.32966275e+00    6.52805733e+00     8.01605418e-09    4.3e+02     1.0e+00      3.610e-01
 148    149    777    7.32755193e+00    6.52607457e+00     8.01477366e-09    2.0e+02     1.0e+00      3.610e-01
 149    150    783    7.30704458e+00    6.47874169e+00     8.28302887e-09    3.8e+02     1.0e+00      3.609e-01
 150    151    786    7.29826491e+00    6.48369894e+00     8.14565971e-09    3.4e+02     1.0e+00      3.609e-01
 151    152    789    7.29604402e+00    6.48289819e+00     8.13145835e-09    1.6e+02     1.0e+00      3.609e-01
 152    153    797    7.25616896e+00    6.51311655e+00     7.43052410e-09    3.0e+02     1.0e+00      3.608e-01
 153    154    801    7.23513211e+00    6.46216467e+00     7.72967437e-09    8.1e+02     1.0e+00      3.608e-01
 154    155    806    7.22645145e+00    6.43531382e+00     7.91137624e-09    2.1e+02     1.0e+00      3.608e-01
 155    156    812    7.21986729e+00    6.43213432e+00     7.87732965e-09    1.4e+02     1.0e+00      3.607e-01
 156    157    821    7.12034296e+00    6.37118176e+00     7.49161204e-09    2.7e+02     1.0e+00      3.603e-01
 157    158    826    7.04141098e+00    6.32591539e+00     7.15495590e-09    5.8e+02     1.0e+00      3.603e-01
 158    159    830    7.03088362e+00    6.29495549e+00     7.35928124e-09    2.6e+02     1.0e+00      3.603e-01
 159    160    833    7.02971086e+00    6.29329252e+00     7.36418333e-09    9.2e+01     1.0e+00      3.603e-01
 160    161    836    7.02903918e+00    6.29115535e+00     7.37883838e-09    2.0e+02     1.0e+00      3.603e-01
 161    162    844    6.98991175e+00    6.15787622e+00     8.32035529e-09    1.8e+02     1.0e+00      3.601e-01
 162    163    847    6.98016863e+00    6.16770975e+00     8.12458878e-09    3.7e+02     1.0e+00      3.601e-01
 163    164    850    6.97582649e+00    6.17248010e+00     8.03346394e-09    2.7e+02     1.0e+00      3.601e-01
 164    165    853    6.97370708e+00    6.17518127e+00     7.98525806e-09    3.8e+02     1.0e+00      3.601e-01
 165    166    856    6.97188671e+00    6.17883842e+00     7.93048297e-09    2.6e+02     1.0e+00      3.601e-01
 166    167    859    6.97024863e+00    6.18094571e+00     7.89302926e-09    3.7e+02     1.0e+00      3.601e-01
 167    168    862    6.96878866e+00    6.18388337e+00     7.84905287e-09    3.0e+02     1.0e+00      3.601e-01
 168    169    870    6.92381305e+00    6.17983185e+00     7.43981202e-09    1.5e+02     1.0e+00      3.599e-01
 169    170    873    6.91388802e+00    6.18261350e+00     7.31274521e-09    8.9e+01     1.0e+00      3.599e-01
 170    171    876    6.90751518e+00    6.17772374e+00     7.29791444e-09    1.0e+02     1.0e+00      3.599e-01
 171    172    879    6.90371914e+00    6.17923558e+00     7.24483568e-09    4.1e+02     1.0e+00      3.599e-01
 172    173    882    6.90257727e+00    6.17825977e+00     7.24317498e-09    2.8e+02     1.0e+00      3.599e-01
 173    174    890    6.87194423e+00    6.13890294e+00     7.33041286e-09    1.0e+02     1.0e+00      3.598e-01
 174    175    897    6.84604312e+00    6.09106644e+00     7.54976680e-09    1.6e+02     1.0e+00      3.598e-01
 175    176    907    6.73771158e+00    5.91881747e+00     8.18894102e-09    1.7e+03     1.0e+00      3.592e-01
 176    177    910    6.68351168e+00    5.92599037e+00     7.57521305e-09    1.5e+03     1.0e+00      3.592e-01
 177    178    914    6.66488154e+00    5.92378336e+00     7.41098180e-09    7.3e+02     1.0e+00      3.592e-01
 178    179    917    6.65534953e+00    5.92835121e+00     7.26998321e-09    3.7e+02     1.0e+00      3.592e-01
 179    180    922    6.64606670e+00    5.93276754e+00     7.13299165e-09    9.3e+02     1.0e+00      3.592e-01
 180    181    925    6.64290384e+00    5.93353094e+00     7.09372899e-09    3.6e+02     1.0e+00      3.592e-01
 181    182    928    6.64136370e+00    5.93273058e+00     7.08633119e-09    5.3e+02     1.0e+00      3.592e-01
 182    183    931    6.64029792e+00    5.93410396e+00     7.06193966e-09    2.9e+02     1.0e+00      3.592e-01
 183    184    939    6.60650157e+00    5.95716498e+00     6.49336587e-09    1.3e+02     1.0e+00      3.591e-01
 184    185    943    6.59119111e+00    5.93198926e+00     6.59201857e-09    2.0e+02     1.0e+00      3.590e-01
 185    186    948    6.58330251e+00    5.91606359e+00     6.67238921e-09    5.5e+01     1.0e+00      3.590e-01
 186    187    953    6.57756901e+00    5.90624060e+00     6.71328408e-09    1.6e+02     1.0e+00      3.590e-01
 187    188    958    6.57297048e+00    5.89738163e+00     6.75588854e-09    7.1e+01     1.0e+00      3.590e-01
 188    189    963    6.56972729e+00    5.89587478e+00     6.73852514e-09    2.7e+02     1.0e+00      3.590e-01
 189    190    968    6.56682300e+00    5.89060764e+00     6.76215361e-09    1.2e+02     1.0e+00      3.590e-01
 190    191    973    6.56494749e+00    5.88848677e+00     6.76460723e-09    2.1e+02     1.0e+00      3.590e-01
 191    192    978    6.56310464e+00    5.88642955e+00     6.76675092e-09    9.7e+01     1.0e+00      3.590e-01
 192    193    983    6.56128862e+00    5.88480252e+00     6.76486099e-09    1.9e+02     1.0e+00      3.590e-01
 193    194    988    6.55948435e+00    5.88284932e+00     6.76635028e-09    8.5e+01     1.0e+00      3.590e-01
 194    195    993    6.55768781e+00    5.88126258e+00     6.76425230e-09    1.8e+02     1.0e+00      3.590e-01
 195    196    998    6.55589643e+00    5.87943894e+00     6.76457486e-09    8.9e+01     1.0e+00      3.590e-01
 196    197   1003    6.55410836e+00    5.87791507e+00     6.76193292e-09    1.8e+02     1.0e+00      3.590e-01
 197    198   1008    6.55232310e+00    5.87615795e+00     6.76165146e-09    9.1e+01     1.0e+00      3.589e-01
 198    199   1013    6.55053975e+00    5.87468665e+00     6.75853096e-09    1.8e+02     1.0e+00      3.589e-01
 199    200   1018    6.54875830e+00    5.87296851e+00     6.75789793e-09    9.2e+01     1.0e+00      3.589e-01
 200    201   1023    6.54697825e+00    5.87153945e+00     6.75438803e-09    1.8e+02     1.0e+00      3.589e-01
 201    202   1028    6.54519976e+00    5.86984581e+00     6.75353948e-09    9.2e+01     1.0e+00      3.589e-01
 202    203   1033    6.54342243e+00    5.86844908e+00     6.74973349e-09    1.8e+02     1.0e+00      3.589e-01
 203    204   1038    6.54164649e+00    5.86677172e+00     6.74874767e-09    9.3e+01     1.0e+00      3.589e-01
 204    205   1043    6.53987158e+00    5.86539930e+00     6.74472284e-09    1.8e+02     1.0e+00      3.589e-01
 205    206   1048    6.53809800e+00    5.86373324e+00     6.74364763e-09    9.3e+01     1.0e+00      3.589e-01
 206    207   1053    6.53632543e+00    5.86237884e+00     6.73946584e-09    1.8e+02     1.0e+00      3.589e-01
 207    208   1058    6.53455411e+00    5.86072068e+00     6.73833432e-09    9.3e+01     1.0e+00      3.589e-01
 208    209   1063    6.53278376e+00    5.85938008e+00     6.73403681e-09    1.9e+02     1.0e+00      3.589e-01
 209    210   1068    6.53101463e+00    5.85772746e+00     6.73287172e-09    9.2e+01     1.0e+00      3.589e-01
 210    211   1073    6.52924642e+00    5.85639760e+00     6.72848820e-09    1.9e+02     1.0e+00      3.589e-01
 211    212   1078    6.52747944e+00    5.85474926e+00     6.72730179e-09    9.2e+01     1.0e+00      3.589e-01
 212    213   1083    6.52571333e+00    5.85342769e+00     6.72285639e-09    1.9e+02     1.0e+00      3.589e-01
 213    214   1088    6.52394842e+00    5.85178226e+00     6.72166160e-09    9.2e+01     1.0e+00      3.589e-01
 214    215   1093    6.52218445e+00    5.85046735e+00     6.71717093e-09    1.9e+02     1.0e+00      3.589e-01
 215    216   1098    6.52042170e+00    5.84882467e+00     6.71597023e-09    9.2e+01     1.0e+00      3.589e-01
 216    217   1103    6.51865986e+00    5.84751505e+00     6.71144813e-09    1.9e+02     1.0e+00      3.588e-01
 217    218   1108    6.51689925e+00    5.84587461e+00     6.71024641e-09    9.2e+01     1.0e+00      3.588e-01
 218    219   1113    6.51513949e+00    5.84456950e+00     6.70569987e-09    1.9e+02     1.0e+00      3.588e-01
 219    220   1118    6.51338092e+00    5.84293036e+00     6.70450560e-09    9.2e+01     1.0e+00      3.588e-01
 220    221   1123    6.51162318e+00    5.84162957e+00     6.69993605e-09    1.9e+02     1.0e+00      3.588e-01
 221    222   1128    6.50986663e+00    5.83999157e+00     6.69875056e-09    9.2e+01     1.0e+00      3.588e-01
 222    223   1133    6.50811095e+00    5.83869450e+00     6.69416443e-09    1.9e+02     1.0e+00      3.588e-01
 223    224   1138    6.50635646e+00    5.83705769e+00     6.69298766e-09    9.2e+01     1.0e+00      3.588e-01
 224    225   1143    6.50460278e+00    5.83576405e+00     6.68838729e-09    1.9e+02     1.0e+00      3.588e-01
 225    226   1148    6.50285024e+00    5.83412764e+00     6.68722600e-09    9.2e+01     1.0e+00      3.588e-01
 226    227   1153    6.50109855e+00    5.83283755e+00     6.68260994e-09    1.9e+02     1.0e+00      3.588e-01
 227    228   1158    6.49934803e+00    5.83120202e+00     6.68146018e-09    9.2e+01     1.0e+00      3.588e-01
 228    229   1163    6.49759830e+00    5.82991505e+00     6.67683252e-09    1.9e+02     1.0e+00      3.588e-01
 229    230   1168    6.49584975e+00    5.82828017e+00     6.67569575e-09    9.2e+01     1.0e+00      3.588e-01
 230    231   1173    6.49410200e+00    5.82699613e+00     6.67105879e-09    1.9e+02     1.0e+00      3.588e-01
 231    232   1178    6.49235545e+00    5.82536205e+00     6.66993404e-09    9.2e+01     1.0e+00      3.588e-01
 232    233   1183    6.49060969e+00    5.82408081e+00     6.66528879e-09    2.0e+02     1.0e+00      3.588e-01
 233    234   1188    6.48886508e+00    5.82244711e+00     6.66417964e-09    9.2e+01     1.0e+00      3.588e-01
 234    235   1193    6.48712121e+00    5.82116897e+00     6.65952243e-09    2.0e+02     1.0e+00      3.588e-01
 235    236   1198    6.48537853e+00    5.81953586e+00     6.65842676e-09    9.2e+01     1.0e+00      3.587e-01
 236    237   1203    6.48363658e+00    5.81826049e+00     6.65376088e-09    2.0e+02     1.0e+00      3.587e-01
 237    238   1208    6.48189581e+00    5.81662792e+00     6.65267895e-09    9.1e+01     1.0e+00      3.587e-01
 238    239   1213    6.48015579e+00    5.81535523e+00     6.64800566e-09    2.0e+02     1.0e+00      3.587e-01
 239    240   1218    6.47841694e+00    5.81372309e+00     6.64693849e-09    9.1e+01     1.0e+00      3.587e-01
 240    241   1223    6.47667883e+00    5.81245323e+00     6.64225596e-09    2.0e+02     1.0e+00      3.587e-01
 241    242   1228    6.47494184e+00    5.81082117e+00     6.64120672e-09    9.1e+01     1.0e+00      3.587e-01
 242    243   1233    6.47320559e+00    5.80955437e+00     6.63651225e-09    2.0e+02     1.0e+00      3.587e-01
 243    244   1238    6.47147053e+00    5.80792303e+00     6.63547502e-09    9.1e+01     1.0e+00      3.587e-01
 244    245   1243    6.46973619e+00    5.80665876e+00     6.63077431e-09    2.0e+02     1.0e+00      3.587e-01
 245    246   1248    6.46800299e+00    5.80502765e+00     6.62975342e-09    9.1e+01     1.0e+00      3.587e-01
 246    247   1253    6.46627046e+00    5.80376632e+00     6.62504138e-09    2.0e+02     1.0e+00      3.587e-01
 247    248   1258    6.46453906e+00    5.80213518e+00     6.62403885e-09    9.1e+01     1.0e+00      3.587e-01
 248    249   1263    6.46280837e+00    5.80087682e+00     6.61931550e-09    2.0e+02     1.0e+00      3.587e-01
 249    250   1268    6.46107885e+00    5.79924626e+00     6.61832587e-09    9.1e+01     1.0e+00      3.587e-01
 250    251   1273    6.45935000e+00    5.79799050e+00     6.61359499e-09    2.0e+02     1.0e+00      3.587e-01
 251    252   1278    6.45762228e+00    5.79636008e+00     6.61262199e-09    9.1e+01     1.0e+00      3.587e-01
 252    253   1283    6.45589522e+00    5.79510719e+00     6.60788035e-09    2.1e+02     1.0e+00      3.587e-01
 253    254   1288    6.45416928e+00    5.79347664e+00     6.60692638e-09    9.1e+01     1.0e+00      3.587e-01
 254    255   1293    6.45244397e+00    5.79222681e+00     6.60217157e-09    2.1e+02     1.0e+00      3.586e-01
 255    256   1298    6.45071978e+00    5.79059617e+00     6.60123610e-09    9.1e+01     1.0e+00      3.586e-01
 256    257   1303    6.44899631e+00    5.78934925e+00     6.59647057e-09    2.1e+02     1.0e+00      3.586e-01
 257    258   1308    6.44727395e+00    5.78771877e+00     6.59555183e-09    9.1e+01     1.0e+00      3.586e-01
 258    259   1313    6.44555224e+00    5.78647483e+00     6.59077406e-09    2.1e+02     1.0e+00      3.586e-01
 259    260   1318    6.44383166e+00    5.78484460e+00     6.58987059e-09    9.1e+01     1.0e+00      3.586e-01
 260    261   1323    6.44211171e+00    5.78360337e+00     6.58508343e-09    2.1e+02     1.0e+00      3.586e-01
 261    262   1328    6.44039285e+00    5.78197286e+00     6.58419983e-09    9.1e+01     1.0e+00      3.586e-01
 262    263   1333    6.43867462e+00    5.78073474e+00     6.57939878e-09    2.1e+02     1.0e+00      3.586e-01
 263    264   1338    6.43695757e+00    5.77910494e+00     6.57852630e-09    9.1e+01     1.0e+00      3.586e-01
 264    265   1343    6.43524113e+00    5.77786912e+00     6.57372003e-09    2.1e+02     1.0e+00      3.586e-01
 265    266   1348    6.43352585e+00    5.77623980e+00     6.57286055e-09    9.0e+01     1.0e+00      3.586e-01
 266    267   1353    6.43181109e+00    5.77500656e+00     6.56804524e-09    2.1e+02     1.0e+00      3.586e-01
 267    268   1358    6.43009741e+00    5.77337676e+00     6.56720653e-09    9.0e+01     1.0e+00      3.586e-01
 268    269   1363    6.42838429e+00    5.77214658e+00     6.56237709e-09    2.1e+02     1.0e+00      3.586e-01
 269    270   1368    6.42667236e+00    5.77051746e+00     6.56154898e-09    9.0e+01     1.0e+00      3.586e-01
 270    271   1373    6.42496099e+00    5.76928950e+00     6.55671489e-09    2.2e+02     1.0e+00      3.586e-01
 271    272   1378    6.42325076e+00    5.76766070e+00     6.55590059e-09    9.0e+01     1.0e+00      3.586e-01
 272    273   1383    6.42154102e+00    5.76643528e+00     6.55105741e-09    2.2e+02     1.0e+00      3.586e-01
 273    274   1388    6.41983240e+00    5.76480625e+00     6.55026147e-09    9.0e+01     1.0e+00      3.585e-01
 274    275   1393    6.41812422e+00    5.76358375e+00     6.54540474e-09    2.2e+02     1.0e+00      3.585e-01
 275    276   1398    6.41641713e+00    5.76195418e+00     6.54462947e-09    9.0e+01     1.0e+00      3.585e-01
 276    277   1403    6.41471056e+00    5.76073467e+00     6.53975897e-09    2.2e+02     1.0e+00      3.585e-01
 277    278   1408    6.41300516e+00    5.75910556e+00     6.53899595e-09    9.0e+01     1.0e+00      3.585e-01
 278    279   1413    6.41130013e+00    5.75788851e+00     6.53411618e-09    2.2e+02     1.0e+00      3.585e-01
 279    280   1418    6.40959621e+00    5.75625895e+00     6.53337261e-09    9.0e+01     1.0e+00      3.585e-01
 280    281   1423    6.40789276e+00    5.75504471e+00     6.52848051e-09    2.2e+02     1.0e+00      3.585e-01
 281    282   1428    6.40619040e+00    5.75341490e+00     6.52775494e-09    9.0e+01     1.0e+00      3.585e-01
 282    283   1433    6.40448846e+00    5.75220352e+00     6.52284943e-09    2.2e+02     1.0e+00      3.585e-01
 283    284   1438    6.40278761e+00    5.75057319e+00     6.52214413e-09    9.0e+01     1.0e+00      3.585e-01
 284    285   1443    6.40108712e+00    5.74936485e+00     6.51722272e-09    2.2e+02     1.0e+00      3.585e-01
 285    286   1448    6.39938775e+00    5.74773423e+00     6.51653518e-09    9.0e+01     1.0e+00      3.585e-01
 286    287   1453    6.39768871e+00    5.74652865e+00     6.51160056e-09    2.3e+02     1.0e+00      3.585e-01
 287    288   1458    6.39599079e+00    5.74489778e+00     6.51093016e-09    9.0e+01     1.0e+00      3.585e-01
 288    289   1463    6.39429326e+00    5.74369480e+00     6.50598467e-09    2.3e+02     1.0e+00      3.585e-01
 289    290   1468    6.39259684e+00    5.74206372e+00     6.50533118e-09    9.0e+01     1.0e+00      3.585e-01
 290    291   1473    6.39090068e+00    5.74086351e+00     6.50037168e-09    2.3e+02     1.0e+00      3.585e-01
 291    292   1478    6.38920567e+00    5.73923234e+00     6.49973336e-09    9.0e+01     1.0e+00      3.585e-01
 292    293   1483    6.38751091e+00    5.73803456e+00     6.49476359e-09    2.3e+02     1.0e+00      3.584e-01
 293    294   1488    6.38581726e+00    5.73640281e+00     6.49414447e-09    9.0e+01     1.0e+00      3.584e-01
 294    295   1493    6.38412385e+00    5.73520781e+00     6.48916039e-09    2.3e+02     1.0e+00      3.584e-01
 295    296   1498    6.38243155e+00    5.73357569e+00     6.48855867e-09    9.0e+01     1.0e+00      3.584e-01
 296    297   1503    6.38073947e+00    5.73238333e+00     6.48356141e-09    2.3e+02     1.0e+00      3.584e-01
 297    298   1508    6.37904849e+00    5.73075063e+00     6.48297859e-09    8.9e+01     1.0e+00      3.584e-01
 298    299   1513    6.37735768e+00    5.72956103e+00     6.47796642e-09    2.4e+02     1.0e+00      3.584e-01
 299    300   1518    6.37566797e+00    5.72792772e+00     6.47740251e-09    8.9e+01     1.0e+00      3.584e-01
 300    301   1523    6.37397836e+00    5.72674087e+00     6.47237486e-09    2.4e+02     1.0e+00      3.584e-01
LMQNBC: termination 5
#######==============Beta= 1.000000, TempBeta = 0.000000 
  it     nf     cg           f             f_xrf             f_xtm            |g|        alpha        error
   0      1      0    1.34615229e-01    1.25021502e+08    1.34615229e-01    2.8e-01     1.0e+00      6.712e-01
   1      2      2    1.00064441e-02    1.05161370e+07     1.00064441e-02    8.4e-02     1.0e+00      5.937e-01
   2      3      4    2.22224147e-03    5.76261024e+06     2.22224147e-03    2.9e-02     1.0e+00      5.747e-01
   3      4      8    1.40736011e-03    2.69454433e+06     1.40736011e-03    2.8e-02     1.0e+00      5.442e-01
   4      5     11    1.22338875e-04    1.81408366e+06     1.22338875e-04    2.7e-03     1.0e+00      5.074e-01
   5      6     16    1.64362950e-06    9.11280968e+05     1.64362950e-06    9.2e-04     1.0e+00      4.890e-01
   6      7     18    7.21494604e-07    9.35536790e+05     7.21494604e-07    2.4e-04     1.0e+00      4.890e-01
   7      8     24    7.25254753e-10    9.38760636e+05     7.25254753e-10    1.4e-06     1.0e+00      4.887e-01
   8      9     27    3.17146103e-11    9.38804657e+05     3.17146103e-11    4.1e-06     1.0e+00      4.887e-01
   9     10     30    3.41007426e-12    9.38757299e+05     3.41007426e-12    3.6e-07     1.0e+00      4.887e-01
  10     11     34    7.82835037e-13    9.38801440e+05     7.82835037e-13    6.8e-08     1.0e+00      4.887e-01
  11     12     37    2.25970968e-13    9.38812432e+05     2.25970968e-13    1.3e-07     1.0e+00      4.887e-01
  12     13     41    6.57753708e-14    9.38810717e+05     6.57753708e-14    2.4e-08     1.0e+00      4.887e-01
  13     14     44    2.13602889e-14    9.38813010e+05     2.13602889e-14    1.6e-08     1.0e+00      4.887e-01
  14     15     48    6.34316635e-15    9.38813277e+05     6.34316635e-15    2.7e-08     1.0e+00      4.887e-01
  15     16     51    2.03596134e-15    9.38814722e+05     2.03596134e-15    8.0e-09     1.0e+00      4.887e-01
LMQNBC: termination 5
>> >> >> >> >> >> >> >> >> >> >> >> >> >> >> >> >> >> >> >> >> 
