
                            < M A T L A B (R) >
                  Copyright 1984-2013 The MathWorks, Inc.
                    R2013a (8.1.0.604) 64-bit (glnxa64)
                             February 15, 2013

 
To get started, type one of these: helpwin, helpdesk, or demo.
For product information, visit www.mathworks.com.
 
>> >> >> >> >> >> >> >> X-ray simulation startup file...
====== Fluorescence Detector Resolution is 500
====== Angle Number  1 of 12: 0
====== Angle Number  2 of 12: 1.636364e+01
====== Angle Number  3 of 12: 3.272727e+01
====== Angle Number  4 of 12: 4.909091e+01
====== Angle Number  5 of 12: 6.545455e+01
====== Angle Number  6 of 12: 8.181818e+01
====== Angle Number  7 of 12: 9.818182e+01
====== Angle Number  8 of 12: 1.145455e+02
====== Angle Number  9 of 12: 1.309091e+02
====== Angle Number  10 of 12: 1.472727e+02
====== Angle Number  11 of 12: 1.636364e+02
====== Angle Number  12 of 12: 180
>> >> >> >> >> >> >> >> >> >> >> >> >> ====== With Self Absorption, Transmission Detector Resolution is 9
>> >> >> >> >> >> >> >> >> >> >> >> >> >> >> >> >> >> >> >> >> >> >> >> >> >> #######==============Beta= 0.000000, TempBeta = 1.000000 
  it     nf     cg           f             f_xrf             f_xtm            |g|        alpha        error
   0      1      0    2.11128946e+07    2.11128946e+07    6.41390730e-03    8.0e+06     1.0e+00      6.712e+00
   1      2      2    1.41745741e+06    1.41745741e+06     6.24523331e-03    1.6e+06     1.0e+00      6.232e+00
   2      3      4    7.17847978e+05    7.17847978e+05     5.84690086e-03    2.0e+05     1.0e+00      6.057e+00
   3      5      9    3.79094479e+05    3.79094479e+05     4.64240841e-03    1.6e+05     2.9e-01      5.652e+00
   4      6     14    3.65167482e+05    3.65167482e+05     2.57700563e-03    1.2e+06     1.0e+00      5.118e+00
   5      7     16    1.35621829e+05    1.35621829e+05     2.59841243e-03    4.1e+05     1.0e+00      5.105e+00
   6      8     18    7.79688852e+04    7.79688852e+04     2.60892282e-03    1.6e+05     1.0e+00      5.090e+00
   7      9     21    5.02027369e+04    5.02027369e+04     2.58748307e-03    5.2e+04     1.0e+00      5.059e+00
   8     10     31    3.28245887e+04    3.28245887e+04     1.52972267e-03    1.1e+05     1.0e+00      4.626e+00
   9     11     35    2.06267891e+04    2.06267891e+04     1.52365969e-03    1.9e+04     1.0e+00      4.610e+00
  10     12     41    1.42715731e+04    1.42715731e+04     1.43865329e-03    2.5e+04     1.0e+00      4.549e+00
  11     13     51    7.11860755e+03    7.11860755e+03     5.80586338e-04    1.9e+04     1.0e+00      4.062e+00
  12     14     55    5.61010652e+03    5.61010652e+03     5.81529477e-04    1.6e+04     1.0e+00      4.050e+00
  13     15     65    3.24976104e+03    3.24976104e+03     4.81933798e-04    8.6e+03     1.0e+00      3.923e+00
  14     16     75    2.08273359e+03    2.08273359e+03     3.26618894e-04    8.2e+03     1.0e+00      3.762e+00
  15     17     79    1.84273418e+03    1.84273418e+03     3.24245400e-04    6.2e+03     1.0e+00      3.758e+00
  16     18     89    1.42146164e+03    1.42146164e+03     2.32952870e-04    4.4e+03     1.0e+00      3.652e+00
  17     19     96    1.24064084e+03    1.24064084e+03     2.27689370e-04    2.0e+03     1.0e+00      3.646e+00
  18     20    106    1.04776783e+03    1.04776783e+03     1.80077495e-04    2.7e+03     1.0e+00      3.574e+00
  19     21    116    9.29203831e+02    9.29203831e+02     1.67966674e-04    1.4e+03     1.0e+00      3.554e+00
  20     22    126    8.39650962e+02    8.39650962e+02     1.41150440e-04    2.3e+03     1.0e+00      3.511e+00
  21     23    136    7.61719847e+02    7.61719847e+02     1.30141156e-04    2.3e+03     1.0e+00      3.490e+00
  22     24    139    7.52485586e+02    7.52485586e+02     1.29766934e-04    1.4e+03     1.0e+00      3.489e+00
  23     25    149    4.93566474e+02    4.93566474e+02     4.24537574e-05    4.5e+03     1.0e+00      3.321e+00
  24     26    152    3.74562139e+02    3.74562139e+02     4.26631105e-05    1.5e+03     1.0e+00      3.320e+00
  25     27    162    3.43487787e+02    3.43487787e+02     3.85109769e-05    1.2e+03     1.0e+00      3.305e+00
  26     28    167    3.36293561e+02    3.36293561e+02     3.81620753e-05    7.6e+02     1.0e+00      3.304e+00
  27     29    177    3.04507208e+02    3.04507208e+02     2.90130727e-05    1.1e+03     1.0e+00      3.273e+00
  28     30    179    2.96722507e+02    2.96722507e+02     2.87911547e-05    8.2e+02     1.0e+00      3.273e+00
  29     31    185    2.82526342e+02    2.82526342e+02     2.78168516e-05    3.6e+02     1.0e+00      3.268e+00
  30     32    189    2.80524684e+02    2.80524684e+02     2.76859771e-05    3.0e+02     1.0e+00      3.268e+00
  31     33    199    1.72561054e+02    1.72561054e+02     3.03701791e-06    2.3e+03     1.0e+00      3.109e+00
  32     34    207    1.57450317e+02    1.57450317e+02     3.00681028e-06    3.1e+02     1.0e+00      3.106e+00
  33     35    217    1.53338409e+02    1.53338409e+02     3.01408712e-06    2.5e+02     1.0e+00      3.100e+00
  34     36    219    1.52754686e+02    1.52754686e+02     3.01127193e-06    2.0e+02     1.0e+00      3.099e+00
  35     37    229    1.49888997e+02    1.49888997e+02     2.86734367e-06    4.9e+02     1.0e+00      3.089e+00
  36     38    233    1.48737366e+02    1.48737366e+02     2.87038207e-06    1.8e+02     1.0e+00      3.088e+00
  37     39    243    1.46587456e+02    1.46587456e+02     2.76097215e-06    2.7e+02     1.0e+00      3.079e+00
  38     40    245    1.46229660e+02    1.46229660e+02     2.75545310e-06    2.7e+02     1.0e+00      3.079e+00
  39     41    251    1.45217126e+02    1.45217126e+02     2.71962117e-06    2.5e+02     1.0e+00      3.077e+00
  40     42    255    1.44924340e+02    1.44924340e+02     2.71362988e-06    1.9e+02     1.0e+00      3.077e+00
  41     43    265    1.32161907e+02    1.32161907e+02     1.63837886e-06    3.1e+03     1.0e+00      2.992e+00
  42     44    267    1.28737107e+02    1.28737107e+02     1.63946004e-06    5.3e+02     1.0e+00      2.992e+00
  43     45    273    1.22829610e+02    1.22829610e+02     1.64832847e-06    5.5e+02     1.0e+00      2.991e+00
  44     46    277    1.21622997e+02    1.21622997e+02     1.64449508e-06    4.0e+02     1.0e+00      2.991e+00
  45     47    285    1.19266793e+02    1.19266793e+02     1.63361849e-06    1.6e+02     1.0e+00      2.987e+00
  46     48    295    1.15855814e+02    1.15855814e+02     1.49687522e-06    3.8e+02     1.0e+00      2.967e+00
  47     49    297    1.15151430e+02    1.15151430e+02     1.50063836e-06    2.2e+02     1.0e+00      2.967e+00
  48     50    307    1.12604896e+02    1.12604896e+02     1.49786782e-06    1.3e+02     1.0e+00      2.963e+00
  49     51    311    1.12370578e+02    1.12370578e+02     1.49877768e-06    2.7e+02     1.0e+00      2.962e+00
  50     52    321    1.09475829e+02    1.09475829e+02     1.41079661e-06    2.5e+02     1.0e+00      2.945e+00
  51     53    330    1.06964103e+02    1.06964103e+02     1.40657082e-06    2.2e+02     1.0e+00      2.943e+00
  52     54    340    1.05322533e+02    1.05322533e+02     1.37702355e-06    3.3e+02     1.0e+00      2.934e+00
  53     55    345    1.04471066e+02    1.04471066e+02     1.36929473e-06    2.2e+02     1.0e+00      2.933e+00
  54     56    355    1.01689417e+02    1.01689417e+02     1.27945791e-06    3.1e+02     1.0e+00      2.918e+00
  55     57    357    1.00744573e+02    1.00744573e+02     1.28403023e-06    2.9e+02     1.0e+00      2.917e+00
  56     58    366    9.90300113e+01    9.90300113e+01     1.28065264e-06    1.3e+02     1.0e+00      2.914e+00
  57     59    376    9.75000307e+01    9.75000307e+01     1.24020165e-06    3.9e+02     1.0e+00      2.906e+00
  58     60    381    9.66317696e+01    9.66317696e+01     1.24523798e-06    1.5e+02     1.0e+00      2.906e+00
  59     61    391    9.47435517e+01    9.47435517e+01     1.20711701e-06    2.1e+02     1.0e+00      2.895e+00
  60     62    398    9.32145420e+01    9.32145420e+01     1.19282051e-06    2.0e+02     1.0e+00      2.893e+00
  61     63    408    8.88986703e+01    8.88986703e+01     1.06951125e-06    3.3e+02     1.0e+00      2.864e+00
  62     64    416    8.52548199e+01    8.52548199e+01     1.07255796e-06    2.6e+02     1.0e+00      2.864e+00
  63     65    426    8.39812126e+01    8.39812126e+01     1.05673933e-06    1.4e+02     1.0e+00      2.858e+00
  64     66    436    8.28851833e+01    8.28851833e+01     1.04301063e-06    1.1e+02     1.0e+00      2.855e+00
  65     67    446    8.18965664e+01    8.18965664e+01     1.02582999e-06    2.3e+02     1.0e+00      2.851e+00
  66     68    451    8.14250581e+01    8.14250581e+01     1.02468362e-06    2.3e+02     1.0e+00      2.850e+00
  67     69    455    8.12644793e+01    8.12644793e+01     1.02217387e-06    1.7e+02     1.0e+00      2.850e+00
  68     70    465    7.30593189e+01    7.30593189e+01     8.16188471e-07    6.6e+02     1.0e+00      2.794e+00
  69     71    469    6.78397202e+01    6.78397202e+01     8.13482744e-07    6.5e+02     1.0e+00      2.793e+00
  70     72    475    6.62830980e+01    6.62830980e+01     8.10729691e-07    2.6e+02     1.0e+00      2.793e+00
  71     73    481    6.57924085e+01    6.57924085e+01     8.09543483e-07    2.3e+02     1.0e+00      2.792e+00
  72     74    491    6.43494082e+01    6.43494082e+01     7.91036723e-07    1.8e+02     1.0e+00      2.784e+00
  73     75    493    6.40084712e+01    6.40084712e+01     7.89657886e-07    1.6e+02     1.0e+00      2.784e+00
  74     76    500    6.32166445e+01    6.32166445e+01     7.80786665e-07    1.7e+02     1.0e+00      2.783e+00
  75     77    510    6.22242396e+01    6.22242396e+01     7.59705063e-07    2.6e+02     1.0e+00      2.777e+00
  76     78    514    6.17065452e+01    6.17065452e+01     7.59507364e-07    2.3e+02     1.0e+00      2.777e+00
  77     79    524    6.09351372e+01    6.09351372e+01     7.50021900e-07    1.1e+02     1.0e+00      2.774e+00
  78     80    529    6.05086316e+01    6.05086316e+01     7.46326555e-07    1.9e+02     1.0e+00      2.773e+00
  79     81    539    4.63469983e+01    4.63469983e+01     4.41104468e-07    3.7e+02     1.0e+00      2.678e+00
  80     82    546    3.66708303e+01    3.66708303e+01     4.37509605e-07    3.5e+02     1.0e+00      2.678e+00
  81     83    556    3.52757849e+01    3.52757849e+01     4.38026473e-07    9.8e+01     1.0e+00      2.677e+00
  82     84    566    3.48314280e+01    3.48314280e+01     4.30505271e-07    9.6e+01     1.0e+00      2.675e+00
  83     85    576    3.44065824e+01    3.44065824e+01     4.27806555e-07    1.1e+02     1.0e+00      2.673e+00
  84     86    586    3.39932850e+01    3.39932850e+01     4.20390918e-07    9.8e+01     1.0e+00      2.672e+00
  85     87    588    3.39180412e+01    3.39180412e+01     4.20443595e-07    1.4e+02     1.0e+00      2.671e+00
  86     88    595    3.36478071e+01    3.36478071e+01     4.18648995e-07    9.1e+01     1.0e+00      2.671e+00
  87     89    605    3.22156536e+01    3.22156536e+01     3.85218094e-07    3.9e+02     1.0e+00      2.661e+00
  88     90    607    3.14647502e+01    3.14647502e+01     3.85426986e-07    1.9e+02     1.0e+00      2.660e+00
  89     91    613    3.09862623e+01    3.09862623e+01     3.86578043e-07    2.0e+02     1.0e+00      2.660e+00
  90     92    618    3.08999715e+01    3.08999715e+01     3.85767662e-07    9.2e+01     1.0e+00      2.660e+00
  91     93    628    2.89868917e+01    2.89868917e+01     3.45727435e-07    2.9e+02     1.0e+00      2.645e+00
  92     94    635    2.73257957e+01    2.73257957e+01     3.42953521e-07    1.4e+02     1.0e+00      2.645e+00
  93     95    645    2.66651176e+01    2.66651176e+01     3.28699792e-07    1.5e+02     1.0e+00      2.641e+00
  94     96    649    2.62566649e+01    2.62566649e+01     3.28329720e-07    1.1e+02     1.0e+00      2.641e+00
  95     97    659    2.59470031e+01    2.59470031e+01     3.25755908e-07    9.7e+01     1.0e+00      2.639e+00
  96     98    662    2.58864595e+01    2.58864595e+01     3.25200025e-07    1.0e+02     1.0e+00      2.639e+00
  97     99    669    2.56922499e+01    2.56922499e+01     3.22035331e-07    5.0e+01     1.0e+00      2.639e+00
  98    100    679    2.51405248e+01    2.51405248e+01     3.12423475e-07    2.3e+02     1.0e+00      2.635e+00
  99    101    681    2.48981587e+01    2.48981587e+01     3.12374711e-07    1.5e+02     1.0e+00      2.635e+00
 100    102    691    2.45643062e+01    2.45643062e+01     3.08193403e-07    1.0e+02     1.0e+00      2.634e+00
 101    103    701    2.42350107e+01    2.42350107e+01     3.04545660e-07    1.2e+02     1.0e+00      2.632e+00
 102    104    709    2.39807812e+01    2.39807812e+01     3.01463097e-07    7.0e+01     1.0e+00      2.632e+00
 103    105    719    2.34969103e+01    2.34969103e+01     2.93049191e-07    1.5e+02     1.0e+00      2.628e+00
 104    106    721    2.33131506e+01    2.33131506e+01     2.92911674e-07    2.6e+02     1.0e+00      2.628e+00
 105    107    728    2.30507630e+01    2.30507630e+01     2.90325301e-07    7.3e+01     1.0e+00      2.628e+00
 106    108    738    2.22736139e+01    2.22736139e+01     2.75128673e-07    1.6e+02     1.0e+00      2.622e+00
 107    109    740    2.20010649e+01    2.20010649e+01     2.74160489e-07    2.3e+02     1.0e+00      2.622e+00
 108    110    743    2.18383556e+01    2.18383556e+01     2.74192883e-07    1.2e+02     1.0e+00      2.622e+00
 109    111    750    2.15369352e+01    2.15369352e+01     2.72036189e-07    3.6e+01     1.0e+00      2.621e+00
 110    112    760    1.73631674e+01    1.73631674e+01     1.89289548e-07    2.7e+02     1.0e+00      2.589e+00
 111    113    766    1.44568888e+01    1.44568888e+01     1.80288236e-07    3.0e+02     1.0e+00      2.590e+00
 112    114    771    1.41967587e+01    1.41967587e+01     1.80000707e-07    1.3e+02     1.0e+00      2.589e+00
 113    115    781    1.39617483e+01    1.39617483e+01     1.75658318e-07    1.3e+02     1.0e+00      2.588e+00
 114    116    784    1.38861739e+01    1.38861739e+01     1.75511897e-07    1.1e+02     1.0e+00      2.588e+00
 115    117    794    1.36589512e+01    1.36589512e+01     1.72265591e-07    1.0e+02     1.0e+00      2.587e+00
 116    118    796    1.35973347e+01    1.35973347e+01     1.72439432e-07    1.7e+02     1.0e+00      2.587e+00
 117    119    801    1.35099539e+01    1.35099539e+01     1.71115983e-07    9.8e+01     1.0e+00      2.587e+00
 118    120    811    1.31512350e+01    1.31512350e+01     1.62203701e-07    1.3e+02     1.0e+00      2.584e+00
 119    121    813    1.29941877e+01    1.29941877e+01     1.62470690e-07    2.1e+02     1.0e+00      2.584e+00
 120    122    816    1.29234301e+01    1.29234301e+01     1.62275666e-07    7.2e+01     1.0e+00      2.584e+00
 121    123    823    1.28097081e+01    1.28097081e+01     1.62363699e-07    3.9e+01     1.0e+00      2.583e+00
 122    124    833    1.21402263e+01    1.21402263e+01     1.41109736e-07    1.7e+02     1.0e+00      2.577e+00
 123    125    836    1.17606782e+01    1.17606782e+01     1.42517947e-07    2.4e+02     1.0e+00      2.577e+00
 124    126    843    1.14652827e+01    1.14652827e+01     1.44158278e-07    3.0e+01     1.0e+00      2.577e+00
 125    127    853    1.10126761e+01    1.10126761e+01     1.31556171e-07    1.9e+02     1.0e+00      2.573e+00
 126    128    855    1.07845087e+01    1.07845087e+01     1.31926161e-07    2.5e+02     1.0e+00      2.572e+00
 127    129    860    1.06499082e+01    1.06499082e+01     1.32442254e-07    5.5e+01     1.0e+00      2.572e+00
 128    130    870    1.04861747e+01    1.04861747e+01     1.30545114e-07    3.2e+01     1.0e+00      2.571e+00
 129    131    880    1.03396826e+01    1.03396826e+01     1.27517148e-07    1.6e+02     1.0e+00      2.571e+00
 130    132    882    1.03204317e+01    1.03204317e+01     1.27489101e-07    1.0e+02     1.0e+00      2.571e+00
 131    133    892    1.01831504e+01    1.01831504e+01     1.26481339e-07    2.0e+02     1.0e+00      2.570e+00
 132    134    899    1.00957560e+01    1.00957560e+01     1.25157284e-07    6.2e+01     1.0e+00      2.569e+00
 133    135    904    1.00737571e+01    1.00737571e+01     1.24948250e-07    6.8e+01     1.0e+00      2.569e+00
 134    136    914    8.94317507e+00    8.94317507e+00     9.73277522e-08    2.6e+02     1.0e+00      2.559e+00
 135    137    917    8.56111308e+00    8.56111308e+00     9.77869914e-08    2.2e+02     1.0e+00      2.559e+00
 136    138    921    8.43167505e+00    8.43167505e+00     9.78603266e-08    1.7e+02     1.0e+00      2.559e+00
 137    139    929    7.96273962e+00    7.96273962e+00     9.64293329e-08    4.5e+01     1.0e+00      2.558e+00
 138    140    939    7.83683014e+00    7.83683014e+00     9.49645449e-08    7.6e+01     1.0e+00      2.557e+00
 139    141    945    7.73840622e+00    7.73840622e+00     9.33331305e-08    5.1e+01     1.0e+00      2.557e+00
 140    142    955    7.43878774e+00    7.43878774e+00     8.80262701e-08    1.0e+02     1.0e+00      2.554e+00
 141    143    957    7.34872963e+00    7.34872963e+00     8.76076086e-08    7.8e+01     1.0e+00      2.554e+00
 142    144    963    7.20648195e+00    7.20648195e+00     8.65148412e-08    9.2e+01     1.0e+00      2.554e+00
 143    145    973    7.11637986e+00    7.11637986e+00     8.48861073e-08    5.1e+01     1.0e+00      2.553e+00
 144    146    975    7.10304822e+00    7.10304822e+00     8.49410385e-08    3.9e+01     1.0e+00      2.553e+00
 145    147    985    7.00246244e+00    7.00246244e+00     8.29273548e-08    5.4e+01     1.0e+00      2.552e+00
 146    148    989    6.95267865e+00    6.95267865e+00     8.29228728e-08    2.6e+01     1.0e+00      2.552e+00
 147    149    999    6.87501315e+00    6.87501315e+00     8.20560268e-08    4.4e+01     1.0e+00      2.552e+00
 148    150   1001    6.85787890e+00    6.85787890e+00     8.19542820e-08    8.1e+01     1.0e+00      2.552e+00
 149    151   1011    6.76446806e+00    6.76446806e+00     7.97865817e-08    1.1e+02     1.0e+00      2.551e+00
 150    152   1017    6.71881953e+00    6.71881953e+00     7.98012210e-08    3.0e+01     1.0e+00      2.551e+00
 151    153   1027    6.62180788e+00    6.62180788e+00     7.89376070e-08    3.0e+01     1.0e+00      2.550e+00
 152    154   1033    6.55847678e+00    6.55847678e+00     7.77937458e-08    4.3e+01     1.0e+00      2.550e+00
 153    155   1043    6.48055091e+00    6.48055091e+00     7.68432808e-08    4.6e+01     1.0e+00      2.549e+00
 154    156   1045    6.46284198e+00    6.46284198e+00     7.67454071e-08    6.1e+01     1.0e+00      2.549e+00
 155    157   1052    6.41931921e+00    6.41931921e+00     7.59135168e-08    2.7e+01     1.0e+00      2.549e+00
 156    158   1062    6.33575895e+00    6.33575895e+00     7.46986159e-08    1.2e+02     1.0e+00      2.549e+00
 157    159   1065    6.29857796e+00    6.29857796e+00     7.47051877e-08    6.2e+01     1.0e+00      2.549e+00
 158    160   1072    6.25954437e+00    6.25954437e+00     7.39345280e-08    3.6e+01     1.0e+00      2.548e+00
 159    161   1082    6.18661771e+00    6.18661771e+00     7.27450447e-08    6.0e+01     1.0e+00      2.548e+00
 160    162   1087    6.13674364e+00    6.13674364e+00     7.24130019e-08    4.5e+01     1.0e+00      2.548e+00
 161    163   1097    6.05473160e+00    6.05473160e+00     7.00856045e-08    4.2e+01     1.0e+00      2.547e+00
 162    164   1102    5.99495654e+00    5.99495654e+00     7.04521480e-08    3.2e+01     1.0e+00      2.547e+00
 163    165   1112    5.87556558e+00    5.87556558e+00     6.83587764e-08    6.7e+01     1.0e+00      2.546e+00
 164    166   1115    5.80946771e+00    5.80946771e+00     6.79628023e-08    8.2e+01     1.0e+00      2.546e+00
 165    167   1119    5.78895475e+00    5.78895475e+00     6.78020689e-08    7.0e+01     1.0e+00      2.545e+00
 166    168   1129    5.70272919e+00    5.70272919e+00     6.60966050e-08    8.0e+01     1.0e+00      2.545e+00
 167    169   1131    5.68383531e+00    5.68383531e+00     6.60980264e-08    5.3e+01     1.0e+00      2.545e+00
 168    170   1140    5.62458585e+00    5.62458585e+00     6.57150109e-08    4.2e+01     1.0e+00      2.544e+00
 169    171   1146    5.59797855e+00    5.59797855e+00     6.51890114e-08    2.8e+01     1.0e+00      2.544e+00
 170    172   1156    5.52276438e+00    5.52276438e+00     6.43933606e-08    4.7e+01     1.0e+00      2.544e+00
 171    173   1158    5.49872648e+00    5.49872648e+00     6.41729036e-08    5.3e+01     1.0e+00      2.544e+00
 172    174   1165    5.45637332e+00    5.45637332e+00     6.34375241e-08    2.6e+01     1.0e+00      2.544e+00
 173    175   1175    5.35298944e+00    5.35298944e+00     6.13096475e-08    7.4e+01     1.0e+00      2.542e+00
 174    176   1178    5.29067547e+00    5.29067547e+00     6.13228701e-08    1.1e+02     1.0e+00      2.542e+00
 175    177   1188    5.24307730e+00    5.24307730e+00     6.03731600e-08    1.9e+01     1.0e+00      2.542e+00
 176    178   1198    4.88684730e+00    4.88684730e+00     5.34493610e-08    4.3e+02     1.0e+00      2.538e+00
 177    179   1201    4.65881290e+00    4.65881290e+00     5.31721439e-08    4.9e+01     1.0e+00      2.538e+00
 178    180   1207    4.58169097e+00    4.58169097e+00     5.19014145e-08    3.4e+01     1.0e+00      2.538e+00
 179    181   1213    4.56765963e+00    4.56765963e+00     5.19129697e-08    2.6e+01     1.0e+00      2.538e+00
 180    182   1223    4.40418573e+00    4.40418573e+00     4.85270014e-08    1.1e+02     1.0e+00      2.536e+00
 181    183   1226    4.30202029e+00    4.30202029e+00     4.81689824e-08    5.4e+01     1.0e+00      2.536e+00
 182    184   1235    4.25254459e+00    4.25254459e+00     4.76646605e-08    5.1e+01     1.0e+00      2.536e+00
 183    185   1245    4.18796231e+00    4.18796231e+00     4.68417295e-08    5.0e+01     1.0e+00      2.535e+00
 184    186   1247    4.16617412e+00    4.16617412e+00     4.66391466e-08    4.5e+01     1.0e+00      2.535e+00
 185    187   1254    4.13648160e+00    4.13648160e+00     4.59588113e-08    2.8e+01     1.0e+00      2.535e+00
 186    188   1264    4.09193108e+00    4.09193108e+00     4.54966754e-08    8.8e+01     1.0e+00      2.534e+00
 187    189   1267    4.07586479e+00    4.07586479e+00     4.54822368e-08    2.6e+01     1.0e+00      2.534e+00
 188    190   1274    4.05615219e+00    4.05615219e+00     4.50743081e-08    3.7e+01     1.0e+00      2.534e+00
 189    191   1284    4.01140200e+00    4.01140200e+00     4.44348336e-08    4.7e+01     1.0e+00      2.534e+00
 190    192   1286    3.98880835e+00    3.98880835e+00     4.43106421e-08    8.4e+01     1.0e+00      2.534e+00
 191    193   1296    3.94851890e+00    3.94851890e+00     4.33666653e-08    5.1e+01     1.0e+00      2.533e+00
 192    194   1304    3.91945829e+00    3.91945829e+00     4.34177368e-08    2.1e+01     1.0e+00      2.533e+00
 193    195   1314    3.87468599e+00    3.87468599e+00     4.20636539e-08    6.4e+01     1.0e+00      2.533e+00
 194    196   1317    3.85493976e+00    3.85493976e+00     4.22213308e-08    4.8e+01     1.0e+00      2.533e+00
 195    197   1325    3.83282577e+00    3.83282577e+00     4.23272883e-08    2.5e+01     1.0e+00      2.533e+00
 196    198   1335    3.75611728e+00    3.75611728e+00     4.02820175e-08    9.6e+01     1.0e+00      2.532e+00
 197    199   1337    3.70775295e+00    3.70775295e+00     4.03693920e-08    8.3e+01     1.0e+00      2.531e+00
 198    200   1347    3.67141258e+00    3.67141258e+00     4.04551371e-08    3.9e+01     1.0e+00      2.531e+00
 199    201   1352    3.65929949e+00    3.65929949e+00     4.00939053e-08    2.1e+01     1.0e+00      2.531e+00
 200    202   1362    3.58167596e+00    3.58167596e+00     3.78594662e-08    7.0e+01     1.0e+00      2.530e+00
 201    203   1365    3.53544471e+00    3.53544471e+00     3.79621837e-08    3.8e+01     1.0e+00      2.530e+00
 202    204   1375    3.50372898e+00    3.50372898e+00     3.82488333e-08    1.0e+01     1.0e+00      2.530e+00
 203    205   1385    3.47826968e+00    3.47826968e+00     3.73225991e-08    2.8e+01     1.0e+00      2.530e+00
 204    206   1395    3.45333279e+00    3.45333279e+00     3.75919677e-08    1.2e+01     1.0e+00      2.530e+00
 205    207   1405    3.42895536e+00    3.42895536e+00     3.67415977e-08    3.2e+01     1.0e+00      2.529e+00
 206    208   1415    3.40484556e+00    3.40484556e+00     3.69801127e-08    1.8e+01     1.0e+00      2.529e+00
 207    209   1425    3.34573300e+00    3.34573300e+00     3.52116173e-08    1.8e+02     1.0e+00      2.528e+00
 208    210   1427    3.31443729e+00    3.31443729e+00     3.52274755e-08    2.3e+01     1.0e+00      2.528e+00
 209    211   1432    3.29820077e+00    3.29820077e+00     3.53986879e-08    5.0e+01     1.0e+00      2.528e+00
 210    212   1437    3.29226910e+00    3.29226910e+00     3.53957041e-08    2.9e+01     1.0e+00      2.528e+00
 211    213   1447    3.09400658e+00    3.09400658e+00     3.21558090e-08    1.0e+02     1.0e+00      2.525e+00
 212    214   1453    2.93388638e+00    2.93388638e+00     3.09259709e-08    5.4e+01     1.0e+00      2.525e+00
 213    215   1457    2.92198213e+00    2.92198213e+00     3.09289377e-08    5.9e+01     1.0e+00      2.525e+00
 214    216   1467    2.89666593e+00    2.89666593e+00     3.00752635e-08    4.8e+01     1.0e+00      2.525e+00
 215    217   1469    2.89112590e+00    2.89112590e+00     3.00980382e-08    1.6e+01     1.0e+00      2.525e+00
 216    218   1473    2.87931451e+00    2.87931451e+00     3.03094045e-08    1.5e+01     1.0e+00      2.525e+00
 217    219   1477    2.87579418e+00    2.87579418e+00     3.02571835e-08    2.5e+01     1.0e+00      2.525e+00
 218    220   1487    2.74540441e+00    2.74540441e+00     2.82891902e-08    7.5e+01     1.0e+00      2.522e+00
 219    221   1491    2.65645566e+00    2.65645566e+00     2.77145555e-08    5.6e+01     1.0e+00      2.522e+00
 220    222   1494    2.64133524e+00    2.64133524e+00     2.75604891e-08    3.5e+01     1.0e+00      2.522e+00
 221    223   1504    2.62030157e+00    2.62030157e+00     2.70790311e-08    1.5e+01     1.0e+00      2.522e+00
 222    224   1506    2.61817217e+00    2.61817217e+00     2.71283057e-08    1.8e+01     1.0e+00      2.522e+00
 223    225   1516    2.60189470e+00    2.60189470e+00     2.71644541e-08    2.3e+01     1.0e+00      2.522e+00
 224    226   1526    2.58636312e+00    2.58636312e+00     2.67621095e-08    1.7e+01     1.0e+00      2.522e+00
 225    227   1536    2.57300828e+00    2.57300828e+00     2.67873276e-08    2.0e+01     1.0e+00      2.522e+00
 226    228   1545    2.56056409e+00    2.56056409e+00     2.64634275e-08    1.9e+01     1.0e+00      2.522e+00
 227    229   1555    2.53758455e+00    2.53758455e+00     2.62069125e-08    5.9e+01     1.0e+00      2.521e+00
 228    230   1557    2.52665780e+00    2.52665780e+00     2.62554203e-08    2.1e+01     1.0e+00      2.521e+00
 229    231   1567    2.51412296e+00    2.51412296e+00     2.59162736e-08    1.0e+01     1.0e+00      2.521e+00
 230    232   1577    2.50192786e+00    2.50192786e+00     2.59598774e-08    1.8e+01     1.0e+00      2.521e+00
 231    233   1587    2.48993385e+00    2.48993385e+00     2.56312857e-08    1.0e+01     1.0e+00      2.521e+00
 232    234   1597    2.47808261e+00    2.47808261e+00     2.56890768e-08    1.7e+01     1.0e+00      2.521e+00
 233    235   1607    2.46637236e+00    2.46637236e+00     2.53652445e-08    9.5e+00     1.0e+00      2.521e+00
 234    236   1617    2.45479144e+00    2.45479144e+00     2.54212752e-08    1.6e+01     1.0e+00      2.520e+00
 235    237   1619    2.45256314e+00    2.45256314e+00     2.53880917e-08    1.8e+01     1.0e+00      2.520e+00
 236    238   1626    2.44501927e+00    2.44501927e+00     2.51635597e-08    1.8e+01     1.0e+00      2.520e+00
 237    239   1636    2.41892397e+00    2.41892397e+00     2.49595374e-08    3.6e+01     1.0e+00      2.520e+00
 238    240   1640    2.39829320e+00    2.39829320e+00     2.46946013e-08    3.8e+01     1.0e+00      2.520e+00
 239    241   1650    2.37622573e+00    2.37622573e+00     2.40357468e-08    3.5e+01     1.0e+00      2.519e+00
 240    242   1654    2.35883514e+00    2.35883514e+00     2.42285509e-08    2.6e+01     1.0e+00      2.519e+00
 241    243   1664    1.94459172e+00    1.94459172e+00     1.68037193e-08    1.9e+02     1.0e+00      2.510e+00
 242    244   1666    1.75637256e+00    1.75637256e+00     1.69671703e-08    1.4e+02     1.0e+00      2.510e+00
 243    245   1672    1.70602183e+00    1.70602183e+00     1.73496513e-08    3.6e+01     1.0e+00      2.510e+00
 244    246   1675    1.70210524e+00    1.70210524e+00     1.73257467e-08    2.0e+01     1.0e+00      2.510e+00
 245    247   1685    1.69742794e+00    1.69742794e+00     1.73969687e-08    1.5e+01     1.0e+00      2.510e+00
 246    248   1689    1.69538396e+00    1.69538396e+00     1.73428265e-08    7.3e+00     1.0e+00      2.510e+00
 247    249   1693    1.69471964e+00    1.69471964e+00     1.73300565e-08    1.1e+01     1.0e+00      2.510e+00
 248    250   1703    1.68591779e+00    1.68591779e+00     1.70625584e-08    3.0e+01     1.0e+00      2.510e+00
 249    251   1705    1.68397043e+00    1.68397043e+00     1.70733242e-08    2.1e+01     1.0e+00      2.510e+00
 250    252   1711    1.67776105e+00    1.67776105e+00     1.71951043e-08    6.2e+00     1.0e+00      2.510e+00
 251    253   1721    1.63907791e+00    1.63907791e+00     1.63645206e-08    2.4e+01     1.0e+00      2.508e+00
 252    254   1723    1.62107875e+00    1.62107875e+00     1.64686545e-08    6.9e+01     1.0e+00      2.508e+00
 253    255   1726    1.61351257e+00    1.61351257e+00     1.64864296e-08    2.0e+01     1.0e+00      2.508e+00
 254    256   1732    1.60373090e+00    1.60373090e+00     1.66460280e-08    1.2e+01     1.0e+00      2.508e+00
 255    257   1742    1.59271693e+00    1.59271693e+00     1.65246090e-08    1.5e+01     1.0e+00      2.507e+00
 256    258   1744    1.58961160e+00    1.58961160e+00     1.65177626e-08    4.1e+01     1.0e+00      2.507e+00
 257    259   1752    1.58317347e+00    1.58317347e+00     1.65373757e-08    1.5e+01     1.0e+00      2.507e+00
 258    260   1760    1.58104997e+00    1.58104997e+00     1.64744258e-08    5.2e+00     1.0e+00      2.507e+00
 259    261   1770    1.57512390e+00    1.57512390e+00     1.65216832e-08    1.3e+01     1.0e+00      2.507e+00
 260    262   1773    1.57120488e+00    1.57120488e+00     1.64156004e-08    2.7e+01     1.0e+00      2.507e+00
 261    263   1783    1.56792692e+00    1.56792692e+00     1.63776660e-08    9.9e+00     1.0e+00      2.507e+00
 262    264   1785    1.56700179e+00    1.56700179e+00     1.63745864e-08    6.0e+00     1.0e+00      2.507e+00
 263    265   1795    1.56410491e+00    1.56410491e+00     1.64138353e-08    7.9e+00     1.0e+00      2.507e+00
 264    266   1805    1.56136660e+00    1.56136660e+00     1.63226953e-08    6.3e+00     1.0e+00      2.507e+00
 265    267   1815    1.55865163e+00    1.55865163e+00     1.63748930e-08    8.0e+00     1.0e+00      2.507e+00
 266    268   1825    1.55597730e+00    1.55597730e+00     1.62901820e-08    6.2e+00     1.0e+00      2.507e+00
 267    269   1835    1.55330803e+00    1.55330803e+00     1.63408835e-08    8.4e+00     1.0e+00      2.507e+00
 268    270   1845    1.55066362e+00    1.55066362e+00     1.62533441e-08    6.0e+00     1.0e+00      2.506e+00
 269    271   1855    1.54801320e+00    1.54801320e+00     1.63055019e-08    1.2e+01     1.0e+00      2.506e+00
 270    272   1865    1.54538297e+00    1.54538297e+00     1.62175801e-08    5.8e+00     1.0e+00      2.506e+00
 271    273   1875    1.54277390e+00    1.54277390e+00     1.62706276e-08    8.2e+00     1.0e+00      2.506e+00
 272    274   1885    1.54018604e+00    1.54018604e+00     1.61827156e-08    5.8e+00     1.0e+00      2.506e+00
 273    275   1895    1.53760158e+00    1.53760158e+00     1.62360041e-08    8.0e+00     1.0e+00      2.506e+00
 274    276   1905    1.53504059e+00    1.53504059e+00     1.61484688e-08    5.7e+00     1.0e+00      2.506e+00
 275    277   1915    1.53247541e+00    1.53247541e+00     1.62017887e-08    8.4e+00     1.0e+00      2.506e+00
 276    278   1925    1.52993410e+00    1.52993410e+00     1.61146654e-08    5.5e+00     1.0e+00      2.506e+00
 277    279   1935    1.52738797e+00    1.52738797e+00     1.61677333e-08    9.0e+00     1.0e+00      2.506e+00
 278    280   1945    1.52486447e+00    1.52486447e+00     1.60812760e-08    5.3e+00     1.0e+00      2.506e+00
 279    281   1955    1.52233762e+00    1.52233762e+00     1.61340626e-08    9.6e+00     1.0e+00      2.506e+00
 280    282   1965    1.51983230e+00    1.51983230e+00     1.60482615e-08    5.2e+00     1.0e+00      2.506e+00
 281    283   1975    1.51732070e+00    1.51732070e+00     1.61005552e-08    1.0e+01     1.0e+00      2.505e+00
 282    284   1985    1.51482984e+00    1.51482984e+00     1.60156014e-08    5.1e+00     1.0e+00      2.505e+00
 283    285   1995    1.51232999e+00    1.51232999e+00     1.60674045e-08    1.1e+01     1.0e+00      2.505e+00
 284    286   2005    1.50984971e+00    1.50984971e+00     1.59831384e-08    5.0e+00     1.0e+00      2.505e+00
 285    287   2015    1.50735406e+00    1.50735406e+00     1.60341998e-08    1.2e+01     1.0e+00      2.505e+00
 286    288   2025    1.50487623e+00    1.50487623e+00     1.59508911e-08    4.9e+00     1.0e+00      2.505e+00
 287    289   2035    1.50237059e+00    1.50237059e+00     1.60011431e-08    1.4e+01     1.0e+00      2.505e+00
 288    290   2045    1.49987996e+00    1.49987996e+00     1.59184647e-08    4.9e+00     1.0e+00      2.505e+00
 289    291   2055    1.49733979e+00    1.49733979e+00     1.59673357e-08    1.8e+01     1.0e+00      2.505e+00
 290    292   2065    1.49480996e+00    1.49480996e+00     1.58857668e-08    4.8e+00     1.0e+00      2.505e+00
 291    293   2075    1.49224296e+00    1.49224296e+00     1.59335744e-08    2.4e+01     1.0e+00      2.505e+00
 292    294   2085    1.48967671e+00    1.48967671e+00     1.58524453e-08    5.0e+00     1.0e+00      2.505e+00
 293    295   2095    1.48714530e+00    1.48714530e+00     1.58994113e-08    2.2e+01     1.0e+00      2.505e+00
 294    296   2104    1.48482791e+00    1.48482791e+00     1.58239108e-08    5.5e+00     1.0e+00      2.504e+00
 295    297   2114    1.48001050e+00    1.48001050e+00     1.58537874e-08    2.4e+01     1.0e+00      2.504e+00
 296    298   2116    1.47703113e+00    1.47703113e+00     1.58320606e-08    1.3e+01     1.0e+00      2.504e+00
 297    299   2126    1.47475154e+00    1.47475154e+00     1.57573338e-08    9.6e+00     1.0e+00      2.504e+00
 298    300   2136    1.47255164e+00    1.47255164e+00     1.58014411e-08    7.2e+00     1.0e+00      2.504e+00
 299    301   2138    1.47220027e+00    1.47220027e+00     1.57918929e-08    5.8e+00     1.0e+00      2.504e+00
 300    302   2148    1.46889837e+00    1.46889837e+00     1.57187423e-08    1.5e+01     1.0e+00      2.504e+00
LMQNBC: termination 5
#######==============Beta= 100000000.000000, TempBeta = 1.000000 
  it     nf     cg           f             f_xrf             f_xtm            |g|        alpha        error
   0      1      0    2.17542854e+07    2.11128946e+07    6.41390730e-03    8.0e+06     1.0e+00      6.712e+00
   1      2      2    1.99560861e+06    1.39202631e+06     6.03582302e-03    1.6e+06     1.0e+00      6.171e+00
   2      3      7    3.65492984e+05    2.30422763e+05     1.35070220e-03    5.5e+05     1.0e+00      4.494e+00
   3      4      9    1.88338616e+05    5.92769333e+04     1.29061683e-03    6.0e+04     1.0e+00      4.438e+00
   4      5     15    9.99867189e+04    8.53582350e+04     1.46284839e-04    2.4e+05     1.0e+00      3.716e+00
   5      6     17    3.95327402e+04    2.46175922e+04     1.49151480e-04    6.5e+04     1.0e+00      3.705e+00
   6      7     21    2.30174251e+04    9.24356762e+03     1.37738574e-04    3.3e+04     1.0e+00      3.676e+00
   7      8     31    2.67599212e+03    1.87149694e+03     8.04495176e-06    7.5e+03     1.0e+00      3.475e+00
   8      9     37    1.74916709e+03    1.02259841e+03     7.26568681e-06    4.4e+03     1.0e+00      3.468e+00
   9     10     47    8.25056752e+02    6.08734302e+02     2.16322450e-06    2.5e+03     1.0e+00      3.411e+00
  10     11     49    7.87460736e+02    5.77815412e+02     2.09645325e-06    3.0e+03     1.0e+00      3.410e+00
  11     12     59    6.06903078e+02    4.88996982e+02     1.17906097e-06    1.4e+03     1.0e+00      3.380e+00
  12     13     69    5.27980597e+02    4.41925572e+02     8.60550248e-07    8.6e+02     1.0e+00      3.364e+00
  13     14     79    4.79816434e+02    4.17073300e+02     6.27431342e-07    1.2e+03     1.0e+00      3.342e+00
  14     15     89    4.41984091e+02    3.84247965e+02     5.77361262e-07    1.2e+03     1.0e+00      3.329e+00
  15     16     99    4.10421543e+02    3.65140221e+02     4.52813219e-07    1.2e+03     1.0e+00      3.310e+00
  16     17    109    3.72549110e+02    3.32770367e+02     3.97787432e-07    3.5e+03     1.0e+00      3.287e+00
  17     18    114    3.57678178e+02    3.18341949e+02     3.93362287e-07    4.4e+02     1.0e+00      3.285e+00
  18     19    124    3.26547993e+02    2.98648336e+02     2.78996567e-07    1.2e+03     1.0e+00      3.250e+00
  19     20    131    3.04438728e+02    2.75254588e+02     2.91841399e-07    6.6e+02     1.0e+00      3.248e+00
  20     21    141    2.69250172e+02    2.48930516e+02     2.03196558e-07    8.5e+02     1.0e+00      3.200e+00
  21     22    147    2.48377903e+02    2.28087700e+02     2.02902023e-07    1.1e+03     1.0e+00      3.197e+00
  22     23    152    2.45802678e+02    2.25635041e+02     2.01676364e-07    5.7e+02     1.0e+00      3.196e+00
  23     24    162    2.30605999e+02    2.12838843e+02     1.77671561e-07    6.0e+02     1.0e+00      3.166e+00
  24     25    171    2.18586213e+02    2.02170048e+02     1.64161649e-07    5.0e+02     1.0e+00      3.162e+00
  25     26    181    2.05740045e+02    1.91843527e+02     1.38965177e-07    1.5e+03     1.0e+00      3.128e+00
  26     27    186    1.98250812e+02    1.84799940e+02     1.34508722e-07    4.8e+02     1.0e+00      3.127e+00
  27     28    196    1.93674888e+02    1.80713810e+02     1.29610775e-07    6.9e+02     1.0e+00      3.120e+00
  28     29    198    1.93165888e+02    1.80241913e+02     1.29239747e-07    3.6e+02     1.0e+00      3.120e+00
  29     30    208    1.83985355e+02    1.72897407e+02     1.10879479e-07    1.2e+03     1.0e+00      3.090e+00
  30     31    212    1.79742979e+02    1.69093388e+02     1.06495915e-07    3.5e+02     1.0e+00      3.089e+00
  31     32    219    1.76866936e+02    1.66094324e+02     1.07726113e-07    1.3e+02     1.0e+00      3.087e+00
  32     33    229    1.72280569e+02    1.62395259e+02     9.88531022e-08    6.9e+02     1.0e+00      3.068e+00
  33     34    236    1.68837439e+02    1.58891254e+02     9.94618537e-08    2.4e+02     1.0e+00      3.067e+00
  34     35    246    1.63582749e+02    1.54275670e+02     9.30707831e-08    3.7e+02     1.0e+00      3.045e+00
  35     36    254    1.59178681e+02    1.50369222e+02     8.80945914e-08    2.9e+02     1.0e+00      3.042e+00
  36     37    256    1.59042210e+02    1.50229068e+02     8.81314129e-08    2.9e+02     1.0e+00      3.042e+00
  37     38    266    1.48748929e+02    1.41723757e+02     7.02517198e-08    2.0e+03     1.0e+00      2.986e+00
  38     39    270    1.41316915e+02    1.34239458e+02     7.07745681e-08    6.0e+02     1.0e+00      2.986e+00
  39     40    280    1.38873852e+02    1.31941903e+02     6.93194994e-08    2.2e+02     1.0e+00      2.982e+00
  40     41    290    1.36858297e+02    1.30341415e+02     6.51688236e-08    2.6e+02     1.0e+00      2.973e+00
  41     42    292    1.36400400e+02    1.29931555e+02     6.46884491e-08    3.0e+02     1.0e+00      2.973e+00
  42     43    302    1.34066893e+02    1.27507437e+02     6.55945574e-08    2.5e+02     1.0e+00      2.964e+00
  43     44    307    1.33014917e+02    1.26631786e+02     6.38313074e-08    2.0e+02     1.0e+00      2.964e+00
  44     45    317    1.30568812e+02    1.24501942e+02     6.06686984e-08    3.0e+02     1.0e+00      2.951e+00
  45     46    319    1.29951458e+02    1.23906921e+02     6.04453662e-08    3.8e+02     1.0e+00      2.951e+00
  46     47    327    1.28308459e+02    1.22216009e+02     6.09245046e-08    1.5e+02     1.0e+00      2.949e+00
  47     48    337    1.24024447e+02    1.18819051e+02     5.20539542e-08    7.5e+02     1.0e+00      2.924e+00
  48     49    339    1.21999025e+02    1.16815083e+02     5.18394241e-08    3.6e+02     1.0e+00      2.924e+00
  49     50    345    1.20475405e+02    1.15079562e+02     5.39584265e-08    2.6e+02     1.0e+00      2.923e+00
  50     51    350    1.20092990e+02    1.14702237e+02     5.39075263e-08    1.8e+02     1.0e+00      2.923e+00
  51     52    360    1.15119380e+02    1.09476427e+02     5.64295238e-08    8.4e+02     1.0e+00      2.893e+00
  52     53    362    1.13822045e+02    1.08297596e+02     5.52444873e-08    3.4e+02     1.0e+00      2.893e+00
  53     54    367    1.10841102e+02    1.05997837e+02     4.84326499e-08    5.1e+02     1.0e+00      2.892e+00
  54     55    372    1.10454420e+02    1.05636461e+02     4.81795948e-08    1.2e+02     1.0e+00      2.892e+00
  55     56    382    1.00720858e+02    9.62250862e+01     4.49577222e-08    5.7e+02     1.0e+00      2.834e+00
  56     57    388    9.34258825e+01    8.94580457e+01     3.96783676e-08    5.0e+02     1.0e+00      2.832e+00
  57     58    392    9.26496191e+01    8.87291949e+01     3.92042428e-08    1.9e+02     1.0e+00      2.832e+00
  58     59    402    9.10408099e+01    8.73608063e+01     3.68000353e-08    1.6e+02     1.0e+00      2.826e+00
  59     60    404    9.08590660e+01    8.71963323e+01     3.66273377e-08    1.9e+02     1.0e+00      2.826e+00
  60     61    414    8.87513225e+01    8.52108731e+01     3.54044939e-08    6.1e+02     1.0e+00      2.817e+00
  61     62    416    8.83397086e+01    8.47803522e+01     3.55935643e-08    2.3e+02     1.0e+00      2.817e+00
  62     63    420    8.78824724e+01    8.43309478e+01     3.55152464e-08    2.1e+02     1.0e+00      2.817e+00
  63     64    430    8.63542493e+01    8.28565999e+01     3.49764944e-08    1.9e+02     1.0e+00      2.810e+00
  64     65    432    8.61929935e+01    8.26893104e+01     3.50368307e-08    2.2e+02     1.0e+00      2.810e+00
  65     66    442    8.32699222e+01    7.98809316e+01     3.38899063e-08    1.4e+03     1.0e+00      2.797e+00
  66     67    446    8.19327718e+01    7.86781476e+01     3.25462425e-08    2.7e+02     1.0e+00      2.796e+00
  67     68    450    8.15428604e+01    7.83543695e+01     3.18849099e-08    3.1e+02     1.0e+00      2.796e+00
  68     69    453    8.13222978e+01    7.81613950e+01     3.16090288e-08    1.2e+02     1.0e+00      2.795e+00
  69     70    463    7.90372211e+01    7.57887326e+01     3.24848851e-08    3.7e+02     1.0e+00      2.783e+00
  70     71    465    7.85083799e+01    7.53171051e+01     3.19127479e-08    2.4e+02     1.0e+00      2.783e+00
  71     72    475    7.67673728e+01    7.38531731e+01     2.91419968e-08    1.5e+02     1.0e+00      2.780e+00
  72     73    485    7.51602949e+01    7.19027370e+01     3.25755797e-08    1.9e+02     1.0e+00      2.772e+00
  73     74    494    7.37329275e+01    7.09725787e+01     2.76034880e-08    1.2e+02     1.0e+00      2.770e+00
  74     75    504    7.18492339e+01    6.83817275e+01     3.46750641e-08    3.1e+02     1.0e+00      2.760e+00
  75     76    514    6.99728407e+01    6.74314530e+01     2.54138767e-08    5.0e+02     1.0e+00      2.757e+00
  76     77    524    6.83714232e+01    6.51668733e+01     3.20454995e-08    2.6e+02     1.0e+00      2.749e+00
  77     78    534    6.68724854e+01    6.44523320e+01     2.42015347e-08    9.8e+01     1.0e+00      2.746e+00
  78     79    544    6.56131715e+01    6.29173230e+01     2.69584847e-08    2.5e+02     1.0e+00      2.740e+00
  79     80    546    6.52944179e+01    6.26458866e+01     2.64853128e-08    2.3e+02     1.0e+00      2.740e+00
  80     81    555    6.43886964e+01    6.20137660e+01     2.37493034e-08    1.3e+02     1.0e+00      2.738e+00
  81     82    565    6.33254062e+01    6.09659902e+01     2.35941593e-08    1.7e+02     1.0e+00      2.733e+00
  82     83    567    6.30434830e+01    6.07111148e+01     2.33236817e-08    1.7e+02     1.0e+00      2.733e+00
  83     84    576    6.22826919e+01    5.99609884e+01     2.32170353e-08    1.3e+02     1.0e+00      2.731e+00
  84     85    586    6.13476784e+01    5.91906507e+01     2.15702776e-08    1.6e+02     1.0e+00      2.726e+00
  85     86    588    6.10957891e+01    5.89516579e+01     2.14413117e-08    1.6e+02     1.0e+00      2.726e+00
  86     87    598    6.02118916e+01    5.79974237e+01     2.21446799e-08    1.9e+02     1.0e+00      2.723e+00
  87     88    603    5.98549619e+01    5.76939849e+01     2.16097699e-08    2.8e+02     1.0e+00      2.723e+00
  88     89    613    5.74717871e+01    5.54452625e+01     2.02652460e-08    1.9e+02     1.0e+00      2.708e+00
  89     90    615    5.68435051e+01    5.48062689e+01     2.03723620e-08    2.4e+02     1.0e+00      2.708e+00
  90     91    623    5.52671372e+01    5.32267160e+01     2.04042116e-08    1.2e+02     1.0e+00      2.707e+00
  91     92    633    5.01437448e+01    4.83584640e+01     1.78528080e-08    7.8e+02     1.0e+00      2.674e+00
  92     93    637    4.61393433e+01    4.47929686e+01     1.34637475e-08    4.0e+02     1.0e+00      2.674e+00
  93     94    647    4.53491969e+01    4.37341091e+01     1.61508783e-08    8.2e+01     1.0e+00      2.672e+00
  94     95    657    4.46467994e+01    4.33340638e+01     1.31273561e-08    1.6e+02     1.0e+00      2.669e+00
  95     96    663    4.42322333e+01    4.27465523e+01     1.48568094e-08    1.7e+02     1.0e+00      2.668e+00
  96     97    673    4.24253724e+01    4.05636831e+01     1.86168923e-08    2.2e+02     1.0e+00      2.658e+00
  97     98    678    4.09033286e+01    3.95524274e+01     1.35090121e-08    1.5e+02     1.0e+00      2.657e+00
  98     99    681    4.08251960e+01    3.94603432e+01     1.36485275e-08    1.1e+02     1.0e+00      2.657e+00
  99    100    691    3.92161275e+01    3.79845117e+01     1.23161581e-08    3.1e+02     1.0e+00      2.646e+00
 100    101    696    3.80801663e+01    3.68773904e+01     1.20277586e-08    1.9e+02     1.0e+00      2.646e+00
 101    102    706    3.74401779e+01    3.61513890e+01     1.28878892e-08    6.7e+01     1.0e+00      2.644e+00
 102    103    708    3.73530972e+01    3.60833268e+01     1.26977034e-08    1.6e+02     1.0e+00      2.644e+00
 103    104    718    3.66902559e+01    3.55783052e+01     1.11195068e-08    1.9e+02     1.0e+00      2.640e+00
 104    105    722    3.64075244e+01    3.52818745e+01     1.12564992e-08    1.4e+02     1.0e+00      2.640e+00
 105    106    732    3.58488006e+01    3.46111476e+01     1.23765303e-08    7.8e+01     1.0e+00      2.638e+00
 106    107    742    3.53106081e+01    3.42173417e+01     1.09326643e-08    1.1e+02     1.0e+00      2.636e+00
 107    108    752    3.47908120e+01    3.36057993e+01     1.18501263e-08    8.7e+01     1.0e+00      2.634e+00
 108    109    762    3.42852459e+01    3.32218992e+01     1.06334677e-08    8.4e+01     1.0e+00      2.633e+00
 109    110    772    3.37914695e+01    3.26628989e+01     1.12857057e-08    7.2e+01     1.0e+00      2.631e+00
 110    111    782    3.33103020e+01    3.22698135e+01     1.04048846e-08    7.5e+01     1.0e+00      2.629e+00
 111    112    792    3.28417395e+01    3.17706128e+01     1.07112670e-08    6.3e+01     1.0e+00      2.627e+00
 112    113    794    3.27375269e+01    3.16789139e+01     1.05861302e-08    1.3e+02     1.0e+00      2.627e+00
 113    114    804    3.21624838e+01    3.11810617e+01     9.81422107e-09    2.2e+02     1.0e+00      2.624e+00
 114    115    808    3.19051306e+01    3.09169798e+01     9.88150753e-09    1.2e+02     1.0e+00      2.624e+00
 115    116    818    3.13615565e+01    3.03152821e+01     1.04627442e-08    1.9e+02     1.0e+00      2.621e+00
 116    117    821    3.12166907e+01    3.01830796e+01     1.03361117e-08    1.0e+02     1.0e+00      2.621e+00
 117    118    828    3.08763055e+01    2.99136984e+01     9.62607101e-09    4.7e+01     1.0e+00      2.620e+00
 118    119    838    3.03533565e+01    2.93686274e+01     9.84729118e-09    1.2e+02     1.0e+00      2.617e+00
 119    120    840    3.02384566e+01    2.92686046e+01     9.69852095e-09    1.5e+02     1.0e+00      2.617e+00
 120    121    848    2.98708669e+01    2.89242112e+01     9.46655775e-09    1.2e+02     1.0e+00      2.617e+00
 121    122    858    2.90986174e+01    2.81955962e+01     9.03021149e-09    2.3e+02     1.0e+00      2.612e+00
 122    123    860    2.87876380e+01    2.79058114e+01     8.81826582e-09    1.3e+02     1.0e+00      2.612e+00
 123    124    865    2.84922635e+01    2.76075395e+01     8.84724026e-09    1.5e+02     1.0e+00      2.611e+00
 124    125    869    2.84093999e+01    2.75238147e+01     8.85585223e-09    1.3e+02     1.0e+00      2.611e+00
 125    126    879    2.64102909e+01    2.56469435e+01     7.63347396e-09    3.6e+02     1.0e+00      2.597e+00
 126    127    883    2.51429134e+01    2.43950952e+01     7.47818177e-09    3.1e+02     1.0e+00      2.597e+00
 127    128    890    2.45684912e+01    2.38330067e+01     7.35484545e-09    1.4e+02     1.0e+00      2.597e+00
 128    129    900    2.36011585e+01    2.27466242e+01     8.54534289e-09    1.6e+02     1.0e+00      2.590e+00
 129    130    902    2.32800952e+01    2.24958153e+01     7.84279877e-09    2.5e+02     1.0e+00      2.590e+00
 130    131    909    2.27179396e+01    2.20504609e+01     6.67478620e-09    5.2e+01     1.0e+00      2.589e+00
 131    132    919    2.11881022e+01    2.03837464e+01     8.04355840e-09    1.9e+02     1.0e+00      2.579e+00
 132    133    921    2.06714128e+01    1.99217359e+01     7.49676854e-09    2.8e+02     1.0e+00      2.579e+00
 133    134    928    1.98031578e+01    1.92320352e+01     5.71122526e-09    4.5e+01     1.0e+00      2.578e+00
 134    135    938    1.76239528e+01    1.67859808e+01     8.37972003e-09    2.1e+02     1.0e+00      2.562e+00
 135    136    944    1.59146226e+01    1.54688399e+01     4.45782775e-09    1.4e+02     1.0e+00      2.562e+00
 136    137    948    1.58032845e+01    1.53397782e+01     4.63506272e-09    9.6e+01     1.0e+00      2.562e+00
 137    138    958    1.55803319e+01    1.51388773e+01     4.41454592e-09    5.7e+01     1.0e+00      2.560e+00
 138    139    968    1.53846763e+01    1.49404796e+01     4.44196661e-09    4.8e+01     1.0e+00      2.560e+00
 139    140    978    1.52168697e+01    1.47862085e+01     4.30661132e-09    6.3e+01     1.0e+00      2.559e+00
 140    141    980    1.51814905e+01    1.47488901e+01     4.32600387e-09    1.3e+02     1.0e+00      2.559e+00
 141    142    990    1.49592396e+01    1.45327229e+01     4.26516748e-09    1.3e+02     1.0e+00      2.557e+00
 142    143    993    1.48598704e+01    1.44315422e+01     4.28328188e-09    9.7e+01     1.0e+00      2.557e+00
 143    144   1003    1.46732118e+01    1.42494332e+01     4.23778648e-09    1.1e+02     1.0e+00      2.556e+00
 144    145   1005    1.46295402e+01    1.42082145e+01     4.21325637e-09    9.7e+01     1.0e+00      2.556e+00
 145    146   1012    1.45058005e+01    1.40901709e+01     4.15629550e-09    6.0e+01     1.0e+00      2.556e+00
 146    147   1015    1.44895154e+01    1.40757142e+01     4.13801249e-09    5.6e+01     1.0e+00      2.556e+00
 147    148   1025    1.32743362e+01    1.28794251e+01     3.94911092e-09    4.7e+02     1.0e+00      2.545e+00
 148    149   1028    1.24339045e+01    1.20526468e+01     3.81257642e-09    2.2e+02     1.0e+00      2.545e+00
 149    150   1032    1.22903295e+01    1.19161350e+01     3.74194524e-09    8.9e+01     1.0e+00      2.545e+00
 150    151   1042    1.21358191e+01    1.18005827e+01     3.35236397e-09    2.6e+01     1.0e+00      2.544e+00
 151    152   1052    1.19942141e+01    1.16296639e+01     3.64550161e-09    4.5e+01     1.0e+00      2.544e+00
 152    153   1062    1.18550271e+01    1.15263874e+01     3.28639651e-09    2.6e+01     1.0e+00      2.543e+00
 153    154   1072    1.17199275e+01    1.13652686e+01     3.54658900e-09    4.4e+01     1.0e+00      2.542e+00
 154    155   1077    1.16590424e+01    1.13199289e+01     3.39113436e-09    5.9e+01     1.0e+00      2.542e+00
 155    156   1087    1.14807423e+01    1.11683878e+01     3.12354448e-09    5.1e+01     1.0e+00      2.541e+00
 156    157   1089    1.14403557e+01    1.11310356e+01     3.09320120e-09    6.5e+01     1.0e+00      2.541e+00
 157    158   1097    1.13166241e+01    1.09876888e+01     3.28935271e-09    2.4e+01     1.0e+00      2.540e+00
 158    159   1104    1.12306826e+01    1.09147705e+01     3.15912119e-09    5.1e+01     1.0e+00      2.540e+00
 159    160   1114    1.11109015e+01    1.07875769e+01     3.23324571e-09    6.7e+01     1.0e+00      2.539e+00
 160    161   1116    1.10890598e+01    1.07654254e+01     3.23634362e-09    7.2e+01     1.0e+00      2.539e+00
 161    162   1126    1.09622189e+01    1.06531237e+01     3.09095208e-09    6.1e+01     1.0e+00      2.538e+00
 162    163   1136    1.08383157e+01    1.05246236e+01     3.13692057e-09    3.9e+01     1.0e+00      2.538e+00
 163    164   1146    1.07191899e+01    1.04125053e+01     3.06684634e-09    6.3e+01     1.0e+00      2.537e+00
 164    165   1148    1.06847342e+01    1.03810798e+01     3.03654343e-09    8.6e+01     1.0e+00      2.537e+00
 165    166   1158    1.04836899e+01    1.01795638e+01     3.04126095e-09    1.1e+02     1.0e+00      2.536e+00
 166    167   1161    1.03703857e+01    1.00658716e+01     3.04514095e-09    2.8e+01     1.0e+00      2.536e+00
 167    168   1171    1.02602253e+01    9.97398458e+00     2.86240699e-09    6.1e+01     1.0e+00      2.535e+00
 168    169   1173    1.02376844e+01    9.95267253e+00     2.85011871e-09    9.3e+01     1.0e+00      2.535e+00
 169    170   1180    1.01713559e+01    9.87969713e+00     2.91658791e-09    5.0e+01     1.0e+00      2.535e+00
 170    171   1190    9.93202983e+00    9.64258765e+00     2.89442180e-09    1.1e+02     1.0e+00      2.533e+00
 171    172   1192    9.81944451e+00    9.53732354e+00     2.82120970e-09    7.3e+01     1.0e+00      2.533e+00
 172    173   1198    9.72097504e+00    9.44557019e+00     2.75404850e-09    3.9e+01     1.0e+00      2.533e+00
 173    174   1208    9.35850013e+00    9.03699375e+00     3.21506384e-09    1.3e+02     1.0e+00      2.529e+00
 174    175   1210    9.22112765e+00    8.93099747e+00     2.90130178e-09    1.6e+02     1.0e+00      2.529e+00
 175    176   1216    9.03569197e+00    8.77113204e+00     2.64559933e-09    1.0e+02     1.0e+00      2.529e+00
 176    177   1220    9.01886128e+00    8.75716338e+00     2.61697900e-09    4.3e+01     1.0e+00      2.529e+00
 177    178   1230    8.43867592e+00    8.24268413e+00     1.95991795e-09    1.9e+02     1.0e+00      2.523e+00
 178    179   1232    8.24934767e+00    8.04237547e+00     2.06972202e-09    1.3e+02     1.0e+00      2.523e+00
 179    180   1239    7.91304451e+00    7.68513699e+00     2.27907516e-09    3.3e+01     1.0e+00      2.523e+00
 180    181   1249    7.72687393e+00    7.51343078e+00     2.13443154e-09    1.3e+02     1.0e+00      2.521e+00
 181    182   1251    7.61578291e+00    7.40185279e+00     2.13930121e-09    6.5e+01     1.0e+00      2.521e+00
 182    183   1256    7.56201855e+00    7.34608288e+00     2.15935664e-09    6.7e+01     1.0e+00      2.521e+00
 183    184   1266    7.11282873e+00    6.83931118e+00     2.73517551e-09    9.2e+01     1.0e+00      2.517e+00
 184    185   1268    6.90509472e+00    6.68504154e+00     2.20053178e-09    1.5e+02     1.0e+00      2.517e+00
 185    186   1272    6.80201141e+00    6.58229630e+00     2.19715117e-09    9.6e+01     1.0e+00      2.517e+00
 186    187   1276    6.75668233e+00    6.55084439e+00     2.05837940e-09    9.6e+01     1.0e+00      2.517e+00
 187    188   1284    6.69184842e+00    6.49883444e+00     1.93013977e-09    3.4e+01     1.0e+00      2.516e+00
 188    189   1294    6.51971382e+00    6.31280965e+00     2.06904177e-09    1.3e+02     1.0e+00      2.515e+00
 189    190   1296    6.41315512e+00    6.21915456e+00     1.94000558e-09    1.7e+02     1.0e+00      2.515e+00
 190    191   1304    6.35543678e+00    6.17172562e+00     1.83711167e-09    3.2e+01     1.0e+00      2.514e+00
 191    192   1314    6.23531058e+00    6.04010096e+00     1.95209621e-09    8.5e+01     1.0e+00      2.513e+00
 192    193   1317    6.16375280e+00    5.97798599e+00     1.85766810e-09    5.2e+01     1.0e+00      2.513e+00
 193    194   1327    6.10892815e+00    5.93250695e+00     1.76421200e-09    2.7e+01     1.0e+00      2.513e+00
 194    195   1329    6.10373305e+00    5.92803999e+00     1.75693058e-09    2.0e+01     1.0e+00      2.513e+00
 195    196   1339    5.99638094e+00    5.81716059e+00     1.79220348e-09    9.8e+01     1.0e+00      2.512e+00
 196    197   1341    5.93782837e+00    5.75939735e+00     1.78431015e-09    4.6e+01     1.0e+00      2.512e+00
 197    198   1351    5.88728325e+00    5.71653328e+00     1.70749965e-09    2.2e+01     1.0e+00      2.512e+00
 198    199   1361    5.83778271e+00    5.66221569e+00     1.75567020e-09    4.8e+01     1.0e+00      2.511e+00
 199    200   1364    5.82351712e+00    5.65054007e+00     1.72977046e-09    4.3e+01     1.0e+00      2.511e+00
 200    201   1374    5.72834273e+00    5.56434538e+00     1.63997352e-09    9.7e+01     1.0e+00      2.510e+00
 201    202   1377    5.66707660e+00    5.50246800e+00     1.64608601e-09    3.9e+01     1.0e+00      2.510e+00
 202    203   1387    5.57803343e+00    5.41126544e+00     1.66767991e-09    1.1e+02     1.0e+00      2.510e+00
 203    204   1389    5.52741525e+00    5.36432325e+00     1.63092000e-09    1.1e+02     1.0e+00      2.509e+00
 204    205   1399    5.48315541e+00    5.32345483e+00     1.59700579e-09    3.3e+01     1.0e+00      2.509e+00
 205    206   1409    5.44233447e+00    5.28104538e+00     1.61289083e-09    2.8e+01     1.0e+00      2.509e+00
 206    207   1416    5.41540420e+00    5.25783988e+00     1.57564312e-09    5.1e+01     1.0e+00      2.509e+00
 207    208   1421    5.40696088e+00    5.24838664e+00     1.58574237e-09    3.4e+01     1.0e+00      2.509e+00
 208    209   1431    5.13217332e+00    4.95694968e+00     1.75223639e-09    6.6e+01     1.0e+00      2.506e+00
 209    210   1433    5.00970568e+00    4.85597051e+00     1.53735168e-09    2.1e+02     1.0e+00      2.506e+00
 210    211   1436    4.94868433e+00    4.79469152e+00     1.53992812e-09    4.6e+01     1.0e+00      2.506e+00
 211    212   1443    4.87783646e+00    4.73433659e+00     1.43499868e-09    2.0e+01     1.0e+00      2.505e+00
 212    213   1453    3.30275120e+00    3.23005163e+00     7.26995720e-10    2.8e+02     1.0e+00      2.488e+00
 213    214   1455    2.58025563e+00    2.51099521e+00     6.92604262e-10    7.3e+01     1.0e+00      2.488e+00
 214    215   1458    2.53458521e+00    2.46060479e+00     7.39804231e-10    1.1e+02     1.0e+00      2.488e+00
 215    216   1465    2.50788496e+00    2.42908210e+00     7.88028602e-10    1.2e+01     1.0e+00      2.488e+00
 216    217   1468    2.50613907e+00    2.42920160e+00     7.69374688e-10    1.3e+01     1.0e+00      2.488e+00
 217    218   1478    2.37358472e+00    2.29904467e+00     7.45400495e-10    1.7e+02     1.0e+00      2.485e+00
 218    219   1482    2.27466078e+00    2.20264659e+00     7.20141893e-10    6.0e+01     1.0e+00      2.485e+00
 219    220   1486    2.26414720e+00    2.19253518e+00     7.16120186e-10    3.4e+01     1.0e+00      2.485e+00
 220    221   1494    2.25603113e+00    2.18547947e+00     7.05516613e-10    1.5e+01     1.0e+00      2.485e+00
 221    222   1500    2.25161316e+00    2.18229496e+00     6.93182088e-10    1.9e+01     1.0e+00      2.485e+00
 222    223   1510    2.23507780e+00    2.16914766e+00     6.59301394e-10    7.6e+01     1.0e+00      2.484e+00
 223    224   1514    2.22511087e+00    2.15731902e+00     6.77918473e-10    1.1e+01     1.0e+00      2.484e+00
 224    225   1521    2.21987269e+00    2.15222007e+00     6.76526125e-10    1.2e+01     1.0e+00      2.484e+00
 225    226   1531    2.20893139e+00    2.14074795e+00     6.81834335e-10    2.2e+01     1.0e+00      2.484e+00
 226    227   1533    2.20555622e+00    2.13766586e+00     6.78903623e-10    4.1e+01     1.0e+00      2.484e+00
 227    228   1539    2.19959401e+00    2.13201134e+00     6.75826727e-10    1.6e+01     1.0e+00      2.484e+00
 228    229   1543    2.19828163e+00    2.13069895e+00     6.75826873e-10    2.0e+01     1.0e+00      2.484e+00
 229    230   1553    2.05509112e+00    1.98242353e+00     7.26675871e-10    6.1e+01     1.0e+00      2.480e+00
 230    231   1558    1.95757398e+00    1.89848044e+00     5.90935394e-10    7.7e+01     1.0e+00      2.480e+00
 231    232   1562    1.94923326e+00    1.88953144e+00     5.97018200e-10    3.1e+01     1.0e+00      2.480e+00
 232    233   1572    1.93358998e+00    1.87531621e+00     5.82737777e-10    9.9e+00     1.0e+00      2.479e+00
 233    234   1577    1.93106748e+00    1.87221281e+00     5.88546688e-10    1.2e+01     1.0e+00      2.479e+00
 234    235   1587    1.90696791e+00    1.84545939e+00     6.15085246e-10    4.9e+01     1.0e+00      2.479e+00
 235    236   1589    1.89838602e+00    1.83639853e+00     6.19874839e-10    2.9e+01     1.0e+00      2.479e+00
 236    237   1598    1.88568064e+00    1.82606307e+00     5.96175703e-10    2.2e+01     1.0e+00      2.479e+00
 237    238   1608    1.87648067e+00    1.82034455e+00     5.61361194e-10    1.9e+01     1.0e+00      2.478e+00
 238    239   1612    1.87276048e+00    1.81787235e+00     5.48881289e-10    1.3e+01     1.0e+00      2.478e+00
 239    240   1617    1.87123372e+00    1.81462357e+00     5.66101417e-10    7.8e+00     1.0e+00      2.478e+00
 240    241   1627    1.85879938e+00    1.79620725e+00     6.25921240e-10    3.2e+01     1.0e+00      2.478e+00
 241    242   1637    1.84779578e+00    1.79217520e+00     5.56205803e-10    2.1e+01     1.0e+00      2.478e+00
 242    243   1647    1.84304989e+00    1.78617863e+00     5.68712619e-10    1.1e+01     1.0e+00      2.478e+00
 243    244   1649    1.84203914e+00    1.78532918e+00     5.67099571e-10    6.5e+00     1.0e+00      2.478e+00
 244    245   1659    1.83726570e+00    1.78150739e+00     5.57583094e-10    1.2e+01     1.0e+00      2.478e+00
 245    246   1669    1.83267423e+00    1.77692128e+00     5.57529467e-10    1.3e+01     1.0e+00      2.477e+00
 246    247   1679    1.82823331e+00    1.77308092e+00     5.51523869e-10    1.1e+01     1.0e+00      2.477e+00
 247    248   1688    1.82429175e+00    1.76877358e+00     5.55181729e-10    6.4e+00     1.0e+00      2.477e+00
 248    249   1698    1.80178101e+00    1.74635955e+00     5.54214619e-10    3.4e+01     1.0e+00      2.476e+00
 249    250   1701    1.78302164e+00    1.72944322e+00     5.35784178e-10    9.5e+00     1.0e+00      2.476e+00
 250    251   1711    1.77864545e+00    1.72503535e+00     5.36101028e-10    1.4e+01     1.0e+00      2.476e+00
 251    252   1714    1.77678716e+00    1.72300059e+00     5.37865681e-10    2.5e+01     1.0e+00      2.476e+00
 252    253   1724    1.77038092e+00    1.71755328e+00     5.28276436e-10    1.2e+01     1.0e+00      2.476e+00
 253    254   1730    1.76518716e+00    1.71234392e+00     5.28432383e-10    9.5e+00     1.0e+00      2.476e+00
 254    255   1735    1.76444570e+00    1.71127895e+00     5.31667541e-10    1.0e+01     1.0e+00      2.476e+00
 255    256   1745    1.46975121e+00    1.43796193e+00     3.17892881e-10    1.8e+02     1.0e+00      2.463e+00
 256    257   1749    1.33675568e+00    1.29927285e+00     3.74828349e-10    3.0e+01     1.0e+00      2.463e+00
 257    258   1752    1.33300253e+00    1.29581284e+00     3.71896870e-10    1.8e+01     1.0e+00      2.463e+00
 258    259   1760    1.33033585e+00    1.29333291e+00     3.70029382e-10    2.9e+00     1.0e+00      2.463e+00
 259    260   1770    1.32702404e+00    1.28813885e+00     3.88851837e-10    1.1e+01     1.0e+00      2.463e+00
 260    261   1776    1.32426096e+00    1.28734845e+00     3.69125109e-10    1.4e+01     1.0e+00      2.463e+00
 261    262   1786    1.32148611e+00    1.28551283e+00     3.59732801e-10    6.3e+00     1.0e+00      2.463e+00
 262    263   1794    1.31904117e+00    1.28229353e+00     3.67476370e-10    8.8e+00     1.0e+00      2.463e+00
 263    264   1804    1.31400509e+00    1.27848850e+00     3.55165875e-10    3.5e+01     1.0e+00      2.462e+00
 264    265   1809    1.31033138e+00    1.27387332e+00     3.64580697e-10    1.2e+01     1.0e+00      2.462e+00
 265    266   1814    1.30960030e+00    1.27326778e+00     3.63325281e-10    1.3e+01     1.0e+00      2.462e+00
 266    267   1824    1.30787870e+00    1.27136356e+00     3.65151408e-10    5.5e+00     1.0e+00      2.462e+00
 267    268   1831    1.30655334e+00    1.27030671e+00     3.62466293e-10    7.3e+00     1.0e+00      2.462e+00
 268    269   1841    1.30425002e+00    1.26785235e+00     3.63976694e-10    7.2e+00     1.0e+00      2.462e+00
 269    270   1844    1.30305498e+00    1.26670256e+00     3.63524198e-10    1.2e+01     1.0e+00      2.462e+00
 270    271   1847    1.30265607e+00    1.26649848e+00     3.61575962e-10    4.8e+00     1.0e+00      2.462e+00
 271    272   1857    1.30117667e+00    1.26506354e+00     3.61131275e-10    5.3e+00     1.0e+00      2.462e+00
 272    273   1862    1.30050554e+00    1.26454358e+00     3.59619568e-10    6.0e+00     1.0e+00      2.462e+00
 273    274   1872    1.29852941e+00    1.26238353e+00     3.61458812e-10    8.3e+00     1.0e+00      2.462e+00
 274    275   1874    1.29795110e+00    1.26190419e+00     3.60469152e-10    2.1e+01     1.0e+00      2.462e+00
 275    276   1882    1.29668233e+00    1.26081366e+00     3.58686724e-10    2.9e+00     1.0e+00      2.462e+00
 276    277   1890    1.29569103e+00    1.25963723e+00     3.60538048e-10    5.4e+00     1.0e+00      2.462e+00
 277    278   1898    1.29472131e+00    1.25890552e+00     3.58157870e-10    3.2e+00     1.0e+00      2.462e+00
 278    279   1908    1.23025034e+00    1.19768973e+00     3.25606095e-10    5.9e+01     1.0e+00      2.455e+00
 279    280   1910    1.18530606e+00    1.15259374e+00     3.27123152e-10    2.5e+01     1.0e+00      2.455e+00
 280    281   1914    1.17754606e+00    1.14610334e+00     3.14427265e-10    2.3e+01     1.0e+00      2.455e+00
 281    282   1920    1.17519180e+00    1.14334259e+00     3.18492047e-10    1.5e+01     1.0e+00      2.455e+00
 282    283   1930    1.17378163e+00    1.14205641e+00     3.17252196e-10    3.0e+00     1.0e+00      2.455e+00
 283    284   1940    1.17246723e+00    1.14067429e+00     3.17929425e-10    1.5e+01     1.0e+00      2.455e+00
 284    285   1948    1.17145566e+00    1.13977472e+00     3.16809321e-10    5.8e+00     1.0e+00      2.455e+00
 285    286   1954    1.17118366e+00    1.13955620e+00     3.16274629e-10    6.1e+00     1.0e+00      2.455e+00
 286    287   1964    1.14003883e+00    1.10825151e+00     3.17873154e-10    2.6e+01     1.0e+00      2.451e+00
 287    288   1968    1.11746018e+00    1.08748898e+00     2.99712000e-10    2.4e+01     1.0e+00      2.451e+00
 288    289   1973    1.11290282e+00    1.08318531e+00     2.97175118e-10    2.4e+01     1.0e+00      2.451e+00
 289    290   1983    1.11042984e+00    1.08072872e+00     2.97011195e-10    2.9e+00     1.0e+00      2.451e+00
 290    291   1993    1.10827696e+00    1.07880048e+00     2.94764819e-10    1.0e+01     1.0e+00      2.451e+00
 291    292   2002    1.10621522e+00    1.07661256e+00     2.96026634e-10    2.5e+00     1.0e+00      2.451e+00
 292    293   2012    1.10393020e+00    1.07429766e+00     2.96325329e-10    9.2e+00     1.0e+00      2.450e+00
 293    294   2014    1.10289417e+00    1.07341633e+00     2.94778444e-10    1.6e+01     1.0e+00      2.450e+00
 294    295   2022    1.10171381e+00    1.07235402e+00     2.93597859e-10    2.0e+00     1.0e+00      2.450e+00
 295    296   2032    1.09937353e+00    1.06981034e+00     2.95631915e-10    1.1e+01     1.0e+00      2.450e+00
 296    297   2035    1.09789051e+00    1.06854090e+00     2.93496110e-10    1.1e+01     1.0e+00      2.450e+00
 297    298   2044    1.09695981e+00    1.06767890e+00     2.92809069e-10    2.5e+00     1.0e+00      2.450e+00
 298    299   2054    1.09544018e+00    1.06631722e+00     2.91229524e-10    7.0e+00     1.0e+00      2.450e+00
 299    300   2056    1.09458140e+00    1.06536346e+00     2.92179393e-10    6.8e+00     1.0e+00      2.450e+00
 300    301   2066    1.09366225e+00    1.06431622e+00     2.93460323e-10    4.3e+00     1.0e+00      2.450e+00
LMQNBC: termination 5
#######==============Beta= 1.000000, TempBeta = 0.000000 
  it     nf     cg           f             f_xrf             f_xtm            |g|        alpha        error
   0      1      0    6.41390730e-03    2.11128946e+07    6.41390730e-03    4.5e-04     1.0e+00      6.712e+00
   1      2      2    9.27307401e-05    2.62606882e+07     9.27307401e-05    5.6e-05     1.0e+00      4.439e+00
   2      3      4    3.68807287e-06    2.86778338e+07     3.68807287e-06    6.2e-06     1.0e+00      4.294e+00
   3      4      8    9.49174578e-08    2.87646606e+07     9.49174578e-08    9.2e-07     1.0e+00      4.277e+00
   4      5     13    3.21528934e-08    2.87678481e+07     3.21528934e-08    2.9e-07     1.0e+00      4.272e+00
   5      6     21    3.02483398e-10    2.87699983e+07     3.02483398e-10    5.9e-08     1.0e+00      4.267e+00
   6      7     24    8.63832536e-12    2.87763308e+07     8.63832536e-12    8.0e-09     1.0e+00      4.267e+00
   7      8     28    3.85583796e-12    2.87764689e+07     3.85583796e-12    3.0e-09     1.0e+00      4.267e+00
   8      9     30    3.42268063e-12    2.87764420e+07     3.42268063e-12    2.0e-09     1.0e+00      4.267e+00
   9     10     36    7.95487074e-13    2.87764721e+07     7.95487074e-13    3.1e-09     1.0e+00      4.267e+00
MODLNP 03: |p| = 0
  10     11     37    7.95446577e-13    2.87764721e+07     7.95446577e-13    3.1e-09     1.0e+00      4.267e+00
LMQNBC: termination 5
>> >> >> >> >> >> >> >> >> >> >> >> >> >> >> >> >> >> >> >> >> 
