
                            < M A T L A B (R) >
                  Copyright 1984-2013 The MathWorks, Inc.
                    R2013a (8.1.0.604) 64-bit (glnxa64)
                             February 15, 2013

 
To get started, type one of these: helpwin, helpdesk, or demo.
For product information, visit www.mathworks.com.
 
>> >> >> >> >> >> >> >> X-ray simulation startup file...
====== Fluorescence Detector Resolution is 5
====== Angle Number  1 of 10: 0
====== Angle Number  2 of 10: 20
====== Angle Number  3 of 10: 40
====== Angle Number  4 of 10: 60
====== Angle Number  5 of 10: 80
====== Angle Number  6 of 10: 100
====== Angle Number  7 of 10: 120
====== Angle Number  8 of 10: 140
====== Angle Number  9 of 10: 160
====== Angle Number  10 of 10: 180
>> >> >> >> >> >> >> >> >> >> >> >> >> ====== With Self Absorption, Transmission Detector Resolution is 30
>> >> >> >> >> >> >> >> >> >> >> >> >> >> >> >> >> >> >> >> >> >> >> >> >> >> >> >> >>   it     nf     cg           f            |g|      alpha        error
   0      1      0    6.43087996e+06   5.2e+05     1.0e+00      1.973e+00
   1      2      2    9.52691126e+05   1.7e+05     1.0e+00      2.175e+00
   2      3      4    3.20593223e+05   7.6e+04     1.0e+00      2.715e+00
   3      4      8    3.22131451e+04   3.5e+04     1.0e+00      4.041e+00
   4      5     11    2.71363776e+03   1.7e+03     1.0e+00      4.934e+00
   5      6     13    2.45150829e+02   5.4e+02     1.0e+00      5.120e+00
   6      7     16    9.37490131e+00   8.0e+01     1.0e+00      5.179e+00
   7      8     19    1.84463763e+00   1.4e+01     1.0e+00      5.192e+00
   8      9     22    1.54522434e+00   3.1e+00     1.0e+00      5.194e+00
   9     10     25    1.53352006e+00   1.2e+00     1.0e+00      5.193e+00
  10     11     28    1.53219222e+00   1.8e-01     1.0e+00      5.193e+00
  11     12     32    1.53211207e+00   6.0e-02     1.0e+00      5.193e+00
  12     13     35    1.53210842e+00   5.8e-03     1.0e+00      5.193e+00
  13     14     39    1.53210813e+00   3.8e-03     1.0e+00      5.193e+00
  14     15     42    1.53210812e+00   3.7e-04     1.0e+00      5.193e+00
  15     16     46    1.53210812e+00   1.1e-04     1.0e+00      5.193e+00
  16     17     49    1.53210812e+00   8.7e-06     1.0e+00      5.193e+00
  17     18     53    1.53210812e+00   5.2e-06     1.0e+00      5.193e+00
  18     19     56    1.53210812e+00   8.0e-07     1.0e+00      5.193e+00
LMQNBC: termination 5
>> >> >> >> >> >> >> >> >> >> >> >> >> >> >> >> >> >> >> >> >> 