
                            < M A T L A B (R) >
                  Copyright 1984-2013 The MathWorks, Inc.
                    R2013a (8.1.0.604) 64-bit (glnxa64)
                             February 15, 2013

 
To get started, type one of these: helpwin, helpdesk, or demo.
For product information, visit www.mathworks.com.
 
>> >> >> >> >> >> >> >> X-ray simulation startup file...
====== With Self Absorption, Transmission Detector Resolution is 16
====== Fluorescence Detector Resolution is 32
>> >> >> >> >> >> ===================== 15
Elapsed time is 1.094699 seconds.
Elapsed time is 1.096330 seconds.
ans =
     0
Elapsed time is 1.096574 seconds.
  it     nf     cg           f             |g|      alpha        error
   0      1      0    1.81489074e+03   4.4e+01     1.0e+00      2.254e+01
   1      2      3    3.26216781e+02   1.8e+01     1.0e+00      1.727e+01
   2      3      5    8.23379754e+01   5.1e+00     1.0e+00      1.750e+01
   3      5     13    5.84855838e+01   3.8e+00     2.2e-01      1.795e+01
   4      7     21    5.83254306e+01   3.8e+00     2.2e-03      1.796e+01
   5      9     29    5.77946857e+01   3.8e+00     7.4e-03      1.799e+01
   6     11     37    5.19973243e+01   3.4e+00     8.5e-02      1.834e+01
   7     13     45    5.19371463e+01   3.4e+00     1.0e-03      1.834e+01
   8     15     53    4.89781963e+01   3.2e+00     5.0e-02      1.857e+01
   9     17     61    4.76585394e+01   3.1e+00     2.5e-02      1.868e+01
  10     19     69    4.44913875e+01   2.9e+00     6.4e-02      1.900e+01
  11     21     77    4.44176945e+01   2.9e+00     1.6e-03      1.900e+01
  12     23     86    4.41019688e+01   2.8e+00     6.9e-03      1.904e+01
  13     25     95    4.25159567e+01   2.7e+00     3.6e-02      1.922e+01
  14     27    104    4.20523339e+01   2.7e+00     1.1e-02      1.928e+01
  15     29    114    4.14917771e+01   2.7e+00     1.3e-02      1.935e+01
  16     31    124    4.11104253e+01   2.7e+00     9.4e-03      1.940e+01
  17     33    134    4.09584307e+01   2.6e+00     3.8e-03      1.942e+01
  18     34    138    3.27512608e+01   8.1e-01     1.0e+00      2.112e+01
  19     35    142    3.21696508e+01   1.5e-01     1.0e+00      2.113e+01
  20     37    152    3.20148087e+01   1.3e-01     3.2e-02      2.115e+01
  21     39    162    3.13189159e+01   1.1e-01     1.5e-01      2.147e+01
  22     41    172    3.09538309e+01   1.0e-01     3.8e-02      2.172e+01
  23     43    182    3.09086833e+01   1.0e-01     4.3e-03      2.175e+01
  24     45    192    3.08329200e+01   1.0e-01     7.3e-03      2.182e+01
  25     47    202    3.07827000e+01   1.0e-01     4.8e-03      2.187e+01
  26     49    212    3.04205701e+01   1.0e-01     3.6e-02      2.228e+01
  27     51    222    3.03711886e+01   1.0e-01     4.7e-03      2.235e+01
  28     53    232    3.03352271e+01   1.0e-01     3.4e-03      2.240e+01
  29     55    242    3.01414310e+01   1.0e-01     1.9e-02      2.268e+01
  30     57    252    2.99119297e+01   1.0e-01     2.2e-02      2.305e+01
  31     59    262    2.97109704e+01   9.9e-02     1.9e-02      2.342e+01
  32     61    272    2.93039142e+01   9.7e-02     3.8e-02      2.428e+01
  33     63    282    2.90498909e+01   9.5e-02     2.3e-02      2.490e+01
  34     65    292    2.89131234e+01   9.4e-02     1.2e-02      2.525e+01
  35     67    302    2.87701103e+01   9.4e-02     1.2e-02      2.564e+01
  36     69    312    2.85108076e+01   9.3e-02     2.2e-02      2.639e+01
  37     71    322    2.84228664e+01   9.2e-02     7.2e-03      2.666e+01
  38     73    332    2.83810356e+01   9.2e-02     3.4e-03      2.679e+01
  39     75    342    2.83175438e+01   9.1e-02     5.2e-03      2.699e+01
  40     77    352    2.82277330e+01   9.1e-02     7.4e-03      2.728e+01
  41     79    362    2.81824539e+01   9.0e-02     3.7e-03      2.743e+01
  42     81    372    2.79754341e+01   8.9e-02     1.7e-02      2.813e+01
  43     83    382    2.79250696e+01   8.9e-02     4.2e-03      2.831e+01
  44     85    392    2.78710580e+01   8.8e-02     4.4e-03      2.850e+01
  45     87    402    2.78163323e+01   8.8e-02     4.5e-03      2.870e+01
  46     89    412    2.77305797e+01   8.7e-02     7.1e-03      2.901e+01
  47     91    422    2.77284893e+01   8.7e-02     1.7e-04      2.902e+01
  48     93    432    2.76905683e+01   8.7e-02     3.2e-03      2.916e+01
  49     95    442    2.76006484e+01   8.7e-02     7.3e-03      2.950e+01
  50     97    452    2.74970371e+01   8.6e-02     8.4e-03      2.990e+01
  51     99    462    2.74222545e+01   8.5e-02     6.2e-03      3.020e+01
  52    101    472    2.72762238e+01   8.3e-02     1.2e-02      3.079e+01
  53    103    482    2.71800858e+01   8.2e-02     7.7e-03      3.119e+01
  54    105    492    2.71033049e+01   8.1e-02     6.0e-03      3.151e+01
  55    107    502    2.70719163e+01   8.1e-02     2.4e-03      3.165e+01
  56    109    512    2.69655908e+01   8.0e-02     8.3e-03      3.211e+01
  57    111    522    2.69229640e+01   8.0e-02     3.4e-03      3.229e+01
  58    113    532    2.67781063e+01   7.8e-02     1.2e-02      3.294e+01
  59    115    542    2.67331792e+01   7.8e-02     3.5e-03      3.315e+01
  60    117    552    2.66768017e+01   7.8e-02     4.5e-03      3.341e+01
  61    119    562    2.66707538e+01   7.8e-02     4.8e-04      3.344e+01
  62    121    572    2.66359997e+01   7.7e-02     2.8e-03      3.360e+01
  63    123    582    2.66212423e+01   7.7e-02     1.5e-03      3.367e+01
  64    125    592    2.65366855e+01   7.6e-02     8.2e-03      3.407e+01
  65    127    602    2.65133478e+01   7.6e-02     2.0e-03      3.418e+01
  66    129    612    2.64667084e+01   7.6e-02     4.0e-03      3.440e+01
  67    131    622    2.62441492e+01   8.0e-02     1.8e-02      3.550e+01
  68    133    632    2.60677795e+01   7.7e-02     1.5e-02      3.641e+01
  69    135    642    2.60500728e+01   7.7e-02     1.4e-03      3.650e+01
  70    137    652    2.59107599e+01   7.6e-02     1.1e-02      3.724e+01
  71    139    662    2.58251696e+01   7.8e-02     7.0e-03      3.769e+01
  72    141    672    2.57490780e+01   7.9e-02     6.1e-03      3.811e+01
  73    143    682    2.56816839e+01   8.0e-02     5.5e-03      3.848e+01
  74    145    692    2.55983731e+01   8.1e-02     6.8e-03      3.894e+01
  75    147    702    2.55634733e+01   8.1e-02     2.9e-03      3.913e+01
  76    149    712    2.55253957e+01   8.1e-02     3.3e-03      3.935e+01
  77    151    722    2.54958809e+01   8.1e-02     2.5e-03      3.951e+01
  78    153    732    2.53937782e+01   8.2e-02     9.3e-03      4.010e+01
  79    155    742    2.53831008e+01   8.2e-02     1.2e-03      4.016e+01
  80    157    752    2.52961020e+01   8.0e-02     9.6e-03      4.068e+01
  81    159    762    2.51758134e+01   7.6e-02     1.4e-02      4.141e+01
  82    161    772    2.51156011e+01   7.4e-02     6.9e-03      4.178e+01
  83    163    782    2.50041923e+01   7.2e-02     1.3e-02      4.248e+01
  84    165    792    2.47594280e+01   7.4e-02     3.0e-02      4.408e+01
  85    167    802    2.46988680e+01   7.3e-02     7.6e-03      4.449e+01
  86    169    812    2.46800435e+01   7.3e-02     2.3e-03      4.461e+01
  87    171    822    2.46230518e+01   7.3e-02     6.9e-03      4.500e+01
  88    173    832    2.45365935e+01   7.3e-02     1.1e-02      4.559e+01
  89    175    842    2.45303571e+01   7.3e-02     7.9e-04      4.563e+01
  90    177    852    2.44797760e+01   7.3e-02     7.9e-03      4.598e+01
  91    179    862    2.44784682e+01   7.3e-02     1.8e-04      4.599e+01
  92    181    872    2.44630275e+01   7.3e-02     2.2e-03      4.610e+01
  93    183    882    2.44490585e+01   7.3e-02     2.0e-03      4.619e+01
  94    185    892    2.44392547e+01   7.3e-02     1.4e-03      4.626e+01
  95    187    902    2.43652706e+01   7.1e-02     1.1e-02      4.679e+01
  96    189    912    2.43340881e+01   7.1e-02     4.7e-03      4.702e+01
  97    191    922    2.42895262e+01   6.9e-02     6.9e-03      4.734e+01
  98    193    932    2.42166713e+01   6.8e-02     1.1e-02      4.788e+01
  99    195    942    2.41798104e+01   6.7e-02     6.4e-03      4.816e+01
 100    197    952    2.41790077e+01   6.7e-02     1.3e-04      4.816e+01
 101    199    962    2.40844043e+01   6.8e-02     1.6e-02      4.889e+01
 102    201    972    2.40277160e+01   7.1e-02     9.6e-03      4.933e+01
 103    203    982    2.40066045e+01   7.1e-02     3.6e-03      4.949e+01
 104    205    992    2.39222612e+01   7.6e-02     1.7e-02      5.017e+01
 105    207   1002    2.38679554e+01   7.8e-02     1.5e-02      5.062e+01
 106    209   1012    2.37905057e+01   7.5e-02     1.9e-02      5.128e+01
 107    211   1022    2.36119081e+01   6.8e-02     4.6e-02      5.289e+01
 108    213   1032    2.35061371e+01   6.5e-02     2.7e-02      5.387e+01
 109    215   1042    2.34654599e+01   6.4e-02     1.2e-02      5.426e+01
 110    217   1052    2.34260136e+01   6.2e-02     1.1e-02      5.465e+01
 111    219   1062    2.33745085e+01   5.9e-02     1.4e-02      5.516e+01
 112    221   1072    2.33433249e+01   5.7e-02     8.8e-03      5.547e+01
 113    223   1082    2.29818794e+01   5.6e-02     1.1e-01      5.937e+01
 114    225   1092    2.28559428e+01   5.4e-02     5.1e-02      6.084e+01
 115    227   1102    2.28423062e+01   5.4e-02     6.6e-03      6.100e+01
 116    229   1112    2.27748985e+01   5.4e-02     3.0e-02      6.182e+01
 117    231   1122    2.27258481e+01   5.1e-02     1.9e-02      6.243e+01
 118    233   1132    2.27245785e+01   5.1e-02     4.5e-04      6.244e+01
 119    235   1142    2.27238662e+01   5.1e-02     2.7e-04      6.245e+01
 120    237   1152    2.26824940e+01   5.1e-02     1.6e-02      6.298e+01
 121    239   1162    2.25662442e+01   4.7e-02     4.5e-02      6.451e+01
 122    241   1172    2.25544583e+01   4.7e-02     5.2e-03      6.467e+01
 123    243   1182    2.23324108e+01   4.5e-02     9.6e-02      6.784e+01
 124    245   1192    2.22789051e+01   4.6e-02     7.6e-02      6.864e+01
 125    247   1202    2.22681412e+01   4.8e-02     8.4e-03      6.880e+01
 126    249   1212    2.21970910e+01   4.5e-02     4.6e-02      6.993e+01
 127    251   1222    2.21673848e+01   4.4e-02     2.3e-02      7.040e+01
 128    253   1232    2.21099370e+01   4.5e-02     4.0e-02      7.136e+01
 129    255   1242    2.18416399e+01   4.1e-02     1.9e-01      7.643e+01
 130    256   1252    2.17717820e+01   1.2e-01     1.0e+00      7.848e+01
 131    257   1255    2.17384785e+01   5.3e-02     1.0e+00      7.852e+01
 132    258   1265    2.16771125e+01   8.0e-02     1.0e+00      8.031e+01
 133    259   1275    2.16264360e+01   3.8e-02     1.0e+00      8.078e+01
 134    260   1285    2.15867497e+01   7.7e-02     1.0e+00      8.202e+01
 135    261   1294    2.15517504e+01   3.8e-02     1.0e+00      8.236e+01
 136    262   1304    2.14985340e+01   1.6e-01     1.0e+00      8.454e+01
 137    263   1307    2.14639140e+01   5.0e-02     1.0e+00      8.459e+01
 138    264   1314    2.14437270e+01   3.5e-02     1.0e+00      8.485e+01
 139    265   1324    2.14041332e+01   7.4e-02     1.0e+00      8.680e+01
 140    266   1330    2.13591727e+01   3.7e-02     1.0e+00      8.690e+01
 141    267   1340    2.13262739e+01   3.6e-02     1.0e+00      8.812e+01
 142    268   1347    2.12991159e+01   3.1e-02     1.0e+00      8.831e+01
 143    269   1357    2.12470324e+01   1.3e-01     1.0e+00      9.071e+01
 144    270   1363    2.12010014e+01   8.5e-02     1.0e+00      9.083e+01
 145    271   1373    2.11818295e+01   1.5e-01     1.0e+00      9.231e+01
 146    272   1375    2.11596405e+01   1.1e-01     1.0e+00      9.231e+01
 147    273   1380    2.11392313e+01   4.4e-02     1.0e+00      9.240e+01
 148    274   1390    2.11069253e+01   9.9e-02     1.0e+00      9.376e+01
 149    275   1396    2.10845203e+01   6.4e-02     1.0e+00      9.388e+01
 150    276   1406    2.10588767e+01   6.6e-02     1.0e+00      9.486e+01
 151    277   1416    2.10360405e+01   8.9e-02     1.0e+00      9.519e+01
 152    278   1426    2.10185762e+01   6.3e-02     1.0e+00      9.582e+01
 153    279   1431    2.10072042e+01   4.5e-02     1.0e+00      9.588e+01
 154    281   1441    2.09631120e+01   3.9e-02     1.4e-01      9.715e+01
 155    282   1451    2.09432230e+01   9.3e-02     1.0e+00      9.799e+01
 156    283   1461    2.09232274e+01   2.1e-02     1.0e+00      9.824e+01
 157    284   1471    2.09076990e+01   6.4e-02     1.0e+00      9.887e+01
 158    285   1480    2.08931777e+01   3.3e-02     1.0e+00      9.907e+01
 159    286   1490    2.08733797e+01   6.2e-02     1.0e+00      9.998e+01
 160    287   1495    2.08588766e+01   4.8e-02     1.0e+00      1.000e+02
 161    288   1505    2.08333576e+01   4.3e-02     1.0e+00      1.013e+02
 162    289   1511    2.08112111e+01   3.9e-02     1.0e+00      1.014e+02
 163    290   1521    2.07623585e+01   9.3e-02     1.0e+00      1.048e+02
 164    291   1525    2.07097814e+01   6.6e-02     1.0e+00      1.048e+02
 165    292   1531    2.06960886e+01   4.6e-02     1.0e+00      1.049e+02
 166    293   1541    2.06752975e+01   7.4e-02     1.0e+00      1.059e+02
 167    294   1546    2.06590089e+01   3.0e-02     1.0e+00      1.060e+02
 168    295   1556    2.06465624e+01   1.5e-01     1.0e+00      1.077e+02
 169    296   1559    2.06119378e+01   5.9e-02     1.0e+00      1.077e+02
 170    297   1566    2.05985806e+01   2.1e-02     1.0e+00      1.078e+02
 171    298   1576    2.05735871e+01   6.8e-02     1.0e+00      1.093e+02
 172    299   1580    2.05567301e+01   5.6e-02     1.0e+00      1.093e+02
 173    300   1590    2.05416636e+01   2.6e-02     1.0e+00      1.097e+02
 174    301   1600    2.05298158e+01   3.5e-02     1.0e+00      1.101e+02
 175    302   1610    2.05191126e+01   2.9e-02     1.0e+00      1.103e+02
 176    303   1620    2.05089273e+01   3.2e-02     1.0e+00      1.107e+02
 177    304   1630    2.04988916e+01   2.7e-02     1.0e+00      1.110e+02
 178    305   1640    2.04890061e+01   2.9e-02     1.0e+00      1.113e+02
 179    306   1650    2.04791462e+01   2.2e-02     1.0e+00      1.116e+02
 180    307   1660    2.04692974e+01   3.1e-02     1.0e+00      1.120e+02
 181    308   1670    2.04596119e+01   1.9e-02     1.0e+00      1.122e+02
 182    309   1680    2.04500166e+01   3.1e-02     1.0e+00      1.126e+02
 183    310   1690    2.04404889e+01   1.8e-02     1.0e+00      1.128e+02
 184    311   1700    2.04310179e+01   3.1e-02     1.0e+00      1.132e+02
 185    312   1710    2.04216038e+01   1.8e-02     1.0e+00      1.135e+02
 186    313   1720    2.04122376e+01   3.2e-02     1.0e+00      1.138e+02
 187    314   1730    2.04029253e+01   1.8e-02     1.0e+00      1.141e+02
 188    315   1740    2.03936554e+01   3.5e-02     1.0e+00      1.144e+02
 189    316   1750    2.03844403e+01   1.7e-02     1.0e+00      1.147e+02
 190    317   1760    2.03752715e+01   4.0e-02     1.0e+00      1.150e+02
 191    318   1770    2.03661526e+01   1.5e-02     1.0e+00      1.153e+02
 192    319   1780    2.03572391e+01   4.1e-02     1.0e+00      1.156e+02
 193    320   1790    2.03483207e+01   1.6e-02     1.0e+00      1.159e+02
 194    321   1800    2.03393202e+01   4.1e-02     1.0e+00      1.163e+02
 195    322   1810    2.03303912e+01   1.7e-02     1.0e+00      1.165e+02
 196    323   1820    2.03215052e+01   4.3e-02     1.0e+00      1.169e+02
 197    324   1830    2.03126652e+01   1.8e-02     1.0e+00      1.171e+02
 198    325   1840    2.03041950e+01   4.2e-02     1.0e+00      1.175e+02
 199    326   1850    2.02943048e+01   6.1e-02     1.0e+00      1.178e+02
 200    327   1860    2.02848443e+01   2.5e-02     1.0e+00      1.181e+02
 201    328   1870    2.02763874e+01   2.1e-02     1.0e+00      1.184e+02
 202    329   1880    2.02681376e+01   2.5e-02     1.0e+00      1.187e+02
 203    330   1890    2.02600375e+01   2.1e-02     1.0e+00      1.190e+02
 204    331   1900    2.02520205e+01   2.5e-02     1.0e+00      1.193e+02
 205    332   1910    2.02440811e+01   2.1e-02     1.0e+00      1.196e+02
 206    333   1920    2.02362100e+01   2.4e-02     1.0e+00      1.199e+02
 207    334   1930    2.02284051e+01   2.0e-02     1.0e+00      1.202e+02
 208    335   1940    2.02206590e+01   2.4e-02     1.0e+00      1.205e+02
 209    336   1950    2.02129670e+01   2.0e-02     1.0e+00      1.208e+02
 210    337   1960    2.02053268e+01   2.4e-02     1.0e+00      1.211e+02
 211    338   1970    2.01977340e+01   1.9e-02     1.0e+00      1.213e+02
 212    339   1980    2.01901883e+01   2.3e-02     1.0e+00      1.216e+02
 213    340   1990    2.01826861e+01   1.9e-02     1.0e+00      1.219e+02
 214    341   2000    2.01752277e+01   2.3e-02     1.0e+00      1.222e+02
 215    342   2010    2.01678101e+01   1.9e-02     1.0e+00      1.225e+02
 216    343   2020    2.01604342e+01   2.3e-02     1.0e+00      1.228e+02
 217    344   2030    2.01530969e+01   1.8e-02     1.0e+00      1.230e+02
 218    345   2040    2.01457996e+01   2.2e-02     1.0e+00      1.233e+02
 219    346   2050    2.01385394e+01   1.8e-02     1.0e+00      1.236e+02
 220    347   2060    2.01313177e+01   2.2e-02     1.0e+00      1.239e+02
 221    348   2070    2.01241320e+01   1.8e-02     1.0e+00      1.242e+02
 222    349   2080    2.01169836e+01   2.2e-02     1.0e+00      1.245e+02
 223    350   2090    2.01098701e+01   1.7e-02     1.0e+00      1.247e+02
 224    351   2100    2.01027929e+01   2.2e-02     1.0e+00      1.250e+02
 225    352   2110    2.00957498e+01   1.7e-02     1.0e+00      1.253e+02
 226    353   2120    2.00887420e+01   2.2e-02     1.0e+00      1.256e+02
 227    354   2130    2.00817675e+01   1.7e-02     1.0e+00      1.259e+02
 228    355   2140    2.00748275e+01   2.1e-02     1.0e+00      1.262e+02
 229    356   2150    2.00679201e+01   1.7e-02     1.0e+00      1.264e+02
 230    357   2160    2.00610464e+01   2.1e-02     1.0e+00      1.267e+02
 231    358   2170    2.00541919e+01   1.6e-02     1.0e+00      1.270e+02
 232    359   2180    2.00471467e+01   2.0e-02     1.0e+00      1.273e+02
 233    360   2190    2.00402292e+01   1.6e-02     1.0e+00      1.276e+02
 234    361   2200    2.00333706e+01   2.0e-02     1.0e+00      1.279e+02
 235    362   2210    2.00265565e+01   1.6e-02     1.0e+00      1.281e+02
 236    363   2220    2.00197862e+01   2.0e-02     1.0e+00      1.284e+02
 237    364   2230    2.00130571e+01   1.7e-02     1.0e+00      1.287e+02
 238    365   2240    2.00063677e+01   2.0e-02     1.0e+00      1.290e+02
 239    366   2250    1.99997177e+01   1.7e-02     1.0e+00      1.293e+02
 240    367   2260    1.99931050e+01   2.0e-02     1.0e+00      1.296e+02
 241    368   2270    1.99865303e+01   1.7e-02     1.0e+00      1.298e+02
 242    369   2280    1.99799912e+01   2.0e-02     1.0e+00      1.301e+02
 243    370   2290    1.99734891e+01   1.8e-02     1.0e+00      1.304e+02
 244    371   2300    1.99670214e+01   2.0e-02     1.0e+00      1.307e+02
 245    372   2310    1.99605898e+01   1.8e-02     1.0e+00      1.309e+02
 246    373   2320    1.99541917e+01   1.9e-02     1.0e+00      1.313e+02
 247    374   2330    1.99478287e+01   1.8e-02     1.0e+00      1.315e+02
 248    375   2340    1.99417450e+01   3.6e-02     1.0e+00      1.318e+02
 249    376   2350    1.99347880e+01   2.2e-02     1.0e+00      1.321e+02
 250    377   2360    1.99282563e+01   1.8e-02     1.0e+00      1.324e+02
 251    378   2370    1.99218259e+01   2.0e-02     1.0e+00      1.327e+02
 252    379   2380    1.99152148e+01   1.8e-02     1.0e+00      1.330e+02
 253    380   2390    1.99087359e+01   2.0e-02     1.0e+00      1.332e+02
 254    381   2400    1.99023273e+01   2.0e-02     1.0e+00      1.336e+02
 255    382   2410    1.98959602e+01   2.0e-02     1.0e+00      1.338e+02
 256    383   2420    1.98896336e+01   2.0e-02     1.0e+00      1.341e+02
 257    384   2430    1.98833443e+01   1.9e-02     1.0e+00      1.344e+02
 258    385   2440    1.98770923e+01   2.0e-02     1.0e+00      1.347e+02
 259    386   2450    1.98708763e+01   1.9e-02     1.0e+00      1.350e+02
 260    387   2460    1.98646961e+01   2.0e-02     1.0e+00      1.353e+02
 261    388   2470    1.98585507e+01   1.9e-02     1.0e+00      1.355e+02
 262    389   2480    1.98528495e+01   1.7e-02     1.0e+00      1.359e+02
 263    390   2490    1.98473203e+01   1.7e-02     1.0e+00      1.361e+02
 264    391   2500    1.98418465e+01   1.8e-02     1.0e+00      1.364e+02
 265    392   2510    1.98364257e+01   1.7e-02     1.0e+00      1.367e+02
 266    393   2520    1.98310551e+01   1.8e-02     1.0e+00      1.370e+02
 267    394   2530    1.98257341e+01   1.6e-02     1.0e+00      1.372e+02
 268    395   2540    1.98204606e+01   1.8e-02     1.0e+00      1.376e+02
 269    396   2550    1.98152341e+01   1.6e-02     1.0e+00      1.378e+02
 270    397   2560    1.98100528e+01   1.8e-02     1.0e+00      1.381e+02
 271    398   2570    1.98049163e+01   1.6e-02     1.0e+00      1.384e+02
 272    399   2580    1.97998943e+01   2.3e-02     1.0e+00      1.387e+02
 273    400   2590    1.97943638e+01   1.5e-02     1.0e+00      1.389e+02
 274    401   2600    1.97891691e+01   1.9e-02     1.0e+00      1.392e+02
 275    402   2610    1.97840855e+01   1.5e-02     1.0e+00      1.395e+02
 276    403   2620    1.97790890e+01   1.8e-02     1.0e+00      1.398e+02
 277    404   2630    1.97741532e+01   1.6e-02     1.0e+00      1.400e+02
 278    405   2640    1.97692833e+01   1.8e-02     1.0e+00      1.403e+02
 279    406   2650    1.97644650e+01   1.6e-02     1.0e+00      1.406e+02
 280    407   2660    1.97597063e+01   1.8e-02     1.0e+00      1.409e+02
 281    408   2670    1.97549958e+01   1.6e-02     1.0e+00      1.411e+02
 282    409   2680    1.97503424e+01   1.9e-02     1.0e+00      1.414e+02
 283    410   2690    1.97457358e+01   1.6e-02     1.0e+00      1.416e+02
 284    411   2700    1.97411849e+01   1.9e-02     1.0e+00      1.419e+02
 285    412   2710    1.97366796e+01   1.7e-02     1.0e+00      1.422e+02
 286    413   2720    1.97322282e+01   1.9e-02     1.0e+00      1.424e+02
 287    414   2730    1.97278203e+01   1.7e-02     1.0e+00      1.427e+02
 288    415   2740    1.97234633e+01   2.0e-02     1.0e+00      1.429e+02
 289    416   2750    1.97191467e+01   1.7e-02     1.0e+00      1.432e+02
 290    417   2760    1.97148770e+01   2.0e-02     1.0e+00      1.434e+02
 291    418   2770    1.97106443e+01   1.7e-02     1.0e+00      1.437e+02
 292    419   2780    1.97064543e+01   2.1e-02     1.0e+00      1.439e+02
 293    420   2790    1.97022977e+01   1.7e-02     1.0e+00      1.441e+02
 294    421   2800    1.96981798e+01   2.1e-02     1.0e+00      1.444e+02
 295    422   2810    1.96940925e+01   1.6e-02     1.0e+00      1.446e+02
 296    423   2820    1.96900405e+01   2.1e-02     1.0e+00      1.449e+02
 297    424   2830    1.96860168e+01   1.6e-02     1.0e+00      1.451e+02
 298    425   2840    1.96820259e+01   2.1e-02     1.0e+00      1.454e+02
 299    426   2850    1.96780613e+01   1.6e-02     1.0e+00      1.456e+02
 300    427   2860    1.96741276e+01   2.2e-02     1.0e+00      1.458e+02
 301    428   2870    1.96702189e+01   1.6e-02     1.0e+00      1.461e+02
 302    429   2880    1.96663395e+01   2.2e-02     1.0e+00      1.463e+02
 303    430   2890    1.96624840e+01   1.5e-02     1.0e+00      1.465e+02
 304    431   2900    1.96586565e+01   2.2e-02     1.0e+00      1.468e+02
 305    432   2910    1.96548521e+01   1.5e-02     1.0e+00      1.470e+02
 306    433   2920    1.96510748e+01   2.2e-02     1.0e+00      1.472e+02
 307    434   2930    1.96473198e+01   1.5e-02     1.0e+00      1.475e+02
 308    435   2940    1.96435909e+01   2.2e-02     1.0e+00      1.477e+02
 309    436   2950    1.96398838e+01   1.5e-02     1.0e+00      1.479e+02
 310    437   2960    1.96362021e+01   2.2e-02     1.0e+00      1.482e+02
 311    438   2970    1.96325415e+01   1.4e-02     1.0e+00      1.484e+02
 312    439   2980    1.96289057e+01   2.3e-02     1.0e+00      1.486e+02
 313    440   2990    1.96252905e+01   1.4e-02     1.0e+00      1.488e+02
 314    441   3000    1.96216995e+01   2.3e-02     1.0e+00      1.491e+02
 315    442   3010    1.96181285e+01   1.4e-02     1.0e+00      1.493e+02
 316    443   3020    1.96145811e+01   2.3e-02     1.0e+00      1.495e+02
 317    444   3030    1.96110533e+01   1.3e-02     1.0e+00      1.497e+02
 318    445   3040    1.96075485e+01   2.3e-02     1.0e+00      1.500e+02
 319    446   3050    1.96040529e+01   1.3e-02     1.0e+00      1.502e+02
 320    447   3060    1.96005606e+01   2.3e-02     1.0e+00      1.504e+02
 321    448   3070    1.95970940e+01   1.2e-02     1.0e+00      1.506e+02
 322    449   3080    1.95936549e+01   2.2e-02     1.0e+00      1.509e+02
 323    450   3090    1.95902356e+01   1.2e-02     1.0e+00      1.511e+02
 324    451   3100    1.95868388e+01   2.2e-02     1.0e+00      1.513e+02
 325    452   3110    1.95834609e+01   1.1e-02     1.0e+00      1.515e+02
 326    453   3120    1.95801047e+01   2.2e-02     1.0e+00      1.517e+02
 327    454   3130    1.95767670e+01   1.1e-02     1.0e+00      1.519e+02
 328    455   3140    1.95734503e+01   2.2e-02     1.0e+00      1.522e+02
 329    456   3150    1.95701516e+01   1.1e-02     1.0e+00      1.524e+02
 330    457   3160    1.95668735e+01   2.1e-02     1.0e+00      1.526e+02
 331    458   3170    1.95636129e+01   1.1e-02     1.0e+00      1.528e+02
 332    459   3180    1.95603724e+01   2.1e-02     1.0e+00      1.530e+02
 333    460   3190    1.95571490e+01   1.1e-02     1.0e+00      1.532e+02
 334    461   3200    1.95539453e+01   2.1e-02     1.0e+00      1.535e+02
 335    462   3210    1.95507584e+01   1.1e-02     1.0e+00      1.536e+02
 336    463   3220    1.95475907e+01   2.1e-02     1.0e+00      1.539e+02
 337    464   3230    1.95444395e+01   1.1e-02     1.0e+00      1.541e+02
 338    465   3240    1.95413070e+01   2.0e-02     1.0e+00      1.543e+02
 339    466   3250    1.95381908e+01   1.1e-02     1.0e+00      1.545e+02
 340    467   3260    1.95350929e+01   2.0e-02     1.0e+00      1.547e+02
 341    468   3270    1.95320110e+01   1.1e-02     1.0e+00      1.549e+02
 342    469   3280    1.95289471e+01   2.0e-02     1.0e+00      1.551e+02
 343    470   3290    1.95258989e+01   1.1e-02     1.0e+00      1.553e+02
 344    471   3300    1.95228683e+01   2.0e-02     1.0e+00      1.556e+02
 345    472   3310    1.95198275e+01   1.0e-02     1.0e+00      1.557e+02
 346    473   3320    1.95166105e+01   2.7e-02     1.0e+00      1.560e+02
 347    474   3330    1.95134330e+01   9.1e-03     1.0e+00      1.562e+02
 348    475   3340    1.95103035e+01   2.5e-02     1.0e+00      1.564e+02
 349    476   3350    1.95072033e+01   9.1e-03     1.0e+00      1.566e+02
 350    477   3360    1.95041315e+01   2.3e-02     1.0e+00      1.569e+02
 351    478   3370    1.95010880e+01   9.0e-03     1.0e+00      1.570e+02
 352    479   3380    1.94980679e+01   2.2e-02     1.0e+00      1.573e+02
 353    480   3390    1.94950707e+01   9.0e-03     1.0e+00      1.575e+02
 354    481   3400    1.94920933e+01   2.1e-02     1.0e+00      1.577e+02
 355    482   3410    1.94891345e+01   8.9e-03     1.0e+00      1.579e+02
 356    483   3420    1.94861942e+01   2.1e-02     1.0e+00      1.581e+02
 357    484   3430    1.94832708e+01   8.9e-03     1.0e+00      1.583e+02
 358    485   3440    1.94803654e+01   2.1e-02     1.0e+00      1.586e+02
 359    486   3450    1.94774762e+01   8.9e-03     1.0e+00      1.587e+02
 360    487   3460    1.94746046e+01   2.0e-02     1.0e+00      1.590e+02
 361    488   3470    1.94717488e+01   8.8e-03     1.0e+00      1.591e+02
 362    489   3480    1.94689102e+01   2.0e-02     1.0e+00      1.594e+02
 363    490   3490    1.94660871e+01   8.8e-03     1.0e+00      1.596e+02
 364    491   3500    1.94632991e+01   1.9e-02     1.0e+00      1.598e+02
 365    492   3510    1.94604636e+01   1.0e-02     1.0e+00      1.600e+02
 366    493   3520    1.94576874e+01   2.1e-02     1.0e+00      1.602e+02
 367    494   3530    1.94549343e+01   8.7e-03     1.0e+00      1.604e+02
 368    495   3540    1.94522061e+01   1.8e-02     1.0e+00      1.606e+02
 369    496   3550    1.94494943e+01   8.6e-03     1.0e+00      1.608e+02
 370    497   3560    1.94467992e+01   1.8e-02     1.0e+00      1.610e+02
 371    498   3570    1.94441189e+01   8.6e-03     1.0e+00      1.612e+02
 372    499   3580    1.94414536e+01   1.7e-02     1.0e+00      1.614e+02
 373    500   3590    1.94388026e+01   8.5e-03     1.0e+00      1.616e+02
 374    501   3600    1.94361661e+01   1.7e-02     1.0e+00      1.618e+02
 375    502   3610    1.94335437e+01   8.7e-03     1.0e+00      1.620e+02
 376    503   3620    1.94309353e+01   1.6e-02     1.0e+00      1.622e+02
 377    504   3630    1.94283407e+01   8.9e-03     1.0e+00      1.624e+02
 378    505   3640    1.94257599e+01   1.6e-02     1.0e+00      1.626e+02
 379    506   3650    1.94231926e+01   9.1e-03     1.0e+00      1.628e+02
 380    507   3660    1.94206388e+01   1.6e-02     1.0e+00      1.630e+02
 381    508   3670    1.94180983e+01   9.2e-03     1.0e+00      1.631e+02
 382    509   3680    1.94155709e+01   1.5e-02     1.0e+00      1.634e+02
 383    510   3690    1.94130566e+01   9.3e-03     1.0e+00      1.635e+02
 384    511   3700    1.94105552e+01   1.5e-02     1.0e+00      1.638e+02
 385    512   3710    1.94080667e+01   9.4e-03     1.0e+00      1.639e+02
 386    513   3720    1.94055909e+01   1.5e-02     1.0e+00      1.642e+02
 387    514   3730    1.94031277e+01   9.5e-03     1.0e+00      1.643e+02
 388    515   3740    1.94006768e+01   1.5e-02     1.0e+00      1.645e+02
 389    516   3750    1.93982385e+01   9.5e-03     1.0e+00      1.647e+02
 390    517   3760    1.93958123e+01   1.5e-02     1.0e+00      1.649e+02
 391    518   3770    1.93933984e+01   9.5e-03     1.0e+00      1.651e+02
 392    519   3780    1.93909963e+01   1.4e-02     1.0e+00      1.653e+02
 393    520   3790    1.93886065e+01   9.5e-03     1.0e+00      1.655e+02
 394    521   3800    1.93862282e+01   1.4e-02     1.0e+00      1.657e+02
 395    522   3810    1.93838619e+01   9.5e-03     1.0e+00      1.658e+02
 396    523   3820    1.93815069e+01   1.4e-02     1.0e+00      1.661e+02
 397    524   3830    1.93791638e+01   9.5e-03     1.0e+00      1.662e+02
 398    525   3840    1.93768318e+01   1.4e-02     1.0e+00      1.664e+02
 399    526   3850    1.93745114e+01   9.5e-03     1.0e+00      1.666e+02
 400    527   3860    1.93722018e+01   1.4e-02     1.0e+00      1.668e+02
 401    528   3870    1.93699038e+01   9.5e-03     1.0e+00      1.670e+02
 402    529   3880    1.93676163e+01   1.4e-02     1.0e+00      1.672e+02
 403    530   3890    1.93653403e+01   9.4e-03     1.0e+00      1.673e+02
 404    531   3900    1.93630744e+01   1.4e-02     1.0e+00      1.676e+02
 405    532   3910    1.93608198e+01   9.4e-03     1.0e+00      1.677e+02
 406    533   3920    1.93585752e+01   1.4e-02     1.0e+00      1.679e+02
 407    534   3930    1.93563417e+01   9.4e-03     1.0e+00      1.681e+02
 408    535   3940    1.93541178e+01   1.4e-02     1.0e+00      1.683e+02
 409    536   3950    1.93519050e+01   9.3e-03     1.0e+00      1.685e+02
 410    537   3960    1.93497015e+01   1.4e-02     1.0e+00      1.687e+02
 411    538   3970    1.93475088e+01   9.3e-03     1.0e+00      1.688e+02
 412    539   3980    1.93453252e+01   1.4e-02     1.0e+00      1.690e+02
 413    540   3990    1.93431523e+01   9.3e-03     1.0e+00      1.692e+02
 414    541   4000    1.93409881e+01   1.4e-02     1.0e+00      1.694e+02
 415    542   4010    1.93388346e+01   9.3e-03     1.0e+00      1.696e+02
 416    543   4020    1.93366893e+01   1.4e-02     1.0e+00      1.698e+02
 417    544   4030    1.93345545e+01   9.2e-03     1.0e+00      1.699e+02
 418    545   4040    1.93324277e+01   1.4e-02     1.0e+00      1.701e+02
 419    546   4050    1.93303113e+01   9.2e-03     1.0e+00      1.703e+02
 420    547   4060    1.93282025e+01   1.4e-02     1.0e+00      1.705e+02
 421    548   4070    1.93261039e+01   9.2e-03     1.0e+00      1.707e+02
 422    549   4080    1.93240124e+01   1.4e-02     1.0e+00      1.709e+02
 423    550   4090    1.93219312e+01   9.1e-03     1.0e+00      1.710e+02
 424    551   4100    1.93198565e+01   1.4e-02     1.0e+00      1.712e+02
 425    552   4110    1.93177920e+01   9.1e-03     1.0e+00      1.714e+02
 426    553   4120    1.93157336e+01   1.4e-02     1.0e+00      1.716e+02
 427    554   4130    1.93136852e+01   9.1e-03     1.0e+00      1.717e+02
 428    555   4140    1.93116424e+01   1.4e-02     1.0e+00      1.720e+02
 429    556   4150    1.93096096e+01   9.1e-03     1.0e+00      1.721e+02
 430    557   4160    1.93075817e+01   1.4e-02     1.0e+00      1.723e+02
 431    558   4170    1.93055637e+01   9.0e-03     1.0e+00      1.725e+02
 432    559   4180    1.93035501e+01   1.4e-02     1.0e+00      1.727e+02
 433    560   4190    1.93015463e+01   9.0e-03     1.0e+00      1.728e+02
 434    561   4200    1.92995460e+01   1.4e-02     1.0e+00      1.730e+02
 435    562   4210    1.92975556e+01   9.0e-03     1.0e+00      1.732e+02
 436    563   4220    1.92955679e+01   1.5e-02     1.0e+00      1.734e+02
 437    564   4230    1.92935900e+01   8.9e-03     1.0e+00      1.735e+02
 438    565   4240    1.92916140e+01   1.6e-02     1.0e+00      1.737e+02
 439    566   4250    1.92896476e+01   8.9e-03     1.0e+00      1.739e+02
 440    567   4260    1.92876823e+01   1.7e-02     1.0e+00      1.741e+02
 441    568   4270    1.92857265e+01   8.9e-03     1.0e+00      1.743e+02
 442    569   4280    1.92837707e+01   1.8e-02     1.0e+00      1.745e+02
 443    570   4290    1.92818245e+01   8.8e-03     1.0e+00      1.746e+02
 444    571   4300    1.92798769e+01   1.9e-02     1.0e+00      1.748e+02
 445    572   4310    1.92779390e+01   8.8e-03     1.0e+00      1.750e+02
 446    573   4320    1.92759984e+01   2.0e-02     1.0e+00      1.752e+02
 447    574   4330    1.92740674e+01   8.8e-03     1.0e+00      1.753e+02
 448    575   4340    1.92721322e+01   2.1e-02     1.0e+00      1.756e+02
 449    576   4344    1.92711889e+01   1.2e-02     1.0e+00      1.756e+02
 450    577   4354    1.92537858e+01   9.8e-02     1.0e+00      1.788e+02
 451    578   4356    1.92397742e+01   1.8e-02     1.0e+00      1.788e+02
 452    579   4360    1.92377211e+01   1.5e-02     1.0e+00      1.788e+02
 453    580   4370    1.91509487e+01   1.2e-01     1.0e+00      1.983e+02
 454    581   4373    1.90968607e+01   1.2e-01     1.0e+00      1.983e+02
 455    582   4379    1.90766430e+01   2.1e-02     1.0e+00      1.983e+02
 456    583   4384    1.90758108e+01   7.1e-03     1.0e+00      1.983e+02
 457    584   4394    1.90737314e+01   8.3e-03     1.0e+00      1.986e+02
 458    585   4401    1.90726591e+01   1.3e-02     1.0e+00      1.987e+02
 459    586   4411    1.90712467e+01   1.3e-02     1.0e+00      1.990e+02
 460    587   4417    1.90701956e+01   1.7e-02     1.0e+00      1.990e+02
 461    588   4427    1.90652299e+01   1.1e-02     1.0e+00      2.003e+02
 462    589   4435    1.90611889e+01   6.2e-03     1.0e+00      2.003e+02
 463    590   4445    1.90600761e+01   6.9e-03     1.0e+00      2.004e+02
 464    591   4455    1.90592426e+01   7.8e-03     1.0e+00      2.006e+02
 465    592   4465    1.90584575e+01   6.8e-03     1.0e+00      2.007e+02
 466    593   4475    1.90576878e+01   7.4e-03     1.0e+00      2.008e+02
 467    594   4485    1.90569301e+01   6.7e-03     1.0e+00      2.009e+02
 468    595   4495    1.90561810e+01   7.6e-03     1.0e+00      2.010e+02
 469    596   4505    1.90554384e+01   6.5e-03     1.0e+00      2.011e+02
 470    597   4515    1.90547019e+01   7.7e-03     1.0e+00      2.012e+02
 471    598   4525    1.90539703e+01   6.3e-03     1.0e+00      2.013e+02
 472    599   4535    1.90532436e+01   7.8e-03     1.0e+00      2.014e+02
 473    600   4545    1.90525210e+01   6.1e-03     1.0e+00      2.015e+02
 474    601   4555    1.90518026e+01   7.8e-03     1.0e+00      2.017e+02
 475    602   4565    1.90510880e+01   6.0e-03     1.0e+00      2.018e+02
 476    603   4575    1.90503772e+01   7.9e-03     1.0e+00      2.019e+02
 477    604   4585    1.90496699e+01   6.0e-03     1.0e+00      2.020e+02
 478    605   4595    1.90489660e+01   7.9e-03     1.0e+00      2.021e+02
 479    606   4605    1.90482656e+01   6.0e-03     1.0e+00      2.022e+02
 480    607   4615    1.90475684e+01   7.9e-03     1.0e+00      2.023e+02
 481    608   4625    1.90468745e+01   6.0e-03     1.0e+00      2.024e+02
 482    609   4635    1.90461837e+01   7.9e-03     1.0e+00      2.025e+02
 483    610   4645    1.90454961e+01   6.0e-03     1.0e+00      2.026e+02
 484    611   4655    1.90448115e+01   7.9e-03     1.0e+00      2.027e+02
 485    612   4665    1.90441300e+01   6.0e-03     1.0e+00      2.028e+02
 486    613   4675    1.90434515e+01   8.0e-03     1.0e+00      2.029e+02
 487    614   4685    1.90427759e+01   5.9e-03     1.0e+00      2.030e+02
 488    615   4695    1.90421032e+01   8.0e-03     1.0e+00      2.031e+02
 489    616   4705    1.90414334e+01   5.9e-03     1.0e+00      2.032e+02
 490    617   4715    1.90407665e+01   8.0e-03     1.0e+00      2.033e+02
 491    618   4725    1.90401024e+01   5.9e-03     1.0e+00      2.034e+02
 492    619   4735    1.90394411e+01   8.0e-03     1.0e+00      2.035e+02
 493    620   4745    1.90387826e+01   5.9e-03     1.0e+00      2.036e+02
 494    621   4755    1.90381269e+01   8.0e-03     1.0e+00      2.038e+02
 495    622   4765    1.90374739e+01   5.9e-03     1.0e+00      2.039e+02
 496    623   4775    1.90368236e+01   8.0e-03     1.0e+00      2.040e+02
 497    624   4785    1.90361761e+01   5.8e-03     1.0e+00      2.041e+02
 498    625   4795    1.90355312e+01   8.0e-03     1.0e+00      2.042e+02
 499    626   4805    1.90348890e+01   5.8e-03     1.0e+00      2.043e+02
 500    627   4815    1.90342494e+01   8.1e-03     1.0e+00      2.044e+02
 501    628   4825    1.90336125e+01   5.8e-03     1.0e+00      2.045e+02
 502    629   4835    1.90329781e+01   8.1e-03     1.0e+00      2.046e+02
 503    630   4845    1.90323464e+01   5.8e-03     1.0e+00      2.047e+02
 504    631   4855    1.90317172e+01   8.1e-03     1.0e+00      2.048e+02
 505    632   4865    1.90310907e+01   5.7e-03     1.0e+00      2.049e+02
 506    633   4875    1.90304666e+01   8.1e-03     1.0e+00      2.050e+02
 507    634   4885    1.90298452e+01   5.7e-03     1.0e+00      2.051e+02
 508    635   4895    1.90292261e+01   8.1e-03     1.0e+00      2.052e+02
 509    636   4905    1.90286097e+01   5.7e-03     1.0e+00      2.053e+02
 510    637   4915    1.90279957e+01   8.1e-03     1.0e+00      2.054e+02
 511    638   4925    1.90273842e+01   5.7e-03     1.0e+00      2.055e+02
 512    639   4935    1.90267751e+01   8.2e-03     1.0e+00      2.056e+02
 513    640   4945    1.90261685e+01   5.7e-03     1.0e+00      2.057e+02
 514    641   4955    1.90255643e+01   8.2e-03     1.0e+00      2.058e+02
 515    642   4965    1.90249626e+01   5.6e-03     1.0e+00      2.059e+02
 516    643   4975    1.90243632e+01   8.2e-03     1.0e+00      2.060e+02
 517    644   4985    1.90237663e+01   5.6e-03     1.0e+00      2.061e+02
 518    645   4995    1.90231716e+01   8.2e-03     1.0e+00      2.062e+02
 519    646   5005    1.90225795e+01   5.6e-03     1.0e+00      2.063e+02
 520    647   5015    1.90219895e+01   8.2e-03     1.0e+00      2.064e+02
 521    648   5025    1.90214020e+01   5.6e-03     1.0e+00      2.064e+02
 522    649   5035    1.90208168e+01   8.3e-03     1.0e+00      2.066e+02
 523    650   5045    1.90202339e+01   5.6e-03     1.0e+00      2.066e+02
 524    651   5055    1.90196532e+01   8.3e-03     1.0e+00      2.067e+02
 525    652   5065    1.90190750e+01   5.5e-03     1.0e+00      2.068e+02
 526    653   5075    1.90184988e+01   8.3e-03     1.0e+00      2.069e+02
 527    654   5085    1.90179251e+01   5.5e-03     1.0e+00      2.070e+02
 528    655   5095    1.90173535e+01   8.3e-03     1.0e+00      2.071e+02
 529    656   5105    1.90167842e+01   5.5e-03     1.0e+00      2.072e+02
 530    657   5115    1.90162171e+01   8.4e-03     1.0e+00      2.073e+02
 531    658   5125    1.90156522e+01   5.5e-03     1.0e+00      2.074e+02
 532    659   5135    1.90150895e+01   8.4e-03     1.0e+00      2.075e+02
 533    660   5145    1.90145290e+01   5.5e-03     1.0e+00      2.076e+02
 534    661   5155    1.90139706e+01   8.4e-03     1.0e+00      2.077e+02
 535    662   5165    1.90134145e+01   5.4e-03     1.0e+00      2.078e+02
 536    663   5175    1.90128604e+01   8.4e-03     1.0e+00      2.079e+02
 537    664   5185    1.90123086e+01   5.4e-03     1.0e+00      2.080e+02
 538    665   5195    1.90117587e+01   8.4e-03     1.0e+00      2.081e+02
 539    666   5205    1.90112111e+01   5.4e-03     1.0e+00      2.082e+02
 540    667   5215    1.90106655e+01   8.5e-03     1.0e+00      2.083e+02
 541    668   5225    1.90101221e+01   5.4e-03     1.0e+00      2.084e+02
 542    669   5235    1.90095806e+01   8.5e-03     1.0e+00      2.085e+02
 543    670   5245    1.90090414e+01   5.4e-03     1.0e+00      2.086e+02
 544    671   5255    1.90085040e+01   8.5e-03     1.0e+00      2.087e+02
 545    672   5265    1.90079688e+01   5.4e-03     1.0e+00      2.087e+02
 546    673   5275    1.90074356e+01   8.6e-03     1.0e+00      2.088e+02
 547    674   5285    1.90069045e+01   5.3e-03     1.0e+00      2.089e+02
 548    675   5295    1.90063752e+01   8.6e-03     1.0e+00      2.090e+02
 549    676   5305    1.90058481e+01   5.3e-03     1.0e+00      2.091e+02
 550    677   5315    1.90053228e+01   8.6e-03     1.0e+00      2.092e+02
 551    678   5325    1.90047997e+01   5.3e-03     1.0e+00      2.093e+02
 552    679   5335    1.90042784e+01   8.6e-03     1.0e+00      2.094e+02
 553    680   5345    1.90037591e+01   5.3e-03     1.0e+00      2.095e+02
 554    681   5355    1.90032417e+01   8.7e-03     1.0e+00      2.096e+02
 555    682   5365    1.90027263e+01   5.3e-03     1.0e+00      2.097e+02
 556    683   5375    1.90022128e+01   8.7e-03     1.0e+00      2.098e+02
 557    684   5385    1.90017013e+01   5.3e-03     1.0e+00      2.099e+02
 558    685   5395    1.90011915e+01   8.8e-03     1.0e+00      2.099e+02
 559    686   5405    1.90006838e+01   5.3e-03     1.0e+00      2.100e+02
 560    687   5415    1.90001778e+01   8.8e-03     1.0e+00      2.101e+02
 561    688   5425    1.89996727e+01   5.2e-03     1.0e+00      2.102e+02
 562    689   5435    1.89991328e+01   1.3e-02     1.0e+00      2.103e+02
 563    690   5445    1.89986067e+01   5.2e-03     1.0e+00      2.104e+02
 564    691   5455    1.89980915e+01   1.1e-02     1.0e+00      2.105e+02
 565    692   5465    1.89975827e+01   5.2e-03     1.0e+00      2.106e+02
 566    693   5475    1.89970760e+01   1.1e-02     1.0e+00      2.107e+02
 567    694   5485    1.89965716e+01   5.1e-03     1.0e+00      2.108e+02
 568    695   5495    1.89960692e+01   1.1e-02     1.0e+00      2.109e+02
 569    696   5505    1.89955689e+01   5.1e-03     1.0e+00      2.110e+02
 570    697   5515    1.89950705e+01   1.1e-02     1.0e+00      2.111e+02
 571    698   5525    1.89945741e+01   5.1e-03     1.0e+00      2.111e+02
 572    699   5535    1.89940795e+01   1.1e-02     1.0e+00      2.112e+02
 573    700   5545    1.89935869e+01   5.0e-03     1.0e+00      2.113e+02
 574    701   5555    1.89930959e+01   1.1e-02     1.0e+00      2.114e+02
 575    702   5565    1.89926070e+01   5.0e-03     1.0e+00      2.115e+02
 576    703   5575    1.89921197e+01   1.1e-02     1.0e+00      2.116e+02
 577    704   5585    1.89916343e+01   5.0e-03     1.0e+00      2.117e+02
 578    705   5595    1.89911505e+01   1.1e-02     1.0e+00      2.118e+02
 579    706   5605    1.89906686e+01   5.0e-03     1.0e+00      2.119e+02
 580    707   5615    1.89901883e+01   1.1e-02     1.0e+00      2.120e+02
 581    708   5625    1.89897099e+01   4.9e-03     1.0e+00      2.120e+02
 582    709   5635    1.89892330e+01   1.1e-02     1.0e+00      2.121e+02
 583    710   5645    1.89887579e+01   4.9e-03     1.0e+00      2.122e+02
 584    711   5655    1.89882844e+01   1.1e-02     1.0e+00      2.123e+02
 585    712   5665    1.89878127e+01   4.9e-03     1.0e+00      2.124e+02
 586    713   5675    1.89873425e+01   1.1e-02     1.0e+00      2.125e+02
 587    714   5685    1.89868741e+01   4.9e-03     1.0e+00      2.126e+02
 588    715   5695    1.89864072e+01   1.1e-02     1.0e+00      2.127e+02
 589    716   5705    1.89859422e+01   4.9e-03     1.0e+00      2.128e+02
 590    717   5715    1.89854788e+01   1.1e-02     1.0e+00      2.129e+02
 591    718   5725    1.89850177e+01   4.8e-03     1.0e+00      2.129e+02
 592    719   5735    1.89845580e+01   1.1e-02     1.0e+00      2.130e+02
 593    720   5745    1.89841003e+01   4.8e-03     1.0e+00      2.131e+02
 594    721   5755    1.89836439e+01   1.1e-02     1.0e+00      2.132e+02
 595    722   5765    1.89831893e+01   4.8e-03     1.0e+00      2.133e+02
 596    723   5775    1.89827361e+01   1.1e-02     1.0e+00      2.134e+02
 597    724   5785    1.89822847e+01   4.8e-03     1.0e+00      2.135e+02
 598    725   5795    1.89818345e+01   1.1e-02     1.0e+00      2.136e+02
 599    726   5805    1.89813862e+01   4.8e-03     1.0e+00      2.136e+02
 600    727   5815    1.89809391e+01   1.1e-02     1.0e+00      2.137e+02
 601    728   5825    1.89804938e+01   4.8e-03     1.0e+00      2.138e+02
 602    729   5835    1.89800497e+01   1.1e-02     1.0e+00      2.139e+02
 603    730   5845    1.89796074e+01   4.7e-03     1.0e+00      2.140e+02
 604    731   5855    1.89791663e+01   1.1e-02     1.0e+00      2.141e+02
 605    732   5865    1.89787270e+01   4.7e-03     1.0e+00      2.141e+02
 606    733   5875    1.89782888e+01   1.1e-02     1.0e+00      2.142e+02
 607    734   5885    1.89778524e+01   4.7e-03     1.0e+00      2.143e+02
 608    735   5895    1.89774171e+01   1.1e-02     1.0e+00      2.144e+02
 609    736   5905    1.89769835e+01   4.7e-03     1.0e+00      2.145e+02
 610    737   5915    1.89765511e+01   1.1e-02     1.0e+00      2.146e+02
 611    738   5925    1.89761204e+01   4.7e-03     1.0e+00      2.147e+02
 612    739   5935    1.89756908e+01   1.1e-02     1.0e+00      2.148e+02
 613    740   5945    1.89752628e+01   4.7e-03     1.0e+00      2.148e+02
 614    741   5955    1.89748360e+01   1.1e-02     1.0e+00      2.149e+02
 615    742   5965    1.89744109e+01   4.7e-03     1.0e+00      2.150e+02
 616    743   5975    1.89739869e+01   1.2e-02     1.0e+00      2.151e+02
 617    744   5985    1.89735648e+01   4.6e-03     1.0e+00      2.152e+02
 618    745   5995    1.89731439e+01   1.1e-02     1.0e+00      2.153e+02
 619    746   6005    1.89727249e+01   4.6e-03     1.0e+00      2.153e+02
 620    747   6015    1.89723070e+01   1.1e-02     1.0e+00      2.154e+02
 621    748   6025    1.89718907e+01   4.6e-03     1.0e+00      2.155e+02
 622    749   6035    1.89714755e+01   1.1e-02     1.0e+00      2.156e+02
 623    750   6045    1.89710619e+01   4.6e-03     1.0e+00      2.157e+02
 624    751   6055    1.89706493e+01   1.1e-02     1.0e+00      2.158e+02
 625    752   6065    1.89702383e+01   4.6e-03     1.0e+00      2.158e+02
 626    753   6075    1.89698283e+01   1.1e-02     1.0e+00      2.159e+02
 627    754   6085    1.89694199e+01   4.6e-03     1.0e+00      2.160e+02
 628    755   6095    1.89690125e+01   1.1e-02     1.0e+00      2.161e+02
 629    756   6105    1.89686066e+01   4.6e-03     1.0e+00      2.162e+02
 630    757   6115    1.89682017e+01   1.1e-02     1.0e+00      2.162e+02
 631    758   6125    1.89677983e+01   4.6e-03     1.0e+00      2.163e+02
 632    759   6135    1.89673959e+01   1.1e-02     1.0e+00      2.164e+02
 633    760   6145    1.89669950e+01   4.6e-03     1.0e+00      2.165e+02
 634    761   6155    1.89665950e+01   1.2e-02     1.0e+00      2.166e+02
 635    762   6165    1.89661965e+01   4.6e-03     1.0e+00      2.166e+02
 636    763   6175    1.89657990e+01   1.2e-02     1.0e+00      2.167e+02
 637    764   6185    1.89654029e+01   4.5e-03     1.0e+00      2.168e+02
 638    765   6195    1.89650077e+01   1.2e-02     1.0e+00      2.169e+02
 639    766   6205    1.89646140e+01   4.5e-03     1.0e+00      2.170e+02
 640    767   6215    1.89642211e+01   1.2e-02     1.0e+00      2.171e+02
 641    768   6225    1.89638297e+01   4.5e-03     1.0e+00      2.171e+02
 642    769   6235    1.89634392e+01   1.2e-02     1.0e+00      2.172e+02
 643    770   6245    1.89630502e+01   4.5e-03     1.0e+00      2.173e+02
 644    771   6255    1.89626623e+01   1.1e-02     1.0e+00      2.174e+02
 645    772   6265    1.89622761e+01   4.5e-03     1.0e+00      2.174e+02
 646    773   6275    1.89618909e+01   1.1e-02     1.0e+00      2.175e+02
 647    774   6285    1.89615070e+01   4.5e-03     1.0e+00      2.176e+02
 648    775   6295    1.89611241e+01   1.1e-02     1.0e+00      2.177e+02
 649    776   6305    1.89607425e+01   4.5e-03     1.0e+00      2.178e+02
 650    777   6315    1.89603618e+01   1.2e-02     1.0e+00      2.179e+02
 651    778   6325    1.89599825e+01   4.5e-03     1.0e+00      2.179e+02
 652    779   6335    1.89596041e+01   1.2e-02     1.0e+00      2.180e+02
 653    780   6345    1.89592270e+01   4.5e-03     1.0e+00      2.181e+02
 654    781   6355    1.89588507e+01   1.2e-02     1.0e+00      2.182e+02
 655    782   6365    1.89584757e+01   4.5e-03     1.0e+00      2.182e+02
 656    783   6375    1.89581016e+01   1.2e-02     1.0e+00      2.183e+02
 657    784   6385    1.89577288e+01   4.5e-03     1.0e+00      2.184e+02
 658    785   6395    1.89573568e+01   1.2e-02     1.0e+00      2.185e+02
 659    786   6405    1.89569861e+01   4.5e-03     1.0e+00      2.186e+02
 660    787   6415    1.89566162e+01   1.2e-02     1.0e+00      2.186e+02
 661    788   6425    1.89562476e+01   4.5e-03     1.0e+00      2.187e+02
 662    789   6435    1.89558798e+01   1.2e-02     1.0e+00      2.188e+02
 663    790   6445    1.89555132e+01   4.5e-03     1.0e+00      2.189e+02
 664    791   6455    1.89551474e+01   1.2e-02     1.0e+00      2.190e+02
 665    792   6465    1.89547830e+01   4.5e-03     1.0e+00      2.190e+02
 666    793   6475    1.89544192e+01   1.2e-02     1.0e+00      2.191e+02
 667    794   6485    1.89540567e+01   4.5e-03     1.0e+00      2.192e+02
 668    795   6495    1.89536950e+01   1.2e-02     1.0e+00      2.193e+02
 669    796   6505    1.89533345e+01   4.5e-03     1.0e+00      2.193e+02
 670    797   6515    1.89529748e+01   1.2e-02     1.0e+00      2.194e+02
 671    798   6525    1.89526164e+01   4.5e-03     1.0e+00      2.195e+02
 672    799   6535    1.89522588e+01   1.2e-02     1.0e+00      2.196e+02
 673    800   6545    1.89519029e+01   4.5e-03     1.0e+00      2.196e+02
 674    801   6555    1.89515477e+01   1.2e-02     1.0e+00      2.197e+02
 675    802   6565    1.89511938e+01   4.5e-03     1.0e+00      2.198e+02
 676    803   6575    1.89508406e+01   1.2e-02     1.0e+00      2.199e+02
 677    804   6585    1.89504886e+01   4.5e-03     1.0e+00      2.199e+02
 678    805   6595    1.89501373e+01   1.2e-02     1.0e+00      2.200e+02
 679    806   6605    1.89497873e+01   4.4e-03     1.0e+00      2.201e+02
 680    807   6615    1.89494379e+01   1.2e-02     1.0e+00      2.202e+02
 681    808   6625    1.89490898e+01   4.4e-03     1.0e+00      2.202e+02
 682    809   6635    1.89487423e+01   1.2e-02     1.0e+00      2.203e+02
 683    810   6645    1.89483960e+01   4.4e-03     1.0e+00      2.204e+02
 684    811   6655    1.89480502e+01   1.2e-02     1.0e+00      2.205e+02
 685    812   6665    1.89477057e+01   4.4e-03     1.0e+00      2.205e+02
 686    813   6675    1.89473617e+01   1.2e-02     1.0e+00      2.206e+02
 687    814   6685    1.89470188e+01   4.4e-03     1.0e+00      2.207e+02
 688    815   6695    1.89466765e+01   1.2e-02     1.0e+00      2.208e+02
 689    816   6705    1.89463353e+01   4.3e-03     1.0e+00      2.208e+02
 690    817   6715    1.89459946e+01   1.2e-02     1.0e+00      2.209e+02
 691    818   6725    1.89456551e+01   4.3e-03     1.0e+00      2.210e+02
 692    819   6735    1.89453159e+01   1.2e-02     1.0e+00      2.211e+02
 693    820   6745    1.89449780e+01   4.3e-03     1.0e+00      2.211e+02
 694    821   6755    1.89446406e+01   1.2e-02     1.0e+00      2.212e+02
 695    822   6765    1.89443044e+01   4.3e-03     1.0e+00      2.213e+02
 696    823   6775    1.89439686e+01   1.2e-02     1.0e+00      2.214e+02
 697    824   6785    1.89436339e+01   4.2e-03     1.0e+00      2.214e+02
 698    825   6795    1.89432997e+01   1.2e-02     1.0e+00      2.215e+02
 699    826   6805    1.89429665e+01   4.2e-03     1.0e+00      2.216e+02
 700    827   6815    1.89426336e+01   1.2e-02     1.0e+00      2.217e+02
 701    828   6825    1.89423018e+01   4.2e-03     1.0e+00      2.217e+02
 702    829   6835    1.89419704e+01   1.3e-02     1.0e+00      2.218e+02
 703    830   6845    1.89416400e+01   4.2e-03     1.0e+00      2.219e+02
 704    831   6855    1.89413099e+01   1.3e-02     1.0e+00      2.220e+02
 705    832   6865    1.89409808e+01   4.2e-03     1.0e+00      2.220e+02
 706    833   6875    1.89406520e+01   1.3e-02     1.0e+00      2.221e+02
 707    834   6885    1.89403243e+01   4.2e-03     1.0e+00      2.222e+02
 708    835   6895    1.89399969e+01   1.3e-02     1.0e+00      2.222e+02
 709    836   6905    1.89396706e+01   4.2e-03     1.0e+00      2.223e+02
 710    837   6915    1.89393446e+01   1.3e-02     1.0e+00      2.224e+02
 711    838   6925    1.89390195e+01   4.1e-03     1.0e+00      2.224e+02
 712    839   6935    1.89386948e+01   1.3e-02     1.0e+00      2.225e+02
 713    840   6945    1.89383710e+01   4.1e-03     1.0e+00      2.226e+02
 714    841   6955    1.89380474e+01   1.3e-02     1.0e+00      2.227e+02
 715    842   6959    1.89378905e+01   5.2e-03     1.0e+00      2.227e+02
 716    843   6969    1.89373205e+01   8.3e-03     1.0e+00      2.229e+02
 717    844   6973    1.89368633e+01   4.5e-03     1.0e+00      2.229e+02
 718    845   6983    1.89359445e+01   7.1e-03     1.0e+00      2.233e+02
 719    846   6987    1.89351358e+01   1.2e-02     1.0e+00      2.233e+02
 720    847   6997    1.89266627e+01   2.4e-02     1.0e+00      2.271e+02
 721    848   7000    1.89202321e+01   2.4e-02     1.0e+00      2.271e+02
 722    849   7004    1.89191291e+01   4.6e-03     1.0e+00      2.271e+02
 723    850   7010    1.89188287e+01   2.9e-03     1.0e+00      2.271e+02
 724    851   7020    1.89179071e+01   1.1e-02     1.0e+00      2.276e+02
 725    852   7025    1.89171238e+01   9.6e-03     1.0e+00      2.276e+02
 726    853   7035    1.89167820e+01   6.0e-03     1.0e+00      2.277e+02
 727    854   7042    1.89165330e+01   4.8e-03     1.0e+00      2.277e+02
 728    855   7052    1.89155240e+01   1.9e-02     1.0e+00      2.281e+02
 729    856   7055    1.89147539e+01   4.1e-03     1.0e+00      2.281e+02
 730    857   7061    1.89145455e+01   3.3e-03     1.0e+00      2.281e+02
 731    858   7071    1.89138111e+01   9.5e-03     1.0e+00      2.285e+02
 732    859   7077    1.89131777e+01   6.6e-03     1.0e+00      2.285e+02
 733    860   7087    1.89127114e+01   1.2e-02     1.0e+00      2.286e+02
 734    861   7095    1.89123162e+01   7.3e-03     1.0e+00      2.287e+02
 735    862   7105    1.89119940e+01   9.0e-03     1.0e+00      2.288e+02
 736    863   7113    1.89117086e+01   2.8e-03     1.0e+00      2.288e+02
 737    864   7123    1.89110347e+01   7.5e-03     1.0e+00      2.291e+02
 738    865   7128    1.89104713e+01   8.0e-03     1.0e+00      2.291e+02
 739    866   7138    1.89101540e+01   5.1e-03     1.0e+00      2.292e+02
 740    867   7144    1.89099107e+01   7.4e-03     1.0e+00      2.292e+02
 741    868   7154    1.89089929e+01   1.5e-02     1.0e+00      2.296e+02
 742    869   7158    1.89083344e+01   4.6e-03     1.0e+00      2.296e+02
 743    870   7168    1.89079637e+01   9.0e-03     1.0e+00      2.297e+02
 744    871   7170    1.89079093e+01   2.7e-03     1.0e+00      2.297e+02
 745    872   7180    1.89074151e+01   7.3e-03     1.0e+00      2.299e+02
 746    873   7184    1.89071768e+01   9.9e-03     1.0e+00      2.299e+02
 747    874   7193    1.89068774e+01   2.8e-03     1.0e+00      2.299e+02
 748    875   7203    1.89064195e+01   7.6e-03     1.0e+00      2.301e+02
 749    876   7205    1.89063021e+01   1.1e-02     1.0e+00      2.301e+02
 750    877   7215    1.89059302e+01   3.1e-03     1.0e+00      2.302e+02
 751    878   7225    1.89055896e+01   2.6e-03     1.0e+00      2.303e+02
 752    879   7235    1.89052705e+01   2.7e-03     1.0e+00      2.303e+02
 753    880   7245    1.89049768e+01   2.9e-03     1.0e+00      2.304e+02
 754    881   7255    1.89046951e+01   3.3e-03     1.0e+00      2.305e+02
 755    882   7265    1.89044480e+01   3.4e-03     1.0e+00      2.305e+02
 756    883   7275    1.89042142e+01   3.8e-03     1.0e+00      2.306e+02
 757    884   7285    1.89039951e+01   3.8e-03     1.0e+00      2.306e+02
 758    885   7295    1.89037782e+01   3.8e-03     1.0e+00      2.307e+02
 759    886   7305    1.89035629e+01   3.8e-03     1.0e+00      2.307e+02
 760    887   7315    1.89033482e+01   3.8e-03     1.0e+00      2.308e+02
 761    888   7325    1.89031340e+01   3.8e-03     1.0e+00      2.308e+02
 762    889   7335    1.89029203e+01   3.8e-03     1.0e+00      2.309e+02
 763    890   7345    1.89027066e+01   4.3e-03     1.0e+00      2.309e+02
 764    891   7355    1.89024933e+01   3.8e-03     1.0e+00      2.310e+02
 765    892   7365    1.89022795e+01   5.3e-03     1.0e+00      2.310e+02
 766    893   7375    1.89020661e+01   3.8e-03     1.0e+00      2.311e+02
 767    894   7385    1.89018512e+01   6.9e-03     1.0e+00      2.311e+02
 768    895   7395    1.89016366e+01   3.8e-03     1.0e+00      2.312e+02
 769    896   7405    1.89014192e+01   8.9e-03     1.0e+00      2.312e+02
 770    897   7415    1.89012022e+01   3.7e-03     1.0e+00      2.313e+02
 771    898   7425    1.89009827e+01   1.0e-02     1.0e+00      2.313e+02
 772    899   7435    1.89007635e+01   3.8e-03     1.0e+00      2.314e+02
 773    900   7445    1.89005430e+01   1.1e-02     1.0e+00      2.314e+02
 774    901   7455    1.89003228e+01   3.6e-03     1.0e+00      2.315e+02
 775    902   7465    1.89001021e+01   1.1e-02     1.0e+00      2.315e+02
 776    903   7475    1.88998819e+01   3.9e-03     1.0e+00      2.316e+02
 777    904   7485    1.88996620e+01   1.1e-02     1.0e+00      2.316e+02
 778    905   7495    1.88994425e+01   3.7e-03     1.0e+00      2.317e+02
 779    906   7505    1.88992235e+01   1.1e-02     1.0e+00      2.317e+02
 780    907   7515    1.88990048e+01   3.9e-03     1.0e+00      2.318e+02
 781    908   7525    1.88987860e+01   1.2e-02     1.0e+00      2.318e+02
 782    909   7535    1.88985675e+01   3.9e-03     1.0e+00      2.319e+02
 783    910   7545    1.88983491e+01   1.2e-02     1.0e+00      2.320e+02
 784    911   7555    1.88981310e+01   3.9e-03     1.0e+00      2.320e+02
 785    912   7565    1.88979130e+01   1.2e-02     1.0e+00      2.321e+02
 786    913   7575    1.88976953e+01   3.9e-03     1.0e+00      2.321e+02
 787    914   7585    1.88974778e+01   1.2e-02     1.0e+00      2.322e+02
 788    915   7595    1.88972607e+01   3.9e-03     1.0e+00      2.322e+02
 789    916   7605    1.88970438e+01   1.2e-02     1.0e+00      2.323e+02
 790    917   7615    1.88968272e+01   3.9e-03     1.0e+00      2.323e+02
 791    918   7625    1.88966108e+01   1.2e-02     1.0e+00      2.324e+02
 792    919   7635    1.88963947e+01   3.8e-03     1.0e+00      2.324e+02
 793    920   7645    1.88961789e+01   1.2e-02     1.0e+00      2.325e+02
 794    921   7655    1.88959634e+01   3.8e-03     1.0e+00      2.325e+02
 795    922   7665    1.88957482e+01   1.2e-02     1.0e+00      2.326e+02
 796    923   7675    1.88955333e+01   3.8e-03     1.0e+00      2.326e+02
 797    924   7685    1.88953186e+01   1.2e-02     1.0e+00      2.327e+02
 798    925   7695    1.88951041e+01   3.8e-03     1.0e+00      2.327e+02
 799    926   7705    1.88948900e+01   1.2e-02     1.0e+00      2.328e+02
 800    927   7715    1.88946761e+01   3.8e-03     1.0e+00      2.328e+02
 801    928   7725    1.88944624e+01   1.2e-02     1.0e+00      2.329e+02
 802    929   7735    1.88942491e+01   3.8e-03     1.0e+00      2.329e+02
 803    930   7745    1.88940360e+01   1.2e-02     1.0e+00      2.330e+02
 804    931   7755    1.88938232e+01   3.8e-03     1.0e+00      2.330e+02
 805    932   7765    1.88936107e+01   1.2e-02     1.0e+00      2.331e+02
 806    933   7775    1.88933984e+01   3.8e-03     1.0e+00      2.331e+02
 807    934   7785    1.88931864e+01   1.2e-02     1.0e+00      2.332e+02
 808    935   7795    1.88929746e+01   3.8e-03     1.0e+00      2.332e+02
 809    936   7805    1.88927631e+01   1.2e-02     1.0e+00      2.332e+02
 810    937   7815    1.88925518e+01   3.8e-03     1.0e+00      2.333e+02
 811    938   7825    1.88923408e+01   1.2e-02     1.0e+00      2.333e+02
 812    939   7835    1.88921301e+01   3.8e-03     1.0e+00      2.334e+02
 813    940   7845    1.88919196e+01   1.2e-02     1.0e+00      2.334e+02
 814    941   7855    1.88917094e+01   3.8e-03     1.0e+00      2.335e+02
 815    942   7865    1.88914993e+01   1.2e-02     1.0e+00      2.335e+02
 816    943   7875    1.88912896e+01   3.8e-03     1.0e+00      2.336e+02
 817    944   7885    1.88910801e+01   1.2e-02     1.0e+00      2.336e+02
 818    945   7895    1.88908708e+01   3.7e-03     1.0e+00      2.337e+02
 819    946   7905    1.88906617e+01   1.2e-02     1.0e+00      2.337e+02
 820    947   7915    1.88904529e+01   3.7e-03     1.0e+00      2.338e+02
 821    948   7925    1.88902443e+01   1.2e-02     1.0e+00      2.338e+02
 822    949   7935    1.88900360e+01   3.7e-03     1.0e+00      2.339e+02
 823    950   7945    1.88898278e+01   1.2e-02     1.0e+00      2.339e+02
 824    951   7955    1.88896200e+01   3.7e-03     1.0e+00      2.340e+02
 825    952   7965    1.88894123e+01   1.2e-02     1.0e+00      2.340e+02
 826    953   7975    1.88892048e+01   3.7e-03     1.0e+00      2.341e+02
 827    954   7985    1.88889975e+01   1.2e-02     1.0e+00      2.341e+02
 828    955   7995    1.88887905e+01   3.7e-03     1.0e+00      2.342e+02
 829    956   8005    1.88885837e+01   1.2e-02     1.0e+00      2.342e+02
 830    957   8015    1.88883771e+01   3.7e-03     1.0e+00      2.343e+02
 831    958   8025    1.88881707e+01   1.2e-02     1.0e+00      2.343e+02
 832    959   8035    1.88879645e+01   3.7e-03     1.0e+00      2.343e+02
 833    960   8045    1.88877585e+01   1.2e-02     1.0e+00      2.344e+02
 834    961   8055    1.88875527e+01   3.7e-03     1.0e+00      2.344e+02
 835    962   8065    1.88873472e+01   1.2e-02     1.0e+00      2.345e+02
 836    963   8075    1.88871418e+01   3.7e-03     1.0e+00      2.345e+02
 837    964   8085    1.88869367e+01   1.2e-02     1.0e+00      2.346e+02
 838    965   8095    1.88867318e+01   3.7e-03     1.0e+00      2.346e+02
 839    966   8105    1.88865270e+01   1.2e-02     1.0e+00      2.347e+02
 840    967   8115    1.88863225e+01   3.7e-03     1.0e+00      2.347e+02
 841    968   8125    1.88861182e+01   1.2e-02     1.0e+00      2.348e+02
 842    969   8135    1.88859140e+01   3.7e-03     1.0e+00      2.348e+02
 843    970   8145    1.88857100e+01   1.2e-02     1.0e+00      2.349e+02
 844    971   8155    1.88855063e+01   3.7e-03     1.0e+00      2.349e+02
 845    972   8165    1.88853027e+01   1.2e-02     1.0e+00      2.350e+02
 846    973   8175    1.88850993e+01   3.6e-03     1.0e+00      2.350e+02
 847    974   8185    1.88848961e+01   1.2e-02     1.0e+00      2.351e+02
 848    975   8195    1.88846931e+01   3.6e-03     1.0e+00      2.351e+02
 849    976   8205    1.88844902e+01   1.2e-02     1.0e+00      2.352e+02
 850    977   8215    1.88842876e+01   3.6e-03     1.0e+00      2.352e+02
 851    978   8225    1.88840850e+01   1.2e-02     1.0e+00      2.352e+02
 852    979   8235    1.88838827e+01   3.6e-03     1.0e+00      2.353e+02
 853    980   8245    1.88836805e+01   1.2e-02     1.0e+00      2.353e+02
 854    981   8255    1.88834785e+01   3.6e-03     1.0e+00      2.354e+02
 855    982   8265    1.88832766e+01   1.2e-02     1.0e+00      2.354e+02
 856    983   8275    1.88830750e+01   3.6e-03     1.0e+00      2.355e+02
 857    984   8285    1.88828734e+01   1.2e-02     1.0e+00      2.355e+02
 858    985   8295    1.88826721e+01   3.6e-03     1.0e+00      2.356e+02
 859    986   8305    1.88824709e+01   1.2e-02     1.0e+00      2.356e+02
 860    987   8315    1.88822700e+01   3.6e-03     1.0e+00      2.356e+02
 861    988   8325    1.88820691e+01   1.3e-02     1.0e+00      2.357e+02
 862    989   8335    1.88818685e+01   3.6e-03     1.0e+00      2.357e+02
 863    990   8345    1.88816679e+01   1.3e-02     1.0e+00      2.358e+02
 864    991   8355    1.88814676e+01   3.6e-03     1.0e+00      2.358e+02
 865    992   8365    1.88812674e+01   1.3e-02     1.0e+00      2.359e+02
 866    993   8375    1.88810673e+01   3.6e-03     1.0e+00      2.359e+02
 867    994   8385    1.88808674e+01   1.3e-02     1.0e+00      2.360e+02
 868    995   8395    1.88806677e+01   3.6e-03     1.0e+00      2.360e+02
 869    996   8405    1.88804681e+01   1.3e-02     1.0e+00      2.361e+02
 870    997   8415    1.88802687e+01   3.6e-03     1.0e+00      2.361e+02
 871    998   8425    1.88800694e+01   1.3e-02     1.0e+00      2.362e+02
 872    999   8435    1.88798703e+01   3.6e-03     1.0e+00      2.362e+02
 873   1000   8445    1.88796713e+01   1.3e-02     1.0e+00      2.362e+02
 874   1001   8455    1.88794724e+01   3.6e-03     1.0e+00      2.363e+02
 875   1002   8465    1.88792737e+01   1.3e-02     1.0e+00      2.363e+02
 876   1003   8475    1.88790751e+01   3.6e-03     1.0e+00      2.364e+02
 877   1004   8485    1.88788766e+01   1.3e-02     1.0e+00      2.364e+02
 878   1005   8495    1.88786783e+01   3.6e-03     1.0e+00      2.365e+02
 879   1006   8505    1.88784801e+01   1.3e-02     1.0e+00      2.365e+02
 880   1007   8515    1.88782821e+01   3.5e-03     1.0e+00      2.366e+02
 881   1008   8525    1.88780841e+01   1.3e-02     1.0e+00      2.366e+02
 882   1009   8535    1.88778863e+01   3.5e-03     1.0e+00      2.366e+02
 883   1010   8545    1.88776886e+01   1.3e-02     1.0e+00      2.367e+02
 884   1011   8555    1.88774911e+01   3.5e-03     1.0e+00      2.367e+02
 885   1012   8565    1.88772936e+01   1.3e-02     1.0e+00      2.368e+02
 886   1013   8575    1.88770964e+01   3.5e-03     1.0e+00      2.368e+02
 887   1014   8585    1.88768992e+01   1.3e-02     1.0e+00      2.369e+02
 888   1015   8595    1.88767022e+01   3.5e-03     1.0e+00      2.369e+02
 889   1016   8605    1.88765052e+01   1.3e-02     1.0e+00      2.370e+02
 890   1017   8615    1.88763084e+01   3.5e-03     1.0e+00      2.370e+02
 891   1018   8625    1.88761116e+01   1.3e-02     1.0e+00      2.371e+02
 892   1019   8635    1.88759150e+01   3.5e-03     1.0e+00      2.371e+02
 893   1020   8645    1.88757184e+01   1.3e-02     1.0e+00      2.371e+02
 894   1021   8655    1.88755220e+01   3.5e-03     1.0e+00      2.372e+02
 895   1022   8665    1.88753257e+01   1.3e-02     1.0e+00      2.372e+02
 896   1023   8675    1.88751295e+01   3.5e-03     1.0e+00      2.373e+02
 897   1024   8685    1.88749333e+01   1.3e-02     1.0e+00      2.373e+02
 898   1025   8695    1.88747373e+01   3.5e-03     1.0e+00      2.374e+02
 899   1026   8705    1.88745413e+01   1.3e-02     1.0e+00      2.374e+02
 900   1027   8715    1.88743454e+01   3.5e-03     1.0e+00      2.374e+02
 901   1028   8725    1.88741496e+01   1.3e-02     1.0e+00      2.375e+02
 902   1029   8735    1.88739539e+01   3.5e-03     1.0e+00      2.375e+02
 903   1030   8745    1.88737582e+01   1.3e-02     1.0e+00      2.376e+02
 904   1031   8755    1.88735626e+01   3.5e-03     1.0e+00      2.376e+02
 905   1032   8765    1.88733671e+01   1.3e-02     1.0e+00      2.377e+02
 906   1033   8775    1.88731718e+01   3.5e-03     1.0e+00      2.377e+02
 907   1034   8785    1.88729764e+01   1.3e-02     1.0e+00      2.378e+02
 908   1035   8795    1.88727812e+01   3.5e-03     1.0e+00      2.378e+02
 909   1036   8805    1.88725861e+01   1.3e-02     1.0e+00      2.378e+02
 910   1037   8815    1.88723910e+01   3.5e-03     1.0e+00      2.379e+02
 911   1038   8825    1.88721960e+01   1.3e-02     1.0e+00      2.379e+02
 912   1039   8835    1.88720011e+01   3.5e-03     1.0e+00      2.380e+02
 913   1040   8845    1.88718062e+01   1.4e-02     1.0e+00      2.380e+02
 914   1041   8855    1.88716114e+01   3.5e-03     1.0e+00      2.380e+02
 915   1042   8865    1.88714166e+01   1.4e-02     1.0e+00      2.381e+02
 916   1043   8875    1.88712220e+01   3.5e-03     1.0e+00      2.381e+02
 917   1044   8885    1.88710272e+01   1.4e-02     1.0e+00      2.382e+02
 918   1045   8895    1.88708325e+01   3.4e-03     1.0e+00      2.382e+02
 919   1046   8905    1.88706378e+01   1.4e-02     1.0e+00      2.383e+02
 920   1047   8915    1.88704433e+01   3.4e-03     1.0e+00      2.383e+02
 921   1048   8925    1.88702486e+01   1.4e-02     1.0e+00      2.384e+02
 922   1049   8935    1.88700541e+01   3.4e-03     1.0e+00      2.384e+02
 923   1050   8945    1.88698595e+01   1.4e-02     1.0e+00      2.384e+02
 924   1051   8955    1.88696650e+01   3.4e-03     1.0e+00      2.385e+02
 925   1052   8965    1.88694703e+01   1.4e-02     1.0e+00      2.385e+02
 926   1053   8975    1.88692758e+01   3.4e-03     1.0e+00      2.386e+02
 927   1054   8985    1.88690811e+01   1.4e-02     1.0e+00      2.386e+02
 928   1055   8995    1.88688865e+01   3.4e-03     1.0e+00      2.387e+02
 929   1056   9005    1.88686916e+01   1.4e-02     1.0e+00      2.387e+02
 930   1057   9015    1.88684970e+01   3.4e-03     1.0e+00      2.387e+02
 931   1058   9025    1.88683020e+01   1.4e-02     1.0e+00      2.388e+02
 932   1059   9035    1.88681072e+01   3.4e-03     1.0e+00      2.388e+02
 933   1060   9045    1.88679120e+01   1.4e-02     1.0e+00      2.389e+02
 934   1061   9055    1.88677170e+01   3.4e-03     1.0e+00      2.389e+02
 935   1062   9065    1.88675216e+01   1.5e-02     1.0e+00      2.390e+02
 936   1063   9075    1.88673263e+01   3.3e-03     1.0e+00      2.390e+02
 937   1064   9085    1.88671305e+01   1.5e-02     1.0e+00      2.391e+02
 938   1065   9095    1.88669348e+01   3.3e-03     1.0e+00      2.391e+02
 939   1066   9105    1.88667386e+01   1.5e-02     1.0e+00      2.391e+02
 940   1067   9115    1.88665425e+01   3.3e-03     1.0e+00      2.392e+02
 941   1068   9125    1.88663455e+01   1.5e-02     1.0e+00      2.392e+02
 942   1069   9135    1.88661488e+01   3.2e-03     1.0e+00      2.393e+02
 943   1070   9145    1.88659510e+01   1.6e-02     1.0e+00      2.393e+02
 944   1071   9155    1.88657534e+01   3.2e-03     1.0e+00      2.393e+02
 945   1072   9165    1.88655543e+01   1.6e-02     1.0e+00      2.394e+02
 946   1073   9175    1.88653554e+01   3.1e-03     1.0e+00      2.394e+02
 947   1074   9185    1.88651547e+01   1.6e-02     1.0e+00      2.395e+02
 948   1075   9195    1.88649543e+01   3.1e-03     1.0e+00      2.395e+02
 949   1076   9205    1.88647515e+01   1.7e-02     1.0e+00      2.396e+02
 950   1077   9215    1.88645490e+01   3.0e-03     1.0e+00      2.396e+02
 951   1078   9225    1.88643434e+01   1.8e-02     1.0e+00      2.397e+02
 952   1079   9235    1.88641379e+01   3.0e-03     1.0e+00      2.397e+02
 953   1080   9245    1.88639284e+01   1.9e-02     1.0e+00      2.398e+02
 954   1081   9255    1.88637192e+01   2.9e-03     1.0e+00      2.398e+02
 955   1082   9265    1.88635043e+01   2.1e-02     1.0e+00      2.399e+02
 956   1083   9271    1.88633524e+01   2.8e-03     1.0e+00      2.399e+02
 957   1084   9281    1.88615045e+01   9.1e-03     1.0e+00      2.407e+02
 958   1085   9284    1.88598284e+01   1.7e-02     1.0e+00      2.407e+02
 959   1086   9288    1.88597007e+01   2.5e-03     1.0e+00      2.407e+02
 960   1087   9298    1.88588263e+01   1.1e-02     1.0e+00      2.410e+02
 961   1088   9301    1.88581232e+01   9.2e-03     1.0e+00      2.410e+02
 962   1089   9308    1.88579544e+01   2.3e-03     1.0e+00      2.410e+02
 963   1090   9318    1.88570301e+01   1.4e-02     1.0e+00      2.414e+02
 964   1091   9321    1.88562823e+01   1.0e-02     1.0e+00      2.414e+02
 965   1092   9328    1.88561101e+01   2.2e-03     1.0e+00      2.414e+02
 966   1093   9338    1.88554560e+01   1.7e-02     1.0e+00      2.417e+02
 967   1094   9342    1.88549546e+01   5.5e-03     1.0e+00      2.417e+02
 968   1095   9351    1.88547771e+01   2.6e-03     1.0e+00      2.417e+02
 969   1096   9361    1.88544665e+01   1.5e-02     1.0e+00      2.418e+02
 970   1097   9363    1.88543158e+01   8.8e-03     1.0e+00      2.418e+02
 971   1098   9371    1.88541589e+01   2.5e-03     1.0e+00      2.419e+02
 972   1099   9381    1.88512911e+01   5.1e-02     1.0e+00      2.431e+02
 973   1100   9384    1.88487452e+01   2.0e-02     1.0e+00      2.431e+02
 974   1101   9389    1.88485010e+01   2.0e-03     1.0e+00      2.431e+02
 975   1102   9399    1.88481128e+01   9.7e-03     1.0e+00      2.432e+02
 976   1103   9403    1.88478369e+01   5.1e-03     1.0e+00      2.432e+02
 977   1104   9413    1.88476457e+01   4.4e-03     1.0e+00      2.433e+02
 978   1105   9423    1.88474504e+01   1.2e-02     1.0e+00      2.433e+02
 979   1106   9433    1.88472584e+01   3.7e-03     1.0e+00      2.433e+02
 980   1107   9443    1.88470660e+01   1.2e-02     1.0e+00      2.434e+02
 981   1108   9453    1.88468740e+01   3.4e-03     1.0e+00      2.434e+02
 982   1109   9463    1.88466314e+01   1.8e-02     1.0e+00      2.435e+02
 983   1110   9467    1.88465182e+01   3.5e-03     1.0e+00      2.435e+02
 984   1111   9477    1.88460318e+01   2.0e-02     1.0e+00      2.437e+02
 985   1112   9480    1.88457069e+01   8.8e-03     1.0e+00      2.437e+02
 986   1113   9486    1.88455621e+01   2.0e-03     1.0e+00      2.437e+02
 987   1114   9496    1.88450686e+01   7.8e-03     1.0e+00      2.439e+02
 988   1115   9501    1.88446798e+01   5.9e-03     1.0e+00      2.439e+02
 989   1116   9511    1.88444849e+01   4.4e-03     1.0e+00      2.439e+02
 990   1117   9521    1.88443007e+01   4.8e-03     1.0e+00      2.440e+02
 991   1118   9531    1.88441200e+01   3.7e-03     1.0e+00      2.440e+02
 992   1119   9541    1.88439415e+01   4.7e-03     1.0e+00      2.440e+02
 993   1120   9551    1.88437639e+01   3.6e-03     1.0e+00      2.441e+02
 994   1121   9561    1.88435873e+01   4.6e-03     1.0e+00      2.441e+02
 995   1122   9571    1.88434115e+01   3.7e-03     1.0e+00      2.441e+02
 996   1123   9581    1.88432363e+01   4.7e-03     1.0e+00      2.442e+02
 997   1124   9591    1.88430635e+01   3.6e-03     1.0e+00      2.442e+02
 998   1125   9601    1.88428914e+01   5.1e-03     1.0e+00      2.442e+02
 999   1126   9611    1.88427222e+01   3.3e-03     1.0e+00      2.443e+02
1000   1127   9621    1.88425533e+01   5.2e-03     1.0e+00      2.443e+02
1001   1128   9631    1.88423850e+01   3.0e-03     1.0e+00      2.444e+02
1002   1129   9641    1.88422169e+01   5.2e-03     1.0e+00      2.444e+02
1003   1130   9651    1.88420488e+01   2.9e-03     1.0e+00      2.444e+02
1004   1131   9661    1.88418808e+01   5.2e-03     1.0e+00      2.445e+02
1005   1132   9671    1.88417129e+01   2.9e-03     1.0e+00      2.445e+02
1006   1133   9681    1.88415451e+01   5.2e-03     1.0e+00      2.445e+02
1007   1134   9691    1.88413773e+01   3.0e-03     1.0e+00      2.446e+02
1008   1135   9701    1.88412096e+01   5.3e-03     1.0e+00      2.446e+02
1009   1136   9711    1.88410420e+01   3.0e-03     1.0e+00      2.446e+02
1010   1137   9721    1.88408744e+01   5.4e-03     1.0e+00      2.447e+02
1011   1138   9731    1.88407068e+01   3.0e-03     1.0e+00      2.447e+02
1012   1139   9741    1.88405393e+01   5.5e-03     1.0e+00      2.447e+02
1013   1140   9751    1.88403717e+01   3.1e-03     1.0e+00      2.448e+02
1014   1141   9761    1.88402042e+01   5.7e-03     1.0e+00      2.448e+02
1015   1142   9771    1.88400368e+01   3.1e-03     1.0e+00      2.448e+02
1016   1143   9781    1.88398693e+01   5.9e-03     1.0e+00      2.449e+02
1017   1144   9791    1.88397018e+01   3.1e-03     1.0e+00      2.449e+02
1018   1145   9801    1.88395343e+01   6.3e-03     1.0e+00      2.449e+02
1019   1146   9811    1.88393667e+01   3.2e-03     1.0e+00      2.450e+02
1020   1147   9821    1.88391991e+01   6.6e-03     1.0e+00      2.450e+02
1021   1148   9831    1.88390315e+01   3.2e-03     1.0e+00      2.450e+02
1022   1149   9841    1.88388638e+01   7.0e-03     1.0e+00      2.451e+02
1023   1150   9851    1.88386960e+01   3.2e-03     1.0e+00      2.451e+02
1024   1151   9861    1.88385282e+01   7.4e-03     1.0e+00      2.451e+02
1025   1152   9871    1.88383604e+01   3.2e-03     1.0e+00      2.452e+02
1026   1153   9881    1.88381925e+01   7.8e-03     1.0e+00      2.452e+02
1027   1154   9891    1.88380246e+01   3.2e-03     1.0e+00      2.452e+02
1028   1155   9901    1.88378566e+01   8.1e-03     1.0e+00      2.453e+02
1029   1156   9911    1.88376886e+01   3.2e-03     1.0e+00      2.453e+02
1030   1157   9921    1.88375201e+01   8.8e-03     1.0e+00      2.454e+02
1031   1158   9931    1.88373516e+01   3.1e-03     1.0e+00      2.454e+02
1032   1159   9941    1.88371803e+01   1.1e-02     1.0e+00      2.454e+02
1033   1160   9951    1.88370093e+01   3.0e-03     1.0e+00      2.455e+02
1034   1161   9961    1.88367452e+01   1.9e-02     1.0e+00      2.455e+02
1035   1162   9965    1.88366013e+01   7.0e-03     1.0e+00      2.455e+02
1036   1163   9975    1.88362338e+01   9.0e-03     1.0e+00      2.457e+02
1037   1164   9979    1.88359667e+01   2.6e-03     1.0e+00      2.457e+02
1038   1165   9989    1.88357848e+01   4.6e-03     1.0e+00      2.457e+02
1039   1166   9995    1.88356606e+01   2.9e-03     1.0e+00      2.457e+02
1040   1167   10005    1.88351181e+01   7.4e-03     1.0e+00      2.459e+02
1041   1168   10010    1.88346133e+01   4.4e-03     1.0e+00      2.459e+02
1042   1169   10020    1.88236423e+01   2.3e-02     1.0e+00      2.505e+02
1043   1170   10024    1.88129138e+01   1.1e-02     1.0e+00      2.505e+02
1044   1171   10027    1.88128187e+01   1.8e-03     1.0e+00      2.505e+02
1045   1172   10037    1.88116222e+01   1.2e-02     1.0e+00      2.510e+02
1046   1173   10042    1.88105276e+01   9.5e-03     1.0e+00      2.510e+02
1047   1174   10046    1.88104531e+01   5.0e-03     1.0e+00      2.510e+02
1048   1175   10056    1.88101566e+01   9.3e-03     1.0e+00      2.511e+02
1049   1176   10063    1.88099020e+01   1.9e-03     1.0e+00      2.511e+02
