
                            < M A T L A B (R) >
                  Copyright 1984-2013 The MathWorks, Inc.
                    R2013a (8.1.0.604) 64-bit (glnxa64)
                             February 15, 2013

 
To get started, type one of these: helpwin, helpdesk, or demo.
For product information, visit www.mathworks.com.
 
>> >> >> >> >> >> >> >> X-ray simulation startup file...
====== Fluorescence Detector Resolution is 5
====== Angle Number  1 of 12: 0
====== Angle Number  2 of 12: 1.636364e+01
====== Angle Number  3 of 12: 3.272727e+01
====== Angle Number  4 of 12: 4.909091e+01
====== Angle Number  5 of 12: 6.545455e+01
====== Angle Number  6 of 12: 8.181818e+01
====== Angle Number  7 of 12: 9.818182e+01
====== Angle Number  8 of 12: 1.145455e+02
====== Angle Number  9 of 12: 1.309091e+02
====== Angle Number  10 of 12: 1.472727e+02
====== Angle Number  11 of 12: 1.636364e+02
====== Angle Number  12 of 12: 180
>> >> >> >> >> >> ===================== 20
====== With Self Absorption, Transmission Detector Resolution is 30
ans =
        1600        2000
ans =
         320        2000
J1 =
        1566
J2 =
   290
J3 =
        1728
  it     nf     cg           f             f_xrf             f_xtm            |g|        alpha        error
   0      1      0    4.34119229e+04   1.5e+04     1.0e+00      3.024e+01
   1      3      8    4.21877651e+04    3.79234036e+03     3.83954247e+04    1.4e+04     1.2e-02      3.010e+01
   2      4     16    3.17474706e+04    2.58291441e+04     5.91832648e+03    3.2e+04     1.0e+00      2.516e+01
   3      5     18    7.83503748e+03    3.17736305e+03     4.65767443e+03    6.1e+02     1.0e+00      2.497e+01
   4      6     23    1.25911479e+03    7.03756322e+02     5.55358465e+02    3.6e+02     1.0e+00      2.298e+01
   5      7     29    3.21459809e+02    2.21010567e+02     1.00449242e+02    1.2e+02     1.0e+00      2.195e+01
   6      8     32    2.54276980e+02    1.46124212e+02     1.08152768e+02    6.4e+01     1.0e+00      2.183e+01
   7      9     42    1.20396030e+02    6.95634236e+01     5.08326060e+01    5.0e+01     1.0e+00      1.940e+01
   8     10     45    5.57218813e+01    3.75433639e+01     1.81785175e+01    2.1e+01     1.0e+00      1.934e+01
   9     11     55    2.37006510e+01    1.84515859e+01     5.24906516e+00    1.3e+01     1.0e+00      1.840e+01
  10     12     65    1.36833361e+01    1.04088320e+01     3.27450409e+00    3.5e+01     1.0e+00      1.798e+01
  11     13     69    1.20917504e+01    9.60215096e+00     2.48959944e+00    8.2e+00     1.0e+00      1.794e+01
  12     14     79    7.84384598e+00    5.59872105e+00     2.24512493e+00    3.5e+00     1.0e+00      1.742e+01
  13     15     81    6.98045085e+00    5.10305171e+00     1.87739913e+00    1.3e+01     1.0e+00      1.741e+01
  14     16     89    5.47271469e+00    4.24801296e+00     1.22470173e+00    2.0e+00     1.0e+00      1.730e+01
  15     17     99    3.60672370e+00    2.38697310e+00     1.21975061e+00    1.3e+01     1.0e+00      1.680e+01
  16     18    106    2.85532872e+00    2.14597379e+00     7.09354932e-01    2.1e+00     1.0e+00      1.676e+01
  17     19    116    2.11962959e+00    1.42148447e+00     6.98145125e-01    4.2e+00     1.0e+00      1.635e+01
  18     20    119    2.00045955e+00    1.43140795e+00     5.69051596e-01    5.3e+00     1.0e+00      1.634e+01
  19     21    125    1.74929228e+00    1.36780506e+00     3.81487213e-01    8.7e-01     1.0e+00      1.632e+01
  20     22    128    1.70989245e+00    1.35738733e+00     3.52505124e-01    3.5e+00     1.0e+00      1.631e+01
  21     23    138    1.50293035e+00    1.14484234e+00     3.58088004e-01    9.7e-01     1.0e+00      1.615e+01
  22     24    148    1.35257980e+00    1.08420497e+00     2.68374831e-01    2.6e+00     1.0e+00      1.609e+01
  23     25    157    1.27376185e+00    1.02100696e+00     2.52754881e-01    3.9e+00     1.0e+00      1.602e+01
  24     26    166    1.20952483e+00    9.81319752e-01     2.28205082e-01    3.4e+00     1.0e+00      1.598e+01
  25     27    176    1.14976025e+00    9.32916463e-01     2.16843789e-01    3.7e+00     1.0e+00      1.591e+01
  26     28    185    1.10023133e+00    9.04241917e-01     1.95989413e-01    1.6e+00     1.0e+00      1.588e+01
  27     29    195    1.03993745e+00    8.49097034e-01     1.90840416e-01    4.5e+00     1.0e+00      1.579e+01
  28     30    200    1.00490149e+00    8.39251492e-01     1.65649999e-01    1.1e+00     1.0e+00      1.578e+01
  29     31    210    8.58338098e-01    6.81343304e-01     1.76994793e-01    1.1e+00     1.0e+00      1.551e+01
  30     32    212    8.09662426e-01    6.65045815e-01     1.44616611e-01    1.9e+00     1.0e+00      1.550e+01
  31     33    220    7.60297705e-01    6.53343317e-01     1.06954388e-01    2.5e-01     1.0e+00      1.549e+01
  32     34    230    6.97887746e-01    5.76498831e-01     1.21388915e-01    2.2e+00     1.0e+00      1.533e+01
  33     35    237    6.51807511e-01    5.66581760e-01     8.52257508e-02    6.6e-01     1.0e+00      1.532e+01
  34     36    239    6.49951739e-01    5.66270612e-01     8.36811265e-02    1.1e+00     1.0e+00      1.532e+01
  35     37    249    6.10488359e-01    5.13770108e-01     9.67182514e-02    4.2e+00     1.0e+00      1.520e+01
  36     38    258    5.76044482e-01    5.04142276e-01     7.19022052e-02    1.0e+00     1.0e+00      1.519e+01
  37     39    268    5.56889118e-01    4.83252995e-01     7.36361234e-02    4.5e-01     1.0e+00      1.514e+01
  38     40    270    5.53267932e-01    4.82434691e-01     7.08332409e-02    3.9e-01     1.0e+00      1.514e+01
  39     41    278    5.40472835e-01    4.75081597e-01     6.53912386e-02    1.6e-01     1.0e+00      1.512e+01
  40     42    288    5.11706024e-01    4.38747444e-01     7.29585801e-02    7.9e-01     1.0e+00      1.503e+01
  41     43    293    4.93660640e-01    4.33944557e-01     5.97160823e-02    6.6e-01     1.0e+00      1.503e+01
  42     44    299    4.86816365e-01    4.30094891e-01     5.67214743e-02    5.3e-01     1.0e+00      1.502e+01
  43     45    309    4.66949525e-01    4.03856112e-01     6.30934139e-02    3.1e-01     1.0e+00      1.495e+01
  44     46    316    4.50707298e-01    4.00564770e-01     5.01425278e-02    1.4e-01     1.0e+00      1.494e+01
  45     47    326    4.30897159e-01    3.68382401e-01     6.25147574e-02    3.8e-01     1.0e+00      1.485e+01
  46     48    328    4.22844160e-01    3.68404389e-01     5.44397710e-02    1.8e+00     1.0e+00      1.485e+01
  47     49    337    4.10076411e-01    3.64540226e-01     4.55361847e-02    8.2e-01     1.0e+00      1.484e+01
  48     50    347    4.01936827e-01    3.56983743e-01     4.49530835e-02    7.9e-01     1.0e+00      1.482e+01
  49     51    356    3.95306260e-01    3.53119270e-01     4.21869898e-02    8.5e-01     1.0e+00      1.481e+01
  50     52    365    3.89593303e-01    3.47178592e-01     4.24147108e-02    1.5e+00     1.0e+00      1.479e+01
  51     53    374    3.84205585e-01    3.43510376e-01     4.06952090e-02    3.9e-01     1.0e+00      1.478e+01
  52     54    384    3.77121461e-01    3.35480731e-01     4.16407300e-02    5.5e-01     1.0e+00      1.475e+01
  53     55    389    3.72620997e-01    3.33778367e-01     3.88426304e-02    3.9e-01     1.0e+00      1.475e+01
  54     56    399    3.52653527e-01    3.03041877e-01     4.96116502e-02    4.0e-01     1.0e+00      1.465e+01
  55     57    401    3.41600060e-01    3.02899594e-01     3.87004665e-02    1.5e+00     1.0e+00      1.465e+01
  56     58    407    3.34466455e-01    3.00980513e-01     3.34859421e-02    1.4e-01     1.0e+00      1.465e+01
  57     59    417    3.02502261e-01    2.54930463e-01     4.75717982e-02    3.9e-01     1.0e+00      1.447e+01
  58     60    419    2.88200678e-01    2.51689100e-01     3.65115787e-02    1.2e+00     1.0e+00      1.447e+01
  59     61    425    2.77664821e-01    2.50368250e-01     2.72965708e-02    1.4e-01     1.0e+00      1.447e+01
  60     62    435    2.70827473e-01    2.43089852e-01     2.77376209e-02    9.2e-02     1.0e+00      1.444e+01
  61     63    438    2.69224022e-01    2.42885857e-01     2.63381659e-02    3.4e-01     1.0e+00      1.444e+01
  62     64    448    2.64535488e-01    2.38965050e-01     2.55704383e-02    3.7e-01     1.0e+00      1.442e+01
  63     65    450    2.64096537e-01    2.38732405e-01     2.53641320e-02    1.9e-01     1.0e+00      1.442e+01
  64     66    460    2.60231591e-01    2.35289714e-01     2.49418772e-02    2.9e-01     1.0e+00      1.441e+01
  65     67    470    2.56833053e-01    2.32441571e-01     2.43914822e-02    1.4e-01     1.0e+00      1.440e+01
  66     68    480    2.53542932e-01    2.29572079e-01     2.39708535e-02    1.2e+00     1.0e+00      1.439e+01
  67     69    490    2.50362245e-01    2.26858264e-01     2.35039814e-02    1.1e-01     1.0e+00      1.438e+01
  68     70    500    2.47048001e-01    2.23805250e-01     2.32427515e-02    1.1e+00     1.0e+00      1.436e+01
  69     71    510    2.43728289e-01    2.21002128e-01     2.27261608e-02    6.6e-01     1.0e+00      1.435e+01
  70     72    520    2.41016509e-01    2.18555133e-01     2.24613758e-02    1.1e-01     1.0e+00      1.434e+01
  71     73    522    2.40727309e-01    2.18481800e-01     2.22455092e-02    3.7e-01     1.0e+00      1.434e+01
  72     74    532    2.37605705e-01    2.15519203e-01     2.20865019e-02    1.5e-01     1.0e+00      1.433e+01
  73     75    534    2.36847837e-01    2.14947462e-01     2.19003743e-02    1.6e-01     1.0e+00      1.433e+01
  74     76    544    2.34382520e-01    2.12752737e-01     2.16297823e-02    2.2e-01     1.0e+00      1.432e+01
  75     77    554    2.31970748e-01    2.10645544e-01     2.13252041e-02    1.6e-01     1.0e+00      1.431e+01
  76     78    564    2.29623527e-01    2.08542245e-01     2.10812821e-02    1.3e-01     1.0e+00      1.430e+01
  77     79    574    2.27321341e-01    2.06521674e-01     2.07996665e-02    3.0e-01     1.0e+00      1.429e+01
  78     80    584    2.25076767e-01    2.04515296e-01     2.05614716e-02    7.5e-02     1.0e+00      1.428e+01
  79     81    594    2.22072257e-01    2.01836034e-01     2.02362230e-02    1.9e+00     1.0e+00      1.427e+01
  80     82    596    2.21140010e-01    2.01138926e-01     2.00010837e-02    1.8e-01     1.0e+00      1.427e+01
  81     83    606    2.14824119e-01    1.93901518e-01     2.09226006e-02    1.1e+00     1.0e+00      1.422e+01
  82     84    609    2.10831153e-01    1.91763066e-01     1.90680871e-02    1.0e-01     1.0e+00      1.422e+01
  83     85    619    2.02134554e-01    1.80307097e-01     2.18274576e-02    9.6e-01     1.0e+00      1.416e+01
  84     86    624    1.96297250e-01    1.78472184e-01     1.78250657e-02    2.1e-01     1.0e+00      1.416e+01
  85     87    629    1.95441757e-01    1.78182950e-01     1.72588072e-02    3.4e-01     1.0e+00      1.416e+01
  86     88    639    1.92416197e-01    1.74470344e-01     1.79458529e-02    2.3e-01     1.0e+00      1.414e+01
  87     89    641    1.92020453e-01    1.74403615e-01     1.76168382e-02    2.0e-01     1.0e+00      1.414e+01
  88     90    647    1.89981755e-01    1.73547353e-01     1.64344023e-02    1.7e-01     1.0e+00      1.414e+01
  89     91    657    1.86412086e-01    1.68211017e-01     1.82010691e-02    2.5e-01     1.0e+00      1.411e+01
  90     92    659    1.85578015e-01    1.68303808e-01     1.72742074e-02    2.3e-01     1.0e+00      1.411e+01
  91     93    668    1.83130956e-01    1.67347009e-01     1.57839466e-02    3.5e-01     1.0e+00      1.411e+01
  92     94    677    1.81426401e-01    1.65286420e-01     1.61399811e-02    4.8e-01     1.0e+00      1.410e+01
  93     95    686    1.79719708e-01    1.64211653e-01     1.55080550e-02    2.5e-01     1.0e+00      1.409e+01
  94     96    696    1.78129987e-01    1.62333696e-01     1.57962914e-02    7.6e-02     1.0e+00      1.408e+01
  95     97    698    1.77869698e-01    1.62327848e-01     1.55418502e-02    2.0e-01     1.0e+00      1.408e+01
  96     98    706    1.76592567e-01    1.61416953e-01     1.51756142e-02    1.1e-01     1.0e+00      1.408e+01
  97     99    708    1.76511246e-01    1.61435361e-01     1.50758858e-02    1.4e-01     1.0e+00      1.408e+01
  98    100    718    1.71691174e-01    1.54079467e-01     1.76117070e-02    2.1e-01     1.0e+00      1.404e+01
  99    101    720    1.69139545e-01    1.53811806e-01     1.53277392e-02    3.5e-01     1.0e+00      1.404e+01
 100    102    725    1.67865509e-01    1.53497163e-01     1.43683458e-02    1.3e-01     1.0e+00      1.404e+01
 101    103    730    1.67412202e-01    1.53235788e-01     1.41764144e-02    7.5e-02     1.0e+00      1.403e+01
 102    104    740    1.63834628e-01    1.47988261e-01     1.58463669e-02    9.9e-01     1.0e+00      1.400e+01
 103    105    747    1.60569752e-01    1.47114314e-01     1.34554378e-02    6.7e-02     1.0e+00      1.400e+01
 104    106    749    1.60515882e-01    1.47090795e-01     1.34250874e-02    7.3e-02     1.0e+00      1.400e+01
 105    107    759    1.54339455e-01    1.37472203e-01     1.68672527e-02    2.7e-01     1.0e+00      1.394e+01
 106    108    764    1.49829763e-01    1.36760976e-01     1.30687875e-02    3.6e-01     1.0e+00      1.394e+01
 107    109    769    1.48921813e-01    1.36416675e-01     1.25051388e-02    5.2e-02     1.0e+00      1.394e+01
 108    110    779    1.47611863e-01    1.34920200e-01     1.26916639e-02    6.3e-01     1.0e+00      1.393e+01
 109    111    785    1.46623334e-01    1.34475839e-01     1.21474952e-02    1.4e-01     1.0e+00      1.393e+01
 110    112    789    1.46462166e-01    1.34387421e-01     1.20747456e-02    1.4e-01     1.0e+00      1.393e+01
 111    113    799    1.40385308e-01    1.24756713e-01     1.56285942e-02    5.6e-01     1.0e+00      1.386e+01
 112    114    805    1.35168242e-01    1.24046776e-01     1.11214656e-02    1.6e-01     1.0e+00      1.386e+01
 113    115    809    1.34910813e-01    1.23766387e-01     1.11444252e-02    1.1e-01     1.0e+00      1.386e+01
 114    116    819    1.32979867e-01    1.21182758e-01     1.17971089e-02    2.9e-01     1.0e+00      1.384e+01
 115    117    821    1.32446300e-01    1.21057589e-01     1.13887106e-02    3.0e-01     1.0e+00      1.384e+01
 116    118    827    1.31406211e-01    1.20594962e-01     1.08112493e-02    1.8e-01     1.0e+00      1.384e+01
 117    119    831    1.31244338e-01    1.20479864e-01     1.07644732e-02    1.4e-01     1.0e+00      1.384e+01
 118    120    841    1.28753039e-01    1.16818760e-01     1.19342789e-02    8.9e-02     1.0e+00      1.381e+01
 119    121    848    1.26949016e-01    1.16386902e-01     1.05621133e-02    1.4e-01     1.0e+00      1.381e+01
 120    122    858    1.25635201e-01    1.15032608e-01     1.06025928e-02    1.3e-01     1.0e+00      1.380e+01
 121    123    860    1.25412927e-01    1.14963549e-01     1.04493780e-02    5.9e-02     1.0e+00      1.380e+01
 122    124    870    1.24286990e-01    1.13816296e-01     1.04706938e-02    9.5e-02     1.0e+00      1.379e+01
 123    125    880    1.23331747e-01    1.13115869e-01     1.02158773e-02    9.9e-02     1.0e+00      1.379e+01
 124    126    882    1.23238547e-01    1.13101497e-01     1.01370506e-02    1.8e-01     1.0e+00      1.379e+01
 125    127    892    1.22217857e-01    1.11939527e-01     1.02783296e-02    6.6e-01     1.0e+00      1.378e+01
 126    128    901    1.21333007e-01    1.11457748e-01     9.87525896e-03    1.8e-01     1.0e+00      1.378e+01
 127    129    911    1.20341540e-01    1.10054248e-01     1.02872916e-02    1.1e-01     1.0e+00      1.377e+01
 128    130    913    1.20118046e-01    1.10076096e-01     1.00419502e-02    2.4e-01     1.0e+00      1.377e+01
 129    131    920    1.19437441e-01    1.09700641e-01     9.73680026e-03    4.1e-02     1.0e+00      1.377e+01
 130    132    930    1.16991562e-01    1.05770990e-01     1.12205720e-02    5.0e-01     1.0e+00      1.374e+01
 131    133    935    1.15043690e-01    1.05540342e-01     9.50334827e-03    8.7e-02     1.0e+00      1.374e+01
 132    134    945    1.14291526e-01    1.04957450e-01     9.33407583e-03    1.6e-01     1.0e+00      1.373e+01
 133    135    955    1.13562821e-01    1.04214390e-01     9.34843085e-03    8.5e-02     1.0e+00      1.373e+01
 134    136    957    1.13484039e-01    1.04237122e-01     9.24691676e-03    1.4e-01     1.0e+00      1.373e+01
 135    137    966    1.12956287e-01    1.03692284e-01     9.26400261e-03    2.7e-01     1.0e+00      1.372e+01
 136    138    974    1.12456881e-01    1.03318073e-01     9.13880744e-03    1.1e-01     1.0e+00      1.372e+01
 137    139    983    1.11945160e-01    1.02747777e-01     9.19738365e-03    3.3e-01     1.0e+00      1.372e+01
 138    140    988    1.11665101e-01    1.02597418e-01     9.06768237e-03    9.5e-02     1.0e+00      1.371e+01
 139    141    992    1.11556463e-01    1.02557681e-01     8.99878277e-03    1.6e-01     1.0e+00      1.371e+01
 140    142   1002    8.96971815e-02    7.12049676e-02     1.84922139e-02    4.0e-01     1.0e+00      1.343e+01
 141    143   1004    8.30857722e-02    6.97826023e-02     1.33031699e-02    5.7e-01     1.0e+00      1.343e+01
 142    144   1011    7.53228723e-02    6.87168279e-02     6.60604444e-03    9.0e-02     1.0e+00      1.343e+01
 143    145   1014    7.51230911e-02    6.86831603e-02     6.43993081e-03    8.9e-02     1.0e+00      1.343e+01
 144    146   1024    7.45594706e-02    6.83274426e-02     6.23202794e-03    1.9e-01     1.0e+00      1.343e+01
 145    147   1034    7.42180812e-02    6.80542648e-02     6.16381637e-03    8.9e-02     1.0e+00      1.343e+01
 146    148   1044    7.39328736e-02    6.78125786e-02     6.12029495e-03    3.0e-02     1.0e+00      1.342e+01
 147    149   1054    7.36634805e-02    6.75522065e-02     6.11127407e-03    2.1e-01     1.0e+00      1.342e+01
 148    150   1063    7.34303742e-02    6.73604365e-02     6.06993767e-03    1.3e-01     1.0e+00      1.342e+01
 149    151   1073    7.31728247e-02    6.70485625e-02     6.12426220e-03    4.8e-02     1.0e+00      1.342e+01
 150    152   1083    7.29241388e-02    6.68960205e-02     6.02811830e-03    4.2e-02     1.0e+00      1.341e+01
 151    153   1093    7.26753043e-02    6.65962212e-02     6.07908308e-03    2.0e-01     1.0e+00      1.341e+01
 152    154   1103    7.24294771e-02    6.64400049e-02     5.98947227e-03    3.4e-02     1.0e+00      1.341e+01
 153    155   1113    7.21193748e-02    6.60895648e-02     6.02980999e-03    5.7e-01     1.0e+00      1.340e+01
 154    156   1121    7.18407265e-02    6.59165317e-02     5.92419480e-03    8.4e-02     1.0e+00      1.340e+01
 155    157   1131    7.14755863e-02    6.53891929e-02     6.08639345e-03    1.1e-01     1.0e+00      1.340e+01
 156    158   1137    7.12083176e-02    6.53688759e-02     5.83944165e-03    3.8e-02     1.0e+00      1.340e+01
 157    159   1147    7.04445107e-02    6.42230018e-02     6.22150892e-03    1.1e-01     1.0e+00      1.338e+01
 158    160   1151    6.99838998e-02    6.40753697e-02     5.90853003e-03    9.8e-02     1.0e+00      1.338e+01
 159    161   1159    6.96948382e-02    6.39585906e-02     5.73624769e-03    1.5e-02     1.0e+00      1.338e+01
 160    162   1169    6.91977591e-02    6.33810196e-02     5.81673951e-03    6.1e-01     1.0e+00      1.337e+01
 161    163   1173    6.88746925e-02    6.31302462e-02     5.74444633e-03    1.1e-01     1.0e+00      1.337e+01
 162    164   1183    6.84815769e-02    6.26793871e-02     5.80218978e-03    1.3e-01     1.0e+00      1.336e+01
 163    165   1185    6.83374993e-02    6.26536203e-02     5.68387905e-03    2.2e-01     1.0e+00      1.336e+01
 164    166   1189    6.82624551e-02    6.26450805e-02     5.61737455e-03    5.7e-02     1.0e+00      1.336e+01
 165    167   1199    6.77254727e-02    6.19163776e-02     5.80909513e-03    8.7e-02     1.0e+00      1.335e+01
 166    168   1203    6.74017909e-02    6.17648719e-02     5.63691894e-03    5.7e-02     1.0e+00      1.335e+01
 167    169   1213    6.71294060e-02    6.15362967e-02     5.59310939e-03    1.4e-01     1.0e+00      1.335e+01
 168    170   1223    6.68961658e-02    6.13295987e-02     5.56656710e-03    5.8e-02     1.0e+00      1.335e+01
 169    171   1225    6.68716411e-02    6.13157264e-02     5.55591473e-03    4.9e-02     1.0e+00      1.335e+01
 170    172   1234    6.66762029e-02    6.11375306e-02     5.53867229e-03    1.2e-01     1.0e+00      1.335e+01
 171    173   1244    6.64612775e-02    6.09062687e-02     5.55500882e-03    6.2e-02     1.0e+00      1.334e+01
 172    174   1254    6.62513937e-02    6.07525243e-02     5.49886939e-03    2.6e-02     1.0e+00      1.334e+01
 173    175   1264    6.60169514e-02    6.05012296e-02     5.51572187e-03    3.3e-01     1.0e+00      1.334e+01
 174    176   1274    6.57892961e-02    6.03265637e-02     5.46273243e-03    2.0e-02     1.0e+00      1.334e+01
 175    177   1284    6.55837024e-02    6.01113447e-02     5.47235772e-03    1.8e-01     1.0e+00      1.333e+01
 176    178   1294    6.53793318e-02    5.99484685e-02     5.43086333e-03    5.1e-02     1.0e+00      1.333e+01
 177    179   1303    6.52029971e-02    5.97904837e-02     5.41251332e-03    9.2e-02     1.0e+00      1.333e+01
 178    180   1313    6.49566142e-02    5.95285490e-02     5.42806527e-03    1.0e-01     1.0e+00      1.333e+01
 179    181   1315    6.48905644e-02    5.95038261e-02     5.38673833e-03    5.7e-02     1.0e+00      1.333e+01
 180    182   1325    6.46778088e-02    5.93073523e-02     5.37045644e-03    3.3e-02     1.0e+00      1.332e+01
 181    183   1335    6.44732371e-02    5.91306040e-02     5.34263309e-03    3.7e-02     1.0e+00      1.332e+01
 182    184   1345    6.42763534e-02    5.89412592e-02     5.33509424e-03    9.3e-02     1.0e+00      1.332e+01
 183    185   1354    6.40942755e-02    5.88009428e-02     5.29333269e-03    1.2e-01     1.0e+00      1.332e+01
 184    186   1360    6.39766256e-02    5.86995802e-02     5.27704543e-03    3.8e-02     1.0e+00      1.332e+01
 185    187   1370    6.22571960e-02    5.58763553e-02     6.38084071e-03    3.2e-01     1.0e+00      1.328e+01
 186    188   1372    6.09366722e-02    5.57263904e-02     5.21028175e-03    5.6e-01     1.0e+00      1.328e+01
 187    189   1376    6.07154973e-02    5.56012961e-02     5.11420124e-03    5.4e-02     1.0e+00      1.328e+01
 188    190   1386    5.99710074e-02    5.47789876e-02     5.19201984e-03    3.2e-01     1.0e+00      1.326e+01
 189    191   1392    5.94811458e-02    5.45530002e-02     4.92814557e-03    2.9e-02     1.0e+00      1.326e+01
 190    192   1397    5.94146120e-02    5.45219165e-02     4.89269549e-03    5.6e-02     1.0e+00      1.326e+01
 191    193   1406    5.90310069e-02    5.39616726e-02     5.06933434e-03    7.3e-02     1.0e+00      1.326e+01
 192    194   1415    5.87159546e-02    5.38849204e-02     4.83103421e-03    1.1e-01     1.0e+00      1.326e+01
 193    195   1424    5.85473113e-02    5.36812864e-02     4.86602491e-03    5.6e-02     1.0e+00      1.325e+01
 194    196   1433    5.83883589e-02    5.35932295e-02     4.79512938e-03    1.2e-01     1.0e+00      1.325e+01
 195    197   1442    5.82360495e-02    5.33979277e-02     4.83812177e-03    5.6e-02     1.0e+00      1.325e+01
 196    198   1451    5.80861429e-02    5.33152410e-02     4.77090189e-03    1.1e-01     1.0e+00      1.325e+01
 197    199   1460    5.79402648e-02    5.31294114e-02     4.81085343e-03    5.8e-02     1.0e+00      1.325e+01
 198    200   1469    5.77964225e-02    5.30504937e-02     4.74592878e-03    1.0e-01     1.0e+00      1.324e+01
 199    201   1478    5.76552791e-02    5.28695413e-02     4.78573784e-03    5.8e-02     1.0e+00      1.324e+01
 200    202   1487    5.75157605e-02    5.27943437e-02     4.72141680e-03    9.9e-02     1.0e+00      1.324e+01
 201    203   1496    5.73785228e-02    5.26166928e-02     4.76183004e-03    5.8e-02     1.0e+00      1.324e+01
 202    204   1505    5.72424751e-02    5.25449389e-02     4.69753622e-03    9.9e-02     1.0e+00      1.324e+01
 203    205   1514    5.71083193e-02    5.23692383e-02     4.73908102e-03    5.5e-02     1.0e+00      1.323e+01
 204    206   1523    5.69750293e-02    5.23007150e-02     4.67431430e-03    1.0e-01     1.0e+00      1.323e+01
 205    207   1532    5.68432255e-02    5.21260096e-02     4.71721590e-03    5.2e-02     1.0e+00      1.323e+01
 206    208   1541    5.67120504e-02    5.20603692e-02     4.65168117e-03    1.0e-01     1.0e+00      1.323e+01
 207    209   1550    5.65821178e-02    5.18861224e-02     4.69599540e-03    4.9e-02     1.0e+00      1.323e+01
 208    210   1555    5.65013534e-02    5.18441642e-02     4.65718928e-03    6.4e-02     1.0e+00      1.323e+01
 209    211   1565    5.28858894e-02    4.54180412e-02     7.46784824e-03    1.9e-01     1.0e+00      1.313e+01
 210    212   1567    5.05967040e-02    4.51469081e-02     5.44979590e-03    2.4e-01     1.0e+00      1.313e+01
 211    213   1573    4.91392400e-02    4.49741808e-02     4.16505917e-03    6.3e-02     1.0e+00      1.313e+01
 212    214   1579    4.90060816e-02    4.49159001e-02     4.09018149e-03    6.4e-02     1.0e+00      1.313e+01
 213    215   1588    4.88039865e-02    4.47300815e-02     4.07390502e-03    1.9e-01     1.0e+00      1.313e+01
 214    216   1598    4.86362966e-02    4.45934056e-02     4.04289101e-03    3.0e-02     1.0e+00      1.312e+01
 215    217   1600    4.86212162e-02    4.46012417e-02     4.01997445e-03    7.0e-02     1.0e+00      1.312e+01
 216    218   1610    4.84615666e-02    4.44106944e-02     4.05087222e-03    4.8e-02     1.0e+00      1.312e+01
 217    219   1615    4.83738262e-02    4.43793891e-02     3.99443710e-03    3.4e-02     1.0e+00      1.312e+01
 218    220   1625    4.81162260e-02    4.39887172e-02     4.12750880e-03    2.4e-02     1.0e+00      1.311e+01
 219    221   1633    4.78878866e-02    4.39345388e-02     3.95334778e-03    3.0e-02     1.0e+00      1.311e+01
 220    222   1643    4.75175612e-02    4.33769438e-02     4.14061730e-03    1.4e-01     1.0e+00      1.310e+01
 221    223   1645    4.73552985e-02    4.33608720e-02     3.99442649e-03    2.9e-01     1.0e+00      1.310e+01
 222    224   1651    4.71843082e-02    4.33056594e-02     3.87864884e-03    7.1e-02     1.0e+00      1.310e+01
 223    225   1655    4.71634809e-02    4.32813655e-02     3.88211540e-03    1.7e-02     1.0e+00      1.310e+01
 224    226   1665    4.65667868e-02    4.22972998e-02     4.26948709e-03    8.9e-02     1.0e+00      1.309e+01
 225    227   1672    4.60528503e-02    4.22237849e-02     3.82906547e-03    4.5e-02     1.0e+00      1.309e+01
 226    228   1675    4.60219244e-02    4.22125659e-02     3.80935849e-03    1.1e-01     1.0e+00      1.309e+01
 227    229   1685    4.58571584e-02    4.20323351e-02     3.82482337e-03    4.3e-02     1.0e+00      1.308e+01
 228    230   1695    4.56800527e-02    4.18944734e-02     3.78557927e-03    3.1e-02     1.0e+00      1.308e+01
 229    231   1704    4.55743874e-02    4.18295708e-02     3.74481657e-03    7.3e-02     1.0e+00      1.308e+01
 230    232   1713    4.54844978e-02    4.17274308e-02     3.75706696e-03    9.9e-02     1.0e+00      1.308e+01
 231    233   1723    4.53625004e-02    4.15930335e-02     3.76946688e-03    2.1e-02     1.0e+00      1.307e+01
 232    234   1725    4.53393468e-02    4.16012953e-02     3.73805155e-03    3.6e-02     1.0e+00      1.307e+01
 233    235   1735    4.52266290e-02    4.14949092e-02     3.73171975e-03    3.4e-02     1.0e+00      1.307e+01
 234    236   1745    4.51253310e-02    4.14228980e-02     3.70243302e-03    4.4e-02     1.0e+00      1.307e+01
 235    237   1754    4.50392978e-02    4.13285232e-02     3.71077457e-03    1.0e-01     1.0e+00      1.307e+01
 236    238   1764    4.49087151e-02    4.11606259e-02     3.74808923e-03    4.0e-02     1.0e+00      1.307e+01
 237    239   1766    4.48791285e-02    4.11749615e-02     3.70416707e-03    3.4e-02     1.0e+00      1.307e+01
 238    240   1776    4.47675248e-02    4.10751408e-02     3.69238405e-03    4.1e-02     1.0e+00      1.307e+01
 239    241   1785    4.46765135e-02    4.10032078e-02     3.67330569e-03    7.1e-02     1.0e+00      1.306e+01
 240    242   1795    4.45417193e-02    4.08539480e-02     3.68777129e-03    9.6e-02     1.0e+00      1.306e+01
 241    243   1805    4.44098358e-02    4.07603254e-02     3.64951047e-03    1.2e-01     1.0e+00      1.306e+01
 242    244   1814    4.43177660e-02    4.06524869e-02     3.66527905e-03    6.6e-02     1.0e+00      1.306e+01
 243    245   1823    4.42302980e-02    4.05909869e-02     3.63931108e-03    4.9e-02     1.0e+00      1.306e+01
 244    246   1833    4.41195674e-02    4.04675823e-02     3.65198507e-03    5.1e-02     1.0e+00      1.306e+01
 245    247   1842    4.40142313e-02    4.03949645e-02     3.61926678e-03    7.3e-02     1.0e+00      1.305e+01
 246    248   1852    4.38024439e-02    4.01482620e-02     3.65418187e-03    3.7e-01     1.0e+00      1.305e+01
 247    249   1856    4.36586186e-02    4.00478246e-02     3.61079406e-03    1.6e-02     1.0e+00      1.305e+01
 248    250   1866    4.31793143e-02    3.93449887e-02     3.83432559e-03    1.0e-01     1.0e+00      1.304e+01
 249    251   1869    4.28352801e-02    3.92688000e-02     3.56648007e-03    4.1e-02     1.0e+00      1.304e+01
 250    252   1875    4.27482801e-02    3.92385830e-02     3.50969711e-03    2.7e-02     1.0e+00      1.303e+01
 251    253   1885    4.17415244e-02    3.76053064e-02     4.13621792e-03    2.0e-01     1.0e+00      1.300e+01
 252    254   1888    4.11627522e-02    3.75058912e-02     3.65686104e-03    1.2e-01     1.0e+00      1.300e+01
 253    255   1894    4.08020845e-02    3.74392922e-02     3.36279227e-03    3.3e-02     1.0e+00      1.300e+01
 254    256   1897    4.07858615e-02    3.74302924e-02     3.35556906e-03    1.9e-02     1.0e+00      1.300e+01
 255    257   1907    4.02220374e-02    3.65878312e-02     3.63420618e-03    6.6e-01     1.0e+00      1.299e+01
 256    258   1913    3.97032332e-02    3.64237750e-02     3.27945818e-03    5.0e-02     1.0e+00      1.298e+01
 257    259   1916    3.96875889e-02    3.64188635e-02     3.26872541e-03    4.2e-02     1.0e+00      1.298e+01
 258    260   1926    3.95715149e-02    3.62393311e-02     3.33218379e-03    2.7e-02     1.0e+00      1.298e+01
 259    261   1935    3.94570727e-02    3.62094137e-02     3.24765895e-03    2.8e-02     1.0e+00      1.298e+01
 260    262   1945    3.93515521e-02    3.60403542e-02     3.31119798e-03    4.6e-02     1.0e+00      1.298e+01
 261    263   1954    3.92528485e-02    3.60253179e-02     3.22753066e-03    4.8e-02     1.0e+00      1.298e+01
 262    264   1964    3.89849354e-02    3.56184319e-02     3.36650342e-03    1.1e-01     1.0e+00      1.297e+01
 263    265   1970    3.87572947e-02    3.55577080e-02     3.19958670e-03    8.9e-02     1.0e+00      1.297e+01
 264    266   1974    3.87345999e-02    3.55555487e-02     3.17905119e-03    4.7e-02     1.0e+00      1.297e+01
 265    267   1984    3.85471554e-02    3.53025772e-02     3.24457825e-03    4.4e-02     1.0e+00      1.296e+01
 266    268   1991    3.83727459e-02    3.52182103e-02     3.15453560e-03    2.4e-02     1.0e+00      1.296e+01
 267    269   1994    3.83662697e-02    3.52188398e-02     3.14742989e-03    5.0e-02     1.0e+00      1.296e+01
 268    270   2003    3.80545066e-02    3.47287856e-02     3.32572101e-03    1.1e-01     1.0e+00      1.295e+01
 269    271   2010    3.77552054e-02    3.46597875e-02     3.09541793e-03    4.6e-02     1.0e+00      1.295e+01
 270    272   2020    3.75777825e-02    3.44116490e-02     3.16613350e-03    1.4e-01     1.0e+00      1.295e+01
 271    273   2025    3.74325341e-02    3.43592369e-02     3.07329717e-03    1.6e-02     1.0e+00      1.295e+01
 272    274   2029    3.74165359e-02    3.43455153e-02     3.07102061e-03    3.3e-02     1.0e+00      1.295e+01
 273    275   2039    3.72745396e-02    3.41428679e-02     3.13167171e-03    2.2e-02     1.0e+00      1.294e+01
 274    276   2046    3.71450468e-02    3.41044366e-02     3.04061023e-03    4.4e-02     1.0e+00      1.294e+01
 275    277   2056    3.67115945e-02    3.35514935e-02     3.16010098e-03    1.3e-01     1.0e+00      1.293e+01
 276    278   2059    3.64405131e-02    3.33837997e-02     3.05671337e-03    4.8e-02     1.0e+00      1.293e+01
 277    279   2069    3.62663648e-02    3.32811100e-02     2.98525483e-03    1.2e-01     1.0e+00      1.292e+01
 278    280   2079    3.61774628e-02    3.31894692e-02     2.98799365e-03    2.5e-02     1.0e+00      1.292e+01
 279    281   2081    3.61591025e-02    3.31906170e-02     2.96848551e-03    9.5e-02     1.0e+00      1.292e+01
 280    282   2090    3.60919925e-02    3.31293211e-02     2.96267141e-03    5.3e-02     1.0e+00      1.292e+01
 281    283   2099    3.60313243e-02    3.30713226e-02     2.96000166e-03    4.4e-02     1.0e+00      1.292e+01
 282    284   2109    3.59526938e-02    3.29982431e-02     2.95445070e-03    3.1e-02     1.0e+00      1.292e+01
 283    285   2119    3.58787823e-02    3.29375170e-02     2.94126526e-03    3.1e-02     1.0e+00      1.292e+01
 284    286   2129    3.58113589e-02    3.28658350e-02     2.94552382e-03    2.8e-02     1.0e+00      1.292e+01
 285    287   2139    3.57341868e-02    3.28020223e-02     2.93216451e-03    2.0e-01     1.0e+00      1.292e+01
 286    288   2148    3.56670561e-02    3.27427234e-02     2.92433267e-03    8.0e-02     1.0e+00      1.291e+01
 287    289   2157    3.56104842e-02    3.26866553e-02     2.92382888e-03    3.7e-02     1.0e+00      1.291e+01
 288    290   2167    3.55388637e-02    3.26246270e-02     2.91423670e-03    9.4e-02     1.0e+00      1.291e+01
 289    291   2176    3.54721145e-02    3.25652540e-02     2.90686044e-03    2.9e-02     1.0e+00      1.291e+01
 290    292   2186    3.53817265e-02    3.24702196e-02     2.91150694e-03    1.2e-01     1.0e+00      1.291e+01
 291    293   2193    3.53080110e-02    3.24209396e-02     2.88707140e-03    3.5e-02     1.0e+00      1.291e+01
 292    294   2203    3.51065249e-02    3.21465715e-02     2.95995337e-03    2.9e-01     1.0e+00      1.290e+01
 293    295   2208    3.49317742e-02    3.20706771e-02     2.86109714e-03    5.1e-02     1.0e+00      1.290e+01
 294    296   2212    3.49165090e-02    3.20699836e-02     2.84652540e-03    6.4e-02     1.0e+00      1.290e+01
 295    297   2222    3.43680653e-02    3.11947426e-02     3.17332274e-03    1.7e-01     1.0e+00      1.288e+01
 296    298   2224    3.42561686e-02    3.11623521e-02     3.09381658e-03    2.7e-01     1.0e+00      1.288e+01
 297    299   2228    3.38863291e-02    3.11047985e-02     2.78153058e-03    5.8e-02     1.0e+00      1.288e+01
 298    300   2231    3.38451399e-02    3.10916161e-02     2.75352376e-03    1.4e-02     1.0e+00      1.288e+01
 299    301   2241    3.36764546e-02    3.08574327e-02     2.81902185e-03    2.7e-01     1.0e+00      1.287e+01
 300    302   2245    3.35539393e-02    3.07997513e-02     2.75418808e-03    1.7e-02     1.0e+00      1.287e+01
LMQNBC: termination 5

-------------
Optimization costs per grid
-------------
N:         20
-------------
NF(it):   300
NF(nf):   302
NF(cg):  2245
-------------

>> >> 