
                            < M A T L A B (R) >
                  Copyright 1984-2013 The MathWorks, Inc.
                    R2013a (8.1.0.604) 64-bit (glnxa64)
                             February 15, 2013

 
To get started, type one of these: helpwin, helpdesk, or demo.
For product information, visit www.mathworks.com.
 
>> >> >> >> >> >> >> >> X-ray simulation startup file...
====== Fluorescence Detector Resolution is 5
====== Angle Number  1 of 6: 0
====== Angle Number  2 of 6: 36
====== Angle Number  3 of 6: 72
====== Angle Number  4 of 6: 108
====== Angle Number  5 of 6: 144
====== Angle Number  6 of 6: 180
>> >> >> >> >> >> ===================== 10
====== With Self Absorption, Transmission Detector Resolution is 16
ans =
   410   300
ans =
    82   300
J1 =
   240
J2 =
    70
J3 =
   300
  it     nf     cg           f             f_xrf             f_xtm            |g|        alpha        error
   0      1      0    4.93145952e+04   1.6e+05     1.0e+00      3.204e+00
   1      2      3    2.60750033e+03    2.34158355e+03     2.65916774e+02    1.3e+04     1.0e+00      3.165e+00
   2      3      6    5.78828826e+02    3.80910910e+02     1.97917916e+02    1.9e+03     1.0e+00      3.152e+00
   3      4      8    3.75835158e+02    1.87659330e+02     1.88175828e+02    5.6e+02     1.0e+00      3.137e+00
   4      5     13    1.14722732e+02    5.61471053e+01     5.85756263e+01    2.6e+02     1.0e+00      2.845e+00
   5      6     20    2.10289269e+01    6.89119230e+00     1.41377346e+01    5.5e+01     1.0e+00      2.572e+00
   6      7     27    6.99611679e+00    4.05459855e+00     2.94151824e+00    1.2e+01     1.0e+00      2.410e+00
   7      8     37    4.33399697e+00    1.94488456e+00     2.38911241e+00    1.4e+01     1.0e+00      2.037e+00
   8      9     40    3.30331071e+00    1.73279738e+00     1.57051333e+00    3.3e+00     1.0e+00      2.026e+00
   9     10     50    1.66922143e+00    5.64004991e-01     1.10521643e+00    6.2e+00     1.0e+00      1.325e+00
  10     11     54    9.12842763e-01    4.70255220e-01     4.42587542e-01    2.1e+00     1.0e+00      1.302e+00
  11     12     60    6.60154774e-01    3.98699397e-01     2.61455377e-01    3.2e+00     1.0e+00      1.236e+00
  12     13     70    2.84373993e-01    1.56376434e-01     1.27997558e-01    1.8e+00     1.0e+00      8.279e-01
  13     14     74    1.70913500e-01    1.06735108e-01     6.41783922e-02    7.7e-01     1.0e+00      8.193e-01
  14     15     80    1.22181006e-01    7.87752253e-02     4.34057812e-02    5.9e-01     1.0e+00      7.997e-01
  15     16     84    1.12761021e-01    7.38404166e-02     3.89206044e-02    4.6e-01     1.0e+00      7.941e-01
  16     17     93    7.81106648e-02    4.10373933e-02     3.70732715e-02    1.9e+00     1.0e+00      6.980e-01
  17     18     97    5.66861322e-02    3.40251439e-02     2.26609883e-02    2.7e-01     1.0e+00      6.954e-01
  18     19    106    4.21803942e-02    2.89846849e-02     1.31957093e-02    7.2e-01     1.0e+00      6.736e-01
  19     20    112    3.75000970e-02    2.63314652e-02     1.11686318e-02    5.2e-01     1.0e+00      6.648e-01
  20     21    115    3.63623901e-02    2.47292892e-02     1.16331010e-02    1.9e-01     1.0e+00      6.637e-01
  21     22    125    2.32751305e-02    1.73597919e-02     5.91533862e-03    2.9e-01     1.0e+00      6.026e-01
  22     23    127    2.06137638e-02    1.57293428e-02     4.88442104e-03    4.7e-01     1.0e+00      6.022e-01
  23     24    133    1.76624792e-02    1.30194907e-02     4.64298843e-03    7.2e-02     1.0e+00      6.001e-01
  24     25    143    1.52821772e-02    1.08662406e-02     4.41593658e-03    1.2e-01     1.0e+00      5.733e-01
  25     26    150    1.39187746e-02    1.04821462e-02     3.43662837e-03    1.5e-01     1.0e+00      5.699e-01
  26     27    160    1.27070958e-02    9.46364464e-03     3.24345121e-03    1.1e-01     1.0e+00      5.513e-01
  27     28    165    1.20579732e-02    9.06396320e-03     2.99401003e-03    1.4e-01     1.0e+00      5.496e-01
  28     29    175    1.10474479e-02    8.13627974e-03     2.91116814e-03    9.4e-02     1.0e+00      5.319e-01
  29     30    180    1.04668505e-02    7.89403684e-03     2.57281362e-03    1.2e-01     1.0e+00      5.291e-01
  30     31    190    9.78170989e-03    7.34858218e-03     2.43312771e-03    7.4e-02     1.0e+00      5.158e-01
  31     32    195    9.38040822e-03    7.07640047e-03     2.30400775e-03    4.9e-02     1.0e+00      5.143e-01
  32     33    205    8.52990059e-03    6.20987804e-03     2.32002255e-03    6.6e-02     1.0e+00      4.936e-01
  33     34    210    8.08830053e-03    6.09515609e-03     1.99314444e-03    1.3e-01     1.0e+00      4.923e-01
  34     35    217    7.80673831e-03    5.89373599e-03     1.91300231e-03    9.5e-02     1.0e+00      4.892e-01
  35     36    220    7.74605584e-03    5.86788290e-03     1.87817295e-03    8.2e-02     1.0e+00      4.889e-01
  36     37    230    5.57724580e-03    3.79772675e-03     1.77951905e-03    2.2e-01     1.0e+00      4.234e-01
  37     38    234    4.62406645e-03    3.38964484e-03     1.23442162e-03    1.7e-01     1.0e+00      4.229e-01
  38     39    240    4.38306853e-03    3.32396492e-03     1.05910361e-03    1.1e-01     1.0e+00      4.220e-01
  39     40    244    4.33244957e-03    3.31048783e-03     1.02196174e-03    2.8e-02     1.0e+00      4.217e-01
  40     41    253    4.15803514e-03    3.27241833e-03     8.85616810e-04    4.3e-02     1.0e+00      4.164e-01
  41     42    262    4.02036038e-03    3.08843473e-03     9.31925645e-04    3.9e-02     1.0e+00      4.138e-01
  42     43    272    3.85230223e-03    3.00016918e-03     8.52133047e-04    4.0e-02     1.0e+00      4.077e-01
  43     44    274    3.81566833e-03    2.99391221e-03     8.21756118e-04    1.0e-01     1.0e+00      4.076e-01
  44     45    282    3.70542579e-03    2.85657529e-03     8.48850502e-04    5.6e-02     1.0e+00      4.056e-01
  45     46    288    3.64282231e-03    2.84007147e-03     8.02750844e-04    5.1e-02     1.0e+00      4.036e-01
  46     47    294    3.59679634e-03    2.79205427e-03     8.04742073e-04    7.2e-02     1.0e+00      4.027e-01
  47     48    304    3.24258214e-03    2.45296456e-03     7.89617574e-04    1.5e-01     1.0e+00      3.847e-01
  48     49    307    3.00374614e-03    2.34076304e-03     6.62983095e-04    2.2e-02     1.0e+00      3.845e-01
  49     50    311    2.96684674e-03    2.31355497e-03     6.53291780e-04    5.4e-02     1.0e+00      3.843e-01
  50     51    321    2.84648469e-03    2.24525259e-03     6.01232103e-04    7.1e-02     1.0e+00      3.785e-01
  51     52    323    2.80535065e-03    2.22118141e-03     5.84169243e-04    5.7e-02     1.0e+00      3.785e-01
  52     53    329    2.74773122e-03    2.15777902e-03     5.89952201e-04    3.3e-02     1.0e+00      3.776e-01
  53     54    339    2.66025256e-03    2.08684435e-03     5.73408210e-04    3.2e-02     1.0e+00      3.731e-01
  54     55    344    2.60132620e-03    2.05590031e-03     5.45425892e-04    1.7e-02     1.0e+00      3.728e-01
  55     56    354    2.50079134e-03    1.96313754e-03     5.37653798e-04    3.4e-02     1.0e+00      3.675e-01
  56     57    356    2.47333058e-03    1.93874915e-03     5.34581432e-04    4.6e-02     1.0e+00      3.674e-01
  57     58    362    2.41588093e-03    1.91327951e-03     5.02601420e-04    3.3e-02     1.0e+00      3.668e-01
  58     59    372    2.26875385e-03    1.74785455e-03     5.20899298e-04    3.1e-02     1.0e+00      3.578e-01
  59     60    375    2.18712772e-03    1.71709515e-03     4.70032566e-04    2.4e-02     1.0e+00      3.576e-01
  60     61    382    2.13571147e-03    1.69974696e-03     4.35964513e-04    1.0e-02     1.0e+00      3.571e-01
  61     62    392    2.04098901e-03    1.60232185e-03     4.38667164e-04    4.3e-02     1.0e+00      3.511e-01
  62     63    397    1.97023948e-03    1.57426949e-03     3.95969992e-04    2.0e-02     1.0e+00      3.508e-01
  63     64    401    1.95880651e-03    1.57112611e-03     3.87680402e-04    2.8e-02     1.0e+00      3.507e-01
  64     65    411    1.87110294e-03    1.48351290e-03     3.87590044e-04    4.0e-02     1.0e+00      3.450e-01
  65     66    417    1.79787116e-03    1.43989868e-03     3.57972482e-04    4.0e-02     1.0e+00      3.446e-01
  66     67    427    1.74826920e-03    1.42021958e-03     3.28049625e-04    1.9e-02     1.0e+00      3.417e-01
  67     68    432    1.71457705e-03    1.38502967e-03     3.29547382e-04    2.7e-02     1.0e+00      3.413e-01
  68     69    436    1.70810466e-03    1.38198275e-03     3.26121913e-04    1.4e-02     1.0e+00      3.412e-01
  69     70    446    1.61446822e-03    1.27163763e-03     3.42830592e-04    2.6e-02     1.0e+00      3.349e-01
  70     71    451    1.54391052e-03    1.24875295e-03     2.95157567e-04    3.1e-02     1.0e+00      3.345e-01
  71     72    455    1.53387745e-03    1.24041214e-03     2.93465313e-04    1.8e-02     1.0e+00      3.344e-01
  72     73    465    1.49192725e-03    1.21760995e-03     2.74317299e-04    1.8e-02     1.0e+00      3.317e-01
  73     74    470    1.46498937e-03    1.19314901e-03     2.71840360e-04    1.8e-02     1.0e+00      3.315e-01
  74     75    474    1.45862562e-03    1.19007645e-03     2.68549164e-04    1.8e-02     1.0e+00      3.314e-01
  75     76    483    1.41615099e-03    1.13897133e-03     2.77179656e-04    4.2e-02     1.0e+00      3.283e-01
  76     77    490    1.37516443e-03    1.12486870e-03     2.50295723e-04    1.5e-02     1.0e+00      3.277e-01
  77     78    500    1.33345645e-03    1.08506037e-03     2.48396080e-04    3.2e-02     1.0e+00      3.243e-01
  78     79    505    1.30486284e-03    1.06841407e-03     2.36448770e-04    2.3e-02     1.0e+00      3.242e-01
  79     80    515    1.28015738e-03    1.05822493e-03     2.21932444e-04    1.8e-02     1.0e+00      3.229e-01
  80     81    517    1.27659728e-03    1.05729183e-03     2.19305447e-04    2.0e-02     1.0e+00      3.229e-01
  81     82    525    1.25952266e-03    1.03592465e-03     2.23598016e-04    7.7e-03     1.0e+00      3.221e-01
  82     83    532    1.24698805e-03    1.03052363e-03     2.16464419e-04    1.9e-02     1.0e+00      3.216e-01
  83     84    539    1.23735281e-03    1.02606517e-03     2.11287637e-04    8.8e-03     1.0e+00      3.211e-01
  84     85    546    1.22858826e-03    1.01697618e-03     2.11612090e-04    1.9e-02     1.0e+00      3.207e-01
  85     86    553    1.22015533e-03    1.01261757e-03     2.07537762e-04    1.0e-02     1.0e+00      3.203e-01
  86     87    563    1.19063843e-03    9.78402880e-04     2.12235546e-04    1.2e-01     1.0e+00      3.179e-01
  87     88    567    1.17006821e-03    9.74219470e-04     1.95848736e-04    3.4e-02     1.0e+00      3.178e-01
  88     89    577    1.14416843e-03    9.65131564e-04     1.79036869e-04    8.3e-02     1.0e+00      3.158e-01
  89     90    582    1.12495710e-03    9.38141828e-04     1.86815273e-04    5.3e-03     1.0e+00      3.156e-01
  90     91    587    1.12113110e-03    9.41045816e-04     1.80085286e-04    9.0e-03     1.0e+00      3.154e-01
  91     92    597    9.43527923e-04    7.74896089e-04     1.68631835e-04    2.4e-01     1.0e+00      2.997e-01
  92     93    601    8.16078170e-04    7.10721341e-04     1.05356829e-04    4.3e-02     1.0e+00      2.997e-01
  93     94    605    8.10332115e-04    7.06251558e-04     1.04080557e-04    1.5e-02     1.0e+00      2.997e-01
  94     95    608    8.09350477e-04    7.05714273e-04     1.03636205e-04    1.2e-02     1.0e+00      2.996e-01
  95     96    614    8.05270048e-04    6.98426492e-04     1.06843556e-04    1.5e-02     1.0e+00      2.993e-01
  96     97    620    8.01521185e-04    6.99092273e-04     1.02428911e-04    1.9e-02     1.0e+00      2.992e-01
  97     98    630    7.62828390e-04    6.60280382e-04     1.02548008e-04    2.7e-02     1.0e+00      2.953e-01
  98     99    632    7.43310539e-04    6.48704388e-04     9.46061508e-05    4.3e-02     1.0e+00      2.952e-01
  99    100    636    7.32894543e-04    6.39046615e-04     9.38479272e-05    2.9e-02     1.0e+00      2.952e-01
 100    101    640    7.30176214e-04    6.39450179e-04     9.07260349e-05    7.6e-03     1.0e+00      2.952e-01
 101    102    646    7.27078737e-04    6.38399565e-04     8.86791724e-05    9.2e-03     1.0e+00      2.950e-01
 102    103    652    7.24333811e-04    6.34604371e-04     8.97294394e-05    5.2e-03     1.0e+00      2.949e-01
 103    104    658    7.21724065e-04    6.34738926e-04     8.69851381e-05    1.2e-02     1.0e+00      2.947e-01
 104    105    668    7.11668733e-04    6.24184195e-04     8.74845380e-05    1.7e-02     1.0e+00      2.939e-01
 105    106    670    7.07363026e-04    6.22865169e-04     8.44978564e-05    1.2e-02     1.0e+00      2.939e-01
 106    107    674    7.03875587e-04    6.18592397e-04     8.52831903e-05    1.7e-02     1.0e+00      2.938e-01
 107    108    684    6.88812279e-04    6.08101066e-04     8.07112133e-05    1.6e-02     1.0e+00      2.924e-01
 108    109    686    6.82845183e-04    6.02045329e-04     8.07998533e-05    2.9e-02     1.0e+00      2.924e-01
 109    110    690    6.76341107e-04    5.98799712e-04     7.75413950e-05    2.8e-02     1.0e+00      2.923e-01
 110    111    693    6.75344200e-04    5.96664056e-04     7.86801432e-05    9.4e-03     1.0e+00      2.923e-01
 111    112    703    6.52615636e-04    5.73729917e-04     7.88857191e-05    1.6e-02     1.0e+00      2.902e-01
 112    113    705    6.43063643e-04    5.68727643e-04     7.43359998e-05    3.9e-02     1.0e+00      2.902e-01
 113    114    711    6.32678470e-04    5.61610957e-04     7.10675134e-05    1.8e-02     1.0e+00      2.902e-01
 114    115    721    6.16171209e-04    5.39826153e-04     7.63450557e-05    3.0e-02     1.0e+00      2.887e-01
 115    116    726    6.03920983e-04    5.33671730e-04     7.02492532e-05    1.8e-02     1.0e+00      2.887e-01
 116    117    729    6.03121010e-04    5.33035386e-04     7.00856249e-05    1.0e-02     1.0e+00      2.887e-01
 117    118    739    5.93636491e-04    5.34311337e-04     5.93251536e-05    8.8e-03     1.0e+00      2.881e-01
 118    119    744    5.89470216e-04    5.28107613e-04     6.13626025e-05    7.8e-03     1.0e+00      2.881e-01
 119    120    748    5.88394861e-04    5.28010246e-04     6.03846157e-05    6.2e-03     1.0e+00      2.880e-01
 120    121    757    5.80413086e-04    5.11895693e-04     6.85173926e-05    1.4e-02     1.0e+00      2.875e-01
 121    122    766    5.75686099e-04    5.12802304e-04     6.28837954e-05    1.1e-02     1.0e+00      2.874e-01
 122    123    776    5.71938384e-04    5.09732849e-04     6.22055348e-05    3.8e-03     1.0e+00      2.872e-01
 123    124    778    5.70990188e-04    5.08647484e-04     6.23427036e-05    9.0e-03     1.0e+00      2.872e-01
 124    125    788    5.68177122e-04    5.07839759e-04     6.03373627e-05    4.6e-03     1.0e+00      2.870e-01
 125    126    798    5.65480484e-04    5.04438338e-04     6.10421455e-05    9.3e-03     1.0e+00      2.869e-01
 126    127    808    5.62871913e-04    5.03168508e-04     5.97034052e-05    4.5e-03     1.0e+00      2.868e-01
 127    128    818    5.60313020e-04    5.00236683e-04     6.00763365e-05    9.2e-03     1.0e+00      2.867e-01
 128    129    828    5.57802523e-04    4.98753256e-04     5.90492671e-05    4.4e-03     1.0e+00      2.865e-01
 129    130    838    5.55331561e-04    4.96128027e-04     5.92035339e-05    9.1e-03     1.0e+00      2.864e-01
 130    131    848    5.52899912e-04    4.94533668e-04     5.83662446e-05    4.3e-03     1.0e+00      2.863e-01
 131    132    858    5.50504329e-04    4.92123794e-04     5.83805354e-05    9.0e-03     1.0e+00      2.862e-01
 132    133    868    5.48145015e-04    4.90451377e-04     5.76936373e-05    4.3e-03     1.0e+00      2.861e-01
 133    134    878    5.45819889e-04    4.88228223e-04     5.75916658e-05    8.9e-03     1.0e+00      2.860e-01
 134    135    888    5.43529364e-04    4.86483583e-04     5.70457811e-05    4.2e-03     1.0e+00      2.859e-01
 135    136    898    5.41271535e-04    4.84439743e-04     5.68317927e-05    8.8e-03     1.0e+00      2.858e-01
 136    137    908    5.39046913e-04    4.82621022e-04     5.64258917e-05    4.1e-03     1.0e+00      2.857e-01
 137    138    918    5.36853564e-04    4.80753925e-04     5.60996384e-05    8.8e-03     1.0e+00      2.856e-01
 138    139    928    5.34691999e-04    4.78859454e-04     5.58325458e-05    4.1e-03     1.0e+00      2.855e-01
 139    140    938    5.32560262e-04    4.77164849e-04     5.53954136e-05    8.7e-03     1.0e+00      2.854e-01
 140    141    948    5.30458787e-04    4.75196158e-04     5.52626288e-05    4.0e-03     1.0e+00      2.853e-01
 141    142    958    5.28385664e-04    4.73665920e-04     5.47197433e-05    8.7e-03     1.0e+00      2.852e-01
 142    143    968    5.26341191e-04    4.71628465e-04     5.47127265e-05    3.9e-03     1.0e+00      2.851e-01
 143    144    978    5.24323593e-04    4.70250507e-04     5.40730860e-05    8.6e-03     1.0e+00      2.851e-01
 144    145    988    5.22333011e-04    4.68153177e-04     5.41798338e-05    3.8e-03     1.0e+00      2.850e-01
 145    146    998    5.20367866e-04    4.66912435e-04     5.34554311e-05    8.5e-03     1.0e+00      2.849e-01
 146    147   1008    5.18428146e-04    4.64766485e-04     5.36616606e-05    3.7e-03     1.0e+00      2.848e-01
 147    148   1018    5.16512508e-04    4.63646291e-04     5.28662171e-05    8.4e-03     1.0e+00      2.847e-01
 148    149   1028    5.14620809e-04    4.61464142e-04     5.31566663e-05    3.6e-03     1.0e+00      2.847e-01
 149    150   1038    5.12751943e-04    4.60447537e-04     5.23044064e-05    8.3e-03     1.0e+00      2.846e-01
 150    151   1048    5.10905665e-04    4.58241728e-04     5.26639369e-05    3.5e-03     1.0e+00      2.845e-01
 151    152   1058    5.09081087e-04    4.57312451e-04     5.17686366e-05    8.2e-03     1.0e+00      2.845e-01
 152    153   1068    5.07277894e-04    4.55094889e-04     5.21830053e-05    3.4e-03     1.0e+00      2.844e-01
 153    154   1078    5.05495377e-04    4.54237997e-04     5.12573801e-05    8.1e-03     1.0e+00      2.843e-01
 154    155   1088    5.03733181e-04    4.52019500e-04     5.17136810e-05    3.3e-03     1.0e+00      2.843e-01
 155    156   1098    5.01990739e-04    4.51221669e-04     5.07690701e-05    8.0e-03     1.0e+00      2.842e-01
 156    157   1108    5.00267676e-04    4.49011756e-04     5.12559207e-05    3.2e-03     1.0e+00      2.841e-01
 157    158   1118    4.98563531e-04    4.48261348e-04     5.03021834e-05    7.9e-03     1.0e+00      2.841e-01
 158    159   1128    4.96877927e-04    4.46068181e-04     5.08097452e-05    3.1e-03     1.0e+00      2.840e-01
 159    160   1138    4.95210476e-04    4.45355191e-04     4.98552844e-05    7.7e-03     1.0e+00      2.840e-01
 160    161   1148    4.93560813e-04    4.43185621e-04     5.03751921e-05    3.0e-03     1.0e+00      2.839e-01
 161    162   1158    4.91928600e-04    4.42501558e-04     4.94270417e-05    7.6e-03     1.0e+00      2.839e-01
 162    163   1168    4.90313489e-04    4.40361195e-04     4.99522945e-05    2.9e-03     1.0e+00      2.838e-01
 163    164   1178    4.88715175e-04    4.39698948e-04     4.90162273e-05    7.5e-03     1.0e+00      2.838e-01
 164    165   1188    4.87133332e-04    4.37592260e-04     4.95410719e-05    2.8e-03     1.0e+00      2.837e-01
 165    166   1198    4.85567674e-04    4.36945965e-04     4.86217088e-05    7.4e-03     1.0e+00      2.837e-01
 166    167   1208    4.84017898e-04    4.34876371e-04     4.91415268e-05    2.7e-03     1.0e+00      2.836e-01
 167    168   1218    4.82483729e-04    4.34241289e-04     4.82424397e-05    7.3e-03     1.0e+00      2.836e-01
 168    169   1228    4.80964886e-04    4.32211247e-04     4.87536399e-05    2.6e-03     1.0e+00      2.835e-01
 169    170   1238    4.79461105e-04    4.31583654e-04     4.78774507e-05    7.2e-03     1.0e+00      2.835e-01
 170    171   1248    4.77972118e-04    4.29594756e-04     4.83773620e-05    2.5e-03     1.0e+00      2.835e-01
 171    172   1258    4.76497672e-04    4.28971827e-04     4.75258450e-05    7.1e-03     1.0e+00      2.834e-01
 172    173   1268    4.75037513e-04    4.27024907e-04     4.80126054e-05    2.5e-03     1.0e+00      2.834e-01
 173    174   1278    4.73591395e-04    4.26404599e-04     4.71867960e-05    7.0e-03     1.0e+00      2.833e-01
 174    175   1288    4.72159075e-04    4.24499841e-04     4.76592340e-05    2.5e-03     1.0e+00      2.833e-01
 175    176   1298    4.70740320e-04    4.23880774e-04     4.68595462e-05    6.9e-03     1.0e+00      2.833e-01
 176    177   1308    4.69334890e-04    4.22017832e-04     4.73170584e-05    2.5e-03     1.0e+00      2.832e-01
 177    178   1318    4.67942569e-04    4.21399162e-04     4.65434072e-05    6.8e-03     1.0e+00      2.832e-01
 178    179   1328    4.66563117e-04    4.19577282e-04     4.69858351e-05    2.5e-03     1.0e+00      2.832e-01
 179    180   1338    4.65196338e-04    4.18958581e-04     4.62377567e-05    6.7e-03     1.0e+00      2.832e-01
 180    181   1348    4.63841990e-04    4.17176718e-04     4.66652717e-05    2.5e-03     1.0e+00      2.831e-01
 181    182   1358    4.62499897e-04    4.16557862e-04     4.59420353e-05    6.6e-03     1.0e+00      2.831e-01
 182    183   1368    4.61215222e-04    4.14865570e-04     4.63496523e-05    2.5e-03     1.0e+00      2.831e-01
 183    184   1378    4.59937114e-04    4.14288848e-04     4.56482658e-05    5.7e-03     1.0e+00      2.831e-01
 184    185   1388    4.58672134e-04    4.12633222e-04     4.60389119e-05    2.5e-03     1.0e+00      2.830e-01
 185    186   1398    4.57420009e-04    4.12056407e-04     4.53636018e-05    5.6e-03     1.0e+00      2.830e-01
 186    187   1408    4.56180403e-04    4.10445112e-04     4.57352902e-05    2.4e-03     1.0e+00      2.830e-01
 187    188   1418    4.54953120e-04    4.09867950e-04     4.50851705e-05    5.6e-03     1.0e+00      2.830e-01
 188    189   1428    4.53737847e-04    4.08297091e-04     4.54407567e-05    2.4e-03     1.0e+00      2.829e-01
 189    190   1438    4.52534413e-04    4.07720059e-04     4.48143544e-05    5.5e-03     1.0e+00      2.829e-01
 190    191   1448    4.51342518e-04    4.06187469e-04     4.51550488e-05    2.4e-03     1.0e+00      2.829e-01
 191    192   1458    4.50162009e-04    4.05610798e-04     4.45512119e-05    5.4e-03     1.0e+00      2.829e-01
 192    193   1468    4.48992601e-04    4.04114846e-04     4.48777547e-05    2.4e-03     1.0e+00      2.829e-01
 193    194   1478    4.47834156e-04    4.03538653e-04     4.42955024e-05    5.4e-03     1.0e+00      2.829e-01
 194    195   1488    4.46686399e-04    4.02077918e-04     4.46084805e-05    2.4e-03     1.0e+00      2.828e-01
 195    196   1498    4.45549208e-04    4.01502291e-04     4.40469168e-05    5.3e-03     1.0e+00      2.828e-01
 196    197   1508    4.44422318e-04    4.00075455e-04     4.43468633e-05    2.4e-03     1.0e+00      2.828e-01
 197    198   1518    4.43305620e-04    3.99500476e-04     4.38051432e-05    5.2e-03     1.0e+00      2.828e-01
 198    199   1528    4.42198857e-04    3.98106290e-04     4.40925673e-05    2.3e-03     1.0e+00      2.828e-01
 199    200   1538    4.41101930e-04    3.97532045e-04     4.35698854e-05    5.2e-03     1.0e+00      2.828e-01
 200    201   1548    4.40014595e-04    3.96169315e-04     4.38452801e-05    2.3e-03     1.0e+00      2.828e-01
 201    202   1558    4.38936759e-04    3.95595893e-04     4.33408660e-05    5.1e-03     1.0e+00      2.828e-01
 202    203   1568    4.37868188e-04    3.94263479e-04     4.36047084e-05    2.3e-03     1.0e+00      2.828e-01
 203    204   1578    4.36808796e-04    3.93690971e-04     4.31178257e-05    5.1e-03     1.0e+00      2.828e-01
 204    205   1588    4.35758359e-04    3.92387782e-04     4.33705763e-05    2.3e-03     1.0e+00      2.827e-01
 205    206   1598    4.34716797e-04    3.91816276e-04     4.29005209e-05    5.0e-03     1.0e+00      2.827e-01
 206    207   1608    4.33683894e-04    3.90541272e-04     4.31426226e-05    2.3e-03     1.0e+00      2.827e-01
 207    208   1618    4.32659578e-04    3.89970856e-04     4.26887222e-05    5.0e-03     1.0e+00      2.827e-01
 208    209   1628    4.31643638e-04    3.88723038e-04     4.29205999e-05    2.3e-03     1.0e+00      2.827e-01
 209    210   1638    4.30636009e-04    3.88153796e-04     4.24822125e-05    4.9e-03     1.0e+00      2.827e-01
 210    211   1648    4.29636488e-04    3.86932214e-04     4.27042732e-05    2.3e-03     1.0e+00      2.827e-01
 211    212   1658    4.28645013e-04    3.86364227e-04     4.22807858e-05    4.9e-03     1.0e+00      2.827e-01
 212    213   1668    4.27661389e-04    3.85167970e-04     4.24934190e-05    2.2e-03     1.0e+00      2.827e-01
 213    214   1678    4.26685560e-04    3.84601313e-04     4.20842463e-05    4.8e-03     1.0e+00      2.827e-01
 214    215   1688    4.25717337e-04    3.83429513e-04     4.22878241e-05    2.2e-03     1.0e+00      2.827e-01
 215    216   1698    4.24756666e-04    3.82864259e-04     4.18924070e-05    4.8e-03     1.0e+00      2.827e-01
 216    217   1708    4.23821662e-04    3.81731156e-04     4.20905061e-05    2.2e-03     1.0e+00      2.827e-01
 217    218   1718    4.22888714e-04    3.81186055e-04     4.17026590e-05    4.6e-03     1.0e+00      2.827e-01
 218    219   1728    4.21963109e-04    3.80066412e-04     4.18966973e-05    2.2e-03     1.0e+00      2.827e-01
 219    220   1738    4.21044767e-04    3.79525602e-04     4.15191652e-05    4.6e-03     1.0e+00      2.828e-01
 220    221   1748    4.20133500e-04    3.78428015e-04     4.17054852e-05    2.2e-03     1.0e+00      2.828e-01
 221    222   1758    4.19229250e-04    3.77889602e-04     4.13396486e-05    4.5e-03     1.0e+00      2.828e-01
 222    223   1768    4.18331841e-04    3.76813619e-04     4.15182224e-05    2.2e-03     1.0e+00      2.828e-01
 223    224   1778    4.17441219e-04    3.76277309e-04     4.11639097e-05    4.5e-03     1.0e+00      2.828e-01
 224    225   1788    4.16557217e-04    3.75222299e-04     4.13349186e-05    2.1e-03     1.0e+00      2.828e-01
 225    226   1798    4.15679784e-04    3.74687926e-04     4.09918588e-05    4.4e-03     1.0e+00      2.828e-01
 226    227   1808    4.14808762e-04    3.73653247e-04     4.11555151e-05    2.1e-03     1.0e+00      2.828e-01
 227    228   1818    4.13944102e-04    3.73120720e-04     4.08233823e-05    4.4e-03     1.0e+00      2.828e-01
 228    229   1828    4.13085652e-04    3.72105743e-04     4.09799087e-05    2.1e-03     1.0e+00      2.828e-01
 229    230   1838    4.12233366e-04    3.71575009e-04     4.06583567e-05    4.4e-03     1.0e+00      2.828e-01
 230    231   1848    4.11387099e-04    3.70579119e-04     4.08079802e-05    2.1e-03     1.0e+00      2.829e-01
 231    232   1858    4.10546809e-04    3.70050150e-04     4.04966588e-05    4.3e-03     1.0e+00      2.829e-01
 232    233   1868    4.09712354e-04    3.69072747e-04     4.06396067e-05    2.1e-03     1.0e+00      2.829e-01
 233    234   1878    4.08883695e-04    3.68545525e-04     4.03381695e-05    4.3e-03     1.0e+00      2.829e-01
 234    235   1888    4.08060696e-04    3.67586029e-04     4.04746669e-05    2.1e-03     1.0e+00      2.829e-01
 235    236   1898    4.07243321e-04    3.67060546e-04     4.01827749e-05    4.3e-03     1.0e+00      2.829e-01
 236    237   1908    4.06431439e-04    3.66118397e-04     4.03130424e-05    2.1e-03     1.0e+00      2.829e-01
 237    238   1918    4.05625015e-04    3.65594649e-04     4.00303657e-05    4.2e-03     1.0e+00      2.830e-01
 238    239   1928    4.04823924e-04    3.64669305e-04     4.01546185e-05    2.0e-03     1.0e+00      2.830e-01
 239    240   1938    4.04028132e-04    3.64147295e-04     3.98808372e-05    4.2e-03     1.0e+00      2.830e-01
 240    241   1948    4.03237519e-04    3.63238235e-04     3.99992838e-05    2.0e-03     1.0e+00      2.830e-01
 241    242   1958    4.02452053e-04    3.62717964e-04     3.97340886e-05    4.2e-03     1.0e+00      2.830e-01
 242    243   1968    4.01671618e-04    3.61824688e-04     3.98469307e-05    2.0e-03     1.0e+00      2.831e-01
 243    244   1978    4.00896185e-04    3.61306162e-04     3.95900232e-05    4.1e-03     1.0e+00      2.831e-01
 244    245   1988    4.00125642e-04    3.60428187e-04     3.96974549e-05    2.1e-03     1.0e+00      2.831e-01
 245    246   1998    3.99359961e-04    3.59911413e-04     3.94485477e-05    4.1e-03     1.0e+00      2.831e-01
 246    247   2008    3.98599033e-04    3.59048278e-04     3.95507553e-05    2.1e-03     1.0e+00      2.831e-01
 247    248   2018    3.97842832e-04    3.58533260e-04     3.93095719e-05    4.1e-03     1.0e+00      2.831e-01
 248    249   2028    3.97091256e-04    3.57684521e-04     3.94067346e-05    2.1e-03     1.0e+00      2.832e-01
 249    250   2038    3.96344277e-04    3.57171268e-04     3.91730091e-05    4.0e-03     1.0e+00      2.832e-01
 250    251   2048    3.95601796e-04    3.56336498e-04     3.92652979e-05    2.1e-03     1.0e+00      2.832e-01
 251    252   2058    3.94863788e-04    3.55825013e-04     3.90387753e-05    4.0e-03     1.0e+00      2.832e-01
 252    253   2068    3.94130159e-04    3.55003805e-04     3.91263538e-05    2.1e-03     1.0e+00      2.833e-01
 253    254   2078    3.93400883e-04    3.54494094e-04     3.89067896e-05    4.0e-03     1.0e+00      2.833e-01
 254    255   2088    3.92675870e-04    3.53686056e-04     3.89898142e-05    2.1e-03     1.0e+00      2.833e-01
 255    256   2098    3.91955096e-04    3.53178122e-04     3.87769740e-05    3.9e-03     1.0e+00      2.833e-01
 256    257   2108    3.91238472e-04    3.52382879e-04     3.88555934e-05    2.1e-03     1.0e+00      2.834e-01
 257    258   2118    3.90525978e-04    3.51876725e-04     3.86492529e-05    3.9e-03     1.0e+00      2.834e-01
 258    259   2128    3.89817526e-04    3.51093917e-04     3.87236090e-05    2.1e-03     1.0e+00      2.834e-01
 259    260   2138    3.89113097e-04    3.50589543e-04     3.85235538e-05    3.9e-03     1.0e+00      2.834e-01
 260    261   2148    3.88412607e-04    3.49818825e-04     3.85937816e-05    2.1e-03     1.0e+00      2.835e-01
 261    262   2158    3.87716038e-04    3.49316231e-04     3.83998065e-05    3.9e-03     1.0e+00      2.835e-01
 262    263   2168    3.87023308e-04    3.48557274e-04     3.84660347e-05    2.1e-03     1.0e+00      2.835e-01
 263    264   2178    3.86334401e-04    3.48056457e-04     3.82779438e-05    3.8e-03     1.0e+00      2.836e-01
 264    265   2188    3.85649238e-04    3.47308944e-04     3.83402944e-05    2.1e-03     1.0e+00      2.836e-01
 265    266   2198    3.84967803e-04    3.46809902e-04     3.81579008e-05    3.8e-03     1.0e+00      2.836e-01
 266    267   2208    3.84290018e-04    3.46073528e-04     3.82164898e-05    2.1e-03     1.0e+00      2.837e-01
 267    268   2218    3.83615870e-04    3.45576255e-04     3.80396151e-05    3.8e-03     1.0e+00      2.837e-01
 268    269   2228    3.82945284e-04    3.44850731e-04     3.80945529e-05    2.1e-03     1.0e+00      2.837e-01
 269    270   2238    3.82278245e-04    3.44355218e-04     3.79230269e-05    3.8e-03     1.0e+00      2.837e-01
 270    271   2248    3.81614684e-04    3.43640265e-04     3.79744184e-05    2.1e-03     1.0e+00      2.838e-01
 271    272   2258    3.80954585e-04    3.43146506e-04     3.78080789e-05    3.7e-03     1.0e+00      2.838e-01
 272    273   2268    3.80297880e-04    3.42441856e-04     3.78560238e-05    2.1e-03     1.0e+00      2.838e-01
 273    274   2278    3.79644555e-04    3.41949839e-04     3.76947161e-05    3.7e-03     1.0e+00      2.839e-01
 274    275   2288    3.78994545e-04    3.41255235e-04     3.77393092e-05    2.1e-03     1.0e+00      2.839e-01
 275    276   2298    3.78347836e-04    3.40764950e-04     3.75828858e-05    3.7e-03     1.0e+00      2.839e-01
 276    277   2308    3.77704363e-04    3.40080146e-04     3.76242177e-05    2.1e-03     1.0e+00      2.840e-01
 277    278   2318    3.77064117e-04    3.39591579e-04     3.74725378e-05    3.7e-03     1.0e+00      2.840e-01
 278    279   2328    3.76427032e-04    3.38916338e-04     3.75106947e-05    2.1e-03     1.0e+00      2.841e-01
 279    280   2338    3.75793100e-04    3.38429476e-04     3.73636242e-05    3.7e-03     1.0e+00      2.841e-01
 280    281   2348    3.75162259e-04    3.37763570e-04     3.73986884e-05    2.1e-03     1.0e+00      2.841e-01
 281    282   2358    3.74534498e-04    3.37278399e-04     3.72560991e-05    3.6e-03     1.0e+00      2.842e-01
 282    283   2368    3.73909758e-04    3.36621609e-04     3.72881493e-05    2.1e-03     1.0e+00      2.842e-01
 283    284   2378    3.73288030e-04    3.36138112e-04     3.71499188e-05    3.6e-03     1.0e+00      2.842e-01
 284    285   2388    3.72669257e-04    3.35490227e-04     3.71790307e-05    2.1e-03     1.0e+00      2.843e-01
 285    286   2398    3.72053430e-04    3.35008389e-04     3.70450418e-05    3.6e-03     1.0e+00      2.843e-01
 286    287   2408    3.71440493e-04    3.34369205e-04     3.70712877e-05    2.1e-03     1.0e+00      2.844e-01
 287    288   2418    3.70830438e-04    3.33889009e-04     3.69414284e-05    3.6e-03     1.0e+00      2.844e-01
 288    289   2428    3.70223209e-04    3.33258331e-04     3.69648782e-05    2.1e-03     1.0e+00      2.844e-01
 289    290   2438    3.69618801e-04    3.32779760e-04     3.68390410e-05    3.6e-03     1.0e+00      2.845e-01
 290    291   2448    3.69017160e-04    3.32157398e-04     3.68597618e-05    2.1e-03     1.0e+00      2.845e-01
 291    292   2458    3.68418279e-04    3.31680435e-04     3.67378437e-05    3.5e-03     1.0e+00      2.845e-01
 292    293   2468    3.67822106e-04    3.31066205e-04     3.67559007e-05    2.1e-03     1.0e+00      2.846e-01
 293    294   2478    3.67228636e-04    3.30590834e-04     3.66378026e-05    3.5e-03     1.0e+00      2.846e-01
 294    295   2488    3.66637819e-04    3.29984560e-04     3.66532587e-05    2.2e-03     1.0e+00      2.847e-01
 295    296   2498    3.66049647e-04    3.29510762e-04     3.65388851e-05    3.5e-03     1.0e+00      2.847e-01
 296    297   2508    3.65464074e-04    3.28912273e-04     3.65518015e-05    2.2e-03     1.0e+00      2.848e-01
 297    298   2518    3.64881094e-04    3.28440033e-04     3.64410605e-05    3.5e-03     1.0e+00      2.848e-01
 298    299   2528    3.64300658e-04    3.27849161e-04     3.64514968e-05    2.2e-03     1.0e+00      2.848e-01
 299    300   2538    3.63722763e-04    3.27378463e-04     3.63442995e-05    3.5e-03     1.0e+00      2.849e-01
 300    301   2548    3.63147362e-04    3.26795048e-04     3.63523138e-05    2.2e-03     1.0e+00      2.849e-01
LMQNBC: termination 5
{Undefined function or variable 'clims'.
Error in optXTM_XRF_Tensor (line 119)
        imagesc(errCom,clims);colormap jet} 
>> >> 