
                            < M A T L A B (R) >
                  Copyright 1984-2013 The MathWorks, Inc.
                    R2013a (8.1.0.604) 64-bit (glnxa64)
                             February 15, 2013

 
To get started, type one of these: helpwin, helpdesk, or demo.
For product information, visit www.mathworks.com.
 
>> >> >> >> >> >> >> >> X-ray simulation startup file...
====== Fluorescence Detector Resolution is 5
====== Angle Number  1 of 12: 0
====== Angle Number  2 of 12: 1.636364e+01
====== Angle Number  3 of 12: 3.272727e+01
====== Angle Number  4 of 12: 4.909091e+01
====== Angle Number  5 of 12: 6.545455e+01
====== Angle Number  6 of 12: 8.181818e+01
====== Angle Number  7 of 12: 9.818182e+01
====== Angle Number  8 of 12: 1.145455e+02
====== Angle Number  9 of 12: 1.309091e+02
====== Angle Number  10 of 12: 1.472727e+02
====== Angle Number  11 of 12: 1.636364e+02
====== Angle Number  12 of 12: 180
>> >> >> >> >> >> ===================== 20
====== With Self Absorption, Transmission Detector Resolution is 30
  it     nf     cg           f             f_xrf             f_xtm            |g|        alpha        error
   0      1      0    1.63264748e+01   3.0e+02     1.0e+00      2.570e-01
   1      2      3    6.05052040e+00    9.95818919e-01     5.05470149e+00    7.4e+01     1.0e+00      2.431e-01
   2      3      7    9.37376553e-01    8.07304700e-02     8.56646083e-01    1.8e+01     1.0e+00      1.973e-01
   3      4     12    8.07710433e-02    8.42350875e-03     7.23475346e-02    3.4e+00     1.0e+00      1.781e-01
   4      5     19    1.24125639e-02    3.74537854e-03     8.66718535e-03    1.7e-01     1.0e+00      1.640e-01
   5      6     23    9.44539641e-03    3.44600441e-03     5.99939201e-03    3.3e-01     1.0e+00      1.629e-01
   6      7     27    7.86429224e-03    3.05578951e-03     4.80850272e-03    1.6e+00     1.0e+00      1.615e-01
   7      8     30    7.18133325e-03    2.81017849e-03     4.37115476e-03    6.1e-01     1.0e+00      1.612e-01
   8      9     38    1.94003149e-03    9.57943610e-04     9.82087875e-04    7.4e-02     1.0e+00      1.552e-01
   9     10     41    1.50370251e-03    8.61939196e-04     6.41763315e-04    7.5e-01     1.0e+00      1.547e-01
  10     11     44    1.34906040e-03    7.73784439e-04     5.75275964e-04    1.0e-01     1.0e+00      1.546e-01
  11     12     48    1.28851256e-03    7.67769014e-04     5.20743544e-04    1.1e-01     1.0e+00      1.545e-01
  12     13     52    1.23465242e-03    7.30006618e-04     5.04645798e-04    8.9e-02     1.0e+00      1.544e-01
  13     14     56    1.18706273e-03    7.23282329e-04     4.63780403e-04    9.4e-02     1.0e+00      1.543e-01
  14     15     64    3.45117360e-04    2.00970787e-04     1.44146573e-04    2.0e-02     1.0e+00      1.514e-01
  15     16     68    2.97569855e-04    1.92382409e-04     1.05187447e-04    3.1e-02     1.0e+00      1.513e-01
  16     17     72    2.78913954e-04    1.81087750e-04     9.78262031e-05    1.5e-02     1.0e+00      1.512e-01
  17     18     79    2.20969747e-04    1.57768881e-04     6.32008659e-05    1.5e-01     1.0e+00      1.507e-01
  18     19     82    2.04629877e-04    1.49273509e-04     5.53563684e-05    3.3e-02     1.0e+00      1.507e-01
  19     20     85    1.99287076e-04    1.49353510e-04     4.99335656e-05    6.3e-02     1.0e+00      1.507e-01
  20     21     88    1.96590870e-04    1.47332538e-04     4.92583321e-05    2.3e-02     1.0e+00      1.507e-01
  21     22     91    1.94614799e-04    1.46579832e-04     4.80349671e-05    8.2e-02     1.0e+00      1.507e-01
  22     23    100    1.06801821e-04    7.25408217e-05     3.42609990e-05    8.7e-02     1.0e+00      1.493e-01
  23     24    103    9.96897605e-05    7.12890164e-05     2.84007441e-05    2.4e-02     1.0e+00      1.493e-01
  24     25    106    9.60579758e-05    7.14616950e-05     2.45962808e-05    5.7e-02     1.0e+00      1.493e-01
  25     26    109    9.35553014e-05    7.05332691e-05     2.30220323e-05    2.9e-02     1.0e+00      1.492e-01
  26     27    113    9.14353735e-05    7.04298161e-05     2.10055574e-05    4.2e-03     1.0e+00      1.492e-01
  27     28    116    8.98295127e-05    6.97719823e-05     2.00575303e-05    1.0e-02     1.0e+00      1.492e-01
  28     29    120    8.85677874e-05    6.97018812e-05     1.88659062e-05    1.6e-02     1.0e+00      1.492e-01
  29     30    123    8.76390690e-05    6.93006550e-05     1.83384140e-05    2.2e-02     1.0e+00      1.492e-01
  30     31    127    8.70754206e-05    6.91774050e-05     1.78980156e-05    3.4e-02     1.0e+00      1.492e-01
  31     32    131    8.65711771e-05    6.89391818e-05     1.76319953e-05    2.3e-02     1.0e+00      1.492e-01
  32     33    135    8.61011934e-05    6.87608927e-05     1.73403007e-05    3.2e-02     1.0e+00      1.492e-01
  33     34    139    8.56533860e-05    6.85419000e-05     1.71114860e-05    2.8e-02     1.0e+00      1.491e-01
  34     35    143    8.52293667e-05    6.83585051e-05     1.68708615e-05    3.0e-02     1.0e+00      1.491e-01
  35     36    147    8.48103088e-05    6.81428512e-05     1.66674577e-05    4.0e-02     1.0e+00      1.491e-01
  36     37    151    8.44095826e-05    6.79463820e-05     1.64632006e-05    2.9e-02     1.0e+00      1.491e-01
  37     38    158    5.89033790e-05    4.65390354e-05     1.23643436e-05    4.5e-03     1.0e+00      1.479e-01
  38     39    163    5.05497505e-05    4.20276370e-05     8.52211354e-06    1.9e-03     1.0e+00      1.477e-01
  39     40    166    5.00707339e-05    4.17512397e-05     8.31949417e-06    3.1e-03     1.0e+00      1.477e-01
  40     41    173    4.85086765e-05    4.08478750e-05     7.66080143e-06    1.3e-02     1.0e+00      1.476e-01
  41     42    178    4.76194678e-05    4.03991431e-05     7.22032475e-06    1.4e-02     1.0e+00      1.475e-01
  42     43    180    4.75652746e-05    4.03655049e-05     7.19976971e-06    1.2e-02     1.0e+00      1.475e-01
  43     44    185    4.70101894e-05    3.98720455e-05     7.13814392e-06    3.5e-02     1.0e+00      1.475e-01
  44     45    188    4.68202528e-05    3.97538627e-05     7.06639009e-06    3.3e-03     1.0e+00      1.475e-01
  45     46    192    4.67427741e-05    3.97171700e-05     7.02560407e-06    6.5e-03     1.0e+00      1.475e-01
  46     47    201    3.75335740e-05    2.86040911e-05     8.92948286e-06    3.5e-02     1.0e+00      1.461e-01
  47     48    206    3.32236406e-05    2.82592259e-05     4.96441479e-06    9.3e-03     1.0e+00      1.461e-01
  48     49    208    3.31697156e-05    2.82522011e-05     4.91751448e-06    1.2e-02     1.0e+00      1.461e-01
  49     50    212    3.29377494e-05    2.82689828e-05     4.66876662e-06    1.3e-02     1.0e+00      1.461e-01
  50     51    215    3.28142274e-05    2.81681062e-05     4.64612112e-06    3.9e-03     1.0e+00      1.461e-01
  51     52    222    3.22213759e-05    2.76715568e-05     4.54981910e-06    5.2e-03     1.0e+00      1.460e-01
  52     53    226    3.18199309e-05    2.75616311e-05     4.25829989e-06    1.2e-03     1.0e+00      1.460e-01
  53     54    230    3.17061810e-05    2.73946366e-05     4.31154444e-06    2.4e-03     1.0e+00      1.460e-01
  54     55    234    3.16475096e-05    2.74051684e-05     4.24234124e-06    2.9e-03     1.0e+00      1.460e-01
  55     56    238    3.16233102e-05    2.73911542e-05     4.23215602e-06    2.2e-03     1.0e+00      1.460e-01
  56     57    242    3.15997670e-05    2.73743055e-05     4.22546150e-06    2.9e-03     1.0e+00      1.460e-01
  57     58    246    3.15765427e-05    2.73577259e-05     4.21881685e-06    2.1e-03     1.0e+00      1.460e-01
  58     59    250    3.15535193e-05    2.73398409e-05     4.21367848e-06    2.9e-03     1.0e+00      1.460e-01
  59     60    254    3.15306358e-05    2.73226140e-05     4.20802174e-06    2.1e-03     1.0e+00      1.460e-01
  60     61    258    3.15078665e-05    2.73042859e-05     4.20358058e-06    2.8e-03     1.0e+00      1.460e-01
  61     62    262    3.14851967e-05    2.72868857e-05     4.19831095e-06    2.1e-03     1.0e+00      1.460e-01
  62     63    266    3.14626190e-05    2.72683761e-05     4.19424295e-06    2.8e-03     1.0e+00      1.460e-01
  63     64    270    3.14401285e-05    2.72509898e-05     4.18913866e-06    2.1e-03     1.0e+00      1.460e-01
  64     65    274    3.14177217e-05    2.72324088e-05     4.18531290e-06    2.8e-03     1.0e+00      1.460e-01
  65     66    278    3.13953961e-05    2.72151119e-05     4.18028420e-06    2.1e-03     1.0e+00      1.460e-01
  66     67    282    3.13731493e-05    2.71965075e-05     4.17664188e-06    2.8e-03     1.0e+00      1.460e-01
  67     68    286    3.13509796e-05    2.71793291e-05     4.17165052e-06    2.1e-03     1.0e+00      1.460e-01
  68     69    290    3.13288851e-05    2.71607228e-05     4.16816231e-06    2.8e-03     1.0e+00      1.460e-01
  69     70    294    3.13068641e-05    2.71436728e-05     4.16319134e-06    2.1e-03     1.0e+00      1.460e-01
  70     71    298    3.12849152e-05    2.71250746e-05     4.15984059e-06    2.8e-03     1.0e+00      1.460e-01
  71     72    302    3.12630368e-05    2.71081547e-05     4.15488214e-06    2.1e-03     1.0e+00      1.460e-01
  72     73    306    3.12412276e-05    2.70895697e-05     4.15165793e-06    2.8e-03     1.0e+00      1.460e-01
  73     74    310    3.12194862e-05    2.70727782e-05     4.14670807e-06    2.1e-03     1.0e+00      1.459e-01
  74     75    314    3.11978114e-05    2.70542092e-05     4.14360220e-06    2.8e-03     1.0e+00      1.459e-01
  75     76    318    3.11762019e-05    2.70375431e-05     4.13865873e-06    2.1e-03     1.0e+00      1.459e-01
  76     77    322    3.11546564e-05    2.70189920e-05     4.13566444e-06    2.8e-03     1.0e+00      1.459e-01
  77     78    326    3.11331739e-05    2.70024480e-05     4.13072599e-06    2.1e-03     1.0e+00      1.459e-01
  78     79    330    3.11117533e-05    2.69839160e-05     4.12783730e-06    2.8e-03     1.0e+00      1.459e-01
  79     80    334    3.10903934e-05    2.69674905e-05     4.12290287e-06    2.0e-03     1.0e+00      1.459e-01
  80     81    338    3.10690931e-05    2.69489787e-05     4.12011440e-06    2.8e-03     1.0e+00      1.459e-01
  81     82    342    3.10478516e-05    2.69326684e-05     4.11518320e-06    2.0e-03     1.0e+00      1.459e-01
  82     83    346    3.10266677e-05    2.69141778e-05     4.11248993e-06    2.7e-03     1.0e+00      1.459e-01
  83     84    350    3.10055406e-05    2.68979793e-05     4.10756132e-06    2.0e-03     1.0e+00      1.459e-01
  84     85    354    3.09844693e-05    2.68795107e-05     4.10495858e-06    2.7e-03     1.0e+00      1.459e-01
  85     86    358    3.09634529e-05    2.68634209e-05     4.10003200e-06    2.0e-03     1.0e+00      1.459e-01
  86     87    362    3.09424906e-05    2.68449752e-05     4.09751541e-06    2.7e-03     1.0e+00      1.459e-01
  87     88    366    3.09215815e-05    2.68289911e-05     4.09259039e-06    2.0e-03     1.0e+00      1.459e-01
  88     89    370    3.09007247e-05    2.68105689e-05     4.09015583e-06    2.7e-03     1.0e+00      1.459e-01
  89     90    374    3.08799196e-05    2.67946876e-05     4.08523195e-06    2.0e-03     1.0e+00      1.459e-01
  90     91    378    3.08591653e-05    2.67762897e-05     4.08287554e-06    2.7e-03     1.0e+00      1.459e-01
  91     92    382    3.08384610e-05    2.67605086e-05     4.07795246e-06    2.0e-03     1.0e+00      1.459e-01
  92     93    386    3.08178061e-05    2.67421356e-05     4.07567054e-06    2.7e-03     1.0e+00      1.459e-01
  93     94    390    3.07971998e-05    2.67264519e-05     4.07074794e-06    2.0e-03     1.0e+00      1.459e-01
  94     95    394    3.07766415e-05    2.67081045e-05     4.06853706e-06    2.7e-03     1.0e+00      1.459e-01
  95     96    398    3.07561305e-05    2.66925158e-05     4.06361471e-06    2.0e-03     1.0e+00      1.459e-01
  96     97    402    3.07356661e-05    2.66741945e-05     4.06147159e-06    2.7e-03     1.0e+00      1.459e-01
  97     98    406    3.07152477e-05    2.66586985e-05     4.05654928e-06    2.0e-03     1.0e+00      1.459e-01
  98     99    410    3.06948748e-05    2.66404039e-05     4.05447084e-06    2.7e-03     1.0e+00      1.459e-01
  99    100    414    3.06745466e-05    2.66249982e-05     4.04954841e-06    2.0e-03     1.0e+00      1.459e-01
 100    101    418    3.06542627e-05    2.66067309e-05     4.04753173e-06    2.7e-03     1.0e+00      1.459e-01
 101    102    422    3.06340224e-05    2.65914134e-05     4.04260905e-06    2.0e-03     1.0e+00      1.459e-01
 102    103    426    3.06138253e-05    2.65731739e-05     4.04065137e-06    2.7e-03     1.0e+00      1.459e-01
 103    104    430    3.05936707e-05    2.65579424e-05     4.03572835e-06    2.0e-03     1.0e+00      1.459e-01
 104    105    434    3.05735583e-05    2.65397312e-05     4.03382706e-06    2.7e-03     1.0e+00      1.459e-01
 105    106    438    3.05534874e-05    2.65245838e-05     4.02890365e-06    2.0e-03     1.0e+00      1.459e-01
 106    107    442    3.05334577e-05    2.65064014e-05     4.02705626e-06    2.7e-03     1.0e+00      1.459e-01
 107    108    446    3.05134685e-05    2.64913361e-05     4.02213242e-06    2.0e-03     1.0e+00      1.459e-01
 108    109    450    3.04935195e-05    2.64731829e-05     4.02033659e-06    2.7e-03     1.0e+00      1.458e-01
 109    110    454    3.04736103e-05    2.64581979e-05     4.01541233e-06    2.0e-03     1.0e+00      1.458e-01
 110    111    458    3.04537402e-05    2.64400744e-05     4.01366582e-06    2.7e-03     1.0e+00      1.458e-01
 111    112    462    3.04339091e-05    2.64251679e-05     4.00874116e-06    2.0e-03     1.0e+00      1.458e-01
 112    113    466    3.04141164e-05    2.64070745e-05     4.00704186e-06    2.7e-03     1.0e+00      1.458e-01
 113    114    470    3.03943617e-05    2.63922449e-05     4.00211684e-06    2.0e-03     1.0e+00      1.458e-01
 114    115    474    3.03746447e-05    2.63741819e-05     4.00046275e-06    2.7e-03     1.0e+00      1.458e-01
 115    116    478    3.03549649e-05    2.63594274e-05     3.99553743e-06    2.0e-03     1.0e+00      1.458e-01
 116    117    482    3.03353220e-05    2.63413953e-05     3.99392665e-06    2.6e-03     1.0e+00      1.458e-01
 117    118    486    3.03157156e-05    2.63267145e-05     3.98900110e-06    2.0e-03     1.0e+00      1.458e-01
 118    119    490    3.02961454e-05    2.63087136e-05     3.98743182e-06    2.6e-03     1.0e+00      1.458e-01
 119    120    494    3.02766110e-05    2.62941049e-05     3.98250615e-06    2.0e-03     1.0e+00      1.458e-01
 120    121    498    3.02571121e-05    2.62761355e-05     3.98097665e-06    2.6e-03     1.0e+00      1.458e-01
 121    122    502    3.02376484e-05    2.62615975e-05     3.97605097e-06    2.0e-03     1.0e+00      1.458e-01
 122    123    506    3.02182196e-05    2.62436600e-05     3.97455961e-06    2.6e-03     1.0e+00      1.458e-01
 123    124    510    3.01988252e-05    2.62291912e-05     3.96963404e-06    2.0e-03     1.0e+00      1.458e-01
 124    125    514    3.01794651e-05    2.62112859e-05     3.96817927e-06    2.6e-03     1.0e+00      1.458e-01
 125    126    518    3.01601390e-05    2.61968850e-05     3.96325395e-06    1.9e-03     1.0e+00      1.458e-01
 126    127    522    3.01408464e-05    2.61790122e-05     3.96183429e-06    2.6e-03     1.0e+00      1.458e-01
 127    128    526    3.01215873e-05    2.61646780e-05     3.95690935e-06    1.9e-03     1.0e+00      1.458e-01
 128    129    530    3.01023613e-05    2.61468379e-05     3.95552340e-06    2.6e-03     1.0e+00      1.458e-01
 129    130    534    3.00831680e-05    2.61325690e-05     3.95059900e-06    1.9e-03     1.0e+00      1.458e-01
 130    131    538    3.00640074e-05    2.61147620e-05     3.94924541e-06    2.6e-03     1.0e+00      1.458e-01
 131    132    542    3.00448790e-05    2.61005573e-05     3.94432172e-06    1.9e-03     1.0e+00      1.458e-01
 132    133    546    3.00257827e-05    2.60827835e-05     3.94299922e-06    2.6e-03     1.0e+00      1.458e-01
 133    134    550    3.00067183e-05    2.60686419e-05     3.93807639e-06    1.9e-03     1.0e+00      1.458e-01
 134    135    554    2.99876854e-05    2.60509016e-05     3.93678376e-06    2.6e-03     1.0e+00      1.458e-01
 135    136    558    2.99686838e-05    2.60368218e-05     3.93186197e-06    1.9e-03     1.0e+00      1.458e-01
 136    137    562    2.99497134e-05    2.60191153e-05     3.93059806e-06    2.6e-03     1.0e+00      1.458e-01
 137    138    566    2.99307739e-05    2.60050964e-05     3.92567748e-06    1.9e-03     1.0e+00      1.458e-01
 138    139    570    2.99118650e-05    2.59874238e-05     3.92444118e-06    2.6e-03     1.0e+00      1.458e-01
 139    140    574    2.98929867e-05    2.59734647e-05     3.91952199e-06    1.9e-03     1.0e+00      1.458e-01
 140    141    578    2.98741386e-05    2.59558263e-05     3.91831225e-06    2.6e-03     1.0e+00      1.458e-01
 141    142    582    2.98553205e-05    2.59419259e-05     3.91339464e-06    1.9e-03     1.0e+00      1.458e-01
 142    143    586    2.98365323e-05    2.59243219e-05     3.91221045e-06    2.6e-03     1.0e+00      1.458e-01
 143    144    590    2.98177738e-05    2.59104792e-05     3.90729459e-06    1.9e-03     1.0e+00      1.458e-01
 144    145    594    2.97990448e-05    2.58929098e-05     3.90613500e-06    2.6e-03     1.0e+00      1.457e-01
 145    146    598    2.97803451e-05    2.58791240e-05     3.90122109e-06    1.9e-03     1.0e+00      1.457e-01
 146    147    602    2.97616745e-05    2.58615893e-05     3.90008517e-06    2.6e-03     1.0e+00      1.457e-01
 147    148    606    2.97430328e-05    2.58478594e-05     3.89517339e-06    1.9e-03     1.0e+00      1.457e-01
 148    149    610    2.97244199e-05    2.58303596e-05     3.89406028e-06    2.6e-03     1.0e+00      1.457e-01
 149    150    614    2.97058356e-05    2.58166848e-05     3.88915082e-06    1.9e-03     1.0e+00      1.457e-01
 150    151    618    2.96872797e-05    2.57992201e-05     3.88805967e-06    2.6e-03     1.0e+00      1.457e-01
 151    152    622    2.96687521e-05    2.57855994e-05     3.88315272e-06    1.9e-03     1.0e+00      1.457e-01
 152    153    626    2.96502526e-05    2.57681699e-05     3.88208274e-06    2.6e-03     1.0e+00      1.457e-01
 153    154    630    2.96317811e-05    2.57546026e-05     3.87717848e-06    1.9e-03     1.0e+00      1.457e-01
 154    155    634    2.96133373e-05    2.57372084e-05     3.87612891e-06    2.6e-03     1.0e+00      1.457e-01
 155    156    638    2.95949212e-05    2.57236937e-05     3.87122754e-06    1.9e-03     1.0e+00      1.457e-01
 156    157    642    2.95765326e-05    2.57063349e-05     3.87019764e-06    2.6e-03     1.0e+00      1.457e-01
 157    158    646    2.95581713e-05    2.56928720e-05     3.86529933e-06    1.9e-03     1.0e+00      1.457e-01
 158    159    650    2.95398373e-05    2.56755489e-05     3.86428841e-06    2.6e-03     1.0e+00      1.457e-01
 159    160    654    2.95215303e-05    2.56621370e-05     3.85939336e-06    1.9e-03     1.0e+00      1.457e-01
 160    161    658    2.95032503e-05    2.56448495e-05     3.85840074e-06    2.6e-03     1.0e+00      1.457e-01
 161    162    662    2.94849971e-05    2.56314879e-05     3.85350913e-06    1.9e-03     1.0e+00      1.457e-01
 162    163    666    2.94667705e-05    2.56142363e-05     3.85253418e-06    2.6e-03     1.0e+00      1.457e-01
 163    164    670    2.94485705e-05    2.56009243e-05     3.84764619e-06    1.9e-03     1.0e+00      1.457e-01
 164    165    674    2.94303969e-05    2.55837086e-05     3.84668829e-06    2.6e-03     1.0e+00      1.457e-01
 165    166    678    2.94122497e-05    2.55704456e-05     3.84180410e-06    1.9e-03     1.0e+00      1.457e-01
 166    167    682    2.93941285e-05    2.55532659e-05     3.84086266e-06    2.5e-03     1.0e+00      1.457e-01
 167    168    686    2.93760335e-05    2.55400510e-05     3.83598245e-06    1.9e-03     1.0e+00      1.457e-01
 168    169    690    2.93579643e-05    2.55229074e-05     3.83505692e-06    2.5e-03     1.0e+00      1.457e-01
 169    170    694    2.93399210e-05    2.55097402e-05     3.83018086e-06    1.9e-03     1.0e+00      1.457e-01
 170    171    698    2.93219034e-05    2.54926328e-05     3.82927068e-06    2.5e-03     1.0e+00      1.457e-01
 171    172    702    2.93039115e-05    2.54795125e-05     3.82439895e-06    1.9e-03     1.0e+00      1.457e-01
 172    173    706    2.92859449e-05    2.54624413e-05     3.82350362e-06    2.5e-03     1.0e+00      1.457e-01
 173    174    710    2.92680038e-05    2.54493674e-05     3.81863638e-06    1.9e-03     1.0e+00      1.457e-01
 174    175    714    2.92500879e-05    2.54323325e-05     3.81775540e-06    2.5e-03     1.0e+00      1.457e-01
 175    176    718    2.92321973e-05    2.54193044e-05     3.81289282e-06    1.9e-03     1.0e+00      1.457e-01
 176    177    722    2.92143316e-05    2.54023059e-05     3.81202572e-06    2.5e-03     1.0e+00      1.457e-01
 177    178    726    2.91964910e-05    2.53893230e-05     3.80716796e-06    1.9e-03     1.0e+00      1.457e-01
 178    179    730    2.91786752e-05    2.53723609e-05     3.80631428e-06    2.5e-03     1.0e+00      1.457e-01
 179    180    734    2.91608841e-05    2.53594226e-05     3.80146149e-06    1.9e-03     1.0e+00      1.457e-01
 180    181    738    2.91431178e-05    2.53424970e-05     3.80062080e-06    2.5e-03     1.0e+00      1.457e-01
 181    182    742    2.91253760e-05    2.53296029e-05     3.79577315e-06    1.9e-03     1.0e+00      1.456e-01
 182    183    746    2.91076587e-05    2.53127137e-05     3.79494502e-06    2.5e-03     1.0e+00      1.456e-01
 183    184    750    2.90899658e-05    2.52998632e-05     3.79010266e-06    1.9e-03     1.0e+00      1.456e-01
 184    185    754    2.90722972e-05    2.52830105e-05     3.78928669e-06    2.5e-03     1.0e+00      1.456e-01
 185    186    758    2.90546528e-05    2.52702031e-05     3.78444978e-06    1.9e-03     1.0e+00      1.456e-01
 186    187    762    2.90370326e-05    2.52533870e-05     3.78364557e-06    2.5e-03     1.0e+00      1.456e-01
 187    188    766    2.90194364e-05    2.52406221e-05     3.77881425e-06    1.9e-03     1.0e+00      1.456e-01
 188    189    770    2.90018641e-05    2.52238427e-05     3.77802144e-06    2.5e-03     1.0e+00      1.456e-01
 189    190    774    2.89843157e-05    2.52111199e-05     3.77319585e-06    1.9e-03     1.0e+00      1.456e-01
 190    191    778    2.89667911e-05    2.51943770e-05     3.77241409e-06    2.5e-03     1.0e+00      1.456e-01
 191    192    782    2.89492902e-05    2.51816959e-05     3.76759437e-06    1.9e-03     1.0e+00      1.456e-01
 192    193    786    2.89318129e-05    2.51649896e-05     3.76682330e-06    2.5e-03     1.0e+00      1.456e-01
 193    194    790    2.89143592e-05    2.51523496e-05     3.76200959e-06    1.9e-03     1.0e+00      1.456e-01
 194    195    794    2.88969290e-05    2.51356801e-05     3.76124889e-06    2.5e-03     1.0e+00      1.456e-01
 195    196    798    2.88795221e-05    2.51230808e-05     3.75644132e-06    1.9e-03     1.0e+00      1.456e-01
 196    197    802    2.88621385e-05    2.51064479e-05     3.75569067e-06    2.5e-03     1.0e+00      1.456e-01
 197    198    806    2.88447782e-05    2.50938888e-05     3.75088938e-06    1.9e-03     1.0e+00      1.456e-01
 198    199    810    2.88274411e-05    2.50772926e-05     3.75014847e-06    2.5e-03     1.0e+00      1.456e-01
 199    200    814    2.88101270e-05    2.50647734e-05     3.74535357e-06    1.8e-03     1.0e+00      1.456e-01
 200    201    818    2.87928360e-05    2.50482138e-05     3.74462211e-06    2.5e-03     1.0e+00      1.456e-01
 201    202    822    2.87755679e-05    2.50357341e-05     3.73983373e-06    1.8e-03     1.0e+00      1.456e-01
 202    203    826    2.87583226e-05    2.50192112e-05     3.73911145e-06    2.5e-03     1.0e+00      1.456e-01
 203    204    830    2.87411002e-05    2.50067705e-05     3.73432970e-06    1.8e-03     1.0e+00      1.456e-01
 204    205    834    2.87239005e-05    2.49902842e-05     3.73361631e-06    2.5e-03     1.0e+00      1.456e-01
 205    206    838    2.87067235e-05    2.49778822e-05     3.72884132e-06    1.8e-03     1.0e+00      1.456e-01
 206    207    842    2.86895691e-05    2.49614325e-05     3.72813656e-06    2.5e-03     1.0e+00      1.456e-01
 207    208    846    2.86724372e-05    2.49490688e-05     3.72336844e-06    1.8e-03     1.0e+00      1.456e-01
 208    209    850    2.86553278e-05    2.49326557e-05     3.72267206e-06    2.5e-03     1.0e+00      1.456e-01
 209    210    854    2.86382408e-05    2.49203299e-05     3.71791092e-06    1.8e-03     1.0e+00      1.456e-01
 210    211    858    2.86211761e-05    2.49039534e-05     3.71722268e-06    2.5e-03     1.0e+00      1.456e-01
 211    212    862    2.86041337e-05    2.48916651e-05     3.71246862e-06    1.8e-03     1.0e+00      1.456e-01
 212    213    866    2.85871135e-05    2.48753252e-05     3.71178828e-06    2.5e-03     1.0e+00      1.456e-01
 213    214    870    2.85701154e-05    2.48630740e-05     3.70704140e-06    1.8e-03     1.0e+00      1.456e-01
 214    215    874    2.85531395e-05    2.48467707e-05     3.70636874e-06    2.5e-03     1.0e+00      1.456e-01
 215    216    878    2.85361855e-05    2.48345564e-05     3.70162915e-06    1.8e-03     1.0e+00      1.456e-01
 216    217    882    2.85192535e-05    2.48182896e-05     3.70096395e-06    2.5e-03     1.0e+00      1.456e-01
 217    218    886    2.85023435e-05    2.48061117e-05     3.69623174e-06    1.8e-03     1.0e+00      1.456e-01
 218    219    890    2.84854552e-05    2.47898814e-05     3.69557379e-06    2.5e-03     1.0e+00      1.455e-01
 219    220    894    2.84685888e-05    2.47777397e-05     3.69084905e-06    1.8e-03     1.0e+00      1.455e-01
 220    221    898    2.84517441e-05    2.47615459e-05     3.69019816e-06    2.5e-03     1.0e+00      1.455e-01
 221    222    902    2.84349210e-05    2.47494400e-05     3.68548098e-06    1.8e-03     1.0e+00      1.455e-01
 222    223    906    2.84181196e-05    2.47332826e-05     3.68483694e-06    2.5e-03     1.0e+00      1.455e-01
 223    224    910    2.84013397e-05    2.47212123e-05     3.68012742e-06    1.8e-03     1.0e+00      1.455e-01
 224    225    914    2.83845813e-05    2.47050913e-05     3.67949005e-06    2.5e-03     1.0e+00      1.455e-01
 225    226    918    2.83678444e-05    2.46930561e-05     3.67478825e-06    1.8e-03     1.0e+00      1.455e-01
 226    227    922    2.83511288e-05    2.46769715e-05     3.67415737e-06    2.5e-03     1.0e+00      1.455e-01
 227    228    926    2.83344346e-05    2.46649712e-05     3.66946339e-06    1.8e-03     1.0e+00      1.455e-01
 228    229    930    2.83177617e-05    2.46489229e-05     3.66883882e-06    2.4e-03     1.0e+00      1.455e-01
 229    230    934    2.83011100e-05    2.46369573e-05     3.66415273e-06    1.8e-03     1.0e+00      1.455e-01
 230    231    938    2.82844795e-05    2.46209451e-05     3.66353431e-06    2.4e-03     1.0e+00      1.455e-01
 231    232    942    2.82678700e-05    2.46090139e-05     3.65885619e-06    1.8e-03     1.0e+00      1.455e-01
 232    233    946    2.82512817e-05    2.45930379e-05     3.65824375e-06    2.4e-03     1.0e+00      1.455e-01
 233    234    950    2.82347144e-05    2.45811407e-05     3.65357367e-06    1.8e-03     1.0e+00      1.455e-01
 234    235    954    2.82181680e-05    2.45652010e-05     3.65296705e-06    2.4e-03     1.0e+00      1.455e-01
 235    236    958    2.82016426e-05    2.45533375e-05     3.64830508e-06    1.8e-03     1.0e+00      1.455e-01
 236    237    962    2.81851380e-05    2.45374338e-05     3.64770414e-06    2.4e-03     1.0e+00      1.455e-01
 237    238    966    2.81686542e-05    2.45256038e-05     3.64305035e-06    1.8e-03     1.0e+00      1.455e-01
 238    239    970    2.81521912e-05    2.45097362e-05     3.64245493e-06    2.4e-03     1.0e+00      1.455e-01
 239    240    974    2.81357489e-05    2.44979395e-05     3.63780938e-06    1.8e-03     1.0e+00      1.455e-01
 240    241    978    2.81193272e-05    2.44821079e-05     3.63721935e-06    2.4e-03     1.0e+00      1.455e-01
 241    242    982    2.81029262e-05    2.44703441e-05     3.63258210e-06    1.8e-03     1.0e+00      1.455e-01
 242    243    986    2.80865458e-05    2.44545484e-05     3.63199732e-06    2.4e-03     1.0e+00      1.455e-01
 243    244    990    2.80701858e-05    2.44428174e-05     3.62736844e-06    1.8e-03     1.0e+00      1.455e-01
 244    245    994    2.80538464e-05    2.44270576e-05     3.62678877e-06    2.4e-03     1.0e+00      1.455e-01
 245    246    998    2.80375273e-05    2.44153590e-05     3.62216831e-06    1.8e-03     1.0e+00      1.455e-01
 246    247   1002    2.80212287e-05    2.43996350e-05     3.62159364e-06    2.4e-03     1.0e+00      1.455e-01
 247    248   1006    2.80049503e-05    2.43879687e-05     3.61698165e-06    1.8e-03     1.0e+00      1.455e-01
 248    249   1010    2.79886923e-05    2.43722804e-05     3.61641184e-06    2.4e-03     1.0e+00      1.455e-01
 249    250   1014    2.79724545e-05    2.43606461e-05     3.61180838e-06    1.8e-03     1.0e+00      1.455e-01
 250    251   1018    2.79562369e-05    2.43449935e-05     3.61124332e-06    2.4e-03     1.0e+00      1.455e-01
 251    252   1022    2.79400394e-05    2.43333910e-05     3.60664843e-06    1.8e-03     1.0e+00      1.455e-01
 252    253   1026    2.79238620e-05    2.43177740e-05     3.60608801e-06    2.4e-03     1.0e+00      1.455e-01
 253    254   1030    2.79077047e-05    2.43062030e-05     3.60150175e-06    1.8e-03     1.0e+00      1.455e-01
 254    255   1034    2.78915674e-05    2.42906215e-05     3.60094585e-06    2.4e-03     1.0e+00      1.455e-01
 255    256   1038    2.78754501e-05    2.42790818e-05     3.59636825e-06    1.8e-03     1.0e+00      1.455e-01
 256    257   1042    2.78593526e-05    2.42635359e-05     3.59581678e-06    2.4e-03     1.0e+00      1.455e-01
 257    258   1046    2.78432751e-05    2.42520272e-05     3.59124789e-06    1.8e-03     1.0e+00      1.454e-01
 258    259   1050    2.78272174e-05    2.42365167e-05     3.59070073e-06    2.4e-03     1.0e+00      1.454e-01
 259    260   1054    2.78111795e-05    2.42250389e-05     3.58614059e-06    1.8e-03     1.0e+00      1.454e-01
 260    261   1058    2.77951614e-05    2.42095637e-05     3.58559764e-06    2.4e-03     1.0e+00      1.454e-01
 261    262   1062    2.77791629e-05    2.41981166e-05     3.58104630e-06    1.8e-03     1.0e+00      1.454e-01
 262    263   1066    2.77631841e-05    2.41826767e-05     3.58050746e-06    2.4e-03     1.0e+00      1.454e-01
 263    264   1070    2.77472250e-05    2.41712600e-05     3.57596495e-06    1.8e-03     1.0e+00      1.454e-01
 264    265   1074    2.77312854e-05    2.41558553e-05     3.57543014e-06    2.4e-03     1.0e+00      1.454e-01
 265    266   1078    2.77153654e-05    2.41444689e-05     3.57089649e-06    1.8e-03     1.0e+00      1.454e-01
 266    267   1082    2.76994648e-05    2.41290992e-05     3.57036560e-06    2.4e-03     1.0e+00      1.454e-01
 267    268   1086    2.76835838e-05    2.41177429e-05     3.56584085e-06    1.8e-03     1.0e+00      1.454e-01
 268    269   1090    2.76677221e-05    2.41024083e-05     3.56531381e-06    2.4e-03     1.0e+00      1.454e-01
 269    270   1094    2.76518798e-05    2.40910818e-05     3.56079799e-06    1.8e-03     1.0e+00      1.454e-01
 270    271   1098    2.76360568e-05    2.40757821e-05     3.56027471e-06    2.4e-03     1.0e+00      1.454e-01
 271    272   1102    2.76202532e-05    2.40644853e-05     3.55576785e-06    1.8e-03     1.0e+00      1.454e-01
 272    273   1106    2.76044687e-05    2.40492205e-05     3.55524825e-06    2.4e-03     1.0e+00      1.454e-01
 273    274   1110    2.75887036e-05    2.40379532e-05     3.55075037e-06    1.8e-03     1.0e+00      1.454e-01
 274    275   1114    2.75729575e-05    2.40227232e-05     3.55023436e-06    2.4e-03     1.0e+00      1.454e-01
 275    276   1118    2.75572306e-05    2.40114851e-05     3.54574550e-06    1.8e-03     1.0e+00      1.454e-01
 276    277   1122    2.75415228e-05    2.39962898e-05     3.54523301e-06    2.4e-03     1.0e+00      1.454e-01
 277    278   1126    2.75258341e-05    2.39850809e-05     3.54075318e-06    1.8e-03     1.0e+00      1.454e-01
 278    279   1130    2.75101644e-05    2.39699202e-05     3.54024414e-06    2.4e-03     1.0e+00      1.454e-01
 279    280   1134    2.74945136e-05    2.39587402e-05     3.53577337e-06    1.8e-03     1.0e+00      1.454e-01
 280    281   1138    2.74788818e-05    2.39436141e-05     3.53526771e-06    2.4e-03     1.0e+00      1.454e-01
 281    282   1142    2.74632689e-05    2.39324629e-05     3.53080602e-06    1.8e-03     1.0e+00      1.454e-01
 282    283   1146    2.74476748e-05    2.39173712e-05     3.53030366e-06    2.4e-03     1.0e+00      1.454e-01
 283    284   1150    2.74320996e-05    2.39062485e-05     3.52585107e-06    1.8e-03     1.0e+00      1.454e-01
 284    285   1154    2.74165432e-05    2.38911912e-05     3.52535194e-06    2.4e-03     1.0e+00      1.454e-01
 285    286   1158    2.74010055e-05    2.38800970e-05     3.52090848e-06    1.8e-03     1.0e+00      1.454e-01
 286    287   1162    2.73854865e-05    2.38650740e-05     3.52041252e-06    2.4e-03     1.0e+00      1.454e-01
 287    288   1166    2.73699862e-05    2.38540080e-05     3.51597819e-06    1.7e-03     1.0e+00      1.454e-01
 288    289   1170    2.73545045e-05    2.38390192e-05     3.51548534e-06    2.4e-03     1.0e+00      1.454e-01
 289    290   1174    2.73390414e-05    2.38279813e-05     3.51106016e-06    1.7e-03     1.0e+00      1.454e-01
 290    291   1178    2.73235969e-05    2.38130266e-05     3.51057035e-06    2.4e-03     1.0e+00      1.454e-01
 291    292   1182    2.73081709e-05    2.38020166e-05     3.50615434e-06    1.7e-03     1.0e+00      1.454e-01
 292    293   1186    2.72927634e-05    2.37870959e-05     3.50566752e-06    2.4e-03     1.0e+00      1.454e-01
 293    294   1190    2.72773744e-05    2.37761137e-05     3.50126069e-06    1.7e-03     1.0e+00      1.454e-01
 294    295   1194    2.72620038e-05    2.37612270e-05     3.50077680e-06    2.4e-03     1.0e+00      1.454e-01
 295    296   1198    2.72466515e-05    2.37502724e-05     3.49637916e-06    1.7e-03     1.0e+00      1.454e-01
 296    297   1202    2.72313176e-05    2.37354195e-05     3.49589814e-06    2.4e-03     1.0e+00      1.453e-01
 297    298   1206    2.72160020e-05    2.37244923e-05     3.49150970e-06    1.7e-03     1.0e+00      1.453e-01
 298    299   1210    2.72007047e-05    2.37096732e-05     3.49103150e-06    2.3e-03     1.0e+00      1.453e-01
 299    300   1214    2.71854256e-05    2.36987733e-05     3.48665227e-06    1.7e-03     1.0e+00      1.453e-01
 300    301   1218    2.71701647e-05    2.36839879e-05     3.48617684e-06    2.3e-03     1.0e+00      1.453e-01
LMQNBC: termination 5

-------------
Optimization costs per grid
-------------
N:         20
-------------
NF(it):   300
NF(nf):   301
NF(cg):  1218
-------------

>> >> 